08/12/2012 04:30:01|INFO|Iniciando
08/12/2012 04:35:41|INFO|PCSCLARIFY_USER_20121208.csv Total de Logins: 20773
08/12/2012 04:35:41|INFO|PCSPDVGN_USER_20121208.csv Total de Logins: 3383
08/12/2012 04:35:41|INFO|PCSPDV_LIVE_USER_20121208.csv Total de Logins: 12450
08/12/2012 04:35:41|INFO|PCSBDOH_USER_20121208.csv Total de Logins: 330
08/12/2012 04:35:41|INFO|PCSPDVGL_USER_20121208.csv Total de Logins: 2046
08/12/2012 04:35:41|INFO|PCSSIEBEL_USER_20121208.csv Total de Logins: 104
08/12/2012 04:35:41|INFO|PCSDSF_USER_20121208.csv Total de Logins: 25034
08/12/2012 04:35:41|INFO|PCSPROTOCOLOS_USER_20121208.csv Total de Logins: 3563
08/12/2012 04:35:41|INFO|PCSSGR_USER_20121208.csv Total de Logins: 16625
08/12/2012 04:35:41|INFO|PCSCBCF_USER_20121208.csv Total de Logins: 12444
08/12/2012 04:35:41|INFO|PCSIUNICA_USER_20121208.csv Total de Logins: 8226
08/12/2012 04:35:41|INFO|PCSFELETRONICA_USER_20121208.csv Total de Logins: 2458
08/12/2012 04:35:41|INFO|PCSICRC_USER_20121208.csv Total de Logins: 16725
08/12/2012 04:35:41|INFO|PCSPLOGISTICA_USER_20121208.csv Total de Logins: 3869
08/12/2012 04:35:41|INFO|PCSASP_USER_20121208.csv Total de Logins: 18286
08/12/2012 04:35:41|INFO|PCSSFA_USER_20121208.csv Total de Logins: 101
08/12/2012 04:35:41|INFO|PCSTIMFILAS_USER_20121208.csv Total de Logins: 1677
08/12/2012 04:35:41|INFO|PCSGVAS_USER_20121208.csv Total de Logins: 13
08/12/2012 04:35:41|INFO|PCSVERO_USER_20121208.csv Total de Logins: 96
08/12/2012 04:35:41|INFO|PCSSALES_USER_20121208.csv Total de Logins: 377
08/12/2012 04:35:41|INFO|PCSVENDITA_USER_20121208.csv Total de Logins: 235
08/12/2012 04:35:41|INFO|PCSRAP_USER_20121208.csv Total de Logins: 21
08/12/2012 04:35:41|INFO|PCSSCTR-PORTAL_USER_20121208.csv Total de Logins: 16
08/12/2012 04:35:41|INFO|PCSP2B_USER_20121208.csv Total de Logins: 25
08/12/2012 04:35:41|INFO|PCSUCM_USER_20121208.csv Total de Logins: 9
08/12/2012 04:35:41|INFO|PCSKPI_USER_20121208.csv Total de Logins: 8
08/12/2012 04:35:41|INFO|PCSIPVS_USER_20121208.csv Total de Logins: 5
08/12/2012 04:35:41|INFO|PCSGCPP_USER_20121208.csv Total de Logins: 6
08/12/2012 04:35:41|INFO|PCSPDV_MGMT_USER_20121208.csv Total de Logins: 6
08/12/2012 04:35:41|INFO|PCSGJMC_USER_20121208.csv Total de Logins: 8
08/12/2012 04:35:41|INFO|PCSFELETRONICAPG_USER_20121208.csv Total de Logins: 7
08/12/2012 04:35:41|INFO|PCSDTH_USER_20121208.csv Total de Logins: 2
08/12/2012 04:35:41|INFO|Finalizado
