16/07/2013 04:30:01|INFO|Iniciando
16/07/2013 04:36:31|INFO|PCSCLARIFY_USER_20130716.csv Total de Logins: 19758
16/07/2013 04:36:31|INFO|PCSPDVGN_USER_20130716.csv Total de Logins: 3239
16/07/2013 04:36:31|INFO|PCSICRC_USER_20130716.csv Total de Logins: 15897
16/07/2013 04:36:31|INFO|PCSDSF_USER_20130716.csv Total de Logins: 24095
16/07/2013 04:36:31|INFO|PCSSFA_USER_20130716.csv Total de Logins: 3227
16/07/2013 04:36:31|INFO|PCSPDVGL_USER_20130716.csv Total de Logins: 1733
16/07/2013 04:36:31|INFO|PCSPDV_LIVE_USER_20130716.csv Total de Logins: 11649
16/07/2013 04:36:31|INFO|PCSPROTOCOLOS_USER_20130716.csv Total de Logins: 3140
16/07/2013 04:36:31|INFO|PCSSGR_USER_20130716.csv Total de Logins: 15964
16/07/2013 04:36:31|INFO|PCSCBCF_USER_20130716.csv Total de Logins: 12022
16/07/2013 04:36:31|INFO|PCSASP_USER_20130716.csv Total de Logins: 17341
16/07/2013 04:36:31|INFO|PCSIUNICA_USER_20130716.csv Total de Logins: 7970
16/07/2013 04:36:31|INFO|PCSSIEBEL_USER_20130716.csv Total de Logins: 1499
16/07/2013 04:36:31|INFO|PCSFELETRONICA_USER_20130716.csv Total de Logins: 3502
16/07/2013 04:36:31|INFO|PCSP2B_USER_20130716.csv Total de Logins: 5980
16/07/2013 04:36:31|INFO|PCSPLOGISTICA_USER_20130716.csv Total de Logins: 3020
16/07/2013 04:36:31|INFO|PCSVERO_USER_20130716.csv Total de Logins: 2934
16/07/2013 04:36:31|INFO|PCSTIMFILAS_USER_20130716.csv Total de Logins: 1688
16/07/2013 04:36:31|INFO|PCSGCOB_USER_20130716.csv Total de Logins: 14
16/07/2013 04:36:31|INFO|PCSVENDITA_USER_20130716.csv Total de Logins: 279
16/07/2013 04:36:31|INFO|PCSVCE_USER_20130716.csv Total de Logins: 80
16/07/2013 04:36:31|INFO|PCSSCTR-PORTAL_USER_20130716.csv Total de Logins: 22
16/07/2013 04:36:31|INFO|PCSRAP_USER_20130716.csv Total de Logins: 19
16/07/2013 04:36:31|INFO|PCSUCM_USER_20130716.csv Total de Logins: 9
16/07/2013 04:36:31|INFO|PCSGVAS_USER_20130716.csv Total de Logins: 9
16/07/2013 04:36:31|INFO|PCSKPI_USER_20130716.csv Total de Logins: 6
16/07/2013 04:36:31|INFO|PCSIPVS_USER_20130716.csv Total de Logins: 8
16/07/2013 04:36:31|INFO|PCSBDOH_USER_20130716.csv Total de Logins: 133
16/07/2013 04:36:31|INFO|PCSSALES_USER_20130716.csv Total de Logins: 34
16/07/2013 04:36:31|INFO|PCSDTH_USER_20130716.csv Total de Logins: 8
16/07/2013 04:36:31|INFO|PCSPDV_MGMT_USER_20130716.csv Total de Logins: 9
16/07/2013 04:36:31|INFO|PCSFELETRONICAPG_USER_20130716.csv Total de Logins: 10
16/07/2013 04:36:31|INFO|PCSGCPP_USER_20130716.csv Total de Logins: 9
16/07/2013 04:36:31|INFO|PCSGJMC_USER_20130716.csv Total de Logins: 8
16/07/2013 04:36:31|INFO|PCSBISEMANTICO_USER_20130716.csv Total de Logins: 1
16/07/2013 04:36:31|INFO|Finalizado
