11/10/2012 04:30:01|INFO|Iniciando
11/10/2012 04:35:12|INFO|PCSCLARIFY_USER_20121011.csv Total de Logins: 20083
11/10/2012 04:35:12|INFO|PCSPDVGN_USER_20121011.csv Total de Logins: 3443
11/10/2012 04:35:12|INFO|PCSPDV_LIVE_USER_20121011.csv Total de Logins: 9929
11/10/2012 04:35:12|INFO|PCSPDVGL_USER_20121011.csv Total de Logins: 2147
11/10/2012 04:35:12|INFO|PCSSIEBEL_USER_20121011.csv Total de Logins: 525
11/10/2012 04:35:12|INFO|PCSDSF_USER_20121011.csv Total de Logins: 24100
11/10/2012 04:35:12|INFO|PCSSGR_USER_20121011.csv Total de Logins: 14974
11/10/2012 04:35:12|INFO|PCSCBCF_USER_20121011.csv Total de Logins: 10824
11/10/2012 04:35:12|INFO|PCSPROTOCOLOS_USER_20121011.csv Total de Logins: 2166
11/10/2012 04:35:12|INFO|PCSASP_USER_20121011.csv Total de Logins: 17545
11/10/2012 04:35:12|INFO|PCSIUNICA_USER_20121011.csv Total de Logins: 7692
11/10/2012 04:35:12|INFO|PCSICRC_USER_20121011.csv Total de Logins: 16130
11/10/2012 04:35:12|INFO|PCSPLOGISTICA_USER_20121011.csv Total de Logins: 4318
11/10/2012 04:35:12|INFO|PCSTIMFILAS_USER_20121011.csv Total de Logins: 1317
11/10/2012 04:35:12|INFO|PCSFELETRONICA_USER_20121011.csv Total de Logins: 2442
11/10/2012 04:35:12|INFO|PCSGVAS_USER_20121011.csv Total de Logins: 16
11/10/2012 04:35:12|INFO|PCSDTH_USER_20121011.csv Total de Logins: 6
11/10/2012 04:35:12|INFO|PCSVENDITA_USER_20121011.csv Total de Logins: 229
11/10/2012 04:35:12|INFO|PCSRAP_USER_20121011.csv Total de Logins: 36
11/10/2012 04:35:12|INFO|PCSSCTR-PORTAL_USER_20121011.csv Total de Logins: 20
11/10/2012 04:35:12|INFO|PCSVERO_USER_20121011.csv Total de Logins: 19
11/10/2012 04:35:12|INFO|PCSSFA_USER_20121011.csv Total de Logins: 17
11/10/2012 04:35:12|INFO|PCSFELETRONICAPG_USER_20121011.csv Total de Logins: 12
11/10/2012 04:35:12|INFO|PCSGCPP_USER_20121011.csv Total de Logins: 10
11/10/2012 04:35:12|INFO|PCSUCM_USER_20121011.csv Total de Logins: 40
11/10/2012 04:35:12|INFO|PCSGJMC_USER_20121011.csv Total de Logins: 13
11/10/2012 04:35:12|INFO|PCSKPI_USER_20121011.csv Total de Logins: 8
11/10/2012 04:35:12|INFO|PCSIPVS_USER_20121011.csv Total de Logins: 9
11/10/2012 04:35:12|INFO|PCSPDV_MGMT_USER_20121011.csv Total de Logins: 7
11/10/2012 04:35:12|INFO|PCSP2B_USER_20121011.csv Total de Logins: 1
11/10/2012 04:35:12|INFO|PCSBISEMANTICO_USER_20121011.csv Total de Logins: 2
11/10/2012 04:35:12|INFO|Finalizado
