29/07/2013 04:30:02|INFO|Iniciando
29/07/2013 04:36:26|INFO|PCSCLARIFY_USER_20130729.csv Total de Logins: 19675
29/07/2013 04:36:26|INFO|PCSPDVGN_USER_20130729.csv Total de Logins: 3274
29/07/2013 04:36:26|INFO|PCSICRC_USER_20130729.csv Total de Logins: 15656
29/07/2013 04:36:26|INFO|PCSDSF_USER_20130729.csv Total de Logins: 24130
29/07/2013 04:36:26|INFO|PCSSFA_USER_20130729.csv Total de Logins: 3543
29/07/2013 04:36:26|INFO|PCSPDVGL_USER_20130729.csv Total de Logins: 1726
29/07/2013 04:36:26|INFO|PCSPDV_LIVE_USER_20130729.csv Total de Logins: 11705
29/07/2013 04:36:26|INFO|PCSPROTOCOLOS_USER_20130729.csv Total de Logins: 3170
29/07/2013 04:36:26|INFO|PCSSGR_USER_20130729.csv Total de Logins: 16069
29/07/2013 04:36:26|INFO|PCSCBCF_USER_20130729.csv Total de Logins: 12286
29/07/2013 04:36:26|INFO|PCSASP_USER_20130729.csv Total de Logins: 16976
29/07/2013 04:36:26|INFO|PCSIUNICA_USER_20130729.csv Total de Logins: 7887
29/07/2013 04:36:26|INFO|PCSSIEBEL_USER_20130729.csv Total de Logins: 2667
29/07/2013 04:36:26|INFO|PCSFELETRONICA_USER_20130729.csv Total de Logins: 6175
29/07/2013 04:36:26|INFO|PCSP2B_USER_20130729.csv Total de Logins: 6642
29/07/2013 04:36:26|INFO|PCSVERO_USER_20130729.csv Total de Logins: 3185
29/07/2013 04:36:26|INFO|PCSPLOGISTICA_USER_20130729.csv Total de Logins: 2844
29/07/2013 04:36:26|INFO|PCSTIMFILAS_USER_20130729.csv Total de Logins: 1742
29/07/2013 04:36:26|INFO|PCSGCOB_USER_20130729.csv Total de Logins: 14
29/07/2013 04:36:26|INFO|PCSVENDITA_USER_20130729.csv Total de Logins: 284
29/07/2013 04:36:26|INFO|PCSVCE_USER_20130729.csv Total de Logins: 56
29/07/2013 04:36:26|INFO|PCSSCTR-PORTAL_USER_20130729.csv Total de Logins: 23
29/07/2013 04:36:26|INFO|PCSRAP_USER_20130729.csv Total de Logins: 18
29/07/2013 04:36:26|INFO|PCSGEOWEB_USER_20130729.csv Total de Logins: 1
29/07/2013 04:36:26|INFO|PCSUCM_USER_20130729.csv Total de Logins: 9
29/07/2013 04:36:26|INFO|PCSGVAS_USER_20130729.csv Total de Logins: 8
29/07/2013 04:36:26|INFO|PCSKPI_USER_20130729.csv Total de Logins: 6
29/07/2013 04:36:26|INFO|PCSIPVS_USER_20130729.csv Total de Logins: 8
29/07/2013 04:36:26|INFO|PCSBDOH_USER_20130729.csv Total de Logins: 135
29/07/2013 04:36:26|INFO|PCSSALES_USER_20130729.csv Total de Logins: 34
29/07/2013 04:36:26|INFO|PCSDTH_USER_20130729.csv Total de Logins: 8
29/07/2013 04:36:26|INFO|PCSPDV_MGMT_USER_20130729.csv Total de Logins: 11
29/07/2013 04:36:26|INFO|PCSFELETRONICAPG_USER_20130729.csv Total de Logins: 10
29/07/2013 04:36:26|INFO|PCSGCPP_USER_20130729.csv Total de Logins: 9
29/07/2013 04:36:26|INFO|PCSGJMC_USER_20130729.csv Total de Logins: 8
29/07/2013 04:36:26|INFO|PCSBISEMANTICO_USER_20130729.csv Total de Logins: 1
29/07/2013 04:36:26|INFO|Finalizado
