03/08/2013 04:30:02|INFO|Iniciando
03/08/2013 04:36:39|INFO|PCSCLARIFY_USER_20130803.csv Total de Logins: 19858
03/08/2013 04:36:39|INFO|PCSPDVGN_USER_20130803.csv Total de Logins: 3297
03/08/2013 04:36:39|INFO|PCSICRC_USER_20130803.csv Total de Logins: 15912
03/08/2013 04:36:39|INFO|PCSDSF_USER_20130803.csv Total de Logins: 24158
03/08/2013 04:36:39|INFO|PCSSFA_USER_20130803.csv Total de Logins: 3606
03/08/2013 04:36:39|INFO|PCSPDV_LIVE_USER_20130803.csv Total de Logins: 11637
03/08/2013 04:36:39|INFO|PCSPDVGL_USER_20130803.csv Total de Logins: 1712
03/08/2013 04:36:39|INFO|PCSPROTOCOLOS_USER_20130803.csv Total de Logins: 3217
03/08/2013 04:36:39|INFO|PCSSGR_USER_20130803.csv Total de Logins: 16370
03/08/2013 04:36:39|INFO|PCSCBCF_USER_20130803.csv Total de Logins: 12249
03/08/2013 04:36:39|INFO|PCSASP_USER_20130803.csv Total de Logins: 17165
03/08/2013 04:36:39|INFO|PCSIUNICA_USER_20130803.csv Total de Logins: 8210
03/08/2013 04:36:39|INFO|PCSSIEBEL_USER_20130803.csv Total de Logins: 4046
03/08/2013 04:36:39|INFO|PCSFELETRONICA_USER_20130803.csv Total de Logins: 6601
03/08/2013 04:36:39|INFO|PCSP2B_USER_20130803.csv Total de Logins: 6709
03/08/2013 04:36:39|INFO|PCSPLOGISTICA_USER_20130803.csv Total de Logins: 3062
03/08/2013 04:36:39|INFO|PCSVERO_USER_20130803.csv Total de Logins: 3187
03/08/2013 04:36:39|INFO|PCSTIMFILAS_USER_20130803.csv Total de Logins: 1744
03/08/2013 04:36:39|INFO|PCSGCOB_USER_20130803.csv Total de Logins: 14
03/08/2013 04:36:39|INFO|PCSVENDITA_USER_20130803.csv Total de Logins: 290
03/08/2013 04:36:39|INFO|PCSVCE_USER_20130803.csv Total de Logins: 81
03/08/2013 04:36:39|INFO|PCSSCTR-PORTAL_USER_20130803.csv Total de Logins: 24
03/08/2013 04:36:39|INFO|PCSRAP_USER_20130803.csv Total de Logins: 17
03/08/2013 04:36:39|INFO|PCSGEOWEB_USER_20130803.csv Total de Logins: 1
03/08/2013 04:36:39|INFO|PCSUCM_USER_20130803.csv Total de Logins: 9
03/08/2013 04:36:39|INFO|PCSGVAS_USER_20130803.csv Total de Logins: 8
03/08/2013 04:36:39|INFO|PCSKPI_USER_20130803.csv Total de Logins: 6
03/08/2013 04:36:39|INFO|PCSIPVS_USER_20130803.csv Total de Logins: 8
03/08/2013 04:36:39|INFO|PCSBDOH_USER_20130803.csv Total de Logins: 162
03/08/2013 04:36:39|INFO|PCSSALES_USER_20130803.csv Total de Logins: 35
03/08/2013 04:36:39|INFO|PCSDTH_USER_20130803.csv Total de Logins: 8
03/08/2013 04:36:39|INFO|PCSPDV_MGMT_USER_20130803.csv Total de Logins: 11
03/08/2013 04:36:39|INFO|PCSFELETRONICAPG_USER_20130803.csv Total de Logins: 11
03/08/2013 04:36:39|INFO|PCSGCPP_USER_20130803.csv Total de Logins: 9
03/08/2013 04:36:39|INFO|PCSGJMC_USER_20130803.csv Total de Logins: 8
03/08/2013 04:36:39|INFO|PCSBISEMANTICO_USER_20130803.csv Total de Logins: 1
03/08/2013 04:36:39|INFO|Finalizado
