21/11/2012 04:30:01|INFO|Iniciando
21/11/2012 04:35:25|INFO|PCSCLARIFY_USER_20121121.csv Total de Logins: 19623
21/11/2012 04:35:25|INFO|PCSPDVGN_USER_20121121.csv Total de Logins: 3341
21/11/2012 04:35:25|INFO|PCSPDV_LIVE_USER_20121121.csv Total de Logins: 10479
21/11/2012 04:35:25|INFO|PCSBDOH_USER_20121121.csv Total de Logins: 308
21/11/2012 04:35:25|INFO|PCSPDVGL_USER_20121121.csv Total de Logins: 2020
21/11/2012 04:35:25|INFO|PCSSIEBEL_USER_20121121.csv Total de Logins: 112
21/11/2012 04:35:25|INFO|PCSDSF_USER_20121121.csv Total de Logins: 23973
21/11/2012 04:35:25|INFO|PCSPROTOCOLOS_USER_20121121.csv Total de Logins: 3093
21/11/2012 04:35:25|INFO|PCSSGR_USER_20121121.csv Total de Logins: 15246
21/11/2012 04:35:25|INFO|PCSCBCF_USER_20121121.csv Total de Logins: 11770
21/11/2012 04:35:25|INFO|PCSIUNICA_USER_20121121.csv Total de Logins: 7679
21/11/2012 04:35:25|INFO|PCSFELETRONICA_USER_20121121.csv Total de Logins: 2544
21/11/2012 04:35:26|INFO|PCSICRC_USER_20121121.csv Total de Logins: 15526
21/11/2012 04:35:26|INFO|PCSPLOGISTICA_USER_20121121.csv Total de Logins: 3890
21/11/2012 04:35:26|INFO|PCSASP_USER_20121121.csv Total de Logins: 17207
21/11/2012 04:35:26|INFO|PCSTIMFILAS_USER_20121121.csv Total de Logins: 1522
21/11/2012 04:35:26|INFO|PCSGVAS_USER_20121121.csv Total de Logins: 13
21/11/2012 04:35:26|INFO|PCSVERO_USER_20121121.csv Total de Logins: 32
21/11/2012 04:35:26|INFO|PCSVENDITA_USER_20121121.csv Total de Logins: 198
21/11/2012 04:35:26|INFO|PCSRAP_USER_20121121.csv Total de Logins: 19
21/11/2012 04:35:26|INFO|PCSSCTR-PORTAL_USER_20121121.csv Total de Logins: 16
21/11/2012 04:35:26|INFO|PCSSFA_USER_20121121.csv Total de Logins: 35
21/11/2012 04:35:26|INFO|PCSFELETRONICAPG_USER_20121121.csv Total de Logins: 10
21/11/2012 04:35:26|INFO|PCSGCPP_USER_20121121.csv Total de Logins: 9
21/11/2012 04:35:26|INFO|PCSUCM_USER_20121121.csv Total de Logins: 13
21/11/2012 04:35:26|INFO|PCSGJMC_USER_20121121.csv Total de Logins: 10
21/11/2012 04:35:26|INFO|PCSKPI_USER_20121121.csv Total de Logins: 8
21/11/2012 04:35:26|INFO|PCSIPVS_USER_20121121.csv Total de Logins: 8
21/11/2012 04:35:26|INFO|PCSPDV_MGMT_USER_20121121.csv Total de Logins: 7
21/11/2012 04:35:26|INFO|PCSP2B_USER_20121121.csv Total de Logins: 3
21/11/2012 04:35:26|INFO|PCSDTH_USER_20121121.csv Total de Logins: 2
21/11/2012 04:35:26|INFO|Finalizado
