19/02/2013 04:30:01|INFO|Iniciando
19/02/2013 04:35:58|INFO|PCSCLARIFY_USER_20130219.csv Total de Logins: 20715
19/02/2013 04:35:58|INFO|PCSPDVGN_USER_20130219.csv Total de Logins: 3475
19/02/2013 04:35:58|INFO|PCSPDV_LIVE_USER_20130219.csv Total de Logins: 13358
19/02/2013 04:35:58|INFO|PCSSFA_USER_20130219.csv Total de Logins: 1771
19/02/2013 04:35:58|INFO|PCSPDVGL_USER_20130219.csv Total de Logins: 2060
19/02/2013 04:35:58|INFO|PCSSIEBEL_USER_20130219.csv Total de Logins: 30
19/02/2013 04:35:58|INFO|PCSASP_USER_20130219.csv Total de Logins: 18788
19/02/2013 04:35:58|INFO|PCSDSF_USER_20130219.csv Total de Logins: 25274
19/02/2013 04:35:58|INFO|PCSPROTOCOLOS_USER_20130219.csv Total de Logins: 2676
19/02/2013 04:35:58|INFO|PCSSGR_USER_20130219.csv Total de Logins: 16547
19/02/2013 04:35:58|INFO|PCSCBCF_USER_20130219.csv Total de Logins: 12427
19/02/2013 04:35:58|INFO|PCSICRC_USER_20130219.csv Total de Logins: 17355
19/02/2013 04:35:58|INFO|PCSIUNICA_USER_20130219.csv Total de Logins: 8763
19/02/2013 04:35:58|INFO|PCSPLOGISTICA_USER_20130219.csv Total de Logins: 4648
19/02/2013 04:35:58|INFO|PCSP2B_USER_20130219.csv Total de Logins: 1828
19/02/2013 04:35:58|INFO|PCSTIMFILAS_USER_20130219.csv Total de Logins: 1613
19/02/2013 04:35:58|INFO|PCSFELETRONICA_USER_20130219.csv Total de Logins: 3999
19/02/2013 04:35:58|INFO|PCSVERO_USER_20130219.csv Total de Logins: 1688
19/02/2013 04:35:58|INFO|PCSVENDITA_USER_20130219.csv Total de Logins: 254
19/02/2013 04:35:58|INFO|PCSRAP_USER_20130219.csv Total de Logins: 14
19/02/2013 04:35:58|INFO|PCSSCTR-PORTAL_USER_20130219.csv Total de Logins: 16
19/02/2013 04:35:58|INFO|PCSUCM_USER_20130219.csv Total de Logins: 9
19/02/2013 04:35:58|INFO|PCSGVAS_USER_20130219.csv Total de Logins: 9
19/02/2013 04:35:58|INFO|PCSKPI_USER_20130219.csv Total de Logins: 7
19/02/2013 04:35:58|INFO|PCSIPVS_USER_20130219.csv Total de Logins: 5
19/02/2013 04:35:58|INFO|PCSBDOH_USER_20130219.csv Total de Logins: 176
19/02/2013 04:35:58|INFO|PCSSALES_USER_20130219.csv Total de Logins: 79
19/02/2013 04:35:58|INFO|PCSGCPP_USER_20130219.csv Total de Logins: 6
19/02/2013 04:35:58|INFO|PCSPDV_MGMT_USER_20130219.csv Total de Logins: 8
19/02/2013 04:35:58|INFO|PCSGJMC_USER_20130219.csv Total de Logins: 7
19/02/2013 04:35:58|INFO|PCSFELETRONICAPG_USER_20130219.csv Total de Logins: 5
19/02/2013 04:35:58|INFO|PCSDTH_USER_20130219.csv Total de Logins: 2
19/02/2013 04:35:58|INFO|Finalizado
