22/02/2013 04:30:01|INFO|Iniciando
22/02/2013 04:36:03|INFO|PCSCLARIFY_USER_20130222.csv Total de Logins: 20958
22/02/2013 04:36:03|INFO|PCSPDVGN_USER_20130222.csv Total de Logins: 3453
22/02/2013 04:36:03|INFO|PCSPDV_LIVE_USER_20130222.csv Total de Logins: 13351
22/02/2013 04:36:03|INFO|PCSSFA_USER_20130222.csv Total de Logins: 1716
22/02/2013 04:36:03|INFO|PCSPDVGL_USER_20130222.csv Total de Logins: 2043
22/02/2013 04:36:03|INFO|PCSSIEBEL_USER_20130222.csv Total de Logins: 31
22/02/2013 04:36:03|INFO|PCSASP_USER_20130222.csv Total de Logins: 18873
22/02/2013 04:36:03|INFO|PCSDSF_USER_20130222.csv Total de Logins: 25334
22/02/2013 04:36:03|INFO|PCSPROTOCOLOS_USER_20130222.csv Total de Logins: 2788
22/02/2013 04:36:03|INFO|PCSSGR_USER_20130222.csv Total de Logins: 16731
22/02/2013 04:36:03|INFO|PCSCBCF_USER_20130222.csv Total de Logins: 12639
22/02/2013 04:36:04|INFO|PCSICRC_USER_20130222.csv Total de Logins: 17435
22/02/2013 04:36:04|INFO|PCSIUNICA_USER_20130222.csv Total de Logins: 8863
22/02/2013 04:36:04|INFO|PCSPLOGISTICA_USER_20130222.csv Total de Logins: 4644
22/02/2013 04:36:04|INFO|PCSP2B_USER_20130222.csv Total de Logins: 1864
22/02/2013 04:36:04|INFO|PCSTIMFILAS_USER_20130222.csv Total de Logins: 1600
22/02/2013 04:36:04|INFO|PCSFELETRONICA_USER_20130222.csv Total de Logins: 3930
22/02/2013 04:36:04|INFO|PCSVERO_USER_20130222.csv Total de Logins: 1709
22/02/2013 04:36:04|INFO|PCSVENDITA_USER_20130222.csv Total de Logins: 256
22/02/2013 04:36:04|INFO|PCSRAP_USER_20130222.csv Total de Logins: 14
22/02/2013 04:36:04|INFO|PCSSCTR-PORTAL_USER_20130222.csv Total de Logins: 16
22/02/2013 04:36:04|INFO|PCSUCM_USER_20130222.csv Total de Logins: 9
22/02/2013 04:36:04|INFO|PCSGVAS_USER_20130222.csv Total de Logins: 9
22/02/2013 04:36:04|INFO|PCSKPI_USER_20130222.csv Total de Logins: 7
22/02/2013 04:36:04|INFO|PCSIPVS_USER_20130222.csv Total de Logins: 5
22/02/2013 04:36:04|INFO|PCSBDOH_USER_20130222.csv Total de Logins: 182
22/02/2013 04:36:04|INFO|PCSSALES_USER_20130222.csv Total de Logins: 78
22/02/2013 04:36:04|INFO|PCSGCPP_USER_20130222.csv Total de Logins: 6
22/02/2013 04:36:04|INFO|PCSPDV_MGMT_USER_20130222.csv Total de Logins: 8
22/02/2013 04:36:04|INFO|PCSGJMC_USER_20130222.csv Total de Logins: 7
22/02/2013 04:36:04|INFO|PCSFELETRONICAPG_USER_20130222.csv Total de Logins: 5
22/02/2013 04:36:04|INFO|PCSDTH_USER_20130222.csv Total de Logins: 2
22/02/2013 04:36:04|INFO|Finalizado
