14/04/2013 04:30:01|INFO|Iniciando
14/04/2013 04:36:21|INFO|PCSCLARIFY_USER_20130413.csv Total de Logins: 21828
14/04/2013 04:36:21|INFO|PCSPDVGN_USER_20130413.csv Total de Logins: 3417
14/04/2013 04:36:21|INFO|PCSPDV_LIVE_USER_20130413.csv Total de Logins: 11647
14/04/2013 04:36:21|INFO|PCSPDVGL_USER_20130413.csv Total de Logins: 1993
14/04/2013 04:36:21|INFO|PCSSIEBEL_USER_20130413.csv Total de Logins: 76
14/04/2013 04:36:21|INFO|PCSDSF_USER_20130413.csv Total de Logins: 26044
14/04/2013 04:36:21|INFO|PCSICRC_USER_20130413.csv Total de Logins: 17697
14/04/2013 04:36:21|INFO|PCSPROTOCOLOS_USER_20130413.csv Total de Logins: 2682
14/04/2013 04:36:21|INFO|PCSSGR_USER_20130413.csv Total de Logins: 17387
14/04/2013 04:36:21|INFO|PCSCBCF_USER_20130413.csv Total de Logins: 13027
14/04/2013 04:36:21|INFO|PCSASP_USER_20130413.csv Total de Logins: 19362
14/04/2013 04:36:21|INFO|PCSIUNICA_USER_20130413.csv Total de Logins: 8904
14/04/2013 04:36:21|INFO|PCSPLOGISTICA_USER_20130413.csv Total de Logins: 5289
14/04/2013 04:36:21|INFO|PCSP2B_USER_20130413.csv Total de Logins: 4722
14/04/2013 04:36:21|INFO|PCSSFA_USER_20130413.csv Total de Logins: 1484
14/04/2013 04:36:21|INFO|PCSVERO_USER_20130413.csv Total de Logins: 1531
14/04/2013 04:36:21|INFO|PCSTIMFILAS_USER_20130413.csv Total de Logins: 1636
14/04/2013 04:36:21|INFO|PCSFELETRONICA_USER_20130413.csv Total de Logins: 3346
14/04/2013 04:36:21|INFO|PCSVENDITA_USER_20130413.csv Total de Logins: 274
14/04/2013 04:36:21|INFO|PCSRAP_USER_20130413.csv Total de Logins: 19
14/04/2013 04:36:21|INFO|PCSSCTR-PORTAL_USER_20130413.csv Total de Logins: 18
14/04/2013 04:36:21|INFO|PCSUCM_USER_20130413.csv Total de Logins: 10
14/04/2013 04:36:21|INFO|PCSGVAS_USER_20130413.csv Total de Logins: 8
14/04/2013 04:36:21|INFO|PCSKPI_USER_20130413.csv Total de Logins: 8
14/04/2013 04:36:21|INFO|PCSIPVS_USER_20130413.csv Total de Logins: 4
14/04/2013 04:36:21|INFO|PCSBDOH_USER_20130413.csv Total de Logins: 223
14/04/2013 04:36:21|INFO|PCSSALES_USER_20130413.csv Total de Logins: 63
14/04/2013 04:36:21|INFO|PCSGCPP_USER_20130413.csv Total de Logins: 4
14/04/2013 04:36:21|INFO|PCSPDV_MGMT_USER_20130413.csv Total de Logins: 7
14/04/2013 04:36:21|INFO|PCSGJMC_USER_20130413.csv Total de Logins: 6
14/04/2013 04:36:21|INFO|PCSFELETRONICAPG_USER_20130413.csv Total de Logins: 6
14/04/2013 04:36:21|INFO|PCSDTH_USER_20130413.csv Total de Logins: 2
14/04/2013 04:36:21|INFO|PCS_TOKEN_20130413.csv Total de Logins: 21027
14/04/2013 04:36:21|INFO|PCSCLARIFY_USER_20130414.csv Total de Logins: 21762
14/04/2013 04:36:21|INFO|PCSPDVGN_USER_20130414.csv Total de Logins: 3417
14/04/2013 04:36:21|INFO|PCSPDV_LIVE_USER_20130414.csv Total de Logins: 11605
14/04/2013 04:36:21|INFO|PCSPDVGL_USER_20130414.csv Total de Logins: 1995
14/04/2013 04:36:21|INFO|PCSSIEBEL_USER_20130414.csv Total de Logins: 74
14/04/2013 04:36:21|INFO|PCSDSF_USER_20130414.csv Total de Logins: 25980
14/04/2013 04:36:21|INFO|PCSICRC_USER_20130414.csv Total de Logins: 17598
14/04/2013 04:36:21|INFO|PCSPROTOCOLOS_USER_20130414.csv Total de Logins: 2666
14/04/2013 04:36:21|INFO|PCSSGR_USER_20130414.csv Total de Logins: 17248
14/04/2013 04:36:21|INFO|PCSCBCF_USER_20130414.csv Total de Logins: 13002
14/04/2013 04:36:21|INFO|PCSASP_USER_20130414.csv Total de Logins: 19292
14/04/2013 04:36:21|INFO|PCSIUNICA_USER_20130414.csv Total de Logins: 8819
14/04/2013 04:36:21|INFO|PCSPLOGISTICA_USER_20130414.csv Total de Logins: 5141
14/04/2013 04:36:21|INFO|PCSP2B_USER_20130414.csv Total de Logins: 4669
14/04/2013 04:36:21|INFO|PCSSFA_USER_20130414.csv Total de Logins: 1449
14/04/2013 04:36:21|INFO|PCSVERO_USER_20130414.csv Total de Logins: 1486
14/04/2013 04:36:21|INFO|PCSTIMFILAS_USER_20130414.csv Total de Logins: 1634
14/04/2013 04:36:21|INFO|PCSFELETRONICA_USER_20130414.csv Total de Logins: 3185
14/04/2013 04:36:21|INFO|PCSVENDITA_USER_20130414.csv Total de Logins: 274
14/04/2013 04:36:21|INFO|PCSRAP_USER_20130414.csv Total de Logins: 19
14/04/2013 04:36:21|INFO|PCSSCTR-PORTAL_USER_20130414.csv Total de Logins: 18
14/04/2013 04:36:21|INFO|PCSUCM_USER_20130414.csv Total de Logins: 10
14/04/2013 04:36:21|INFO|PCSGVAS_USER_20130414.csv Total de Logins: 8
14/04/2013 04:36:21|INFO|PCSKPI_USER_20130414.csv Total de Logins: 8
14/04/2013 04:36:21|INFO|PCSIPVS_USER_20130414.csv Total de Logins: 4
14/04/2013 04:36:21|INFO|PCSBDOH_USER_20130414.csv Total de Logins: 222
14/04/2013 04:36:21|INFO|PCSSALES_USER_20130414.csv Total de Logins: 62
14/04/2013 04:36:21|INFO|PCSGCPP_USER_20130414.csv Total de Logins: 4
14/04/2013 04:36:21|INFO|PCSPDV_MGMT_USER_20130414.csv Total de Logins: 7
14/04/2013 04:36:21|INFO|PCSGJMC_USER_20130414.csv Total de Logins: 6
14/04/2013 04:36:21|INFO|PCSFELETRONICAPG_USER_20130414.csv Total de Logins: 6
14/04/2013 04:36:21|INFO|PCSDTH_USER_20130414.csv Total de Logins: 2
14/04/2013 04:36:21|INFO|Finalizado
