12/04/2013 04:30:01|INFO|Iniciando
12/04/2013 04:36:30|INFO|PCSCLARIFY_USER_20130412.csv Total de Logins: 21784
12/04/2013 04:36:30|INFO|PCSPDVGN_USER_20130412.csv Total de Logins: 3422
12/04/2013 04:36:30|INFO|PCSPDV_LIVE_USER_20130412.csv Total de Logins: 11682
12/04/2013 04:36:30|INFO|PCSPDVGL_USER_20130412.csv Total de Logins: 1999
12/04/2013 04:36:30|INFO|PCSSIEBEL_USER_20130412.csv Total de Logins: 76
12/04/2013 04:36:30|INFO|PCSDSF_USER_20130412.csv Total de Logins: 26023
12/04/2013 04:36:30|INFO|PCSICRC_USER_20130412.csv Total de Logins: 17648
12/04/2013 04:36:30|INFO|PCSPROTOCOLOS_USER_20130412.csv Total de Logins: 2730
12/04/2013 04:36:30|INFO|PCSSGR_USER_20130412.csv Total de Logins: 17404
12/04/2013 04:36:30|INFO|PCSCBCF_USER_20130412.csv Total de Logins: 13095
12/04/2013 04:36:30|INFO|PCSASP_USER_20130412.csv Total de Logins: 19326
12/04/2013 04:36:30|INFO|PCSIUNICA_USER_20130412.csv Total de Logins: 8892
12/04/2013 04:36:30|INFO|PCSPLOGISTICA_USER_20130412.csv Total de Logins: 5400
12/04/2013 04:36:30|INFO|PCSP2B_USER_20130412.csv Total de Logins: 4675
12/04/2013 04:36:30|INFO|PCSSFA_USER_20130412.csv Total de Logins: 1487
12/04/2013 04:36:30|INFO|PCSVERO_USER_20130412.csv Total de Logins: 1533
12/04/2013 04:36:30|INFO|PCSTIMFILAS_USER_20130412.csv Total de Logins: 1617
12/04/2013 04:36:30|INFO|PCSFELETRONICA_USER_20130412.csv Total de Logins: 3393
12/04/2013 04:36:30|INFO|PCSVENDITA_USER_20130412.csv Total de Logins: 274
12/04/2013 04:36:30|INFO|PCSRAP_USER_20130412.csv Total de Logins: 19
12/04/2013 04:36:30|INFO|PCSSCTR-PORTAL_USER_20130412.csv Total de Logins: 18
12/04/2013 04:36:30|INFO|PCSUCM_USER_20130412.csv Total de Logins: 10
12/04/2013 04:36:30|INFO|PCSGVAS_USER_20130412.csv Total de Logins: 8
12/04/2013 04:36:30|INFO|PCSKPI_USER_20130412.csv Total de Logins: 8
12/04/2013 04:36:30|INFO|PCSIPVS_USER_20130412.csv Total de Logins: 4
12/04/2013 04:36:30|INFO|PCSBDOH_USER_20130412.csv Total de Logins: 224
12/04/2013 04:36:30|INFO|PCSSALES_USER_20130412.csv Total de Logins: 64
12/04/2013 04:36:30|INFO|PCSGCPP_USER_20130412.csv Total de Logins: 4
12/04/2013 04:36:30|INFO|PCSPDV_MGMT_USER_20130412.csv Total de Logins: 7
12/04/2013 04:36:30|INFO|PCSGJMC_USER_20130412.csv Total de Logins: 6
12/04/2013 04:36:30|INFO|PCSFELETRONICAPG_USER_20130412.csv Total de Logins: 6
12/04/2013 04:36:30|INFO|PCSDTH_USER_20130412.csv Total de Logins: 2
12/04/2013 04:36:30|INFO|Finalizado
