22/10/2012 04:30:00|INFO|Iniciando
22/10/2012 04:35:06|INFO|PCSCLARIFY_USER_20121022.csv Total de Logins: 19991
22/10/2012 04:35:06|INFO|PCSPDVGN_USER_20121022.csv Total de Logins: 3459
22/10/2012 04:35:06|INFO|PCSPDV_LIVE_USER_20121022.csv Total de Logins: 10057
22/10/2012 04:35:06|INFO|PCSPDVGL_USER_20121022.csv Total de Logins: 2142
22/10/2012 04:35:06|INFO|PCSSIEBEL_USER_20121022.csv Total de Logins: 500
22/10/2012 04:35:06|INFO|PCSDSF_USER_20121022.csv Total de Logins: 24170
22/10/2012 04:35:06|INFO|PCSSGR_USER_20121022.csv Total de Logins: 14687
22/10/2012 04:35:06|INFO|PCSCBCF_USER_20121022.csv Total de Logins: 10838
22/10/2012 04:35:06|INFO|PCSPROTOCOLOS_USER_20121022.csv Total de Logins: 2282
22/10/2012 04:35:06|INFO|PCSASP_USER_20121022.csv Total de Logins: 17614
22/10/2012 04:35:06|INFO|PCSIUNICA_USER_20121022.csv Total de Logins: 7637
22/10/2012 04:35:06|INFO|PCSICRC_USER_20121022.csv Total de Logins: 15975
22/10/2012 04:35:06|INFO|PCSPLOGISTICA_USER_20121022.csv Total de Logins: 4160
22/10/2012 04:35:06|INFO|PCSTIMFILAS_USER_20121022.csv Total de Logins: 1373
22/10/2012 04:35:06|INFO|PCSFELETRONICA_USER_20121022.csv Total de Logins: 2423
22/10/2012 04:35:06|INFO|PCSGVAS_USER_20121022.csv Total de Logins: 15
22/10/2012 04:35:06|INFO|PCSDTH_USER_20121022.csv Total de Logins: 5
22/10/2012 04:35:06|INFO|PCSVENDITA_USER_20121022.csv Total de Logins: 230
22/10/2012 04:35:06|INFO|PCSRAP_USER_20121022.csv Total de Logins: 36
22/10/2012 04:35:06|INFO|PCSSCTR-PORTAL_USER_20121022.csv Total de Logins: 19
22/10/2012 04:35:06|INFO|PCSVERO_USER_20121022.csv Total de Logins: 19
22/10/2012 04:35:06|INFO|PCSSFA_USER_20121022.csv Total de Logins: 17
22/10/2012 04:35:06|INFO|PCSFELETRONICAPG_USER_20121022.csv Total de Logins: 11
22/10/2012 04:35:06|INFO|PCSGCPP_USER_20121022.csv Total de Logins: 9
22/10/2012 04:35:06|INFO|PCSUCM_USER_20121022.csv Total de Logins: 39
22/10/2012 04:35:06|INFO|PCSGJMC_USER_20121022.csv Total de Logins: 12
22/10/2012 04:35:06|INFO|PCSKPI_USER_20121022.csv Total de Logins: 7
22/10/2012 04:35:06|INFO|PCSIPVS_USER_20121022.csv Total de Logins: 8
22/10/2012 04:35:06|INFO|PCSPDV_MGMT_USER_20121022.csv Total de Logins: 7
22/10/2012 04:35:06|INFO|PCSP2B_USER_20121022.csv Total de Logins: 2
22/10/2012 04:35:06|INFO|PCSBISEMANTICO_USER_20121022.csv Total de Logins: 2
22/10/2012 04:35:06|INFO|Finalizado
