17/01/2013 04:30:02|INFO|Iniciando
17/01/2013 04:35:42|INFO|PCSCLARIFY_USER_20130117.csv Total de Logins: 20852
17/01/2013 04:35:42|INFO|PCSPDVGN_USER_20130117.csv Total de Logins: 3419
17/01/2013 04:35:42|INFO|PCSPDV_LIVE_USER_20130117.csv Total de Logins: 11164
17/01/2013 04:35:42|INFO|PCSSFA_USER_20130117.csv Total de Logins: 569
17/01/2013 04:35:42|INFO|PCSPDVGL_USER_20130117.csv Total de Logins: 2041
17/01/2013 04:35:42|INFO|PCSSIEBEL_USER_20130117.csv Total de Logins: 47
17/01/2013 04:35:42|INFO|PCSDSF_USER_20130117.csv Total de Logins: 25170
17/01/2013 04:35:42|INFO|PCSSGR_USER_20130117.csv Total de Logins: 16159
17/01/2013 04:35:42|INFO|PCSCBCF_USER_20130117.csv Total de Logins: 11621
17/01/2013 04:35:42|INFO|PCSPROTOCOLOS_USER_20130117.csv Total de Logins: 2961
17/01/2013 04:35:42|INFO|PCSICRC_USER_20130117.csv Total de Logins: 16488
17/01/2013 04:35:42|INFO|PCSASP_USER_20130117.csv Total de Logins: 18422
17/01/2013 04:35:42|INFO|PCSIUNICA_USER_20130117.csv Total de Logins: 8167
17/01/2013 04:35:42|INFO|PCSPLOGISTICA_USER_20130117.csv Total de Logins: 3843
17/01/2013 04:35:42|INFO|PCSTIMFILAS_USER_20130117.csv Total de Logins: 1671
17/01/2013 04:35:42|INFO|PCSFELETRONICA_USER_20130117.csv Total de Logins: 3263
17/01/2013 04:35:42|INFO|PCSVERO_USER_20130117.csv Total de Logins: 519
17/01/2013 04:35:42|INFO|PCSP2B_USER_20130117.csv Total de Logins: 448
17/01/2013 04:35:42|INFO|PCSGVAS_USER_20130117.csv Total de Logins: 11
17/01/2013 04:35:42|INFO|PCSSALES_USER_20130117.csv Total de Logins: 336
17/01/2013 04:35:42|INFO|PCSVENDITA_USER_20130117.csv Total de Logins: 257
17/01/2013 04:35:42|INFO|PCSSCTR-PORTAL_USER_20130117.csv Total de Logins: 19
17/01/2013 04:35:42|INFO|PCSRAP_USER_20130117.csv Total de Logins: 14
17/01/2013 04:35:42|INFO|PCSBDOH_USER_20130117.csv Total de Logins: 208
17/01/2013 04:35:42|INFO|PCSUCM_USER_20130117.csv Total de Logins: 14
17/01/2013 04:35:42|INFO|PCSKPI_USER_20130117.csv Total de Logins: 8
17/01/2013 04:35:42|INFO|PCSIPVS_USER_20130117.csv Total de Logins: 4
17/01/2013 04:35:42|INFO|PCSGCPP_USER_20130117.csv Total de Logins: 5
17/01/2013 04:35:42|INFO|PCSPDV_MGMT_USER_20130117.csv Total de Logins: 5
17/01/2013 04:35:42|INFO|PCSGJMC_USER_20130117.csv Total de Logins: 8
17/01/2013 04:35:42|INFO|PCSFELETRONICAPG_USER_20130117.csv Total de Logins: 8
17/01/2013 04:35:42|INFO|PCSDTH_USER_20130117.csv Total de Logins: 2
17/01/2013 04:35:42|INFO|Finalizado
