28/07/2013 04:30:02|INFO|Iniciando
28/07/2013 04:36:32|INFO|PCSCLARIFY_USER_20130728.csv Total de Logins: 19724
28/07/2013 04:36:32|INFO|PCSPDVGN_USER_20130728.csv Total de Logins: 3275
28/07/2013 04:36:32|INFO|PCSICRC_USER_20130728.csv Total de Logins: 15706
28/07/2013 04:36:32|INFO|PCSDSF_USER_20130728.csv Total de Logins: 24133
28/07/2013 04:36:32|INFO|PCSSFA_USER_20130728.csv Total de Logins: 3543
28/07/2013 04:36:32|INFO|PCSPDVGL_USER_20130728.csv Total de Logins: 1726
28/07/2013 04:36:32|INFO|PCSPDV_LIVE_USER_20130728.csv Total de Logins: 11721
28/07/2013 04:36:32|INFO|PCSPROTOCOLOS_USER_20130728.csv Total de Logins: 3188
28/07/2013 04:36:32|INFO|PCSSGR_USER_20130728.csv Total de Logins: 16153
28/07/2013 04:36:32|INFO|PCSCBCF_USER_20130728.csv Total de Logins: 12368
28/07/2013 04:36:32|INFO|PCSASP_USER_20130728.csv Total de Logins: 16979
28/07/2013 04:36:32|INFO|PCSIUNICA_USER_20130728.csv Total de Logins: 7916
28/07/2013 04:36:32|INFO|PCSSIEBEL_USER_20130728.csv Total de Logins: 2667
28/07/2013 04:36:32|INFO|PCSFELETRONICA_USER_20130728.csv Total de Logins: 6306
28/07/2013 04:36:32|INFO|PCSP2B_USER_20130728.csv Total de Logins: 6651
28/07/2013 04:36:32|INFO|PCSVERO_USER_20130728.csv Total de Logins: 3193
28/07/2013 04:36:32|INFO|PCSPLOGISTICA_USER_20130728.csv Total de Logins: 3000
28/07/2013 04:36:32|INFO|PCSTIMFILAS_USER_20130728.csv Total de Logins: 1743
28/07/2013 04:36:32|INFO|PCSGCOB_USER_20130728.csv Total de Logins: 14
28/07/2013 04:36:32|INFO|PCSVENDITA_USER_20130728.csv Total de Logins: 284
28/07/2013 04:36:32|INFO|PCSVCE_USER_20130728.csv Total de Logins: 56
28/07/2013 04:36:32|INFO|PCSSCTR-PORTAL_USER_20130728.csv Total de Logins: 23
28/07/2013 04:36:32|INFO|PCSRAP_USER_20130728.csv Total de Logins: 18
28/07/2013 04:36:32|INFO|PCSGEOWEB_USER_20130728.csv Total de Logins: 1
28/07/2013 04:36:32|INFO|PCSUCM_USER_20130728.csv Total de Logins: 9
28/07/2013 04:36:32|INFO|PCSGVAS_USER_20130728.csv Total de Logins: 8
28/07/2013 04:36:32|INFO|PCSKPI_USER_20130728.csv Total de Logins: 6
28/07/2013 04:36:32|INFO|PCSIPVS_USER_20130728.csv Total de Logins: 8
28/07/2013 04:36:32|INFO|PCSBDOH_USER_20130728.csv Total de Logins: 136
28/07/2013 04:36:32|INFO|PCSSALES_USER_20130728.csv Total de Logins: 34
28/07/2013 04:36:32|INFO|PCSDTH_USER_20130728.csv Total de Logins: 8
28/07/2013 04:36:32|INFO|PCSPDV_MGMT_USER_20130728.csv Total de Logins: 11
28/07/2013 04:36:32|INFO|PCSFELETRONICAPG_USER_20130728.csv Total de Logins: 10
28/07/2013 04:36:32|INFO|PCSGCPP_USER_20130728.csv Total de Logins: 9
28/07/2013 04:36:32|INFO|PCSGJMC_USER_20130728.csv Total de Logins: 8
28/07/2013 04:36:32|INFO|PCSBISEMANTICO_USER_20130728.csv Total de Logins: 1
28/07/2013 04:36:32|INFO|Finalizado
