25/05/2013 04:30:01|INFO|Iniciando
25/05/2013 04:36:18|INFO|PCSCLARIFY_USER_20130524.csv Total de Logins: 20370
25/05/2013 04:36:18|INFO|PCSPDVGN_USER_20130524.csv Total de Logins: 3101
25/05/2013 04:36:19|INFO|PCSPDV_LIVE_USER_20130524.csv Total de Logins: 10949
25/05/2013 04:36:19|INFO|PCSPDVGL_USER_20130524.csv Total de Logins: 1780
25/05/2013 04:36:19|INFO|PCSSIEBEL_USER_20130524.csv Total de Logins: 98
25/05/2013 04:36:19|INFO|PCSDSF_USER_20130524.csv Total de Logins: 24348
25/05/2013 04:36:19|INFO|PCSPROTOCOLOS_USER_20130524.csv Total de Logins: 2678
25/05/2013 04:36:19|INFO|PCSSGR_USER_20130524.csv Total de Logins: 16368
25/05/2013 04:36:19|INFO|PCSCBCF_USER_20130524.csv Total de Logins: 12237
25/05/2013 04:36:19|INFO|PCSICRC_USER_20130524.csv Total de Logins: 16348
25/05/2013 04:36:19|INFO|PCSASP_USER_20130524.csv Total de Logins: 18093
25/05/2013 04:36:19|INFO|PCSIUNICA_USER_20130524.csv Total de Logins: 8039
25/05/2013 04:36:19|INFO|PCSP2B_USER_20130524.csv Total de Logins: 4843
25/05/2013 04:36:19|INFO|PCSPLOGISTICA_USER_20130524.csv Total de Logins: 4627
25/05/2013 04:36:19|INFO|PCSSFA_USER_20130524.csv Total de Logins: 2289
25/05/2013 04:36:19|INFO|PCSVERO_USER_20130524.csv Total de Logins: 2101
25/05/2013 04:36:19|INFO|PCSTIMFILAS_USER_20130524.csv Total de Logins: 1679
25/05/2013 04:36:19|INFO|PCSFELETRONICA_USER_20130524.csv Total de Logins: 2889
25/05/2013 04:36:19|INFO|PCSVENDITA_USER_20130524.csv Total de Logins: 246
25/05/2013 04:36:19|INFO|PCSSCTR-PORTAL_USER_20130524.csv Total de Logins: 19
25/05/2013 04:36:19|INFO|PCSRAP_USER_20130524.csv Total de Logins: 19
25/05/2013 04:36:19|INFO|PCSUCM_USER_20130524.csv Total de Logins: 9
25/05/2013 04:36:19|INFO|PCSGVAS_USER_20130524.csv Total de Logins: 7
25/05/2013 04:36:19|INFO|PCSKPI_USER_20130524.csv Total de Logins: 7
25/05/2013 04:36:19|INFO|PCSIPVS_USER_20130524.csv Total de Logins: 4
25/05/2013 04:36:19|INFO|PCSBDOH_USER_20130524.csv Total de Logins: 141
25/05/2013 04:36:19|INFO|PCSSALES_USER_20130524.csv Total de Logins: 49
25/05/2013 04:36:19|INFO|PCSGCPP_USER_20130524.csv Total de Logins: 8
25/05/2013 04:36:19|INFO|PCSPDV_MGMT_USER_20130524.csv Total de Logins: 6
25/05/2013 04:36:19|INFO|PCSGJMC_USER_20130524.csv Total de Logins: 6
25/05/2013 04:36:19|INFO|PCSFELETRONICAPG_USER_20130524.csv Total de Logins: 4
25/05/2013 04:36:19|INFO|PCSDTH_USER_20130524.csv Total de Logins: 2
25/05/2013 04:36:19|INFO|PCS_TOKEN_20130524.csv Total de Logins: 20931
25/05/2013 04:36:19|INFO|PCSCLARIFY_USER_20130525.csv Total de Logins: 20350
25/05/2013 04:36:19|INFO|PCSPDVGN_USER_20130525.csv Total de Logins: 3101
25/05/2013 04:36:19|INFO|PCSPDV_LIVE_USER_20130525.csv Total de Logins: 10948
25/05/2013 04:36:19|INFO|PCSPDVGL_USER_20130525.csv Total de Logins: 1782
25/05/2013 04:36:19|INFO|PCSSIEBEL_USER_20130525.csv Total de Logins: 98
25/05/2013 04:36:19|INFO|PCSDSF_USER_20130525.csv Total de Logins: 24442
25/05/2013 04:36:19|INFO|PCSPROTOCOLOS_USER_20130525.csv Total de Logins: 2729
25/05/2013 04:36:19|INFO|PCSSGR_USER_20130525.csv Total de Logins: 16425
25/05/2013 04:36:19|INFO|PCSCBCF_USER_20130525.csv Total de Logins: 12313
25/05/2013 04:36:19|INFO|PCSICRC_USER_20130525.csv Total de Logins: 16370
25/05/2013 04:36:19|INFO|PCSASP_USER_20130525.csv Total de Logins: 18104
25/05/2013 04:36:19|INFO|PCSIUNICA_USER_20130525.csv Total de Logins: 8057
25/05/2013 04:36:19|INFO|PCSP2B_USER_20130525.csv Total de Logins: 4845
25/05/2013 04:36:19|INFO|PCSPLOGISTICA_USER_20130525.csv Total de Logins: 4615
25/05/2013 04:36:19|INFO|PCSSFA_USER_20130525.csv Total de Logins: 2292
25/05/2013 04:36:19|INFO|PCSVERO_USER_20130525.csv Total de Logins: 2101
25/05/2013 04:36:19|INFO|PCSTIMFILAS_USER_20130525.csv Total de Logins: 1676
25/05/2013 04:36:19|INFO|PCSFELETRONICA_USER_20130525.csv Total de Logins: 2942
25/05/2013 04:36:19|INFO|PCSVENDITA_USER_20130525.csv Total de Logins: 246
25/05/2013 04:36:19|INFO|PCSSCTR-PORTAL_USER_20130525.csv Total de Logins: 19
25/05/2013 04:36:19|INFO|PCSRAP_USER_20130525.csv Total de Logins: 19
25/05/2013 04:36:19|INFO|PCSUCM_USER_20130525.csv Total de Logins: 9
25/05/2013 04:36:19|INFO|PCSGVAS_USER_20130525.csv Total de Logins: 7
25/05/2013 04:36:19|INFO|PCSKPI_USER_20130525.csv Total de Logins: 7
25/05/2013 04:36:19|INFO|PCSIPVS_USER_20130525.csv Total de Logins: 4
25/05/2013 04:36:19|INFO|PCSBDOH_USER_20130525.csv Total de Logins: 140
25/05/2013 04:36:19|INFO|PCSSALES_USER_20130525.csv Total de Logins: 49
25/05/2013 04:36:19|INFO|PCSGCPP_USER_20130525.csv Total de Logins: 8
25/05/2013 04:36:19|INFO|PCSPDV_MGMT_USER_20130525.csv Total de Logins: 6
25/05/2013 04:36:19|INFO|PCSGJMC_USER_20130525.csv Total de Logins: 6
25/05/2013 04:36:19|INFO|PCSFELETRONICAPG_USER_20130525.csv Total de Logins: 4
25/05/2013 04:36:19|INFO|PCSDTH_USER_20130525.csv Total de Logins: 2
25/05/2013 04:36:19|INFO|Finalizado
