19/07/2013 04:30:01|INFO|Iniciando
19/07/2013 04:36:35|INFO|PCSCLARIFY_USER_20130719.csv Total de Logins: 19871
19/07/2013 04:36:35|INFO|PCSPDVGN_USER_20130719.csv Total de Logins: 3251
19/07/2013 04:36:35|INFO|PCSICRC_USER_20130719.csv Total de Logins: 15992
19/07/2013 04:36:35|INFO|PCSDSF_USER_20130719.csv Total de Logins: 24307
19/07/2013 04:36:35|INFO|PCSSFA_USER_20130719.csv Total de Logins: 3333
19/07/2013 04:36:35|INFO|PCSPDVGL_USER_20130719.csv Total de Logins: 1724
19/07/2013 04:36:35|INFO|PCSPDV_LIVE_USER_20130719.csv Total de Logins: 11749
19/07/2013 04:36:35|INFO|PCSPROTOCOLOS_USER_20130719.csv Total de Logins: 3184
19/07/2013 04:36:35|INFO|PCSSGR_USER_20130719.csv Total de Logins: 16139
19/07/2013 04:36:35|INFO|PCSCBCF_USER_20130719.csv Total de Logins: 12274
19/07/2013 04:36:35|INFO|PCSASP_USER_20130719.csv Total de Logins: 17392
19/07/2013 04:36:35|INFO|PCSIUNICA_USER_20130719.csv Total de Logins: 8046
19/07/2013 04:36:35|INFO|PCSSIEBEL_USER_20130719.csv Total de Logins: 2275
19/07/2013 04:36:35|INFO|PCSFELETRONICA_USER_20130719.csv Total de Logins: 5236
19/07/2013 04:36:35|INFO|PCSP2B_USER_20130719.csv Total de Logins: 6480
19/07/2013 04:36:35|INFO|PCSVERO_USER_20130719.csv Total de Logins: 3021
19/07/2013 04:36:35|INFO|PCSPLOGISTICA_USER_20130719.csv Total de Logins: 3120
19/07/2013 04:36:35|INFO|PCSTIMFILAS_USER_20130719.csv Total de Logins: 1721
19/07/2013 04:36:35|INFO|PCSGCOB_USER_20130719.csv Total de Logins: 14
19/07/2013 04:36:35|INFO|PCSVENDITA_USER_20130719.csv Total de Logins: 278
19/07/2013 04:36:35|INFO|PCSVCE_USER_20130719.csv Total de Logins: 81
19/07/2013 04:36:35|INFO|PCSSCTR-PORTAL_USER_20130719.csv Total de Logins: 22
19/07/2013 04:36:35|INFO|PCSRAP_USER_20130719.csv Total de Logins: 19
19/07/2013 04:36:35|INFO|PCSUCM_USER_20130719.csv Total de Logins: 9
19/07/2013 04:36:35|INFO|PCSGVAS_USER_20130719.csv Total de Logins: 9
19/07/2013 04:36:35|INFO|PCSKPI_USER_20130719.csv Total de Logins: 6
19/07/2013 04:36:35|INFO|PCSIPVS_USER_20130719.csv Total de Logins: 8
19/07/2013 04:36:35|INFO|PCSBDOH_USER_20130719.csv Total de Logins: 136
19/07/2013 04:36:35|INFO|PCSSALES_USER_20130719.csv Total de Logins: 35
19/07/2013 04:36:35|INFO|PCSDTH_USER_20130719.csv Total de Logins: 8
19/07/2013 04:36:35|INFO|PCSPDV_MGMT_USER_20130719.csv Total de Logins: 10
19/07/2013 04:36:35|INFO|PCSFELETRONICAPG_USER_20130719.csv Total de Logins: 11
19/07/2013 04:36:35|INFO|PCSGCPP_USER_20130719.csv Total de Logins: 9
19/07/2013 04:36:35|INFO|PCSGJMC_USER_20130719.csv Total de Logins: 8
19/07/2013 04:36:35|INFO|PCSBISEMANTICO_USER_20130719.csv Total de Logins: 1
19/07/2013 04:36:35|INFO|Finalizado
