12/12/2012 04:30:01|INFO|Iniciando
12/12/2012 04:35:36|INFO|PCSCLARIFY_USER_20121212.csv Total de Logins: 20829
12/12/2012 04:35:36|INFO|PCSPDVGN_USER_20121212.csv Total de Logins: 3396
12/12/2012 04:35:36|INFO|PCSPDV_LIVE_USER_20121212.csv Total de Logins: 12352
12/12/2012 04:35:36|INFO|PCSBDOH_USER_20121212.csv Total de Logins: 329
12/12/2012 04:35:36|INFO|PCSPDVGL_USER_20121212.csv Total de Logins: 2034
12/12/2012 04:35:36|INFO|PCSSIEBEL_USER_20121212.csv Total de Logins: 88
12/12/2012 04:35:36|INFO|PCSDSF_USER_20121212.csv Total de Logins: 25150
12/12/2012 04:35:36|INFO|PCSPROTOCOLOS_USER_20121212.csv Total de Logins: 3544
12/12/2012 04:35:36|INFO|PCSSGR_USER_20121212.csv Total de Logins: 16694
12/12/2012 04:35:36|INFO|PCSCBCF_USER_20121212.csv Total de Logins: 12451
12/12/2012 04:35:36|INFO|PCSIUNICA_USER_20121212.csv Total de Logins: 8302
12/12/2012 04:35:36|INFO|PCSFELETRONICA_USER_20121212.csv Total de Logins: 2604
12/12/2012 04:35:36|INFO|PCSICRC_USER_20121212.csv Total de Logins: 16733
12/12/2012 04:35:36|INFO|PCSPLOGISTICA_USER_20121212.csv Total de Logins: 3975
12/12/2012 04:35:36|INFO|PCSASP_USER_20121212.csv Total de Logins: 18356
12/12/2012 04:35:36|INFO|PCSSFA_USER_20121212.csv Total de Logins: 107
12/12/2012 04:35:36|INFO|PCSTIMFILAS_USER_20121212.csv Total de Logins: 1687
12/12/2012 04:35:36|INFO|PCSGVAS_USER_20121212.csv Total de Logins: 13
12/12/2012 04:35:36|INFO|PCSVERO_USER_20121212.csv Total de Logins: 201
12/12/2012 04:35:36|INFO|PCSSALES_USER_20121212.csv Total de Logins: 375
12/12/2012 04:35:36|INFO|PCSVENDITA_USER_20121212.csv Total de Logins: 231
12/12/2012 04:35:36|INFO|PCSSCTR-PORTAL_USER_20121212.csv Total de Logins: 19
12/12/2012 04:35:36|INFO|PCSRAP_USER_20121212.csv Total de Logins: 21
12/12/2012 04:35:36|INFO|PCSP2B_USER_20121212.csv Total de Logins: 26
12/12/2012 04:35:36|INFO|PCSUCM_USER_20121212.csv Total de Logins: 11
12/12/2012 04:35:36|INFO|PCSKPI_USER_20121212.csv Total de Logins: 8
12/12/2012 04:35:36|INFO|PCSIPVS_USER_20121212.csv Total de Logins: 5
12/12/2012 04:35:36|INFO|PCSGCPP_USER_20121212.csv Total de Logins: 6
12/12/2012 04:35:36|INFO|PCSPDV_MGMT_USER_20121212.csv Total de Logins: 6
12/12/2012 04:35:36|INFO|PCSGJMC_USER_20121212.csv Total de Logins: 8
12/12/2012 04:35:36|INFO|PCSFELETRONICAPG_USER_20121212.csv Total de Logins: 7
12/12/2012 04:35:36|INFO|PCSDTH_USER_20121212.csv Total de Logins: 2
12/12/2012 04:35:36|INFO|Finalizado
