24/11/2012 04:30:01|INFO|Iniciando
24/11/2012 04:35:28|INFO|PCSCLARIFY_USER_20121124.csv Total de Logins: 19993
24/11/2012 04:35:28|INFO|PCSPDVGN_USER_20121124.csv Total de Logins: 3358
24/11/2012 04:35:28|INFO|PCSPDV_LIVE_USER_20121124.csv Total de Logins: 11455
24/11/2012 04:35:28|INFO|PCSBDOH_USER_20121124.csv Total de Logins: 303
24/11/2012 04:35:28|INFO|PCSPDVGL_USER_20121124.csv Total de Logins: 2042
24/11/2012 04:35:28|INFO|PCSSIEBEL_USER_20121124.csv Total de Logins: 103
24/11/2012 04:35:28|INFO|PCSDSF_USER_20121124.csv Total de Logins: 24276
24/11/2012 04:35:28|INFO|PCSPROTOCOLOS_USER_20121124.csv Total de Logins: 3245
24/11/2012 04:35:28|INFO|PCSSGR_USER_20121124.csv Total de Logins: 15540
24/11/2012 04:35:28|INFO|PCSCBCF_USER_20121124.csv Total de Logins: 11884
24/11/2012 04:35:28|INFO|PCSIUNICA_USER_20121124.csv Total de Logins: 7797
24/11/2012 04:35:28|INFO|PCSFELETRONICA_USER_20121124.csv Total de Logins: 2621
24/11/2012 04:35:28|INFO|PCSICRC_USER_20121124.csv Total de Logins: 15726
24/11/2012 04:35:28|INFO|PCSPLOGISTICA_USER_20121124.csv Total de Logins: 3771
24/11/2012 04:35:28|INFO|PCSASP_USER_20121124.csv Total de Logins: 17555
24/11/2012 04:35:28|INFO|PCSTIMFILAS_USER_20121124.csv Total de Logins: 1584
24/11/2012 04:35:28|INFO|PCSGVAS_USER_20121124.csv Total de Logins: 13
24/11/2012 04:35:28|INFO|PCSVERO_USER_20121124.csv Total de Logins: 37
24/11/2012 04:35:28|INFO|PCSVENDITA_USER_20121124.csv Total de Logins: 196
24/11/2012 04:35:28|INFO|PCSRAP_USER_20121124.csv Total de Logins: 19
24/11/2012 04:35:28|INFO|PCSSCTR-PORTAL_USER_20121124.csv Total de Logins: 16
24/11/2012 04:35:28|INFO|PCSP2B_USER_20121124.csv Total de Logins: 25
24/11/2012 04:35:28|INFO|PCSSFA_USER_20121124.csv Total de Logins: 38
24/11/2012 04:35:28|INFO|PCSFELETRONICAPG_USER_20121124.csv Total de Logins: 9
24/11/2012 04:35:28|INFO|PCSGCPP_USER_20121124.csv Total de Logins: 8
24/11/2012 04:35:28|INFO|PCSUCM_USER_20121124.csv Total de Logins: 12
24/11/2012 04:35:28|INFO|PCSGJMC_USER_20121124.csv Total de Logins: 10
24/11/2012 04:35:28|INFO|PCSKPI_USER_20121124.csv Total de Logins: 8
24/11/2012 04:35:28|INFO|PCSIPVS_USER_20121124.csv Total de Logins: 7
24/11/2012 04:35:28|INFO|PCSPDV_MGMT_USER_20121124.csv Total de Logins: 7
24/11/2012 04:35:28|INFO|PCSDTH_USER_20121124.csv Total de Logins: 2
24/11/2012 04:35:28|INFO|Finalizado
