13/02/2013 04:30:01|INFO|Iniciando
13/02/2013 04:35:59|INFO|PCSCLARIFY_USER_20130213.csv Total de Logins: 21692
13/02/2013 04:35:59|INFO|PCSPDVGN_USER_20130213.csv Total de Logins: 3465
13/02/2013 04:35:59|INFO|PCSPDV_LIVE_USER_20130213.csv Total de Logins: 12703
13/02/2013 04:35:59|INFO|PCSSFA_USER_20130213.csv Total de Logins: 1771
13/02/2013 04:35:59|INFO|PCSPDVGL_USER_20130213.csv Total de Logins: 2062
13/02/2013 04:35:59|INFO|PCSSIEBEL_USER_20130213.csv Total de Logins: 29
13/02/2013 04:35:59|INFO|PCSDSF_USER_20130213.csv Total de Logins: 26265
13/02/2013 04:35:59|INFO|PCSPROTOCOLOS_USER_20130213.csv Total de Logins: 2639
13/02/2013 04:35:59|INFO|PCSSGR_USER_20130213.csv Total de Logins: 17107
13/02/2013 04:35:59|INFO|PCSCBCF_USER_20130213.csv Total de Logins: 12224
13/02/2013 04:35:59|INFO|PCSICRC_USER_20130213.csv Total de Logins: 18046
13/02/2013 04:35:59|INFO|PCSASP_USER_20130213.csv Total de Logins: 19650
13/02/2013 04:35:59|INFO|PCSIUNICA_USER_20130213.csv Total de Logins: 9347
13/02/2013 04:35:59|INFO|PCSPLOGISTICA_USER_20130213.csv Total de Logins: 5067
13/02/2013 04:35:59|INFO|PCSP2B_USER_20130213.csv Total de Logins: 1837
13/02/2013 04:35:59|INFO|PCSTIMFILAS_USER_20130213.csv Total de Logins: 1591
13/02/2013 04:35:59|INFO|PCSFELETRONICA_USER_20130213.csv Total de Logins: 4397
13/02/2013 04:35:59|INFO|PCSVERO_USER_20130213.csv Total de Logins: 1688
13/02/2013 04:35:59|INFO|PCSVENDITA_USER_20130213.csv Total de Logins: 241
13/02/2013 04:35:59|INFO|PCSRAP_USER_20130213.csv Total de Logins: 14
13/02/2013 04:35:59|INFO|PCSSCTR-PORTAL_USER_20130213.csv Total de Logins: 16
13/02/2013 04:35:59|INFO|PCSUCM_USER_20130213.csv Total de Logins: 10
13/02/2013 04:35:59|INFO|PCSGVAS_USER_20130213.csv Total de Logins: 9
13/02/2013 04:35:59|INFO|PCSKPI_USER_20130213.csv Total de Logins: 7
13/02/2013 04:35:59|INFO|PCSIPVS_USER_20130213.csv Total de Logins: 5
13/02/2013 04:35:59|INFO|PCSBDOH_USER_20130213.csv Total de Logins: 180
13/02/2013 04:35:59|INFO|PCSSALES_USER_20130213.csv Total de Logins: 84
13/02/2013 04:35:59|INFO|PCSGCPP_USER_20130213.csv Total de Logins: 6
13/02/2013 04:35:59|INFO|PCSPDV_MGMT_USER_20130213.csv Total de Logins: 8
13/02/2013 04:35:59|INFO|PCSGJMC_USER_20130213.csv Total de Logins: 7
13/02/2013 04:35:59|INFO|PCSFELETRONICAPG_USER_20130213.csv Total de Logins: 6
13/02/2013 04:35:59|INFO|PCSDTH_USER_20130213.csv Total de Logins: 2
13/02/2013 04:35:59|INFO|Finalizado
