15/05/2013 04:30:01|INFO|Iniciando
15/05/2013 04:36:14|INFO|PCSCLARIFY_USER_20130515.csv Total de Logins: 20625
15/05/2013 04:36:14|INFO|PCSPDVGN_USER_20130515.csv Total de Logins: 3092
15/05/2013 04:36:14|INFO|PCSPDV_LIVE_USER_20130515.csv Total de Logins: 10643
15/05/2013 04:36:14|INFO|PCSPDVGL_USER_20130515.csv Total de Logins: 1809
15/05/2013 04:36:14|INFO|PCSSIEBEL_USER_20130515.csv Total de Logins: 82
15/05/2013 04:36:14|INFO|PCSDSF_USER_20130515.csv Total de Logins: 24501
15/05/2013 04:36:14|INFO|PCSPROTOCOLOS_USER_20130515.csv Total de Logins: 2435
15/05/2013 04:36:14|INFO|PCSSGR_USER_20130515.csv Total de Logins: 16298
15/05/2013 04:36:14|INFO|PCSCBCF_USER_20130515.csv Total de Logins: 12014
15/05/2013 04:36:14|INFO|PCSICRC_USER_20130515.csv Total de Logins: 16585
15/05/2013 04:36:14|INFO|PCSASP_USER_20130515.csv Total de Logins: 18303
15/05/2013 04:36:14|INFO|PCSIUNICA_USER_20130515.csv Total de Logins: 8202
15/05/2013 04:36:14|INFO|PCSP2B_USER_20130515.csv Total de Logins: 4437
15/05/2013 04:36:14|INFO|PCSPLOGISTICA_USER_20130515.csv Total de Logins: 4749
15/05/2013 04:36:14|INFO|PCSSFA_USER_20130515.csv Total de Logins: 1913
15/05/2013 04:36:14|INFO|PCSVERO_USER_20130515.csv Total de Logins: 1729
15/05/2013 04:36:14|INFO|PCSTIMFILAS_USER_20130515.csv Total de Logins: 1669
15/05/2013 04:36:14|INFO|PCSFELETRONICA_USER_20130515.csv Total de Logins: 2852
15/05/2013 04:36:14|INFO|PCSVENDITA_USER_20130515.csv Total de Logins: 276
15/05/2013 04:36:14|INFO|PCSRAP_USER_20130515.csv Total de Logins: 22
15/05/2013 04:36:14|INFO|PCSSCTR-PORTAL_USER_20130515.csv Total de Logins: 19
15/05/2013 04:36:14|INFO|PCSUCM_USER_20130515.csv Total de Logins: 10
15/05/2013 04:36:14|INFO|PCSGVAS_USER_20130515.csv Total de Logins: 8
15/05/2013 04:36:14|INFO|PCSKPI_USER_20130515.csv Total de Logins: 7
15/05/2013 04:36:14|INFO|PCSIPVS_USER_20130515.csv Total de Logins: 4
15/05/2013 04:36:14|INFO|PCSBDOH_USER_20130515.csv Total de Logins: 146
15/05/2013 04:36:14|INFO|PCSSALES_USER_20130515.csv Total de Logins: 51
15/05/2013 04:36:14|INFO|PCSGCPP_USER_20130515.csv Total de Logins: 5
15/05/2013 04:36:14|INFO|PCSPDV_MGMT_USER_20130515.csv Total de Logins: 6
15/05/2013 04:36:14|INFO|PCSGJMC_USER_20130515.csv Total de Logins: 6
15/05/2013 04:36:14|INFO|PCSFELETRONICAPG_USER_20130515.csv Total de Logins: 5
15/05/2013 04:36:14|INFO|PCSDTH_USER_20130515.csv Total de Logins: 2
15/05/2013 04:36:14|INFO|Finalizado
