02/07/2013 04:30:01|INFO|Iniciando
02/07/2013 04:36:46|INFO|PCSCLARIFY_USER_20130702.csv Total de Logins: 20273
02/07/2013 04:36:46|INFO|PCSPDVGN_USER_20130702.csv Total de Logins: 3212
02/07/2013 04:36:46|INFO|PCSPDV_LIVE_USER_20130702.csv Total de Logins: 11450
02/07/2013 04:36:46|INFO|PCSSFA_USER_20130702.csv Total de Logins: 3344
02/07/2013 04:36:46|INFO|PCSPDVGL_USER_20130702.csv Total de Logins: 1746
02/07/2013 04:36:46|INFO|PCSDSF_USER_20130702.csv Total de Logins: 24505
02/07/2013 04:36:46|INFO|PCSPROTOCOLOS_USER_20130702.csv Total de Logins: 3314
02/07/2013 04:36:46|INFO|PCSSGR_USER_20130702.csv Total de Logins: 16518
02/07/2013 04:36:46|INFO|PCSCBCF_USER_20130702.csv Total de Logins: 12393
02/07/2013 04:36:46|INFO|PCSICRC_USER_20130702.csv Total de Logins: 16516
02/07/2013 04:36:46|INFO|PCSASP_USER_20130702.csv Total de Logins: 17846
02/07/2013 04:36:46|INFO|PCSIUNICA_USER_20130702.csv Total de Logins: 8026
02/07/2013 04:36:46|INFO|PCSP2B_USER_20130702.csv Total de Logins: 5939
02/07/2013 04:36:46|INFO|PCSSIEBEL_USER_20130702.csv Total de Logins: 642
02/07/2013 04:36:46|INFO|PCSPLOGISTICA_USER_20130702.csv Total de Logins: 3805
02/07/2013 04:36:46|INFO|PCSFELETRONICA_USER_20130702.csv Total de Logins: 2548
02/07/2013 04:36:46|INFO|PCSVERO_USER_20130702.csv Total de Logins: 3096
02/07/2013 04:36:46|INFO|PCSTIMFILAS_USER_20130702.csv Total de Logins: 1643
02/07/2013 04:36:46|INFO|PCSVENDITA_USER_20130702.csv Total de Logins: 246
02/07/2013 04:36:46|INFO|PCSVCE_USER_20130702.csv Total de Logins: 60
02/07/2013 04:36:46|INFO|PCSSCTR-PORTAL_USER_20130702.csv Total de Logins: 20
02/07/2013 04:36:46|INFO|PCSRAP_USER_20130702.csv Total de Logins: 22
02/07/2013 04:36:46|INFO|PCSGCPP_USER_20130702.csv Total de Logins: 15
02/07/2013 04:36:46|INFO|PCSUCM_USER_20130702.csv Total de Logins: 10
02/07/2013 04:36:46|INFO|PCSGVAS_USER_20130702.csv Total de Logins: 9
02/07/2013 04:36:46|INFO|PCSKPI_USER_20130702.csv Total de Logins: 6
02/07/2013 04:36:46|INFO|PCSIPVS_USER_20130702.csv Total de Logins: 8
02/07/2013 04:36:46|INFO|PCSBDOH_USER_20130702.csv Total de Logins: 133
02/07/2013 04:36:46|INFO|PCSSALES_USER_20130702.csv Total de Logins: 38
02/07/2013 04:36:46|INFO|PCSDTH_USER_20130702.csv Total de Logins: 8
02/07/2013 04:36:46|INFO|PCSPDV_MGMT_USER_20130702.csv Total de Logins: 9
02/07/2013 04:36:46|INFO|PCSGJMC_USER_20130702.csv Total de Logins: 8
02/07/2013 04:36:46|INFO|PCSFELETRONICAPG_USER_20130702.csv Total de Logins: 10
02/07/2013 04:36:46|INFO|PCSBISEMANTICO_USER_20130702.csv Total de Logins: 5
02/07/2013 04:36:46|INFO|Finalizado
