26/04/2013 04:30:01|INFO|Iniciando
26/04/2013 04:36:47|INFO|PCSCLARIFY_USER_20130426.csv Total de Logins: 21741
26/04/2013 04:36:47|INFO|PCSPDVGN_USER_20130426.csv Total de Logins: 3413
26/04/2013 04:36:47|INFO|PCSPDV_LIVE_USER_20130426.csv Total de Logins: 11641
26/04/2013 04:36:47|INFO|PCSPDVGL_USER_20130426.csv Total de Logins: 1974
26/04/2013 04:36:47|INFO|PCSSIEBEL_USER_20130426.csv Total de Logins: 74
26/04/2013 04:36:48|INFO|PCSDSF_USER_20130426.csv Total de Logins: 26136
26/04/2013 04:36:48|INFO|PCSPROTOCOLOS_USER_20130426.csv Total de Logins: 2763
26/04/2013 04:36:48|INFO|PCSSGR_USER_20130426.csv Total de Logins: 17379
26/04/2013 04:36:48|INFO|PCSCBCF_USER_20130426.csv Total de Logins: 13001
26/04/2013 04:36:48|INFO|PCSICRC_USER_20130426.csv Total de Logins: 17674
26/04/2013 04:36:48|INFO|PCSASP_USER_20130426.csv Total de Logins: 19319
26/04/2013 04:36:48|INFO|PCSIUNICA_USER_20130426.csv Total de Logins: 8831
26/04/2013 04:36:48|INFO|PCSPLOGISTICA_USER_20130426.csv Total de Logins: 4562
26/04/2013 04:36:48|INFO|PCSP2B_USER_20130426.csv Total de Logins: 4720
26/04/2013 04:36:48|INFO|PCSSFA_USER_20130426.csv Total de Logins: 1540
26/04/2013 04:36:48|INFO|PCSVERO_USER_20130426.csv Total de Logins: 1517
26/04/2013 04:36:48|INFO|PCSTIMFILAS_USER_20130426.csv Total de Logins: 1670
26/04/2013 04:36:48|INFO|PCSFELETRONICA_USER_20130426.csv Total de Logins: 3545
26/04/2013 04:36:48|INFO|PCSVENDITA_USER_20130426.csv Total de Logins: 290
26/04/2013 04:36:48|INFO|PCSRAP_USER_20130426.csv Total de Logins: 22
26/04/2013 04:36:48|INFO|PCSSCTR-PORTAL_USER_20130426.csv Total de Logins: 19
26/04/2013 04:36:48|INFO|PCSUCM_USER_20130426.csv Total de Logins: 10
26/04/2013 04:36:48|INFO|PCSGVAS_USER_20130426.csv Total de Logins: 8
26/04/2013 04:36:48|INFO|PCSKPI_USER_20130426.csv Total de Logins: 7
26/04/2013 04:36:48|INFO|PCSIPVS_USER_20130426.csv Total de Logins: 4
26/04/2013 04:36:48|INFO|PCSBDOH_USER_20130426.csv Total de Logins: 198
26/04/2013 04:36:48|INFO|PCSSALES_USER_20130426.csv Total de Logins: 56
26/04/2013 04:36:48|INFO|PCSGCPP_USER_20130426.csv Total de Logins: 5
26/04/2013 04:36:48|INFO|PCSPDV_MGMT_USER_20130426.csv Total de Logins: 7
26/04/2013 04:36:48|INFO|PCSGJMC_USER_20130426.csv Total de Logins: 6
26/04/2013 04:36:48|INFO|PCSFELETRONICAPG_USER_20130426.csv Total de Logins: 5
26/04/2013 04:36:48|INFO|PCSDTH_USER_20130426.csv Total de Logins: 2
26/04/2013 04:36:48|INFO|Finalizado
