16/11/2012 04:30:01|INFO|Iniciando
16/11/2012 04:35:12|INFO|PCSCLARIFY_USER_20121116.csv Total de Logins: 19641
16/11/2012 04:35:12|INFO|PCSPDVGN_USER_20121116.csv Total de Logins: 3347
16/11/2012 04:35:12|INFO|PCSPDV_LIVE_USER_20121116.csv Total de Logins: 10424
16/11/2012 04:35:12|INFO|PCSBDOH_USER_20121116.csv Total de Logins: 297
16/11/2012 04:35:12|INFO|PCSPDVGL_USER_20121116.csv Total de Logins: 2003
16/11/2012 04:35:12|INFO|PCSSIEBEL_USER_20121116.csv Total de Logins: 120
16/11/2012 04:35:12|INFO|PCSDSF_USER_20121116.csv Total de Logins: 24017
16/11/2012 04:35:12|INFO|PCSPROTOCOLOS_USER_20121116.csv Total de Logins: 2947
16/11/2012 04:35:12|INFO|PCSSGR_USER_20121116.csv Total de Logins: 15230
16/11/2012 04:35:12|INFO|PCSCBCF_USER_20121116.csv Total de Logins: 11776
16/11/2012 04:35:12|INFO|PCSASP_USER_20121116.csv Total de Logins: 17202
16/11/2012 04:35:12|INFO|PCSIUNICA_USER_20121116.csv Total de Logins: 7686
16/11/2012 04:35:12|INFO|PCSICRC_USER_20121116.csv Total de Logins: 15584
16/11/2012 04:35:12|INFO|PCSPLOGISTICA_USER_20121116.csv Total de Logins: 4177
16/11/2012 04:35:12|INFO|PCSTIMFILAS_USER_20121116.csv Total de Logins: 1502
16/11/2012 04:35:12|INFO|PCSFELETRONICA_USER_20121116.csv Total de Logins: 2653
16/11/2012 04:35:12|INFO|PCSGVAS_USER_20121116.csv Total de Logins: 13
16/11/2012 04:35:12|INFO|PCSVERO_USER_20121116.csv Total de Logins: 38
16/11/2012 04:35:12|INFO|PCSVENDITA_USER_20121116.csv Total de Logins: 199
16/11/2012 04:35:12|INFO|PCSRAP_USER_20121116.csv Total de Logins: 21
16/11/2012 04:35:12|INFO|PCSSCTR-PORTAL_USER_20121116.csv Total de Logins: 18
16/11/2012 04:35:12|INFO|PCSSFA_USER_20121116.csv Total de Logins: 39
16/11/2012 04:35:12|INFO|PCSFELETRONICAPG_USER_20121116.csv Total de Logins: 10
16/11/2012 04:35:12|INFO|PCSGCPP_USER_20121116.csv Total de Logins: 9
16/11/2012 04:35:12|INFO|PCSUCM_USER_20121116.csv Total de Logins: 15
16/11/2012 04:35:12|INFO|PCSGJMC_USER_20121116.csv Total de Logins: 12
16/11/2012 04:35:12|INFO|PCSKPI_USER_20121116.csv Total de Logins: 8
16/11/2012 04:35:12|INFO|PCSIPVS_USER_20121116.csv Total de Logins: 8
16/11/2012 04:35:12|INFO|PCSPDV_MGMT_USER_20121116.csv Total de Logins: 7
16/11/2012 04:35:12|INFO|PCSP2B_USER_20121116.csv Total de Logins: 3
16/11/2012 04:35:12|INFO|PCSDTH_USER_20121116.csv Total de Logins: 2
16/11/2012 04:35:12|INFO|Finalizado
