23/03/2013 04:30:01|INFO|Iniciando
23/03/2013 04:36:22|INFO|PCSCLARIFY_USER_20130323.csv Total de Logins: 21611
23/03/2013 04:36:22|INFO|PCSPDVGN_USER_20130323.csv Total de Logins: 3446
23/03/2013 04:36:22|INFO|PCSPDV_LIVE_USER_20130323.csv Total de Logins: 12411
23/03/2013 04:36:22|INFO|PCSPDVGL_USER_20130323.csv Total de Logins: 2044
23/03/2013 04:36:22|INFO|PCSSIEBEL_USER_20130323.csv Total de Logins: 31
23/03/2013 04:36:22|INFO|PCSASP_USER_20130323.csv Total de Logins: 19209
23/03/2013 04:36:22|INFO|PCSDSF_USER_20130323.csv Total de Logins: 25757
23/03/2013 04:36:22|INFO|PCSICRC_USER_20130323.csv Total de Logins: 17708
23/03/2013 04:36:22|INFO|PCSPROTOCOLOS_USER_20130323.csv Total de Logins: 2707
23/03/2013 04:36:22|INFO|PCSSGR_USER_20130323.csv Total de Logins: 17632
23/03/2013 04:36:22|INFO|PCSCBCF_USER_20130323.csv Total de Logins: 13126
23/03/2013 04:36:22|INFO|PCSIUNICA_USER_20130323.csv Total de Logins: 9111
23/03/2013 04:36:22|INFO|PCSPLOGISTICA_USER_20130323.csv Total de Logins: 6103
23/03/2013 04:36:22|INFO|PCSP2B_USER_20130323.csv Total de Logins: 3713
23/03/2013 04:36:22|INFO|PCSTIMFILAS_USER_20130323.csv Total de Logins: 1640
23/03/2013 04:36:22|INFO|PCSFELETRONICA_USER_20130323.csv Total de Logins: 4119
23/03/2013 04:36:22|INFO|PCSSFA_USER_20130323.csv Total de Logins: 1205
23/03/2013 04:36:22|INFO|PCSVERO_USER_20130323.csv Total de Logins: 1286
23/03/2013 04:36:22|INFO|PCSVENDITA_USER_20130323.csv Total de Logins: 243
23/03/2013 04:36:22|INFO|PCSRAP_USER_20130323.csv Total de Logins: 15
23/03/2013 04:36:22|INFO|PCSSCTR-PORTAL_USER_20130323.csv Total de Logins: 18
23/03/2013 04:36:22|INFO|PCSUCM_USER_20130323.csv Total de Logins: 11
23/03/2013 04:36:22|INFO|PCSGVAS_USER_20130323.csv Total de Logins: 9
23/03/2013 04:36:22|INFO|PCSKPI_USER_20130323.csv Total de Logins: 8
23/03/2013 04:36:22|INFO|PCSIPVS_USER_20130323.csv Total de Logins: 4
23/03/2013 04:36:22|INFO|PCSBDOH_USER_20130323.csv Total de Logins: 232
23/03/2013 04:36:22|INFO|PCSSALES_USER_20130323.csv Total de Logins: 64
23/03/2013 04:36:22|INFO|PCSGCPP_USER_20130323.csv Total de Logins: 4
23/03/2013 04:36:22|INFO|PCSPDV_MGMT_USER_20130323.csv Total de Logins: 7
23/03/2013 04:36:22|INFO|PCSGJMC_USER_20130323.csv Total de Logins: 6
23/03/2013 04:36:22|INFO|PCSFELETRONICAPG_USER_20130323.csv Total de Logins: 6
23/03/2013 04:36:22|INFO|PCSDTH_USER_20130323.csv Total de Logins: 2
23/03/2013 04:36:22|INFO|Finalizado
