25/12/2012 04:30:01|INFO|Iniciando
25/12/2012 04:35:35|INFO|PCSCLARIFY_USER_20121225.csv Total de Logins: 20747
25/12/2012 04:35:35|INFO|PCSPDVGN_USER_20121225.csv Total de Logins: 3405
25/12/2012 04:35:35|INFO|PCSPDV_LIVE_USER_20121225.csv Total de Logins: 12436
25/12/2012 04:35:35|INFO|PCSBDOH_USER_20121225.csv Total de Logins: 335
25/12/2012 04:35:35|INFO|PCSPDVGL_USER_20121225.csv Total de Logins: 2027
25/12/2012 04:35:35|INFO|PCSSIEBEL_USER_20121225.csv Total de Logins: 68
25/12/2012 04:35:35|INFO|PCSDSF_USER_20121225.csv Total de Logins: 25221
25/12/2012 04:35:35|INFO|PCSSGR_USER_20121225.csv Total de Logins: 16500
25/12/2012 04:35:35|INFO|PCSCBCF_USER_20121225.csv Total de Logins: 12356
25/12/2012 04:35:35|INFO|PCSPROTOCOLOS_USER_20121225.csv Total de Logins: 3498
25/12/2012 04:35:35|INFO|PCSIUNICA_USER_20121225.csv Total de Logins: 8101
25/12/2012 04:35:35|INFO|PCSFELETRONICA_USER_20121225.csv Total de Logins: 2448
25/12/2012 04:35:35|INFO|PCSICRC_USER_20121225.csv Total de Logins: 16596
25/12/2012 04:35:35|INFO|PCSPLOGISTICA_USER_20121225.csv Total de Logins: 3563
25/12/2012 04:35:35|INFO|PCSASP_USER_20121225.csv Total de Logins: 17946
25/12/2012 04:35:35|INFO|PCSSFA_USER_20121225.csv Total de Logins: 110
25/12/2012 04:35:35|INFO|PCSTIMFILAS_USER_20121225.csv Total de Logins: 1668
25/12/2012 04:35:35|INFO|PCSGVAS_USER_20121225.csv Total de Logins: 11
25/12/2012 04:35:35|INFO|PCSVERO_USER_20121225.csv Total de Logins: 202
25/12/2012 04:35:35|INFO|PCSSALES_USER_20121225.csv Total de Logins: 341
25/12/2012 04:35:35|INFO|PCSVENDITA_USER_20121225.csv Total de Logins: 272
25/12/2012 04:35:35|INFO|PCSSCTR-PORTAL_USER_20121225.csv Total de Logins: 19
25/12/2012 04:35:35|INFO|PCSRAP_USER_20121225.csv Total de Logins: 18
25/12/2012 04:35:35|INFO|PCSP2B_USER_20121225.csv Total de Logins: 26
25/12/2012 04:35:35|INFO|PCSUCM_USER_20121225.csv Total de Logins: 14
25/12/2012 04:35:35|INFO|PCSKPI_USER_20121225.csv Total de Logins: 8
25/12/2012 04:35:35|INFO|PCSIPVS_USER_20121225.csv Total de Logins: 5
25/12/2012 04:35:35|INFO|PCSGCPP_USER_20121225.csv Total de Logins: 6
25/12/2012 04:35:35|INFO|PCSPDV_MGMT_USER_20121225.csv Total de Logins: 6
25/12/2012 04:35:35|INFO|PCSGJMC_USER_20121225.csv Total de Logins: 8
25/12/2012 04:35:35|INFO|PCSFELETRONICAPG_USER_20121225.csv Total de Logins: 7
25/12/2012 04:35:35|INFO|PCSDTH_USER_20121225.csv Total de Logins: 2
25/12/2012 04:35:35|INFO|Finalizado
