18/04/2013 04:30:01|INFO|Iniciando
18/04/2013 04:36:41|INFO|PCSCLARIFY_USER_20130418.csv Total de Logins: 21656
18/04/2013 04:36:41|INFO|PCSPDVGN_USER_20130418.csv Total de Logins: 3418
18/04/2013 04:36:41|INFO|PCSPDV_LIVE_USER_20130418.csv Total de Logins: 11656
18/04/2013 04:36:41|INFO|PCSPDVGL_USER_20130418.csv Total de Logins: 1990
18/04/2013 04:36:41|INFO|PCSSIEBEL_USER_20130418.csv Total de Logins: 71
18/04/2013 04:36:41|INFO|PCSDSF_USER_20130418.csv Total de Logins: 25983
18/04/2013 04:36:41|INFO|PCSPROTOCOLOS_USER_20130418.csv Total de Logins: 2701
18/04/2013 04:36:41|INFO|PCSSGR_USER_20130418.csv Total de Logins: 17407
18/04/2013 04:36:41|INFO|PCSCBCF_USER_20130418.csv Total de Logins: 12911
18/04/2013 04:36:41|INFO|PCSICRC_USER_20130418.csv Total de Logins: 17592
18/04/2013 04:36:41|INFO|PCSASP_USER_20130418.csv Total de Logins: 19186
18/04/2013 04:36:41|INFO|PCSIUNICA_USER_20130418.csv Total de Logins: 8847
18/04/2013 04:36:41|INFO|PCSPLOGISTICA_USER_20130418.csv Total de Logins: 4753
18/04/2013 04:36:41|INFO|PCSP2B_USER_20130418.csv Total de Logins: 4672
18/04/2013 04:36:41|INFO|PCSSFA_USER_20130418.csv Total de Logins: 1452
18/04/2013 04:36:41|INFO|PCSVERO_USER_20130418.csv Total de Logins: 1484
18/04/2013 04:36:41|INFO|PCSTIMFILAS_USER_20130418.csv Total de Logins: 1640
18/04/2013 04:36:41|INFO|PCSFELETRONICA_USER_20130418.csv Total de Logins: 3460
18/04/2013 04:36:41|INFO|PCSVENDITA_USER_20130418.csv Total de Logins: 271
18/04/2013 04:36:41|INFO|PCSRAP_USER_20130418.csv Total de Logins: 22
18/04/2013 04:36:41|INFO|PCSSCTR-PORTAL_USER_20130418.csv Total de Logins: 19
18/04/2013 04:36:41|INFO|PCSUCM_USER_20130418.csv Total de Logins: 10
18/04/2013 04:36:41|INFO|PCSGVAS_USER_20130418.csv Total de Logins: 8
18/04/2013 04:36:41|INFO|PCSKPI_USER_20130418.csv Total de Logins: 8
18/04/2013 04:36:41|INFO|PCSIPVS_USER_20130418.csv Total de Logins: 4
18/04/2013 04:36:41|INFO|PCSBDOH_USER_20130418.csv Total de Logins: 219
18/04/2013 04:36:41|INFO|PCSSALES_USER_20130418.csv Total de Logins: 65
18/04/2013 04:36:41|INFO|PCSGCPP_USER_20130418.csv Total de Logins: 4
18/04/2013 04:36:41|INFO|PCSPDV_MGMT_USER_20130418.csv Total de Logins: 7
18/04/2013 04:36:41|INFO|PCSGJMC_USER_20130418.csv Total de Logins: 6
18/04/2013 04:36:41|INFO|PCSFELETRONICAPG_USER_20130418.csv Total de Logins: 6
18/04/2013 04:36:41|INFO|PCSDTH_USER_20130418.csv Total de Logins: 2
18/04/2013 04:36:41|INFO|Finalizado
