19/10/2012 04:30:01|INFO|Iniciando
19/10/2012 04:35:16|INFO|PCSCLARIFY_USER_20121019.csv Total de Logins: 19958
19/10/2012 04:35:16|INFO|PCSPDVGN_USER_20121019.csv Total de Logins: 3448
19/10/2012 04:35:16|INFO|PCSPDV_LIVE_USER_20121019.csv Total de Logins: 10032
19/10/2012 04:35:16|INFO|PCSPDVGL_USER_20121019.csv Total de Logins: 2144
19/10/2012 04:35:16|INFO|PCSSIEBEL_USER_20121019.csv Total de Logins: 504
19/10/2012 04:35:16|INFO|PCSDSF_USER_20121019.csv Total de Logins: 24253
19/10/2012 04:35:16|INFO|PCSSGR_USER_20121019.csv Total de Logins: 14716
19/10/2012 04:35:16|INFO|PCSCBCF_USER_20121019.csv Total de Logins: 10899
19/10/2012 04:35:16|INFO|PCSPROTOCOLOS_USER_20121019.csv Total de Logins: 2332
19/10/2012 04:35:16|INFO|PCSASP_USER_20121019.csv Total de Logins: 17558
19/10/2012 04:35:16|INFO|PCSIUNICA_USER_20121019.csv Total de Logins: 7699
19/10/2012 04:35:16|INFO|PCSICRC_USER_20121019.csv Total de Logins: 15960
19/10/2012 04:35:16|INFO|PCSPLOGISTICA_USER_20121019.csv Total de Logins: 4211
19/10/2012 04:35:16|INFO|PCSTIMFILAS_USER_20121019.csv Total de Logins: 1376
19/10/2012 04:35:16|INFO|PCSFELETRONICA_USER_20121019.csv Total de Logins: 2394
19/10/2012 04:35:16|INFO|PCSGVAS_USER_20121019.csv Total de Logins: 15
19/10/2012 04:35:16|INFO|PCSDTH_USER_20121019.csv Total de Logins: 6
19/10/2012 04:35:16|INFO|PCSVENDITA_USER_20121019.csv Total de Logins: 232
19/10/2012 04:35:16|INFO|PCSRAP_USER_20121019.csv Total de Logins: 36
19/10/2012 04:35:16|INFO|PCSSCTR-PORTAL_USER_20121019.csv Total de Logins: 19
19/10/2012 04:35:16|INFO|PCSVERO_USER_20121019.csv Total de Logins: 19
19/10/2012 04:35:16|INFO|PCSSFA_USER_20121019.csv Total de Logins: 17
19/10/2012 04:35:16|INFO|PCSFELETRONICAPG_USER_20121019.csv Total de Logins: 11
19/10/2012 04:35:16|INFO|PCSGCPP_USER_20121019.csv Total de Logins: 9
19/10/2012 04:35:16|INFO|PCSUCM_USER_20121019.csv Total de Logins: 40
19/10/2012 04:35:16|INFO|PCSGJMC_USER_20121019.csv Total de Logins: 12
19/10/2012 04:35:17|INFO|PCSKPI_USER_20121019.csv Total de Logins: 7
19/10/2012 04:35:17|INFO|PCSIPVS_USER_20121019.csv Total de Logins: 8
19/10/2012 04:35:17|INFO|PCSPDV_MGMT_USER_20121019.csv Total de Logins: 7
19/10/2012 04:35:17|INFO|PCSP2B_USER_20121019.csv Total de Logins: 1
19/10/2012 04:35:17|INFO|PCSBISEMANTICO_USER_20121019.csv Total de Logins: 2
19/10/2012 04:35:17|INFO|Finalizado
