02/04/2013 04:30:02|INFO|Iniciando
02/04/2013 04:36:20|INFO|PCSCLARIFY_USER_20130402.csv Total de Logins: 21356
02/04/2013 04:36:20|INFO|PCSPDVGN_USER_20130402.csv Total de Logins: 3439
02/04/2013 04:36:20|INFO|PCSPDV_LIVE_USER_20130402.csv Total de Logins: 11997
02/04/2013 04:36:20|INFO|PCSPDVGL_USER_20130402.csv Total de Logins: 2011
02/04/2013 04:36:20|INFO|PCSSIEBEL_USER_20130402.csv Total de Logins: 69
02/04/2013 04:36:20|INFO|PCSASP_USER_20130402.csv Total de Logins: 18885
02/04/2013 04:36:20|INFO|PCSDSF_USER_20130402.csv Total de Logins: 25565
02/04/2013 04:36:20|INFO|PCSICRC_USER_20130402.csv Total de Logins: 17229
02/04/2013 04:36:20|INFO|PCSPROTOCOLOS_USER_20130402.csv Total de Logins: 2627
02/04/2013 04:36:20|INFO|PCSSGR_USER_20130402.csv Total de Logins: 17284
02/04/2013 04:36:20|INFO|PCSCBCF_USER_20130402.csv Total de Logins: 12986
02/04/2013 04:36:20|INFO|PCSIUNICA_USER_20130402.csv Total de Logins: 8792
02/04/2013 04:36:20|INFO|PCSPLOGISTICA_USER_20130402.csv Total de Logins: 5328
02/04/2013 04:36:20|INFO|PCSP2B_USER_20130402.csv Total de Logins: 4633
02/04/2013 04:36:20|INFO|PCSTIMFILAS_USER_20130402.csv Total de Logins: 1681
02/04/2013 04:36:20|INFO|PCSFELETRONICA_USER_20130402.csv Total de Logins: 3321
02/04/2013 04:36:20|INFO|PCSSFA_USER_20130402.csv Total de Logins: 1422
02/04/2013 04:36:20|INFO|PCSVERO_USER_20130402.csv Total de Logins: 1496
02/04/2013 04:36:20|INFO|PCSVENDITA_USER_20130402.csv Total de Logins: 227
02/04/2013 04:36:20|INFO|PCSRAP_USER_20130402.csv Total de Logins: 20
02/04/2013 04:36:20|INFO|PCSSCTR-PORTAL_USER_20130402.csv Total de Logins: 18
02/04/2013 04:36:20|INFO|PCSUCM_USER_20130402.csv Total de Logins: 10
02/04/2013 04:36:20|INFO|PCSGVAS_USER_20130402.csv Total de Logins: 8
02/04/2013 04:36:20|INFO|PCSKPI_USER_20130402.csv Total de Logins: 8
02/04/2013 04:36:20|INFO|PCSIPVS_USER_20130402.csv Total de Logins: 4
02/04/2013 04:36:20|INFO|PCSBDOH_USER_20130402.csv Total de Logins: 227
02/04/2013 04:36:20|INFO|PCSSALES_USER_20130402.csv Total de Logins: 66
02/04/2013 04:36:20|INFO|PCSGCPP_USER_20130402.csv Total de Logins: 4
02/04/2013 04:36:20|INFO|PCSPDV_MGMT_USER_20130402.csv Total de Logins: 7
02/04/2013 04:36:20|INFO|PCSGJMC_USER_20130402.csv Total de Logins: 6
02/04/2013 04:36:20|INFO|PCSFELETRONICAPG_USER_20130402.csv Total de Logins: 6
02/04/2013 04:36:20|INFO|PCSDTH_USER_20130402.csv Total de Logins: 2
02/04/2013 04:36:20|INFO|Finalizado
