01/01/2013 04:30:01|INFO|Iniciando
01/01/2013 04:35:33|INFO|PCSCLARIFY_USER_20130101.csv Total de Logins: 20705
01/01/2013 04:35:33|INFO|PCSPDVGN_USER_20130101.csv Total de Logins: 3394
01/01/2013 04:35:34|INFO|PCSPDV_LIVE_USER_20130101.csv Total de Logins: 12312
01/01/2013 04:35:34|INFO|PCSPDVGL_USER_20130101.csv Total de Logins: 2024
01/01/2013 04:35:34|INFO|PCSSIEBEL_USER_20130101.csv Total de Logins: 57
01/01/2013 04:35:34|INFO|PCSDSF_USER_20130101.csv Total de Logins: 25108
01/01/2013 04:35:34|INFO|PCSSGR_USER_20130101.csv Total de Logins: 16331
01/01/2013 04:35:34|INFO|PCSCBCF_USER_20130101.csv Total de Logins: 12355
01/01/2013 04:35:34|INFO|PCSPROTOCOLOS_USER_20130101.csv Total de Logins: 3409
01/01/2013 04:35:34|INFO|PCSICRC_USER_20130101.csv Total de Logins: 16534
01/01/2013 04:35:34|INFO|PCSASP_USER_20130101.csv Total de Logins: 17975
01/01/2013 04:35:34|INFO|PCSIUNICA_USER_20130101.csv Total de Logins: 8066
01/01/2013 04:35:34|INFO|PCSSFA_USER_20130101.csv Total de Logins: 163
01/01/2013 04:35:34|INFO|PCSPLOGISTICA_USER_20130101.csv Total de Logins: 3312
01/01/2013 04:35:34|INFO|PCSTIMFILAS_USER_20130101.csv Total de Logins: 1698
01/01/2013 04:35:34|INFO|PCSGVAS_USER_20130101.csv Total de Logins: 11
01/01/2013 04:35:34|INFO|PCSVERO_USER_20130101.csv Total de Logins: 196
01/01/2013 04:35:34|INFO|PCSSALES_USER_20130101.csv Total de Logins: 340
01/01/2013 04:35:34|INFO|PCSVENDITA_USER_20130101.csv Total de Logins: 272
01/01/2013 04:35:34|INFO|PCSSCTR-PORTAL_USER_20130101.csv Total de Logins: 19
01/01/2013 04:35:34|INFO|PCSRAP_USER_20130101.csv Total de Logins: 18
01/01/2013 04:35:34|INFO|PCSP2B_USER_20130101.csv Total de Logins: 26
01/01/2013 04:35:34|INFO|PCSFELETRONICA_USER_20130101.csv Total de Logins: 2225
01/01/2013 04:35:34|INFO|PCSBDOH_USER_20130101.csv Total de Logins: 227
01/01/2013 04:35:34|INFO|PCSUCM_USER_20130101.csv Total de Logins: 14
01/01/2013 04:35:34|INFO|PCSKPI_USER_20130101.csv Total de Logins: 8
01/01/2013 04:35:34|INFO|PCSIPVS_USER_20130101.csv Total de Logins: 5
01/01/2013 04:35:34|INFO|PCSGCPP_USER_20130101.csv Total de Logins: 6
01/01/2013 04:35:34|INFO|PCSPDV_MGMT_USER_20130101.csv Total de Logins: 5
01/01/2013 04:35:34|INFO|PCSGJMC_USER_20130101.csv Total de Logins: 8
01/01/2013 04:35:34|INFO|PCSFELETRONICAPG_USER_20130101.csv Total de Logins: 7
01/01/2013 04:35:34|INFO|PCSDTH_USER_20130101.csv Total de Logins: 2
01/01/2013 04:35:34|INFO|Finalizado
