16/06/2013 04:30:01|INFO|Iniciando
16/06/2013 04:36:24|INFO|PCSCLARIFY_USER_20130616.csv Total de Logins: 20411
16/06/2013 04:36:24|INFO|PCSPDVGN_USER_20130616.csv Total de Logins: 3230
16/06/2013 04:36:24|INFO|PCSPDV_LIVE_USER_20130616.csv Total de Logins: 11474
16/06/2013 04:36:24|INFO|PCSSFA_USER_20130616.csv Total de Logins: 3325
16/06/2013 04:36:24|INFO|PCSPDVGL_USER_20130616.csv Total de Logins: 1783
16/06/2013 04:36:24|INFO|PCSDSF_USER_20130616.csv Total de Logins: 24853
16/06/2013 04:36:24|INFO|PCSPROTOCOLOS_USER_20130616.csv Total de Logins: 3262
16/06/2013 04:36:24|INFO|PCSSGR_USER_20130616.csv Total de Logins: 16800
16/06/2013 04:36:24|INFO|PCSCBCF_USER_20130616.csv Total de Logins: 12567
16/06/2013 04:36:24|INFO|PCSICRC_USER_20130616.csv Total de Logins: 16810
16/06/2013 04:36:24|INFO|PCSASP_USER_20130616.csv Total de Logins: 18175
16/06/2013 04:36:24|INFO|PCSIUNICA_USER_20130616.csv Total de Logins: 8125
16/06/2013 04:36:24|INFO|PCSP2B_USER_20130616.csv Total de Logins: 5960
16/06/2013 04:36:24|INFO|PCSSIEBEL_USER_20130616.csv Total de Logins: 142
16/06/2013 04:36:24|INFO|PCSPLOGISTICA_USER_20130616.csv Total de Logins: 4466
16/06/2013 04:36:24|INFO|PCSFELETRONICA_USER_20130616.csv Total de Logins: 2789
16/06/2013 04:36:24|INFO|PCSVERO_USER_20130616.csv Total de Logins: 3058
16/06/2013 04:36:24|INFO|PCSTIMFILAS_USER_20130616.csv Total de Logins: 1646
16/06/2013 04:36:24|INFO|PCSVENDITA_USER_20130616.csv Total de Logins: 265
16/06/2013 04:36:24|INFO|PCSSCTR-PORTAL_USER_20130616.csv Total de Logins: 22
16/06/2013 04:36:24|INFO|PCSRAP_USER_20130616.csv Total de Logins: 24
16/06/2013 04:36:24|INFO|PCSGCPP_USER_20130616.csv Total de Logins: 17
16/06/2013 04:36:24|INFO|PCSUCM_USER_20130616.csv Total de Logins: 12
16/06/2013 04:36:24|INFO|PCSGVAS_USER_20130616.csv Total de Logins: 10
16/06/2013 04:36:24|INFO|PCSKPI_USER_20130616.csv Total de Logins: 7
16/06/2013 04:36:24|INFO|PCSIPVS_USER_20130616.csv Total de Logins: 9
16/06/2013 04:36:24|INFO|PCSBDOH_USER_20130616.csv Total de Logins: 130
16/06/2013 04:36:24|INFO|PCSSALES_USER_20130616.csv Total de Logins: 43
16/06/2013 04:36:24|INFO|PCSPDV_MGMT_USER_20130616.csv Total de Logins: 10
16/06/2013 04:36:24|INFO|PCSGJMC_USER_20130616.csv Total de Logins: 9
16/06/2013 04:36:24|INFO|PCSFELETRONICAPG_USER_20130616.csv Total de Logins: 11
16/06/2013 04:36:24|INFO|PCSBISEMANTICO_USER_20130616.csv Total de Logins: 6
16/06/2013 04:36:24|INFO|PCSDTH_USER_20130616.csv Total de Logins: 2
16/06/2013 04:36:24|INFO|Finalizado
