11/12/2012 04:30:01|INFO|Iniciando
11/12/2012 04:35:34|INFO|PCSCLARIFY_USER_20121211.csv Total de Logins: 20919
11/12/2012 04:35:34|INFO|PCSPDVGN_USER_20121211.csv Total de Logins: 3394
11/12/2012 04:35:34|INFO|PCSPDV_LIVE_USER_20121211.csv Total de Logins: 12271
11/12/2012 04:35:34|INFO|PCSBDOH_USER_20121211.csv Total de Logins: 330
11/12/2012 04:35:34|INFO|PCSPDVGL_USER_20121211.csv Total de Logins: 2045
11/12/2012 04:35:34|INFO|PCSSIEBEL_USER_20121211.csv Total de Logins: 91
11/12/2012 04:35:34|INFO|PCSDSF_USER_20121211.csv Total de Logins: 25166
11/12/2012 04:35:34|INFO|PCSPROTOCOLOS_USER_20121211.csv Total de Logins: 3509
11/12/2012 04:35:34|INFO|PCSSGR_USER_20121211.csv Total de Logins: 16623
11/12/2012 04:35:34|INFO|PCSCBCF_USER_20121211.csv Total de Logins: 12527
11/12/2012 04:35:34|INFO|PCSIUNICA_USER_20121211.csv Total de Logins: 8279
11/12/2012 04:35:34|INFO|PCSFELETRONICA_USER_20121211.csv Total de Logins: 2522
11/12/2012 04:35:34|INFO|PCSICRC_USER_20121211.csv Total de Logins: 16739
11/12/2012 04:35:34|INFO|PCSPLOGISTICA_USER_20121211.csv Total de Logins: 3904
11/12/2012 04:35:34|INFO|PCSASP_USER_20121211.csv Total de Logins: 18437
11/12/2012 04:35:34|INFO|PCSSFA_USER_20121211.csv Total de Logins: 106
11/12/2012 04:35:34|INFO|PCSTIMFILAS_USER_20121211.csv Total de Logins: 1690
11/12/2012 04:35:34|INFO|PCSGVAS_USER_20121211.csv Total de Logins: 13
11/12/2012 04:35:34|INFO|PCSVERO_USER_20121211.csv Total de Logins: 200
11/12/2012 04:35:34|INFO|PCSSALES_USER_20121211.csv Total de Logins: 375
11/12/2012 04:35:34|INFO|PCSVENDITA_USER_20121211.csv Total de Logins: 234
11/12/2012 04:35:34|INFO|PCSSCTR-PORTAL_USER_20121211.csv Total de Logins: 19
11/12/2012 04:35:34|INFO|PCSRAP_USER_20121211.csv Total de Logins: 21
11/12/2012 04:35:34|INFO|PCSP2B_USER_20121211.csv Total de Logins: 25
11/12/2012 04:35:34|INFO|PCSUCM_USER_20121211.csv Total de Logins: 11
11/12/2012 04:35:34|INFO|PCSKPI_USER_20121211.csv Total de Logins: 8
11/12/2012 04:35:34|INFO|PCSIPVS_USER_20121211.csv Total de Logins: 5
11/12/2012 04:35:34|INFO|PCSGCPP_USER_20121211.csv Total de Logins: 6
11/12/2012 04:35:34|INFO|PCSPDV_MGMT_USER_20121211.csv Total de Logins: 6
11/12/2012 04:35:34|INFO|PCSGJMC_USER_20121211.csv Total de Logins: 8
11/12/2012 04:35:34|INFO|PCSFELETRONICAPG_USER_20121211.csv Total de Logins: 7
11/12/2012 04:35:34|INFO|PCSDTH_USER_20121211.csv Total de Logins: 2
11/12/2012 04:35:34|INFO|Finalizado
