22/03/2013 04:30:01|INFO|Iniciando
22/03/2013 04:36:25|INFO|PCSCLARIFY_USER_20130322.csv Total de Logins: 21567
22/03/2013 04:36:25|INFO|PCSPDVGN_USER_20130322.csv Total de Logins: 3445
22/03/2013 04:36:25|INFO|PCSPDV_LIVE_USER_20130322.csv Total de Logins: 12361
22/03/2013 04:36:25|INFO|PCSPDVGL_USER_20130322.csv Total de Logins: 2050
22/03/2013 04:36:25|INFO|PCSSIEBEL_USER_20130322.csv Total de Logins: 32
22/03/2013 04:36:25|INFO|PCSASP_USER_20130322.csv Total de Logins: 19182
22/03/2013 04:36:25|INFO|PCSDSF_USER_20130322.csv Total de Logins: 25817
22/03/2013 04:36:25|INFO|PCSICRC_USER_20130322.csv Total de Logins: 17628
22/03/2013 04:36:25|INFO|PCSPROTOCOLOS_USER_20130322.csv Total de Logins: 2622
22/03/2013 04:36:25|INFO|PCSSGR_USER_20130322.csv Total de Logins: 17529
22/03/2013 04:36:25|INFO|PCSCBCF_USER_20130322.csv Total de Logins: 12978
22/03/2013 04:36:25|INFO|PCSIUNICA_USER_20130322.csv Total de Logins: 9093
22/03/2013 04:36:25|INFO|PCSPLOGISTICA_USER_20130322.csv Total de Logins: 6078
22/03/2013 04:36:25|INFO|PCSP2B_USER_20130322.csv Total de Logins: 3585
22/03/2013 04:36:25|INFO|PCSTIMFILAS_USER_20130322.csv Total de Logins: 1637
22/03/2013 04:36:25|INFO|PCSFELETRONICA_USER_20130322.csv Total de Logins: 4135
22/03/2013 04:36:25|INFO|PCSSFA_USER_20130322.csv Total de Logins: 1133
22/03/2013 04:36:25|INFO|PCSVERO_USER_20130322.csv Total de Logins: 1205
22/03/2013 04:36:25|INFO|PCSVENDITA_USER_20130322.csv Total de Logins: 243
22/03/2013 04:36:25|INFO|PCSRAP_USER_20130322.csv Total de Logins: 15
22/03/2013 04:36:25|INFO|PCSSCTR-PORTAL_USER_20130322.csv Total de Logins: 18
22/03/2013 04:36:25|INFO|PCSUCM_USER_20130322.csv Total de Logins: 11
22/03/2013 04:36:25|INFO|PCSGVAS_USER_20130322.csv Total de Logins: 9
22/03/2013 04:36:25|INFO|PCSKPI_USER_20130322.csv Total de Logins: 8
22/03/2013 04:36:25|INFO|PCSIPVS_USER_20130322.csv Total de Logins: 4
22/03/2013 04:36:25|INFO|PCSBDOH_USER_20130322.csv Total de Logins: 234
22/03/2013 04:36:25|INFO|PCSSALES_USER_20130322.csv Total de Logins: 65
22/03/2013 04:36:25|INFO|PCSGCPP_USER_20130322.csv Total de Logins: 4
22/03/2013 04:36:25|INFO|PCSPDV_MGMT_USER_20130322.csv Total de Logins: 8
22/03/2013 04:36:25|INFO|PCSGJMC_USER_20130322.csv Total de Logins: 6
22/03/2013 04:36:25|INFO|PCSFELETRONICAPG_USER_20130322.csv Total de Logins: 6
22/03/2013 04:36:25|INFO|PCSDTH_USER_20130322.csv Total de Logins: 2
22/03/2013 04:36:25|INFO|Finalizado
