23/06/2013 04:30:01|INFO|Iniciando
23/06/2013 04:36:42|INFO|PCSCLARIFY_USER_20130623.csv Total de Logins: 20417
23/06/2013 04:36:42|INFO|PCSPDVGN_USER_20130623.csv Total de Logins: 3230
23/06/2013 04:36:42|INFO|PCSPDV_LIVE_USER_20130623.csv Total de Logins: 11479
23/06/2013 04:36:42|INFO|PCSSFA_USER_20130623.csv Total de Logins: 3180
23/06/2013 04:36:42|INFO|PCSPDVGL_USER_20130623.csv Total de Logins: 1760
23/06/2013 04:36:42|INFO|PCSDSF_USER_20130623.csv Total de Logins: 24692
23/06/2013 04:36:42|INFO|PCSPROTOCOLOS_USER_20130623.csv Total de Logins: 3270
23/06/2013 04:36:42|INFO|PCSSGR_USER_20130623.csv Total de Logins: 16630
23/06/2013 04:36:42|INFO|PCSCBCF_USER_20130623.csv Total de Logins: 12551
23/06/2013 04:36:42|INFO|PCSICRC_USER_20130623.csv Total de Logins: 16651
23/06/2013 04:36:42|INFO|PCSASP_USER_20130623.csv Total de Logins: 18048
23/06/2013 04:36:42|INFO|PCSIUNICA_USER_20130623.csv Total de Logins: 8003
23/06/2013 04:36:42|INFO|PCSP2B_USER_20130623.csv Total de Logins: 5770
23/06/2013 04:36:42|INFO|PCSSIEBEL_USER_20130623.csv Total de Logins: 328
23/06/2013 04:36:42|INFO|PCSPLOGISTICA_USER_20130623.csv Total de Logins: 4388
23/06/2013 04:36:42|INFO|PCSFELETRONICA_USER_20130623.csv Total de Logins: 2756
23/06/2013 04:36:42|INFO|PCSVERO_USER_20130623.csv Total de Logins: 2918
23/06/2013 04:36:42|INFO|PCSTIMFILAS_USER_20130623.csv Total de Logins: 1640
23/06/2013 04:36:42|INFO|PCSVENDITA_USER_20130623.csv Total de Logins: 260
23/06/2013 04:36:42|INFO|PCSSCTR-PORTAL_USER_20130623.csv Total de Logins: 22
23/06/2013 04:36:42|INFO|PCSRAP_USER_20130623.csv Total de Logins: 24
23/06/2013 04:36:42|INFO|PCSGCPP_USER_20130623.csv Total de Logins: 17
23/06/2013 04:36:42|INFO|PCSUCM_USER_20130623.csv Total de Logins: 12
23/06/2013 04:36:42|INFO|PCSGVAS_USER_20130623.csv Total de Logins: 10
23/06/2013 04:36:42|INFO|PCSKPI_USER_20130623.csv Total de Logins: 7
23/06/2013 04:36:42|INFO|PCSIPVS_USER_20130623.csv Total de Logins: 9
23/06/2013 04:36:42|INFO|PCSBDOH_USER_20130623.csv Total de Logins: 132
23/06/2013 04:36:42|INFO|PCSSALES_USER_20130623.csv Total de Logins: 40
23/06/2013 04:36:42|INFO|PCSDTH_USER_20130623.csv Total de Logins: 8
23/06/2013 04:36:42|INFO|PCSPDV_MGMT_USER_20130623.csv Total de Logins: 10
23/06/2013 04:36:42|INFO|PCSGJMC_USER_20130623.csv Total de Logins: 9
23/06/2013 04:36:42|INFO|PCSFELETRONICAPG_USER_20130623.csv Total de Logins: 11
23/06/2013 04:36:42|INFO|PCSBISEMANTICO_USER_20130623.csv Total de Logins: 6
23/06/2013 04:36:42|INFO|Finalizado
