06/08/2013 04:30:02|INFO|Iniciando
06/08/2013 04:36:48|INFO|PCSCLARIFY_USER_20130806.csv Total de Logins: 19746
06/08/2013 04:36:48|INFO|PCSPDVGN_USER_20130806.csv Total de Logins: 3295
06/08/2013 04:36:48|INFO|PCSICRC_USER_20130806.csv Total de Logins: 15767
06/08/2013 04:36:48|INFO|PCSDSF_USER_20130806.csv Total de Logins: 24213
06/08/2013 04:36:48|INFO|PCSSFA_USER_20130806.csv Total de Logins: 3599
06/08/2013 04:36:48|INFO|PCSPDV_LIVE_USER_20130806.csv Total de Logins: 11618
06/08/2013 04:36:48|INFO|PCSPDVGL_USER_20130806.csv Total de Logins: 1707
06/08/2013 04:36:48|INFO|PCSPROTOCOLOS_USER_20130806.csv Total de Logins: 3236
06/08/2013 04:36:48|INFO|PCSSGR_USER_20130806.csv Total de Logins: 16361
06/08/2013 04:36:49|INFO|PCSCBCF_USER_20130806.csv Total de Logins: 12178
06/08/2013 04:36:49|INFO|PCSASP_USER_20130806.csv Total de Logins: 17113
06/08/2013 04:36:49|INFO|PCSIUNICA_USER_20130806.csv Total de Logins: 8206
06/08/2013 04:36:49|INFO|PCSSIEBEL_USER_20130806.csv Total de Logins: 4112
06/08/2013 04:36:49|INFO|PCSFELETRONICA_USER_20130806.csv Total de Logins: 6549
06/08/2013 04:36:49|INFO|PCSP2B_USER_20130806.csv Total de Logins: 6718
06/08/2013 04:36:49|INFO|PCSVERO_USER_20130806.csv Total de Logins: 3205
06/08/2013 04:36:49|INFO|PCSPLOGISTICA_USER_20130806.csv Total de Logins: 3007
06/08/2013 04:36:49|INFO|PCSTIMFILAS_USER_20130806.csv Total de Logins: 1747
06/08/2013 04:36:49|INFO|PCSGCOB_USER_20130806.csv Total de Logins: 14
06/08/2013 04:36:49|INFO|PCSVENDITA_USER_20130806.csv Total de Logins: 291
06/08/2013 04:36:49|INFO|PCSVCE_USER_20130806.csv Total de Logins: 81
06/08/2013 04:36:49|INFO|PCSSCTR-PORTAL_USER_20130806.csv Total de Logins: 24
06/08/2013 04:36:49|INFO|PCSRAP_USER_20130806.csv Total de Logins: 17
06/08/2013 04:36:49|INFO|PCSGEOWEB_USER_20130806.csv Total de Logins: 1
06/08/2013 04:36:49|INFO|PCSUCM_USER_20130806.csv Total de Logins: 9
06/08/2013 04:36:49|INFO|PCSGVAS_USER_20130806.csv Total de Logins: 8
06/08/2013 04:36:49|INFO|PCSKPI_USER_20130806.csv Total de Logins: 6
06/08/2013 04:36:49|INFO|PCSIPVS_USER_20130806.csv Total de Logins: 8
06/08/2013 04:36:49|INFO|PCSBDOH_USER_20130806.csv Total de Logins: 160
06/08/2013 04:36:49|INFO|PCSSALES_USER_20130806.csv Total de Logins: 32
06/08/2013 04:36:49|INFO|PCSDTH_USER_20130806.csv Total de Logins: 8
06/08/2013 04:36:49|INFO|PCSPDV_MGMT_USER_20130806.csv Total de Logins: 12
06/08/2013 04:36:49|INFO|PCSFELETRONICAPG_USER_20130806.csv Total de Logins: 11
06/08/2013 04:36:49|INFO|PCSGCPP_USER_20130806.csv Total de Logins: 9
06/08/2013 04:36:49|INFO|PCSGJMC_USER_20130806.csv Total de Logins: 8
06/08/2013 04:36:49|INFO|PCSBISEMANTICO_USER_20130806.csv Total de Logins: 1
06/08/2013 04:36:49|INFO|Finalizado
