21/02/2013 04:30:01|INFO|Iniciando
21/02/2013 04:36:01|INFO|PCSCLARIFY_USER_20130221.csv Total de Logins: 20855
21/02/2013 04:36:01|INFO|PCSPDVGN_USER_20130221.csv Total de Logins: 3467
21/02/2013 04:36:01|INFO|PCSPDV_LIVE_USER_20130221.csv Total de Logins: 13374
21/02/2013 04:36:01|INFO|PCSSFA_USER_20130221.csv Total de Logins: 1741
21/02/2013 04:36:01|INFO|PCSPDVGL_USER_20130221.csv Total de Logins: 2050
21/02/2013 04:36:01|INFO|PCSSIEBEL_USER_20130221.csv Total de Logins: 30
21/02/2013 04:36:01|INFO|PCSASP_USER_20130221.csv Total de Logins: 18781
21/02/2013 04:36:01|INFO|PCSDSF_USER_20130221.csv Total de Logins: 25231
21/02/2013 04:36:01|INFO|PCSPROTOCOLOS_USER_20130221.csv Total de Logins: 2766
21/02/2013 04:36:01|INFO|PCSSGR_USER_20130221.csv Total de Logins: 16609
21/02/2013 04:36:01|INFO|PCSCBCF_USER_20130221.csv Total de Logins: 12508
21/02/2013 04:36:01|INFO|PCSICRC_USER_20130221.csv Total de Logins: 17372
21/02/2013 04:36:01|INFO|PCSIUNICA_USER_20130221.csv Total de Logins: 8804
21/02/2013 04:36:01|INFO|PCSPLOGISTICA_USER_20130221.csv Total de Logins: 4652
21/02/2013 04:36:01|INFO|PCSP2B_USER_20130221.csv Total de Logins: 1864
21/02/2013 04:36:01|INFO|PCSTIMFILAS_USER_20130221.csv Total de Logins: 1618
21/02/2013 04:36:01|INFO|PCSFELETRONICA_USER_20130221.csv Total de Logins: 3974
21/02/2013 04:36:01|INFO|PCSVERO_USER_20130221.csv Total de Logins: 1755
21/02/2013 04:36:01|INFO|PCSVENDITA_USER_20130221.csv Total de Logins: 256
21/02/2013 04:36:01|INFO|PCSRAP_USER_20130221.csv Total de Logins: 14
21/02/2013 04:36:01|INFO|PCSSCTR-PORTAL_USER_20130221.csv Total de Logins: 16
21/02/2013 04:36:01|INFO|PCSUCM_USER_20130221.csv Total de Logins: 9
21/02/2013 04:36:01|INFO|PCSGVAS_USER_20130221.csv Total de Logins: 9
21/02/2013 04:36:01|INFO|PCSKPI_USER_20130221.csv Total de Logins: 7
21/02/2013 04:36:01|INFO|PCSIPVS_USER_20130221.csv Total de Logins: 5
21/02/2013 04:36:01|INFO|PCSBDOH_USER_20130221.csv Total de Logins: 180
21/02/2013 04:36:01|INFO|PCSSALES_USER_20130221.csv Total de Logins: 79
21/02/2013 04:36:01|INFO|PCSGCPP_USER_20130221.csv Total de Logins: 6
21/02/2013 04:36:01|INFO|PCSPDV_MGMT_USER_20130221.csv Total de Logins: 8
21/02/2013 04:36:01|INFO|PCSGJMC_USER_20130221.csv Total de Logins: 7
21/02/2013 04:36:01|INFO|PCSFELETRONICAPG_USER_20130221.csv Total de Logins: 5
21/02/2013 04:36:01|INFO|PCSDTH_USER_20130221.csv Total de Logins: 2
21/02/2013 04:36:01|INFO|Finalizado
