05/03/2013 04:30:01|INFO|Iniciando
05/03/2013 04:36:09|INFO|PCSCLARIFY_USER_20130305.csv Total de Logins: 21356
05/03/2013 04:36:09|INFO|PCSPDVGN_USER_20130305.csv Total de Logins: 3468
05/03/2013 04:36:09|INFO|PCSPDV_LIVE_USER_20130305.csv Total de Logins: 13188
05/03/2013 04:36:09|INFO|PCSPDVGL_USER_20130305.csv Total de Logins: 2033
05/03/2013 04:36:09|INFO|PCSSIEBEL_USER_20130305.csv Total de Logins: 33
05/03/2013 04:36:09|INFO|PCSASP_USER_20130305.csv Total de Logins: 19109
05/03/2013 04:36:09|INFO|PCSDSF_USER_20130305.csv Total de Logins: 25546
05/03/2013 04:36:09|INFO|PCSICRC_USER_20130305.csv Total de Logins: 17827
05/03/2013 04:36:09|INFO|PCSPROTOCOLOS_USER_20130305.csv Total de Logins: 2617
05/03/2013 04:36:09|INFO|PCSSGR_USER_20130305.csv Total de Logins: 17062
05/03/2013 04:36:09|INFO|PCSCBCF_USER_20130305.csv Total de Logins: 12655
05/03/2013 04:36:09|INFO|PCSIUNICA_USER_20130305.csv Total de Logins: 9150
05/03/2013 04:36:09|INFO|PCSPLOGISTICA_USER_20130305.csv Total de Logins: 5597
05/03/2013 04:36:09|INFO|PCSP2B_USER_20130305.csv Total de Logins: 2452
05/03/2013 04:36:09|INFO|PCSFELETRONICA_USER_20130305.csv Total de Logins: 3914
05/03/2013 04:36:09|INFO|PCSSFA_USER_20130305.csv Total de Logins: 1762
05/03/2013 04:36:09|INFO|PCSVERO_USER_20130305.csv Total de Logins: 1773
05/03/2013 04:36:09|INFO|PCSTIMFILAS_USER_20130305.csv Total de Logins: 1622
05/03/2013 04:36:09|INFO|PCSVENDITA_USER_20130305.csv Total de Logins: 253
05/03/2013 04:36:09|INFO|PCSRAP_USER_20130305.csv Total de Logins: 13
05/03/2013 04:36:09|INFO|PCSSCTR-PORTAL_USER_20130305.csv Total de Logins: 16
05/03/2013 04:36:09|INFO|PCSUCM_USER_20130305.csv Total de Logins: 8
05/03/2013 04:36:09|INFO|PCSGVAS_USER_20130305.csv Total de Logins: 9
05/03/2013 04:36:09|INFO|PCSKPI_USER_20130305.csv Total de Logins: 8
05/03/2013 04:36:09|INFO|PCSIPVS_USER_20130305.csv Total de Logins: 5
05/03/2013 04:36:09|INFO|PCSBDOH_USER_20130305.csv Total de Logins: 196
05/03/2013 04:36:09|INFO|PCSSALES_USER_20130305.csv Total de Logins: 70
05/03/2013 04:36:09|INFO|PCSGCPP_USER_20130305.csv Total de Logins: 5
05/03/2013 04:36:09|INFO|PCSPDV_MGMT_USER_20130305.csv Total de Logins: 8
05/03/2013 04:36:09|INFO|PCSGJMC_USER_20130305.csv Total de Logins: 7
05/03/2013 04:36:09|INFO|PCSFELETRONICAPG_USER_20130305.csv Total de Logins: 6
05/03/2013 04:36:09|INFO|PCSDTH_USER_20130305.csv Total de Logins: 2
05/03/2013 04:36:09|INFO|Finalizado
