28/12/2012 04:30:01|INFO|Iniciando
28/12/2012 04:35:41|INFO|PCSCLARIFY_USER_20121228.csv Total de Logins: 20844
28/12/2012 04:35:41|INFO|PCSPDVGN_USER_20121228.csv Total de Logins: 3399
28/12/2012 04:35:41|INFO|PCSPDV_LIVE_USER_20121228.csv Total de Logins: 12455
28/12/2012 04:35:41|INFO|PCSBDOH_USER_20121228.csv Total de Logins: 335
28/12/2012 04:35:41|INFO|PCSPDVGL_USER_20121228.csv Total de Logins: 2027
28/12/2012 04:35:41|INFO|PCSSIEBEL_USER_20121228.csv Total de Logins: 63
28/12/2012 04:35:41|INFO|PCSDSF_USER_20121228.csv Total de Logins: 25352
28/12/2012 04:35:41|INFO|PCSSGR_USER_20121228.csv Total de Logins: 16683
28/12/2012 04:35:41|INFO|PCSCBCF_USER_20121228.csv Total de Logins: 12390
28/12/2012 04:35:41|INFO|PCSPROTOCOLOS_USER_20121228.csv Total de Logins: 3533
28/12/2012 04:35:41|INFO|PCSIUNICA_USER_20121228.csv Total de Logins: 8224
28/12/2012 04:35:41|INFO|PCSFELETRONICA_USER_20121228.csv Total de Logins: 2624
28/12/2012 04:35:41|INFO|PCSICRC_USER_20121228.csv Total de Logins: 16675
28/12/2012 04:35:41|INFO|PCSPLOGISTICA_USER_20121228.csv Total de Logins: 3724
28/12/2012 04:35:41|INFO|PCSASP_USER_20121228.csv Total de Logins: 18059
28/12/2012 04:35:41|INFO|PCSSFA_USER_20121228.csv Total de Logins: 110
28/12/2012 04:35:41|INFO|PCSTIMFILAS_USER_20121228.csv Total de Logins: 1700
28/12/2012 04:35:41|INFO|PCSGVAS_USER_20121228.csv Total de Logins: 11
28/12/2012 04:35:41|INFO|PCSVERO_USER_20121228.csv Total de Logins: 204
28/12/2012 04:35:41|INFO|PCSSALES_USER_20121228.csv Total de Logins: 341
28/12/2012 04:35:41|INFO|PCSVENDITA_USER_20121228.csv Total de Logins: 272
28/12/2012 04:35:41|INFO|PCSSCTR-PORTAL_USER_20121228.csv Total de Logins: 19
28/12/2012 04:35:41|INFO|PCSRAP_USER_20121228.csv Total de Logins: 18
28/12/2012 04:35:41|INFO|PCSP2B_USER_20121228.csv Total de Logins: 26
28/12/2012 04:35:41|INFO|PCSUCM_USER_20121228.csv Total de Logins: 14
28/12/2012 04:35:41|INFO|PCSKPI_USER_20121228.csv Total de Logins: 8
28/12/2012 04:35:41|INFO|PCSIPVS_USER_20121228.csv Total de Logins: 5
28/12/2012 04:35:41|INFO|PCSGCPP_USER_20121228.csv Total de Logins: 6
28/12/2012 04:35:41|INFO|PCSPDV_MGMT_USER_20121228.csv Total de Logins: 6
28/12/2012 04:35:41|INFO|PCSGJMC_USER_20121228.csv Total de Logins: 8
28/12/2012 04:35:41|INFO|PCSFELETRONICAPG_USER_20121228.csv Total de Logins: 7
28/12/2012 04:35:41|INFO|PCSDTH_USER_20121228.csv Total de Logins: 2
28/12/2012 04:35:41|INFO|Finalizado
