04/11/2012 04:30:01|INFO|Iniciando
04/11/2012 04:35:07|INFO|PCSCLARIFY_USER_20121104.csv Total de Logins: 19543
04/11/2012 04:35:07|INFO|PCSPDVGN_USER_20121104.csv Total de Logins: 3454
04/11/2012 04:35:07|INFO|PCSPDV_LIVE_USER_20121104.csv Total de Logins: 10209
04/11/2012 04:35:07|INFO|PCSPDVGL_USER_20121104.csv Total de Logins: 2109
04/11/2012 04:35:07|INFO|PCSSIEBEL_USER_20121104.csv Total de Logins: 134
04/11/2012 04:35:07|INFO|PCSDSF_USER_20121104.csv Total de Logins: 23732
04/11/2012 04:35:07|INFO|PCSPROTOCOLOS_USER_20121104.csv Total de Logins: 2769
04/11/2012 04:35:07|INFO|PCSSGR_USER_20121104.csv Total de Logins: 14899
04/11/2012 04:35:07|INFO|PCSCBCF_USER_20121104.csv Total de Logins: 11295
04/11/2012 04:35:07|INFO|PCSASP_USER_20121104.csv Total de Logins: 17147
04/11/2012 04:35:07|INFO|PCSIUNICA_USER_20121104.csv Total de Logins: 7496
04/11/2012 04:35:07|INFO|PCSICRC_USER_20121104.csv Total de Logins: 15684
04/11/2012 04:35:07|INFO|PCSPLOGISTICA_USER_20121104.csv Total de Logins: 4000
04/11/2012 04:35:07|INFO|PCSTIMFILAS_USER_20121104.csv Total de Logins: 1457
04/11/2012 04:35:07|INFO|PCSFELETRONICA_USER_20121104.csv Total de Logins: 2239
04/11/2012 04:35:07|INFO|PCSGVAS_USER_20121104.csv Total de Logins: 15
04/11/2012 04:35:07|INFO|PCSVERO_USER_20121104.csv Total de Logins: 20
04/11/2012 04:35:07|INFO|PCSVENDITA_USER_20121104.csv Total de Logins: 215
04/11/2012 04:35:07|INFO|PCSRAP_USER_20121104.csv Total de Logins: 27
04/11/2012 04:35:07|INFO|PCSSCTR-PORTAL_USER_20121104.csv Total de Logins: 18
04/11/2012 04:35:07|INFO|PCSSFA_USER_20121104.csv Total de Logins: 17
04/11/2012 04:35:07|INFO|PCSFELETRONICAPG_USER_20121104.csv Total de Logins: 10
04/11/2012 04:35:07|INFO|PCSGCPP_USER_20121104.csv Total de Logins: 9
04/11/2012 04:35:07|INFO|PCSUCM_USER_20121104.csv Total de Logins: 19
04/11/2012 04:35:07|INFO|PCSGJMC_USER_20121104.csv Total de Logins: 12
04/11/2012 04:35:07|INFO|PCSKPI_USER_20121104.csv Total de Logins: 8
04/11/2012 04:35:07|INFO|PCSIPVS_USER_20121104.csv Total de Logins: 8
04/11/2012 04:35:07|INFO|PCSPDV_MGMT_USER_20121104.csv Total de Logins: 7
04/11/2012 04:35:07|INFO|PCSP2B_USER_20121104.csv Total de Logins: 2
04/11/2012 04:35:07|INFO|PCSDTH_USER_20121104.csv Total de Logins: 2
04/11/2012 04:35:07|INFO|Finalizado
