04/04/2013 04:30:01|INFO|Iniciando
04/04/2013 04:39:02|INFO|PCSCLARIFY_USER_20130404.csv Total de Logins: 21824
04/04/2013 04:39:02|INFO|PCSPDVGN_USER_20130404.csv Total de Logins: 3439
04/04/2013 04:39:02|INFO|PCSPDV_LIVE_USER_20130404.csv Total de Logins: 11966
04/04/2013 04:39:02|INFO|PCSPDVGL_USER_20130404.csv Total de Logins: 2011
04/04/2013 04:39:02|INFO|PCSSIEBEL_USER_20130404.csv Total de Logins: 70
04/04/2013 04:39:02|INFO|PCSASP_USER_20130404.csv Total de Logins: 19311
04/04/2013 04:39:02|INFO|PCSDSF_USER_20130404.csv Total de Logins: 26066
04/04/2013 04:39:02|INFO|PCSICRC_USER_20130404.csv Total de Logins: 17731
04/04/2013 04:39:02|INFO|PCSPROTOCOLOS_USER_20130404.csv Total de Logins: 2674
04/04/2013 04:39:02|INFO|PCSSGR_USER_20130404.csv Total de Logins: 17670
04/04/2013 04:39:02|INFO|PCSCBCF_USER_20130404.csv Total de Logins: 13201
04/04/2013 04:39:02|INFO|PCSIUNICA_USER_20130404.csv Total de Logins: 9120
04/04/2013 04:39:02|INFO|PCSPLOGISTICA_USER_20130404.csv Total de Logins: 5724
04/04/2013 04:39:02|INFO|PCSP2B_USER_20130404.csv Total de Logins: 4668
04/04/2013 04:39:02|INFO|PCSTIMFILAS_USER_20130404.csv Total de Logins: 1668
04/04/2013 04:39:02|INFO|PCSFELETRONICA_USER_20130404.csv Total de Logins: 3753
04/04/2013 04:39:02|INFO|PCSSFA_USER_20130404.csv Total de Logins: 1475
04/04/2013 04:39:02|INFO|PCSVERO_USER_20130404.csv Total de Logins: 1544
04/04/2013 04:39:02|INFO|PCSVENDITA_USER_20130404.csv Total de Logins: 243
04/04/2013 04:39:02|INFO|PCSRAP_USER_20130404.csv Total de Logins: 20
04/04/2013 04:39:02|INFO|PCSSCTR-PORTAL_USER_20130404.csv Total de Logins: 18
04/04/2013 04:39:02|INFO|PCSUCM_USER_20130404.csv Total de Logins: 10
04/04/2013 04:39:02|INFO|PCSGVAS_USER_20130404.csv Total de Logins: 8
04/04/2013 04:39:02|INFO|PCSKPI_USER_20130404.csv Total de Logins: 8
04/04/2013 04:39:02|INFO|PCSIPVS_USER_20130404.csv Total de Logins: 4
04/04/2013 04:39:02|INFO|PCSBDOH_USER_20130404.csv Total de Logins: 231
04/04/2013 04:39:02|INFO|PCSSALES_USER_20130404.csv Total de Logins: 67
04/04/2013 04:39:02|INFO|PCSGCPP_USER_20130404.csv Total de Logins: 4
04/04/2013 04:39:02|INFO|PCSPDV_MGMT_USER_20130404.csv Total de Logins: 7
04/04/2013 04:39:02|INFO|PCSGJMC_USER_20130404.csv Total de Logins: 6
04/04/2013 04:39:02|INFO|PCSFELETRONICAPG_USER_20130404.csv Total de Logins: 6
04/04/2013 04:39:02|INFO|PCSDTH_USER_20130404.csv Total de Logins: 2
04/04/2013 04:39:02|INFO|Finalizado
