14/10/2012 04:30:01|INFO|Iniciando
14/10/2012 04:35:05|INFO|PCSCLARIFY_USER_20121014.csv Total de Logins: 19887
14/10/2012 04:35:05|INFO|PCSPDVGN_USER_20121014.csv Total de Logins: 3453
14/10/2012 04:35:05|INFO|PCSPDV_LIVE_USER_20121014.csv Total de Logins: 9856
14/10/2012 04:35:05|INFO|PCSPDVGL_USER_20121014.csv Total de Logins: 2161
14/10/2012 04:35:05|INFO|PCSSIEBEL_USER_20121014.csv Total de Logins: 512
14/10/2012 04:35:05|INFO|PCSDSF_USER_20121014.csv Total de Logins: 23941
14/10/2012 04:35:05|INFO|PCSSGR_USER_20121014.csv Total de Logins: 14607
14/10/2012 04:35:05|INFO|PCSCBCF_USER_20121014.csv Total de Logins: 10768
14/10/2012 04:35:05|INFO|PCSPROTOCOLOS_USER_20121014.csv Total de Logins: 2090
14/10/2012 04:35:05|INFO|PCSASP_USER_20121014.csv Total de Logins: 17445
14/10/2012 04:35:05|INFO|PCSIUNICA_USER_20121014.csv Total de Logins: 7602
14/10/2012 04:35:05|INFO|PCSICRC_USER_20121014.csv Total de Logins: 15930
14/10/2012 04:35:05|INFO|PCSPLOGISTICA_USER_20121014.csv Total de Logins: 4117
14/10/2012 04:35:05|INFO|PCSTIMFILAS_USER_20121014.csv Total de Logins: 1306
14/10/2012 04:35:05|INFO|PCSFELETRONICA_USER_20121014.csv Total de Logins: 2314
14/10/2012 04:35:05|INFO|PCSGVAS_USER_20121014.csv Total de Logins: 16
14/10/2012 04:35:05|INFO|PCSDTH_USER_20121014.csv Total de Logins: 6
14/10/2012 04:35:05|INFO|PCSVENDITA_USER_20121014.csv Total de Logins: 234
14/10/2012 04:35:05|INFO|PCSRAP_USER_20121014.csv Total de Logins: 36
14/10/2012 04:35:05|INFO|PCSSCTR-PORTAL_USER_20121014.csv Total de Logins: 20
14/10/2012 04:35:05|INFO|PCSVERO_USER_20121014.csv Total de Logins: 19
14/10/2012 04:35:05|INFO|PCSSFA_USER_20121014.csv Total de Logins: 17
14/10/2012 04:35:05|INFO|PCSFELETRONICAPG_USER_20121014.csv Total de Logins: 11
14/10/2012 04:35:05|INFO|PCSGCPP_USER_20121014.csv Total de Logins: 9
14/10/2012 04:35:05|INFO|PCSUCM_USER_20121014.csv Total de Logins: 40
14/10/2012 04:35:05|INFO|PCSGJMC_USER_20121014.csv Total de Logins: 12
14/10/2012 04:35:05|INFO|PCSKPI_USER_20121014.csv Total de Logins: 7
14/10/2012 04:35:05|INFO|PCSIPVS_USER_20121014.csv Total de Logins: 8
14/10/2012 04:35:05|INFO|PCSPDV_MGMT_USER_20121014.csv Total de Logins: 7
14/10/2012 04:35:05|INFO|PCSP2B_USER_20121014.csv Total de Logins: 1
14/10/2012 04:35:05|INFO|PCSBISEMANTICO_USER_20121014.csv Total de Logins: 2
14/10/2012 04:35:05|INFO|Finalizado
