20/07/2013 04:30:01|INFO|Iniciando
20/07/2013 04:36:30|INFO|PCSCLARIFY_USER_20130720.csv Total de Logins: 19857
20/07/2013 04:36:30|INFO|PCSPDVGN_USER_20130720.csv Total de Logins: 3267
20/07/2013 04:36:30|INFO|PCSICRC_USER_20130720.csv Total de Logins: 15939
20/07/2013 04:36:30|INFO|PCSDSF_USER_20130720.csv Total de Logins: 24235
20/07/2013 04:36:30|INFO|PCSSFA_USER_20130720.csv Total de Logins: 3312
20/07/2013 04:36:30|INFO|PCSPDVGL_USER_20130720.csv Total de Logins: 1721
20/07/2013 04:36:30|INFO|PCSPDV_LIVE_USER_20130720.csv Total de Logins: 11856
20/07/2013 04:36:30|INFO|PCSPROTOCOLOS_USER_20130720.csv Total de Logins: 3233
20/07/2013 04:36:30|INFO|PCSSGR_USER_20130720.csv Total de Logins: 16138
20/07/2013 04:36:30|INFO|PCSCBCF_USER_20130720.csv Total de Logins: 12273
20/07/2013 04:36:30|INFO|PCSASP_USER_20130720.csv Total de Logins: 17336
20/07/2013 04:36:30|INFO|PCSIUNICA_USER_20130720.csv Total de Logins: 8018
20/07/2013 04:36:30|INFO|PCSSIEBEL_USER_20130720.csv Total de Logins: 2311
20/07/2013 04:36:30|INFO|PCSFELETRONICA_USER_20130720.csv Total de Logins: 5308
20/07/2013 04:36:30|INFO|PCSP2B_USER_20130720.csv Total de Logins: 6430
20/07/2013 04:36:30|INFO|PCSVERO_USER_20130720.csv Total de Logins: 2964
20/07/2013 04:36:30|INFO|PCSPLOGISTICA_USER_20130720.csv Total de Logins: 3105
20/07/2013 04:36:30|INFO|PCSTIMFILAS_USER_20130720.csv Total de Logins: 1728
20/07/2013 04:36:30|INFO|PCSGCOB_USER_20130720.csv Total de Logins: 14
20/07/2013 04:36:30|INFO|PCSVENDITA_USER_20130720.csv Total de Logins: 282
20/07/2013 04:36:30|INFO|PCSVCE_USER_20130720.csv Total de Logins: 53
20/07/2013 04:36:30|INFO|PCSSCTR-PORTAL_USER_20130720.csv Total de Logins: 22
20/07/2013 04:36:30|INFO|PCSRAP_USER_20130720.csv Total de Logins: 19
20/07/2013 04:36:30|INFO|PCSUCM_USER_20130720.csv Total de Logins: 9
20/07/2013 04:36:30|INFO|PCSGVAS_USER_20130720.csv Total de Logins: 9
20/07/2013 04:36:30|INFO|PCSKPI_USER_20130720.csv Total de Logins: 6
20/07/2013 04:36:30|INFO|PCSIPVS_USER_20130720.csv Total de Logins: 8
20/07/2013 04:36:30|INFO|PCSBDOH_USER_20130720.csv Total de Logins: 137
20/07/2013 04:36:30|INFO|PCSSALES_USER_20130720.csv Total de Logins: 35
20/07/2013 04:36:30|INFO|PCSDTH_USER_20130720.csv Total de Logins: 8
20/07/2013 04:36:30|INFO|PCSPDV_MGMT_USER_20130720.csv Total de Logins: 10
20/07/2013 04:36:30|INFO|PCSFELETRONICAPG_USER_20130720.csv Total de Logins: 11
20/07/2013 04:36:30|INFO|PCSGCPP_USER_20130720.csv Total de Logins: 9
20/07/2013 04:36:30|INFO|PCSGJMC_USER_20130720.csv Total de Logins: 8
20/07/2013 04:36:30|INFO|PCSBISEMANTICO_USER_20130720.csv Total de Logins: 1
20/07/2013 04:36:30|INFO|Finalizado
