20/06/2013 04:30:01|INFO|Iniciando
20/06/2013 04:36:29|INFO|PCSCLARIFY_USER_20130620.csv Total de Logins: 20280
20/06/2013 04:36:29|INFO|PCSPDVGN_USER_20130620.csv Total de Logins: 3224
20/06/2013 04:36:29|INFO|PCSPDV_LIVE_USER_20130620.csv Total de Logins: 11495
20/06/2013 04:36:29|INFO|PCSSFA_USER_20130620.csv Total de Logins: 3144
20/06/2013 04:36:29|INFO|PCSPDVGL_USER_20130620.csv Total de Logins: 1765
20/06/2013 04:36:29|INFO|PCSDSF_USER_20130620.csv Total de Logins: 24637
20/06/2013 04:36:29|INFO|PCSPROTOCOLOS_USER_20130620.csv Total de Logins: 3253
20/06/2013 04:36:29|INFO|PCSSGR_USER_20130620.csv Total de Logins: 16767
20/06/2013 04:36:29|INFO|PCSCBCF_USER_20130620.csv Total de Logins: 12575
20/06/2013 04:36:29|INFO|PCSICRC_USER_20130620.csv Total de Logins: 16610
20/06/2013 04:36:29|INFO|PCSASP_USER_20130620.csv Total de Logins: 18010
20/06/2013 04:36:29|INFO|PCSIUNICA_USER_20130620.csv Total de Logins: 8027
20/06/2013 04:36:29|INFO|PCSP2B_USER_20130620.csv Total de Logins: 5738
20/06/2013 04:36:29|INFO|PCSSIEBEL_USER_20130620.csv Total de Logins: 328
20/06/2013 04:36:29|INFO|PCSPLOGISTICA_USER_20130620.csv Total de Logins: 4453
20/06/2013 04:36:29|INFO|PCSFELETRONICA_USER_20130620.csv Total de Logins: 2831
20/06/2013 04:36:29|INFO|PCSVERO_USER_20130620.csv Total de Logins: 2844
20/06/2013 04:36:29|INFO|PCSTIMFILAS_USER_20130620.csv Total de Logins: 1644
20/06/2013 04:36:29|INFO|PCSVENDITA_USER_20130620.csv Total de Logins: 260
20/06/2013 04:36:29|INFO|PCSSCTR-PORTAL_USER_20130620.csv Total de Logins: 22
20/06/2013 04:36:29|INFO|PCSRAP_USER_20130620.csv Total de Logins: 24
20/06/2013 04:36:29|INFO|PCSGCPP_USER_20130620.csv Total de Logins: 17
20/06/2013 04:36:29|INFO|PCSUCM_USER_20130620.csv Total de Logins: 12
20/06/2013 04:36:29|INFO|PCSGVAS_USER_20130620.csv Total de Logins: 10
20/06/2013 04:36:29|INFO|PCSKPI_USER_20130620.csv Total de Logins: 7
20/06/2013 04:36:29|INFO|PCSIPVS_USER_20130620.csv Total de Logins: 9
20/06/2013 04:36:29|INFO|PCSBDOH_USER_20130620.csv Total de Logins: 135
20/06/2013 04:36:29|INFO|PCSSALES_USER_20130620.csv Total de Logins: 43
20/06/2013 04:36:29|INFO|PCSDTH_USER_20130620.csv Total de Logins: 8
20/06/2013 04:36:29|INFO|PCSPDV_MGMT_USER_20130620.csv Total de Logins: 10
20/06/2013 04:36:29|INFO|PCSGJMC_USER_20130620.csv Total de Logins: 9
20/06/2013 04:36:29|INFO|PCSFELETRONICAPG_USER_20130620.csv Total de Logins: 11
20/06/2013 04:36:29|INFO|PCSBISEMANTICO_USER_20130620.csv Total de Logins: 6
20/06/2013 04:36:29|INFO|Finalizado
