10/07/2013 04:30:02|INFO|Iniciando
10/07/2013 04:36:29|INFO|PCSCLARIFY_USER_20130710.csv Total de Logins: 20192
10/07/2013 04:36:29|INFO|PCSPDVGN_USER_20130710.csv Total de Logins: 3245
10/07/2013 04:36:29|INFO|PCSSFA_USER_20130710.csv Total de Logins: 3209
10/07/2013 04:36:29|INFO|PCSPDVGL_USER_20130710.csv Total de Logins: 1742
10/07/2013 04:36:29|INFO|PCSDSF_USER_20130710.csv Total de Logins: 24461
10/07/2013 04:36:29|INFO|PCSPDV_LIVE_USER_20130710.csv Total de Logins: 11614
10/07/2013 04:36:29|INFO|PCSPROTOCOLOS_USER_20130710.csv Total de Logins: 3211
10/07/2013 04:36:29|INFO|PCSSGR_USER_20130710.csv Total de Logins: 16421
10/07/2013 04:36:29|INFO|PCSCBCF_USER_20130710.csv Total de Logins: 12199
10/07/2013 04:36:29|INFO|PCSICRC_USER_20130710.csv Total de Logins: 16384
10/07/2013 04:36:29|INFO|PCSASP_USER_20130710.csv Total de Logins: 17729
10/07/2013 04:36:30|INFO|PCSIUNICA_USER_20130710.csv Total de Logins: 8065
10/07/2013 04:36:30|INFO|PCSP2B_USER_20130710.csv Total de Logins: 5822
10/07/2013 04:36:30|INFO|PCSSIEBEL_USER_20130710.csv Total de Logins: 828
10/07/2013 04:36:30|INFO|PCSPLOGISTICA_USER_20130710.csv Total de Logins: 3618
10/07/2013 04:36:30|INFO|PCSFELETRONICA_USER_20130710.csv Total de Logins: 2202
10/07/2013 04:36:30|INFO|PCSVERO_USER_20130710.csv Total de Logins: 3009
10/07/2013 04:36:30|INFO|PCSTIMFILAS_USER_20130710.csv Total de Logins: 1669
10/07/2013 04:36:30|INFO|PCSVENDITA_USER_20130710.csv Total de Logins: 243
10/07/2013 04:36:30|INFO|PCSVCE_USER_20130710.csv Total de Logins: 65
10/07/2013 04:36:30|INFO|PCSSCTR-PORTAL_USER_20130710.csv Total de Logins: 20
10/07/2013 04:36:30|INFO|PCSRAP_USER_20130710.csv Total de Logins: 23
10/07/2013 04:36:30|INFO|PCSGCPP_USER_20130710.csv Total de Logins: 11
10/07/2013 04:36:30|INFO|PCSUCM_USER_20130710.csv Total de Logins: 9
10/07/2013 04:36:30|INFO|PCSGVAS_USER_20130710.csv Total de Logins: 8
10/07/2013 04:36:30|INFO|PCSKPI_USER_20130710.csv Total de Logins: 6
10/07/2013 04:36:30|INFO|PCSIPVS_USER_20130710.csv Total de Logins: 7
10/07/2013 04:36:30|INFO|PCSBDOH_USER_20130710.csv Total de Logins: 133
10/07/2013 04:36:30|INFO|PCSSALES_USER_20130710.csv Total de Logins: 33
10/07/2013 04:36:30|INFO|PCSDTH_USER_20130710.csv Total de Logins: 9
10/07/2013 04:36:30|INFO|PCSPDV_MGMT_USER_20130710.csv Total de Logins: 9
10/07/2013 04:36:30|INFO|PCSBISEMANTICO_USER_20130710.csv Total de Logins: 6
10/07/2013 04:36:30|INFO|PCSGJMC_USER_20130710.csv Total de Logins: 7
10/07/2013 04:36:30|INFO|PCSFELETRONICAPG_USER_20130710.csv Total de Logins: 9
10/07/2013 04:36:30|INFO|Finalizado
