30/01/2013 04:30:01|INFO|Iniciando
30/01/2013 04:35:52|INFO|PCSCLARIFY_USER_20130130.csv Total de Logins: 21324
30/01/2013 04:35:52|INFO|PCSPDVGN_USER_20130130.csv Total de Logins: 3442
30/01/2013 04:35:52|INFO|PCSPDV_LIVE_USER_20130130.csv Total de Logins: 11603
30/01/2013 04:35:52|INFO|PCSSFA_USER_20130130.csv Total de Logins: 1773
30/01/2013 04:35:52|INFO|PCSPDVGL_USER_20130130.csv Total de Logins: 2035
30/01/2013 04:35:52|INFO|PCSSIEBEL_USER_20130130.csv Total de Logins: 29
30/01/2013 04:35:52|INFO|PCSDSF_USER_20130130.csv Total de Logins: 25469
30/01/2013 04:35:52|INFO|PCSPROTOCOLOS_USER_20130130.csv Total de Logins: 2757
30/01/2013 04:35:52|INFO|PCSSGR_USER_20130130.csv Total de Logins: 16303
30/01/2013 04:35:52|INFO|PCSCBCF_USER_20130130.csv Total de Logins: 12292
30/01/2013 04:35:52|INFO|PCSICRC_USER_20130130.csv Total de Logins: 17272
30/01/2013 04:35:52|INFO|PCSASP_USER_20130130.csv Total de Logins: 19001
30/01/2013 04:35:52|INFO|PCSIUNICA_USER_20130130.csv Total de Logins: 8464
30/01/2013 04:35:52|INFO|PCSPLOGISTICA_USER_20130130.csv Total de Logins: 4044
30/01/2013 04:35:52|INFO|PCSP2B_USER_20130130.csv Total de Logins: 1744
30/01/2013 04:35:52|INFO|PCSTIMFILAS_USER_20130130.csv Total de Logins: 1619
30/01/2013 04:35:52|INFO|PCSFELETRONICA_USER_20130130.csv Total de Logins: 3321
30/01/2013 04:35:52|INFO|PCSVERO_USER_20130130.csv Total de Logins: 1661
30/01/2013 04:35:52|INFO|PCSVENDITA_USER_20130130.csv Total de Logins: 255
30/01/2013 04:35:52|INFO|PCSSCTR-PORTAL_USER_20130130.csv Total de Logins: 16
30/01/2013 04:35:52|INFO|PCSRAP_USER_20130130.csv Total de Logins: 14
30/01/2013 04:35:52|INFO|PCSBDOH_USER_20130130.csv Total de Logins: 186
30/01/2013 04:35:52|INFO|PCSUCM_USER_20130130.csv Total de Logins: 11
30/01/2013 04:35:52|INFO|PCSGVAS_USER_20130130.csv Total de Logins: 10
30/01/2013 04:35:52|INFO|PCSKPI_USER_20130130.csv Total de Logins: 8
30/01/2013 04:35:52|INFO|PCSIPVS_USER_20130130.csv Total de Logins: 5
30/01/2013 04:35:52|INFO|PCSSALES_USER_20130130.csv Total de Logins: 93
30/01/2013 04:35:52|INFO|PCSGCPP_USER_20130130.csv Total de Logins: 5
30/01/2013 04:35:52|INFO|PCSPDV_MGMT_USER_20130130.csv Total de Logins: 7
30/01/2013 04:35:52|INFO|PCSGJMC_USER_20130130.csv Total de Logins: 7
30/01/2013 04:35:52|INFO|PCSFELETRONICAPG_USER_20130130.csv Total de Logins: 6
30/01/2013 04:35:52|INFO|PCSDTH_USER_20130130.csv Total de Logins: 2
30/01/2013 04:35:52|INFO|Finalizado
