16/02/2013 04:30:01|INFO|Iniciando
16/02/2013 04:36:06|INFO|PCSCLARIFY_USER_20130216.csv Total de Logins: 21759
16/02/2013 04:36:06|INFO|PCSPDVGN_USER_20130216.csv Total de Logins: 3473
16/02/2013 04:36:06|INFO|PCSPDV_LIVE_USER_20130216.csv Total de Logins: 13196
16/02/2013 04:36:06|INFO|PCSSFA_USER_20130216.csv Total de Logins: 1771
16/02/2013 04:36:06|INFO|PCSPDVGL_USER_20130216.csv Total de Logins: 2060
16/02/2013 04:36:06|INFO|PCSSIEBEL_USER_20130216.csv Total de Logins: 29
16/02/2013 04:36:06|INFO|PCSASP_USER_20130216.csv Total de Logins: 19746
16/02/2013 04:36:06|INFO|PCSDSF_USER_20130216.csv Total de Logins: 26375
16/02/2013 04:36:06|INFO|PCSPROTOCOLOS_USER_20130216.csv Total de Logins: 2698
16/02/2013 04:36:06|INFO|PCSSGR_USER_20130216.csv Total de Logins: 17256
16/02/2013 04:36:06|INFO|PCSCBCF_USER_20130216.csv Total de Logins: 12591
16/02/2013 04:36:06|INFO|PCSICRC_USER_20130216.csv Total de Logins: 18303
16/02/2013 04:36:06|INFO|PCSIUNICA_USER_20130216.csv Total de Logins: 9468
16/02/2013 04:36:06|INFO|PCSPLOGISTICA_USER_20130216.csv Total de Logins: 5226
16/02/2013 04:36:06|INFO|PCSP2B_USER_20130216.csv Total de Logins: 1834
16/02/2013 04:36:06|INFO|PCSTIMFILAS_USER_20130216.csv Total de Logins: 1597
16/02/2013 04:36:06|INFO|PCSFELETRONICA_USER_20130216.csv Total de Logins: 4523
16/02/2013 04:36:06|INFO|PCSVERO_USER_20130216.csv Total de Logins: 1688
16/02/2013 04:36:06|INFO|PCSVENDITA_USER_20130216.csv Total de Logins: 263
16/02/2013 04:36:06|INFO|PCSRAP_USER_20130216.csv Total de Logins: 14
16/02/2013 04:36:06|INFO|PCSSCTR-PORTAL_USER_20130216.csv Total de Logins: 16
16/02/2013 04:36:06|INFO|PCSUCM_USER_20130216.csv Total de Logins: 10
16/02/2013 04:36:06|INFO|PCSGVAS_USER_20130216.csv Total de Logins: 9
16/02/2013 04:36:06|INFO|PCSKPI_USER_20130216.csv Total de Logins: 7
16/02/2013 04:36:06|INFO|PCSIPVS_USER_20130216.csv Total de Logins: 5
16/02/2013 04:36:06|INFO|PCSBDOH_USER_20130216.csv Total de Logins: 184
16/02/2013 04:36:06|INFO|PCSSALES_USER_20130216.csv Total de Logins: 84
16/02/2013 04:36:06|INFO|PCSGCPP_USER_20130216.csv Total de Logins: 6
16/02/2013 04:36:06|INFO|PCSPDV_MGMT_USER_20130216.csv Total de Logins: 8
16/02/2013 04:36:06|INFO|PCSGJMC_USER_20130216.csv Total de Logins: 7
16/02/2013 04:36:06|INFO|PCSFELETRONICAPG_USER_20130216.csv Total de Logins: 6
16/02/2013 04:36:06|INFO|PCSDTH_USER_20130216.csv Total de Logins: 2
16/02/2013 04:36:06|INFO|Finalizado
