12/01/2013 04:30:01|INFO|Iniciando
12/01/2013 04:35:43|INFO|PCSCLARIFY_USER_20130112.csv Total de Logins: 20977
12/01/2013 04:35:43|INFO|PCSPDVGN_USER_20130112.csv Total de Logins: 3411
12/01/2013 04:35:43|INFO|PCSPDV_LIVE_USER_20130112.csv Total de Logins: 11392
12/01/2013 04:35:43|INFO|PCSSFA_USER_20130112.csv Total de Logins: 437
12/01/2013 04:35:43|INFO|PCSPDVGL_USER_20130112.csv Total de Logins: 2038
12/01/2013 04:35:43|INFO|PCSSIEBEL_USER_20130112.csv Total de Logins: 50
12/01/2013 04:35:43|INFO|PCSDSF_USER_20130112.csv Total de Logins: 25367
12/01/2013 04:35:43|INFO|PCSSGR_USER_20130112.csv Total de Logins: 16464
12/01/2013 04:35:43|INFO|PCSCBCF_USER_20130112.csv Total de Logins: 11839
12/01/2013 04:35:43|INFO|PCSPROTOCOLOS_USER_20130112.csv Total de Logins: 3101
12/01/2013 04:35:43|INFO|PCSICRC_USER_20130112.csv Total de Logins: 16691
12/01/2013 04:35:43|INFO|PCSASP_USER_20130112.csv Total de Logins: 18459
12/01/2013 04:35:43|INFO|PCSIUNICA_USER_20130112.csv Total de Logins: 8416
12/01/2013 04:35:43|INFO|PCSPLOGISTICA_USER_20130112.csv Total de Logins: 3845
12/01/2013 04:35:43|INFO|PCSTIMFILAS_USER_20130112.csv Total de Logins: 1685
12/01/2013 04:35:43|INFO|PCSFELETRONICA_USER_20130112.csv Total de Logins: 3324
12/01/2013 04:35:43|INFO|PCSVERO_USER_20130112.csv Total de Logins: 376
12/01/2013 04:35:43|INFO|PCSP2B_USER_20130112.csv Total de Logins: 255
12/01/2013 04:35:43|INFO|PCSGVAS_USER_20130112.csv Total de Logins: 11
12/01/2013 04:35:43|INFO|PCSSALES_USER_20130112.csv Total de Logins: 337
12/01/2013 04:35:43|INFO|PCSVENDITA_USER_20130112.csv Total de Logins: 260
12/01/2013 04:35:43|INFO|PCSSCTR-PORTAL_USER_20130112.csv Total de Logins: 19
12/01/2013 04:35:43|INFO|PCSRAP_USER_20130112.csv Total de Logins: 15
12/01/2013 04:35:43|INFO|PCSBDOH_USER_20130112.csv Total de Logins: 211
12/01/2013 04:35:43|INFO|PCSUCM_USER_20130112.csv Total de Logins: 14
12/01/2013 04:35:43|INFO|PCSKPI_USER_20130112.csv Total de Logins: 8
12/01/2013 04:35:43|INFO|PCSIPVS_USER_20130112.csv Total de Logins: 5
12/01/2013 04:35:43|INFO|PCSGCPP_USER_20130112.csv Total de Logins: 6
12/01/2013 04:35:43|INFO|PCSPDV_MGMT_USER_20130112.csv Total de Logins: 5
12/01/2013 04:35:43|INFO|PCSGJMC_USER_20130112.csv Total de Logins: 8
12/01/2013 04:35:43|INFO|PCSFELETRONICAPG_USER_20130112.csv Total de Logins: 9
12/01/2013 04:35:43|INFO|PCSDTH_USER_20130112.csv Total de Logins: 2
12/01/2013 04:35:43|INFO|Finalizado
