01/10/2012 04:30:01|INFO|Iniciando
01/10/2012 04:35:04|INFO|PCSCLARIFY_USER_20121001.csv Total de Logins: 20134
01/10/2012 04:35:04|INFO|PCSPDVGN_USER_20121001.csv Total de Logins: 3437
01/10/2012 04:35:04|INFO|PCSPDV_LIVE_USER_20121001.csv Total de Logins: 9891
01/10/2012 04:35:04|INFO|PCSPDVGL_USER_20121001.csv Total de Logins: 2126
01/10/2012 04:35:04|INFO|PCSSIEBEL_USER_20121001.csv Total de Logins: 535
01/10/2012 04:35:04|INFO|PCSDSF_USER_20121001.csv Total de Logins: 24288
01/10/2012 04:35:04|INFO|PCSSGR_USER_20121001.csv Total de Logins: 14800
01/10/2012 04:35:04|INFO|PCSCBCF_USER_20121001.csv Total de Logins: 10820
01/10/2012 04:35:04|INFO|PCSPROTOCOLOS_USER_20121001.csv Total de Logins: 2096
01/10/2012 04:35:04|INFO|PCSASP_USER_20121001.csv Total de Logins: 17755
01/10/2012 04:35:04|INFO|PCSIUNICA_USER_20121001.csv Total de Logins: 7710
01/10/2012 04:35:04|INFO|PCSICRC_USER_20121001.csv Total de Logins: 16134
01/10/2012 04:35:04|INFO|PCSPLOGISTICA_USER_20121001.csv Total de Logins: 4052
01/10/2012 04:35:04|INFO|PCSTIMFILAS_USER_20121001.csv Total de Logins: 1335
01/10/2012 04:35:04|INFO|PCSGVAS_USER_20121001.csv Total de Logins: 14
01/10/2012 04:35:04|INFO|PCSDTH_USER_20121001.csv Total de Logins: 6
01/10/2012 04:35:04|INFO|PCSFELETRONICA_USER_20121001.csv Total de Logins: 2458
01/10/2012 04:35:04|INFO|PCSVENDITA_USER_20121001.csv Total de Logins: 256
01/10/2012 04:35:04|INFO|PCSRAP_USER_20121001.csv Total de Logins: 33
01/10/2012 04:35:04|INFO|PCSSCTR-PORTAL_USER_20121001.csv Total de Logins: 19
01/10/2012 04:35:04|INFO|PCSFELETRONICAPG_USER_20121001.csv Total de Logins: 12
01/10/2012 04:35:04|INFO|PCSGCPP_USER_20121001.csv Total de Logins: 11
01/10/2012 04:35:04|INFO|PCSUCM_USER_20121001.csv Total de Logins: 40
01/10/2012 04:35:04|INFO|PCSGJMC_USER_20121001.csv Total de Logins: 9
01/10/2012 04:35:04|INFO|PCSKPI_USER_20121001.csv Total de Logins: 9
01/10/2012 04:35:04|INFO|PCSIPVS_USER_20121001.csv Total de Logins: 9
01/10/2012 04:35:04|INFO|PCSPDV_MGMT_USER_20121001.csv Total de Logins: 6
01/10/2012 04:35:04|INFO|PCSP2B_USER_20121001.csv Total de Logins: 1
01/10/2012 04:35:04|INFO|PCSBISEMANTICO_USER_20121001.csv Total de Logins: 2
01/10/2012 04:35:04|INFO|Finalizado
