29/04/2013 04:30:01|INFO|Iniciando
29/04/2013 04:36:13|INFO|PCSCLARIFY_USER_20130429.csv Total de Logins: 21762
29/04/2013 04:36:13|INFO|PCSPDVGN_USER_20130429.csv Total de Logins: 3395
29/04/2013 04:36:13|INFO|PCSPDV_LIVE_USER_20130429.csv Total de Logins: 11409
29/04/2013 04:36:13|INFO|PCSPDVGL_USER_20130429.csv Total de Logins: 1961
29/04/2013 04:36:13|INFO|PCSSIEBEL_USER_20130429.csv Total de Logins: 74
29/04/2013 04:36:13|INFO|PCSDSF_USER_20130429.csv Total de Logins: 26094
29/04/2013 04:36:13|INFO|PCSPROTOCOLOS_USER_20130429.csv Total de Logins: 2656
29/04/2013 04:36:13|INFO|PCSSGR_USER_20130429.csv Total de Logins: 17252
29/04/2013 04:36:14|INFO|PCSCBCF_USER_20130429.csv Total de Logins: 12812
29/04/2013 04:36:14|INFO|PCSICRC_USER_20130429.csv Total de Logins: 17630
29/04/2013 04:36:14|INFO|PCSASP_USER_20130429.csv Total de Logins: 19315
29/04/2013 04:36:14|INFO|PCSIUNICA_USER_20130429.csv Total de Logins: 8762
29/04/2013 04:36:14|INFO|PCSPLOGISTICA_USER_20130429.csv Total de Logins: 4242
29/04/2013 04:36:14|INFO|PCSP2B_USER_20130429.csv Total de Logins: 4690
29/04/2013 04:36:14|INFO|PCSSFA_USER_20130429.csv Total de Logins: 1545
29/04/2013 04:36:14|INFO|PCSVERO_USER_20130429.csv Total de Logins: 1530
29/04/2013 04:36:14|INFO|PCSTIMFILAS_USER_20130429.csv Total de Logins: 1673
29/04/2013 04:36:14|INFO|PCSFELETRONICA_USER_20130429.csv Total de Logins: 3355
29/04/2013 04:36:14|INFO|PCSVENDITA_USER_20130429.csv Total de Logins: 292
29/04/2013 04:36:14|INFO|PCSRAP_USER_20130429.csv Total de Logins: 22
29/04/2013 04:36:14|INFO|PCSSCTR-PORTAL_USER_20130429.csv Total de Logins: 19
29/04/2013 04:36:14|INFO|PCSUCM_USER_20130429.csv Total de Logins: 10
29/04/2013 04:36:14|INFO|PCSGVAS_USER_20130429.csv Total de Logins: 8
29/04/2013 04:36:14|INFO|PCSKPI_USER_20130429.csv Total de Logins: 7
29/04/2013 04:36:14|INFO|PCSIPVS_USER_20130429.csv Total de Logins: 4
29/04/2013 04:36:14|INFO|PCSBDOH_USER_20130429.csv Total de Logins: 195
29/04/2013 04:36:14|INFO|PCSSALES_USER_20130429.csv Total de Logins: 55
29/04/2013 04:36:14|INFO|PCSGCPP_USER_20130429.csv Total de Logins: 5
29/04/2013 04:36:14|INFO|PCSPDV_MGMT_USER_20130429.csv Total de Logins: 7
29/04/2013 04:36:14|INFO|PCSGJMC_USER_20130429.csv Total de Logins: 6
29/04/2013 04:36:14|INFO|PCSFELETRONICAPG_USER_20130429.csv Total de Logins: 5
29/04/2013 04:36:14|INFO|PCSDTH_USER_20130429.csv Total de Logins: 2
29/04/2013 04:36:14|INFO|Finalizado
