18/06/2013 04:30:01|INFO|Iniciando
18/06/2013 04:36:25|INFO|PCSCLARIFY_USER_20130618.csv Total de Logins: 20369
18/06/2013 04:36:25|INFO|PCSPDVGN_USER_20130618.csv Total de Logins: 3236
18/06/2013 04:36:25|INFO|PCSPDV_LIVE_USER_20130618.csv Total de Logins: 11414
18/06/2013 04:36:25|INFO|PCSSFA_USER_20130618.csv Total de Logins: 3318
18/06/2013 04:36:26|INFO|PCSPDVGL_USER_20130618.csv Total de Logins: 1768
18/06/2013 04:36:26|INFO|PCSDSF_USER_20130618.csv Total de Logins: 24722
18/06/2013 04:36:26|INFO|PCSPROTOCOLOS_USER_20130618.csv Total de Logins: 3206
18/06/2013 04:36:26|INFO|PCSSGR_USER_20130618.csv Total de Logins: 16762
18/06/2013 04:36:26|INFO|PCSCBCF_USER_20130618.csv Total de Logins: 12557
18/06/2013 04:36:26|INFO|PCSICRC_USER_20130618.csv Total de Logins: 16730
18/06/2013 04:36:26|INFO|PCSASP_USER_20130618.csv Total de Logins: 18107
18/06/2013 04:36:26|INFO|PCSIUNICA_USER_20130618.csv Total de Logins: 8121
18/06/2013 04:36:26|INFO|PCSP2B_USER_20130618.csv Total de Logins: 5944
18/06/2013 04:36:26|INFO|PCSSIEBEL_USER_20130618.csv Total de Logins: 179
18/06/2013 04:36:26|INFO|PCSPLOGISTICA_USER_20130618.csv Total de Logins: 4390
18/06/2013 04:36:26|INFO|PCSFELETRONICA_USER_20130618.csv Total de Logins: 2764
18/06/2013 04:36:26|INFO|PCSVERO_USER_20130618.csv Total de Logins: 3052
18/06/2013 04:36:26|INFO|PCSTIMFILAS_USER_20130618.csv Total de Logins: 1644
18/06/2013 04:36:26|INFO|PCSVENDITA_USER_20130618.csv Total de Logins: 264
18/06/2013 04:36:26|INFO|PCSSCTR-PORTAL_USER_20130618.csv Total de Logins: 22
18/06/2013 04:36:26|INFO|PCSRAP_USER_20130618.csv Total de Logins: 24
18/06/2013 04:36:26|INFO|PCSGCPP_USER_20130618.csv Total de Logins: 17
18/06/2013 04:36:26|INFO|PCSUCM_USER_20130618.csv Total de Logins: 12
18/06/2013 04:36:26|INFO|PCSGVAS_USER_20130618.csv Total de Logins: 10
18/06/2013 04:36:26|INFO|PCSKPI_USER_20130618.csv Total de Logins: 7
18/06/2013 04:36:26|INFO|PCSIPVS_USER_20130618.csv Total de Logins: 9
18/06/2013 04:36:26|INFO|PCSBDOH_USER_20130618.csv Total de Logins: 130
18/06/2013 04:36:26|INFO|PCSSALES_USER_20130618.csv Total de Logins: 43
18/06/2013 04:36:26|INFO|PCSDTH_USER_20130618.csv Total de Logins: 8
18/06/2013 04:36:26|INFO|PCSPDV_MGMT_USER_20130618.csv Total de Logins: 10
18/06/2013 04:36:26|INFO|PCSGJMC_USER_20130618.csv Total de Logins: 9
18/06/2013 04:36:26|INFO|PCSFELETRONICAPG_USER_20130618.csv Total de Logins: 11
18/06/2013 04:36:26|INFO|PCSBISEMANTICO_USER_20130618.csv Total de Logins: 6
18/06/2013 04:36:26|INFO|Finalizado
