19/06/2013 04:30:01|INFO|Iniciando
19/06/2013 04:36:25|INFO|PCSCLARIFY_USER_20130619.csv Total de Logins: 20203
19/06/2013 04:36:25|INFO|PCSPDVGN_USER_20130619.csv Total de Logins: 3236
19/06/2013 04:36:25|INFO|PCSPDV_LIVE_USER_20130619.csv Total de Logins: 11477
19/06/2013 04:36:25|INFO|PCSSFA_USER_20130619.csv Total de Logins: 3129
19/06/2013 04:36:25|INFO|PCSPDVGL_USER_20130619.csv Total de Logins: 1769
19/06/2013 04:36:25|INFO|PCSDSF_USER_20130619.csv Total de Logins: 24589
19/06/2013 04:36:25|INFO|PCSPROTOCOLOS_USER_20130619.csv Total de Logins: 3240
19/06/2013 04:36:25|INFO|PCSSGR_USER_20130619.csv Total de Logins: 16674
19/06/2013 04:36:25|INFO|PCSCBCF_USER_20130619.csv Total de Logins: 12533
19/06/2013 04:36:26|INFO|PCSICRC_USER_20130619.csv Total de Logins: 16579
19/06/2013 04:36:26|INFO|PCSASP_USER_20130619.csv Total de Logins: 17960
19/06/2013 04:36:26|INFO|PCSIUNICA_USER_20130619.csv Total de Logins: 8032
19/06/2013 04:36:26|INFO|PCSP2B_USER_20130619.csv Total de Logins: 5736
19/06/2013 04:36:26|INFO|PCSSIEBEL_USER_20130619.csv Total de Logins: 328
19/06/2013 04:36:26|INFO|PCSPLOGISTICA_USER_20130619.csv Total de Logins: 4387
19/06/2013 04:36:26|INFO|PCSFELETRONICA_USER_20130619.csv Total de Logins: 2775
19/06/2013 04:36:26|INFO|PCSVERO_USER_20130619.csv Total de Logins: 2848
19/06/2013 04:36:26|INFO|PCSTIMFILAS_USER_20130619.csv Total de Logins: 1646
19/06/2013 04:36:26|INFO|PCSVENDITA_USER_20130619.csv Total de Logins: 260
19/06/2013 04:36:26|INFO|PCSSCTR-PORTAL_USER_20130619.csv Total de Logins: 22
19/06/2013 04:36:26|INFO|PCSRAP_USER_20130619.csv Total de Logins: 24
19/06/2013 04:36:26|INFO|PCSGCPP_USER_20130619.csv Total de Logins: 17
19/06/2013 04:36:26|INFO|PCSUCM_USER_20130619.csv Total de Logins: 12
19/06/2013 04:36:26|INFO|PCSGVAS_USER_20130619.csv Total de Logins: 10
19/06/2013 04:36:26|INFO|PCSKPI_USER_20130619.csv Total de Logins: 7
19/06/2013 04:36:26|INFO|PCSIPVS_USER_20130619.csv Total de Logins: 9
19/06/2013 04:36:26|INFO|PCSBDOH_USER_20130619.csv Total de Logins: 129
19/06/2013 04:36:26|INFO|PCSSALES_USER_20130619.csv Total de Logins: 43
19/06/2013 04:36:26|INFO|PCSDTH_USER_20130619.csv Total de Logins: 8
19/06/2013 04:36:26|INFO|PCSPDV_MGMT_USER_20130619.csv Total de Logins: 10
19/06/2013 04:36:26|INFO|PCSGJMC_USER_20130619.csv Total de Logins: 9
19/06/2013 04:36:26|INFO|PCSFELETRONICAPG_USER_20130619.csv Total de Logins: 11
19/06/2013 04:36:26|INFO|PCSBISEMANTICO_USER_20130619.csv Total de Logins: 6
19/06/2013 04:36:26|INFO|Finalizado
