10/10/2012 04:30:01|INFO|Iniciando
10/10/2012 04:35:11|INFO|PCSCLARIFY_USER_20121010.csv Total de Logins: 19975
10/10/2012 04:35:11|INFO|PCSPDVGN_USER_20121010.csv Total de Logins: 3442
10/10/2012 04:35:11|INFO|PCSPDV_LIVE_USER_20121010.csv Total de Logins: 9861
10/10/2012 04:35:11|INFO|PCSPDVGL_USER_20121010.csv Total de Logins: 2146
10/10/2012 04:35:11|INFO|PCSSIEBEL_USER_20121010.csv Total de Logins: 526
10/10/2012 04:35:11|INFO|PCSDSF_USER_20121010.csv Total de Logins: 24029
10/10/2012 04:35:11|INFO|PCSSGR_USER_20121010.csv Total de Logins: 14915
10/10/2012 04:35:11|INFO|PCSCBCF_USER_20121010.csv Total de Logins: 10827
10/10/2012 04:35:11|INFO|PCSPROTOCOLOS_USER_20121010.csv Total de Logins: 2177
10/10/2012 04:35:11|INFO|PCSASP_USER_20121010.csv Total de Logins: 17393
10/10/2012 04:35:11|INFO|PCSIUNICA_USER_20121010.csv Total de Logins: 7600
10/10/2012 04:35:11|INFO|PCSICRC_USER_20121010.csv Total de Logins: 15954
10/10/2012 04:35:11|INFO|PCSPLOGISTICA_USER_20121010.csv Total de Logins: 4242
10/10/2012 04:35:11|INFO|PCSTIMFILAS_USER_20121010.csv Total de Logins: 1315
10/10/2012 04:35:11|INFO|PCSFELETRONICA_USER_20121010.csv Total de Logins: 2365
10/10/2012 04:35:11|INFO|PCSGVAS_USER_20121010.csv Total de Logins: 16
10/10/2012 04:35:11|INFO|PCSDTH_USER_20121010.csv Total de Logins: 6
10/10/2012 04:35:11|INFO|PCSVENDITA_USER_20121010.csv Total de Logins: 232
10/10/2012 04:35:11|INFO|PCSRAP_USER_20121010.csv Total de Logins: 36
10/10/2012 04:35:11|INFO|PCSSCTR-PORTAL_USER_20121010.csv Total de Logins: 20
10/10/2012 04:35:11|INFO|PCSVERO_USER_20121010.csv Total de Logins: 19
10/10/2012 04:35:11|INFO|PCSSFA_USER_20121010.csv Total de Logins: 17
10/10/2012 04:35:11|INFO|PCSFELETRONICAPG_USER_20121010.csv Total de Logins: 12
10/10/2012 04:35:11|INFO|PCSGCPP_USER_20121010.csv Total de Logins: 10
10/10/2012 04:35:11|INFO|PCSUCM_USER_20121010.csv Total de Logins: 40
10/10/2012 04:35:11|INFO|PCSGJMC_USER_20121010.csv Total de Logins: 13
10/10/2012 04:35:11|INFO|PCSKPI_USER_20121010.csv Total de Logins: 8
10/10/2012 04:35:11|INFO|PCSIPVS_USER_20121010.csv Total de Logins: 9
10/10/2012 04:35:11|INFO|PCSPDV_MGMT_USER_20121010.csv Total de Logins: 6
10/10/2012 04:35:11|INFO|PCSP2B_USER_20121010.csv Total de Logins: 1
10/10/2012 04:35:11|INFO|PCSBISEMANTICO_USER_20121010.csv Total de Logins: 2
10/10/2012 04:35:11|INFO|Finalizado
