15/02/2013 04:30:02|INFO|Iniciando
15/02/2013 04:36:09|INFO|PCSCLARIFY_USER_20130215.csv Total de Logins: 21786
15/02/2013 04:36:09|INFO|PCSPDVGN_USER_20130215.csv Total de Logins: 3479
15/02/2013 04:36:09|INFO|PCSPDV_LIVE_USER_20130215.csv Total de Logins: 13126
15/02/2013 04:36:09|INFO|PCSSFA_USER_20130215.csv Total de Logins: 1772
15/02/2013 04:36:09|INFO|PCSPDVGL_USER_20130215.csv Total de Logins: 2058
15/02/2013 04:36:09|INFO|PCSSIEBEL_USER_20130215.csv Total de Logins: 29
15/02/2013 04:36:09|INFO|PCSDSF_USER_20130215.csv Total de Logins: 26346
15/02/2013 04:36:09|INFO|PCSPROTOCOLOS_USER_20130215.csv Total de Logins: 2704
15/02/2013 04:36:09|INFO|PCSSGR_USER_20130215.csv Total de Logins: 17234
15/02/2013 04:36:09|INFO|PCSCBCF_USER_20130215.csv Total de Logins: 12501
15/02/2013 04:36:09|INFO|PCSICRC_USER_20130215.csv Total de Logins: 18151
15/02/2013 04:36:09|INFO|PCSASP_USER_20130215.csv Total de Logins: 19724
15/02/2013 04:36:09|INFO|PCSIUNICA_USER_20130215.csv Total de Logins: 9437
15/02/2013 04:36:09|INFO|PCSPLOGISTICA_USER_20130215.csv Total de Logins: 5133
15/02/2013 04:36:09|INFO|PCSP2B_USER_20130215.csv Total de Logins: 1835
15/02/2013 04:36:09|INFO|PCSTIMFILAS_USER_20130215.csv Total de Logins: 1598
15/02/2013 04:36:09|INFO|PCSFELETRONICA_USER_20130215.csv Total de Logins: 4451
15/02/2013 04:36:09|INFO|PCSVERO_USER_20130215.csv Total de Logins: 1689
15/02/2013 04:36:09|INFO|PCSVENDITA_USER_20130215.csv Total de Logins: 265
15/02/2013 04:36:09|INFO|PCSRAP_USER_20130215.csv Total de Logins: 14
15/02/2013 04:36:09|INFO|PCSSCTR-PORTAL_USER_20130215.csv Total de Logins: 16
15/02/2013 04:36:09|INFO|PCSUCM_USER_20130215.csv Total de Logins: 10
15/02/2013 04:36:09|INFO|PCSGVAS_USER_20130215.csv Total de Logins: 9
15/02/2013 04:36:09|INFO|PCSKPI_USER_20130215.csv Total de Logins: 7
15/02/2013 04:36:09|INFO|PCSIPVS_USER_20130215.csv Total de Logins: 5
15/02/2013 04:36:09|INFO|PCSBDOH_USER_20130215.csv Total de Logins: 180
15/02/2013 04:36:09|INFO|PCSSALES_USER_20130215.csv Total de Logins: 84
15/02/2013 04:36:09|INFO|PCSGCPP_USER_20130215.csv Total de Logins: 6
15/02/2013 04:36:09|INFO|PCSPDV_MGMT_USER_20130215.csv Total de Logins: 8
15/02/2013 04:36:09|INFO|PCSGJMC_USER_20130215.csv Total de Logins: 7
15/02/2013 04:36:09|INFO|PCSFELETRONICAPG_USER_20130215.csv Total de Logins: 6
15/02/2013 04:36:09|INFO|PCSDTH_USER_20130215.csv Total de Logins: 2
15/02/2013 04:36:09|INFO|Finalizado
