15/11/2012 04:30:01|INFO|Iniciando
15/11/2012 04:35:15|INFO|PCSCLARIFY_USER_20121115.csv Total de Logins: 19595
15/11/2012 04:35:15|INFO|PCSPDVGN_USER_20121115.csv Total de Logins: 3348
15/11/2012 04:35:15|INFO|PCSPDV_LIVE_USER_20121115.csv Total de Logins: 10462
15/11/2012 04:35:15|INFO|PCSBDOH_USER_20121115.csv Total de Logins: 203
15/11/2012 04:35:15|INFO|PCSPDVGL_USER_20121115.csv Total de Logins: 2003
15/11/2012 04:35:15|INFO|PCSSIEBEL_USER_20121115.csv Total de Logins: 122
15/11/2012 04:35:15|INFO|PCSDSF_USER_20121115.csv Total de Logins: 23802
15/11/2012 04:35:15|INFO|PCSPROTOCOLOS_USER_20121115.csv Total de Logins: 3007
15/11/2012 04:35:15|INFO|PCSSGR_USER_20121115.csv Total de Logins: 15226
15/11/2012 04:35:15|INFO|PCSCBCF_USER_20121115.csv Total de Logins: 11729
15/11/2012 04:35:15|INFO|PCSASP_USER_20121115.csv Total de Logins: 17164
15/11/2012 04:35:15|INFO|PCSIUNICA_USER_20121115.csv Total de Logins: 7681
15/11/2012 04:35:15|INFO|PCSICRC_USER_20121115.csv Total de Logins: 15566
15/11/2012 04:35:15|INFO|PCSPLOGISTICA_USER_20121115.csv Total de Logins: 4164
15/11/2012 04:35:15|INFO|PCSTIMFILAS_USER_20121115.csv Total de Logins: 1499
15/11/2012 04:35:15|INFO|PCSFELETRONICA_USER_20121115.csv Total de Logins: 2623
15/11/2012 04:35:15|INFO|PCSGVAS_USER_20121115.csv Total de Logins: 14
15/11/2012 04:35:15|INFO|PCSVERO_USER_20121115.csv Total de Logins: 41
15/11/2012 04:35:15|INFO|PCSVENDITA_USER_20121115.csv Total de Logins: 200
15/11/2012 04:35:15|INFO|PCSRAP_USER_20121115.csv Total de Logins: 22
15/11/2012 04:35:15|INFO|PCSSCTR-PORTAL_USER_20121115.csv Total de Logins: 18
15/11/2012 04:35:15|INFO|PCSSFA_USER_20121115.csv Total de Logins: 39
15/11/2012 04:35:15|INFO|PCSFELETRONICAPG_USER_20121115.csv Total de Logins: 10
15/11/2012 04:35:15|INFO|PCSGCPP_USER_20121115.csv Total de Logins: 9
15/11/2012 04:35:15|INFO|PCSUCM_USER_20121115.csv Total de Logins: 15
15/11/2012 04:35:15|INFO|PCSGJMC_USER_20121115.csv Total de Logins: 12
15/11/2012 04:35:15|INFO|PCSKPI_USER_20121115.csv Total de Logins: 8
15/11/2012 04:35:15|INFO|PCSIPVS_USER_20121115.csv Total de Logins: 8
15/11/2012 04:35:15|INFO|PCSPDV_MGMT_USER_20121115.csv Total de Logins: 7
15/11/2012 04:35:15|INFO|PCSP2B_USER_20121115.csv Total de Logins: 3
15/11/2012 04:35:15|INFO|PCSDTH_USER_20121115.csv Total de Logins: 2
15/11/2012 04:35:15|INFO|Finalizado
