05/06/2013 04:30:01|INFO|Iniciando
05/06/2013 04:36:19|INFO|PCSCLARIFY_USER_20130605.csv Total de Logins: 20452
05/06/2013 04:36:19|INFO|PCSPDVGN_USER_20130605.csv Total de Logins: 3189
05/06/2013 04:36:19|INFO|PCSPDV_LIVE_USER_20130605.csv Total de Logins: 11128
05/06/2013 04:36:19|INFO|PCSPDVGL_USER_20130605.csv Total de Logins: 1778
05/06/2013 04:36:19|INFO|PCSSIEBEL_USER_20130605.csv Total de Logins: 124
05/06/2013 04:36:19|INFO|PCSDSF_USER_20130605.csv Total de Logins: 24707
05/06/2013 04:36:19|INFO|PCSPROTOCOLOS_USER_20130605.csv Total de Logins: 2923
05/06/2013 04:36:19|INFO|PCSSGR_USER_20130605.csv Total de Logins: 16498
05/06/2013 04:36:19|INFO|PCSCBCF_USER_20130605.csv Total de Logins: 12270
05/06/2013 04:36:19|INFO|PCSICRC_USER_20130605.csv Total de Logins: 16658
05/06/2013 04:36:19|INFO|PCSASP_USER_20130605.csv Total de Logins: 18182
05/06/2013 04:36:19|INFO|PCSIUNICA_USER_20130605.csv Total de Logins: 7986
05/06/2013 04:36:19|INFO|PCSP2B_USER_20130605.csv Total de Logins: 5361
05/06/2013 04:36:19|INFO|PCSPLOGISTICA_USER_20130605.csv Total de Logins: 4683
05/06/2013 04:36:19|INFO|PCSSFA_USER_20130605.csv Total de Logins: 2789
05/06/2013 04:36:19|INFO|PCSVERO_USER_20130605.csv Total de Logins: 2592
05/06/2013 04:36:19|INFO|PCSTIMFILAS_USER_20130605.csv Total de Logins: 1669
05/06/2013 04:36:19|INFO|PCSFELETRONICA_USER_20130605.csv Total de Logins: 2633
05/06/2013 04:36:19|INFO|PCSVENDITA_USER_20130605.csv Total de Logins: 278
05/06/2013 04:36:19|INFO|PCSSCTR-PORTAL_USER_20130605.csv Total de Logins: 21
05/06/2013 04:36:19|INFO|PCSRAP_USER_20130605.csv Total de Logins: 24
05/06/2013 04:36:19|INFO|PCSGCPP_USER_20130605.csv Total de Logins: 17
05/06/2013 04:36:19|INFO|PCSUCM_USER_20130605.csv Total de Logins: 12
05/06/2013 04:36:19|INFO|PCSGVAS_USER_20130605.csv Total de Logins: 10
05/06/2013 04:36:19|INFO|PCSKPI_USER_20130605.csv Total de Logins: 7
05/06/2013 04:36:19|INFO|PCSIPVS_USER_20130605.csv Total de Logins: 9
05/06/2013 04:36:19|INFO|PCSBDOH_USER_20130605.csv Total de Logins: 131
05/06/2013 04:36:19|INFO|PCSSALES_USER_20130605.csv Total de Logins: 44
05/06/2013 04:36:19|INFO|PCSPDV_MGMT_USER_20130605.csv Total de Logins: 10
05/06/2013 04:36:19|INFO|PCSGJMC_USER_20130605.csv Total de Logins: 9
05/06/2013 04:36:19|INFO|PCSFELETRONICAPG_USER_20130605.csv Total de Logins: 8
05/06/2013 04:36:19|INFO|PCSBISEMANTICO_USER_20130605.csv Total de Logins: 6
05/06/2013 04:36:19|INFO|PCSDTH_USER_20130605.csv Total de Logins: 2
05/06/2013 04:36:19|INFO|Finalizado
