03/06/2013 04:30:02|INFO|Iniciando
03/06/2013 04:36:12|INFO|PCSCLARIFY_USER_20130603.csv Total de Logins: 20564
03/06/2013 04:36:12|INFO|PCSPDVGN_USER_20130603.csv Total de Logins: 3152
03/06/2013 04:36:12|INFO|PCSPDV_LIVE_USER_20130603.csv Total de Logins: 11075
03/06/2013 04:36:12|INFO|PCSPDVGL_USER_20130603.csv Total de Logins: 1781
03/06/2013 04:36:12|INFO|PCSSIEBEL_USER_20130603.csv Total de Logins: 123
03/06/2013 04:36:12|INFO|PCSDSF_USER_20130603.csv Total de Logins: 24774
03/06/2013 04:36:12|INFO|PCSPROTOCOLOS_USER_20130603.csv Total de Logins: 2802
03/06/2013 04:36:12|INFO|PCSSGR_USER_20130603.csv Total de Logins: 16493
03/06/2013 04:36:12|INFO|PCSCBCF_USER_20130603.csv Total de Logins: 12316
03/06/2013 04:36:12|INFO|PCSICRC_USER_20130603.csv Total de Logins: 16747
03/06/2013 04:36:12|INFO|PCSASP_USER_20130603.csv Total de Logins: 18203
03/06/2013 04:36:12|INFO|PCSIUNICA_USER_20130603.csv Total de Logins: 8036
03/06/2013 04:36:12|INFO|PCSP2B_USER_20130603.csv Total de Logins: 5121
03/06/2013 04:36:12|INFO|PCSPLOGISTICA_USER_20130603.csv Total de Logins: 4729
03/06/2013 04:36:12|INFO|PCSSFA_USER_20130603.csv Total de Logins: 2619
03/06/2013 04:36:12|INFO|PCSVERO_USER_20130603.csv Total de Logins: 2400
03/06/2013 04:36:12|INFO|PCSTIMFILAS_USER_20130603.csv Total de Logins: 1679
03/06/2013 04:36:12|INFO|PCSFELETRONICA_USER_20130603.csv Total de Logins: 2646
03/06/2013 04:36:12|INFO|PCSVENDITA_USER_20130603.csv Total de Logins: 281
03/06/2013 04:36:12|INFO|PCSSCTR-PORTAL_USER_20130603.csv Total de Logins: 21
03/06/2013 04:36:12|INFO|PCSRAP_USER_20130603.csv Total de Logins: 24
03/06/2013 04:36:12|INFO|PCSGCPP_USER_20130603.csv Total de Logins: 17
03/06/2013 04:36:12|INFO|PCSUCM_USER_20130603.csv Total de Logins: 12
03/06/2013 04:36:12|INFO|PCSGVAS_USER_20130603.csv Total de Logins: 10
03/06/2013 04:36:12|INFO|PCSKPI_USER_20130603.csv Total de Logins: 7
03/06/2013 04:36:12|INFO|PCSIPVS_USER_20130603.csv Total de Logins: 9
03/06/2013 04:36:12|INFO|PCSBDOH_USER_20130603.csv Total de Logins: 134
03/06/2013 04:36:12|INFO|PCSSALES_USER_20130603.csv Total de Logins: 46
03/06/2013 04:36:12|INFO|PCSPDV_MGMT_USER_20130603.csv Total de Logins: 10
03/06/2013 04:36:12|INFO|PCSGJMC_USER_20130603.csv Total de Logins: 9
03/06/2013 04:36:12|INFO|PCSFELETRONICAPG_USER_20130603.csv Total de Logins: 8
03/06/2013 04:36:12|INFO|PCSBISEMANTICO_USER_20130603.csv Total de Logins: 6
03/06/2013 04:36:12|INFO|PCSDTH_USER_20130603.csv Total de Logins: 2
03/06/2013 04:36:12|INFO|Finalizado
