09/05/2013 04:30:01|INFO|Iniciando
09/05/2013 04:36:16|INFO|PCSCLARIFY_USER_20130509.csv Total de Logins: 21215
09/05/2013 04:36:16|INFO|PCSPDVGN_USER_20130509.csv Total de Logins: 3371
09/05/2013 04:36:16|INFO|PCSPDV_LIVE_USER_20130509.csv Total de Logins: 11233
09/05/2013 04:36:16|INFO|PCSPDVGL_USER_20130509.csv Total de Logins: 1952
09/05/2013 04:36:16|INFO|PCSSIEBEL_USER_20130509.csv Total de Logins: 92
09/05/2013 04:36:16|INFO|PCSDSF_USER_20130509.csv Total de Logins: 25418
09/05/2013 04:36:16|INFO|PCSPROTOCOLOS_USER_20130509.csv Total de Logins: 2602
09/05/2013 04:36:16|INFO|PCSSGR_USER_20130509.csv Total de Logins: 16749
09/05/2013 04:36:16|INFO|PCSCBCF_USER_20130509.csv Total de Logins: 12305
09/05/2013 04:36:16|INFO|PCSICRC_USER_20130509.csv Total de Logins: 17091
09/05/2013 04:36:16|INFO|PCSASP_USER_20130509.csv Total de Logins: 18780
09/05/2013 04:36:16|INFO|PCSIUNICA_USER_20130509.csv Total de Logins: 8465
09/05/2013 04:36:16|INFO|PCSPLOGISTICA_USER_20130509.csv Total de Logins: 4052
09/05/2013 04:36:16|INFO|PCSP2B_USER_20130509.csv Total de Logins: 4748
09/05/2013 04:36:16|INFO|PCSSFA_USER_20130509.csv Total de Logins: 1925
09/05/2013 04:36:16|INFO|PCSVERO_USER_20130509.csv Total de Logins: 1772
09/05/2013 04:36:16|INFO|PCSTIMFILAS_USER_20130509.csv Total de Logins: 1667
09/05/2013 04:36:16|INFO|PCSFELETRONICA_USER_20130509.csv Total de Logins: 3016
09/05/2013 04:36:16|INFO|PCSVENDITA_USER_20130509.csv Total de Logins: 283
09/05/2013 04:36:16|INFO|PCSRAP_USER_20130509.csv Total de Logins: 20
09/05/2013 04:36:16|INFO|PCSSCTR-PORTAL_USER_20130509.csv Total de Logins: 17
09/05/2013 04:36:16|INFO|PCSUCM_USER_20130509.csv Total de Logins: 10
09/05/2013 04:36:16|INFO|PCSGVAS_USER_20130509.csv Total de Logins: 8
09/05/2013 04:36:16|INFO|PCSKPI_USER_20130509.csv Total de Logins: 7
09/05/2013 04:36:16|INFO|PCSIPVS_USER_20130509.csv Total de Logins: 4
09/05/2013 04:36:16|INFO|PCSBDOH_USER_20130509.csv Total de Logins: 155
09/05/2013 04:36:16|INFO|PCSSALES_USER_20130509.csv Total de Logins: 51
09/05/2013 04:36:16|INFO|PCSGCPP_USER_20130509.csv Total de Logins: 5
09/05/2013 04:36:16|INFO|PCSPDV_MGMT_USER_20130509.csv Total de Logins: 6
09/05/2013 04:36:16|INFO|PCSGJMC_USER_20130509.csv Total de Logins: 6
09/05/2013 04:36:16|INFO|PCSFELETRONICAPG_USER_20130509.csv Total de Logins: 5
09/05/2013 04:36:16|INFO|PCSDTH_USER_20130509.csv Total de Logins: 2
09/05/2013 04:36:16|INFO|Finalizado
