01/12/2012 04:30:01|INFO|Iniciando
01/12/2012 04:35:29|INFO|PCSCLARIFY_USER_20121201.csv Total de Logins: 20599
01/12/2012 04:35:29|INFO|PCSPDVGN_USER_20121201.csv Total de Logins: 3375
01/12/2012 04:35:29|INFO|PCSPDV_LIVE_USER_20121201.csv Total de Logins: 12029
01/12/2012 04:35:29|INFO|PCSBDOH_USER_20121201.csv Total de Logins: 315
01/12/2012 04:35:29|INFO|PCSPDVGL_USER_20121201.csv Total de Logins: 2037
01/12/2012 04:35:29|INFO|PCSSIEBEL_USER_20121201.csv Total de Logins: 101
01/12/2012 04:35:29|INFO|PCSDSF_USER_20121201.csv Total de Logins: 24807
01/12/2012 04:35:29|INFO|PCSPROTOCOLOS_USER_20121201.csv Total de Logins: 3572
01/12/2012 04:35:29|INFO|PCSSGR_USER_20121201.csv Total de Logins: 16403
01/12/2012 04:35:29|INFO|PCSCBCF_USER_20121201.csv Total de Logins: 12583
01/12/2012 04:35:29|INFO|PCSIUNICA_USER_20121201.csv Total de Logins: 8172
01/12/2012 04:35:29|INFO|PCSFELETRONICA_USER_20121201.csv Total de Logins: 2485
01/12/2012 04:35:29|INFO|PCSICRC_USER_20121201.csv Total de Logins: 16546
01/12/2012 04:35:29|INFO|PCSPLOGISTICA_USER_20121201.csv Total de Logins: 3951
01/12/2012 04:35:29|INFO|PCSASP_USER_20121201.csv Total de Logins: 17907
01/12/2012 04:35:29|INFO|PCSSFA_USER_20121201.csv Total de Logins: 103
01/12/2012 04:35:29|INFO|PCSTIMFILAS_USER_20121201.csv Total de Logins: 1639
01/12/2012 04:35:29|INFO|PCSGVAS_USER_20121201.csv Total de Logins: 12
01/12/2012 04:35:29|INFO|PCSVERO_USER_20121201.csv Total de Logins: 97
01/12/2012 04:35:29|INFO|PCSVENDITA_USER_20121201.csv Total de Logins: 228
01/12/2012 04:35:29|INFO|PCSRAP_USER_20121201.csv Total de Logins: 20
01/12/2012 04:35:29|INFO|PCSSCTR-PORTAL_USER_20121201.csv Total de Logins: 16
01/12/2012 04:35:29|INFO|PCSP2B_USER_20121201.csv Total de Logins: 26
01/12/2012 04:35:29|INFO|PCSFELETRONICAPG_USER_20121201.csv Total de Logins: 8
01/12/2012 04:35:29|INFO|PCSGCPP_USER_20121201.csv Total de Logins: 7
01/12/2012 04:35:29|INFO|PCSUCM_USER_20121201.csv Total de Logins: 10
01/12/2012 04:35:29|INFO|PCSGJMC_USER_20121201.csv Total de Logins: 9
01/12/2012 04:35:29|INFO|PCSKPI_USER_20121201.csv Total de Logins: 8
01/12/2012 04:35:29|INFO|PCSIPVS_USER_20121201.csv Total de Logins: 6
01/12/2012 04:35:29|INFO|PCSPDV_MGMT_USER_20121201.csv Total de Logins: 6
01/12/2012 04:35:29|INFO|PCSDTH_USER_20121201.csv Total de Logins: 2
01/12/2012 04:35:29|INFO|Finalizado
