01/03/2013 04:30:01|INFO|Iniciando
01/03/2013 04:36:27|INFO|PCSCLARIFY_USER_20130301.csv Total de Logins: 21402
01/03/2013 04:36:27|INFO|PCSPDVGN_USER_20130301.csv Total de Logins: 3466
01/03/2013 04:36:27|INFO|PCSPDV_LIVE_USER_20130301.csv Total de Logins: 13293
01/03/2013 04:36:27|INFO|PCSPDVGL_USER_20130301.csv Total de Logins: 2040
01/03/2013 04:36:27|INFO|PCSSIEBEL_USER_20130301.csv Total de Logins: 35
01/03/2013 04:36:27|INFO|PCSASP_USER_20130301.csv Total de Logins: 19151
01/03/2013 04:36:27|INFO|PCSDSF_USER_20130301.csv Total de Logins: 25676
01/03/2013 04:36:27|INFO|PCSPROTOCOLOS_USER_20130301.csv Total de Logins: 2710
01/03/2013 04:36:27|INFO|PCSSGR_USER_20130301.csv Total de Logins: 17136
01/03/2013 04:36:27|INFO|PCSCBCF_USER_20130301.csv Total de Logins: 12769
01/03/2013 04:36:27|INFO|PCSICRC_USER_20130301.csv Total de Logins: 17843
01/03/2013 04:36:27|INFO|PCSIUNICA_USER_20130301.csv Total de Logins: 9194
01/03/2013 04:36:27|INFO|PCSPLOGISTICA_USER_20130301.csv Total de Logins: 5033
01/03/2013 04:36:27|INFO|PCSP2B_USER_20130301.csv Total de Logins: 2396
01/03/2013 04:36:27|INFO|PCSTIMFILAS_USER_20130301.csv Total de Logins: 1646
01/03/2013 04:36:27|INFO|PCSFELETRONICA_USER_20130301.csv Total de Logins: 4148
01/03/2013 04:36:27|INFO|PCSSFA_USER_20130301.csv Total de Logins: 1755
01/03/2013 04:36:27|INFO|PCSVERO_USER_20130301.csv Total de Logins: 1725
01/03/2013 04:36:27|INFO|PCSVENDITA_USER_20130301.csv Total de Logins: 245
01/03/2013 04:36:27|INFO|PCSRAP_USER_20130301.csv Total de Logins: 13
01/03/2013 04:36:27|INFO|PCSSCTR-PORTAL_USER_20130301.csv Total de Logins: 16
01/03/2013 04:36:27|INFO|PCSUCM_USER_20130301.csv Total de Logins: 8
01/03/2013 04:36:27|INFO|PCSGVAS_USER_20130301.csv Total de Logins: 9
01/03/2013 04:36:27|INFO|PCSKPI_USER_20130301.csv Total de Logins: 8
01/03/2013 04:36:27|INFO|PCSIPVS_USER_20130301.csv Total de Logins: 5
01/03/2013 04:36:27|INFO|PCSBDOH_USER_20130301.csv Total de Logins: 175
01/03/2013 04:36:27|INFO|PCSSALES_USER_20130301.csv Total de Logins: 73
01/03/2013 04:36:27|INFO|PCSGCPP_USER_20130301.csv Total de Logins: 5
01/03/2013 04:36:27|INFO|PCSPDV_MGMT_USER_20130301.csv Total de Logins: 8
01/03/2013 04:36:27|INFO|PCSGJMC_USER_20130301.csv Total de Logins: 7
01/03/2013 04:36:27|INFO|PCSFELETRONICAPG_USER_20130301.csv Total de Logins: 5
01/03/2013 04:36:27|INFO|PCSDTH_USER_20130301.csv Total de Logins: 2
01/03/2013 04:36:27|INFO|Finalizado
