06/12/2012 04:30:01|INFO|Iniciando
06/12/2012 04:35:29|INFO|PCSCLARIFY_USER_20121206.csv Total de Logins: 20613
06/12/2012 04:35:29|INFO|PCSPDVGN_USER_20121206.csv Total de Logins: 3371
06/12/2012 04:35:29|INFO|PCSPDV_LIVE_USER_20121206.csv Total de Logins: 12145
06/12/2012 04:35:29|INFO|PCSBDOH_USER_20121206.csv Total de Logins: 329
06/12/2012 04:35:29|INFO|PCSPDVGL_USER_20121206.csv Total de Logins: 2029
06/12/2012 04:35:29|INFO|PCSSIEBEL_USER_20121206.csv Total de Logins: 106
06/12/2012 04:35:29|INFO|PCSDSF_USER_20121206.csv Total de Logins: 24852
06/12/2012 04:35:29|INFO|PCSPROTOCOLOS_USER_20121206.csv Total de Logins: 3574
06/12/2012 04:35:29|INFO|PCSSGR_USER_20121206.csv Total de Logins: 16469
06/12/2012 04:35:29|INFO|PCSCBCF_USER_20121206.csv Total de Logins: 12533
06/12/2012 04:35:29|INFO|PCSIUNICA_USER_20121206.csv Total de Logins: 8192
06/12/2012 04:35:29|INFO|PCSFELETRONICA_USER_20121206.csv Total de Logins: 2325
06/12/2012 04:35:29|INFO|PCSICRC_USER_20121206.csv Total de Logins: 16466
06/12/2012 04:35:29|INFO|PCSPLOGISTICA_USER_20121206.csv Total de Logins: 3747
06/12/2012 04:35:29|INFO|PCSASP_USER_20121206.csv Total de Logins: 18107
06/12/2012 04:35:29|INFO|PCSSFA_USER_20121206.csv Total de Logins: 101
06/12/2012 04:35:29|INFO|PCSTIMFILAS_USER_20121206.csv Total de Logins: 1665
06/12/2012 04:35:29|INFO|PCSGVAS_USER_20121206.csv Total de Logins: 12
06/12/2012 04:35:29|INFO|PCSVERO_USER_20121206.csv Total de Logins: 96
06/12/2012 04:35:29|INFO|PCSVENDITA_USER_20121206.csv Total de Logins: 221
06/12/2012 04:35:29|INFO|PCSRAP_USER_20121206.csv Total de Logins: 20
06/12/2012 04:35:29|INFO|PCSSCTR-PORTAL_USER_20121206.csv Total de Logins: 16
06/12/2012 04:35:29|INFO|PCSP2B_USER_20121206.csv Total de Logins: 25
06/12/2012 04:35:29|INFO|PCSFELETRONICAPG_USER_20121206.csv Total de Logins: 9
06/12/2012 04:35:29|INFO|PCSGCPP_USER_20121206.csv Total de Logins: 7
06/12/2012 04:35:29|INFO|PCSUCM_USER_20121206.csv Total de Logins: 9
06/12/2012 04:35:29|INFO|PCSGJMC_USER_20121206.csv Total de Logins: 9
06/12/2012 04:35:29|INFO|PCSKPI_USER_20121206.csv Total de Logins: 8
06/12/2012 04:35:29|INFO|PCSIPVS_USER_20121206.csv Total de Logins: 5
06/12/2012 04:35:29|INFO|PCSPDV_MGMT_USER_20121206.csv Total de Logins: 6
06/12/2012 04:35:29|INFO|PCSDTH_USER_20121206.csv Total de Logins: 1
06/12/2012 04:35:29|INFO|Finalizado
