10/11/2012 04:30:00|INFO|Iniciando
10/11/2012 04:35:22|INFO|PCSCLARIFY_USER_20121110.csv Total de Logins: 19745
10/11/2012 04:35:22|INFO|PCSPDVGN_USER_20121110.csv Total de Logins: 3347
10/11/2012 04:35:22|INFO|PCSPDV_LIVE_USER_20121110.csv Total de Logins: 10385
10/11/2012 04:35:22|INFO|PCSPDVGL_USER_20121110.csv Total de Logins: 2010
10/11/2012 04:35:22|INFO|PCSSIEBEL_USER_20121110.csv Total de Logins: 128
10/11/2012 04:35:22|INFO|PCSDSF_USER_20121110.csv Total de Logins: 23904
10/11/2012 04:35:22|INFO|PCSPROTOCOLOS_USER_20121110.csv Total de Logins: 2864
10/11/2012 04:35:22|INFO|PCSSGR_USER_20121110.csv Total de Logins: 15182
10/11/2012 04:35:22|INFO|PCSCBCF_USER_20121110.csv Total de Logins: 11704
10/11/2012 04:35:22|INFO|PCSASP_USER_20121110.csv Total de Logins: 17256
10/11/2012 04:35:22|INFO|PCSIUNICA_USER_20121110.csv Total de Logins: 7657
10/11/2012 04:35:22|INFO|PCSICRC_USER_20121110.csv Total de Logins: 15658
10/11/2012 04:35:22|INFO|PCSPLOGISTICA_USER_20121110.csv Total de Logins: 4104
10/11/2012 04:35:22|INFO|PCSTIMFILAS_USER_20121110.csv Total de Logins: 1500
10/11/2012 04:35:22|INFO|PCSFELETRONICA_USER_20121110.csv Total de Logins: 2512
10/11/2012 04:35:22|INFO|PCSGVAS_USER_20121110.csv Total de Logins: 15
10/11/2012 04:35:22|INFO|PCSVERO_USER_20121110.csv Total de Logins: 20
10/11/2012 04:35:22|INFO|PCSVENDITA_USER_20121110.csv Total de Logins: 206
10/11/2012 04:35:22|INFO|PCSRAP_USER_20121110.csv Total de Logins: 24
10/11/2012 04:35:22|INFO|PCSSCTR-PORTAL_USER_20121110.csv Total de Logins: 18
10/11/2012 04:35:22|INFO|PCSSFA_USER_20121110.csv Total de Logins: 18
10/11/2012 04:35:22|INFO|PCSFELETRONICAPG_USER_20121110.csv Total de Logins: 10
10/11/2012 04:35:22|INFO|PCSGCPP_USER_20121110.csv Total de Logins: 9
10/11/2012 04:35:22|INFO|PCSUCM_USER_20121110.csv Total de Logins: 16
10/11/2012 04:35:22|INFO|PCSGJMC_USER_20121110.csv Total de Logins: 12
10/11/2012 04:35:22|INFO|PCSKPI_USER_20121110.csv Total de Logins: 8
10/11/2012 04:35:22|INFO|PCSIPVS_USER_20121110.csv Total de Logins: 8
10/11/2012 04:35:22|INFO|PCSPDV_MGMT_USER_20121110.csv Total de Logins: 7
10/11/2012 04:35:22|INFO|PCSP2B_USER_20121110.csv Total de Logins: 3
10/11/2012 04:35:22|INFO|PCSDTH_USER_20121110.csv Total de Logins: 2
10/11/2012 04:35:22|INFO|Finalizado
