15/03/2013 04:30:02|INFO|Iniciando
15/03/2013 04:36:14|INFO|PCSCLARIFY_USER_20130315.csv Total de Logins: 21386
15/03/2013 04:36:14|INFO|PCSPDVGN_USER_20130315.csv Total de Logins: 3450
15/03/2013 04:36:14|INFO|PCSPDV_LIVE_USER_20130315.csv Total de Logins: 12775
15/03/2013 04:36:14|INFO|PCSPDVGL_USER_20130315.csv Total de Logins: 2032
15/03/2013 04:36:14|INFO|PCSSIEBEL_USER_20130315.csv Total de Logins: 32
15/03/2013 04:36:14|INFO|PCSASP_USER_20130315.csv Total de Logins: 19000
15/03/2013 04:36:14|INFO|PCSDSF_USER_20130315.csv Total de Logins: 25560
15/03/2013 04:36:14|INFO|PCSICRC_USER_20130315.csv Total de Logins: 17541
15/03/2013 04:36:14|INFO|PCSPROTOCOLOS_USER_20130315.csv Total de Logins: 2597
15/03/2013 04:36:14|INFO|PCSSGR_USER_20130315.csv Total de Logins: 17164
15/03/2013 04:36:14|INFO|PCSCBCF_USER_20130315.csv Total de Logins: 12879
15/03/2013 04:36:14|INFO|PCSIUNICA_USER_20130315.csv Total de Logins: 9194
15/03/2013 04:36:14|INFO|PCSPLOGISTICA_USER_20130315.csv Total de Logins: 6016
15/03/2013 04:36:14|INFO|PCSP2B_USER_20130315.csv Total de Logins: 1883
15/03/2013 04:36:14|INFO|PCSFELETRONICA_USER_20130315.csv Total de Logins: 3936
15/03/2013 04:36:14|INFO|PCSSFA_USER_20130315.csv Total de Logins: 838
15/03/2013 04:36:14|INFO|PCSVERO_USER_20130315.csv Total de Logins: 824
15/03/2013 04:36:14|INFO|PCSTIMFILAS_USER_20130315.csv Total de Logins: 1625
15/03/2013 04:36:14|INFO|PCSVENDITA_USER_20130315.csv Total de Logins: 246
15/03/2013 04:36:14|INFO|PCSRAP_USER_20130315.csv Total de Logins: 15
15/03/2013 04:36:14|INFO|PCSSCTR-PORTAL_USER_20130315.csv Total de Logins: 18
15/03/2013 04:36:14|INFO|PCSUCM_USER_20130315.csv Total de Logins: 8
15/03/2013 04:36:14|INFO|PCSGVAS_USER_20130315.csv Total de Logins: 9
15/03/2013 04:36:14|INFO|PCSKPI_USER_20130315.csv Total de Logins: 8
15/03/2013 04:36:14|INFO|PCSIPVS_USER_20130315.csv Total de Logins: 4
15/03/2013 04:36:14|INFO|PCSBDOH_USER_20130315.csv Total de Logins: 192
15/03/2013 04:36:14|INFO|PCSSALES_USER_20130315.csv Total de Logins: 76
15/03/2013 04:36:14|INFO|PCSGCPP_USER_20130315.csv Total de Logins: 5
15/03/2013 04:36:14|INFO|PCSPDV_MGMT_USER_20130315.csv Total de Logins: 8
15/03/2013 04:36:14|INFO|PCSGJMC_USER_20130315.csv Total de Logins: 7
15/03/2013 04:36:14|INFO|PCSFELETRONICAPG_USER_20130315.csv Total de Logins: 6
15/03/2013 04:36:14|INFO|PCSDTH_USER_20130315.csv Total de Logins: 2
15/03/2013 04:36:14|INFO|Finalizado
