01/11/2012 04:30:01|INFO|Iniciando
01/11/2012 04:35:19|INFO|PCSCLARIFY_USER_20121101.csv Total de Logins: 19462
01/11/2012 04:35:19|INFO|PCSPDVGN_USER_20121101.csv Total de Logins: 3454
01/11/2012 04:35:19|INFO|PCSPDV_LIVE_USER_20121101.csv Total de Logins: 10216
01/11/2012 04:35:19|INFO|PCSPDVGL_USER_20121101.csv Total de Logins: 2112
01/11/2012 04:35:19|INFO|PCSSIEBEL_USER_20121101.csv Total de Logins: 146
01/11/2012 04:35:19|INFO|PCSDSF_USER_20121101.csv Total de Logins: 23671
01/11/2012 04:35:20|INFO|PCSSGR_USER_20121101.csv Total de Logins: 14907
01/11/2012 04:35:20|INFO|PCSCBCF_USER_20121101.csv Total de Logins: 11258
01/11/2012 04:35:20|INFO|PCSPROTOCOLOS_USER_20121101.csv Total de Logins: 2819
01/11/2012 04:35:20|INFO|PCSASP_USER_20121101.csv Total de Logins: 17120
01/11/2012 04:35:20|INFO|PCSIUNICA_USER_20121101.csv Total de Logins: 7453
01/11/2012 04:35:20|INFO|PCSICRC_USER_20121101.csv Total de Logins: 15672
01/11/2012 04:35:20|INFO|PCSPLOGISTICA_USER_20121101.csv Total de Logins: 4086
01/11/2012 04:35:20|INFO|PCSTIMFILAS_USER_20121101.csv Total de Logins: 1472
01/11/2012 04:35:20|INFO|PCSFELETRONICA_USER_20121101.csv Total de Logins: 2313
01/11/2012 04:35:20|INFO|PCSGVAS_USER_20121101.csv Total de Logins: 15
01/11/2012 04:35:20|INFO|PCSVERO_USER_20121101.csv Total de Logins: 20
01/11/2012 04:35:20|INFO|PCSVENDITA_USER_20121101.csv Total de Logins: 216
01/11/2012 04:35:20|INFO|PCSRAP_USER_20121101.csv Total de Logins: 27
01/11/2012 04:35:20|INFO|PCSSCTR-PORTAL_USER_20121101.csv Total de Logins: 19
01/11/2012 04:35:20|INFO|PCSSFA_USER_20121101.csv Total de Logins: 17
01/11/2012 04:35:20|INFO|PCSFELETRONICAPG_USER_20121101.csv Total de Logins: 10
01/11/2012 04:35:20|INFO|PCSGCPP_USER_20121101.csv Total de Logins: 9
01/11/2012 04:35:20|INFO|PCSUCM_USER_20121101.csv Total de Logins: 19
01/11/2012 04:35:20|INFO|PCSGJMC_USER_20121101.csv Total de Logins: 12
01/11/2012 04:35:20|INFO|PCSKPI_USER_20121101.csv Total de Logins: 8
01/11/2012 04:35:20|INFO|PCSIPVS_USER_20121101.csv Total de Logins: 8
01/11/2012 04:35:20|INFO|PCSPDV_MGMT_USER_20121101.csv Total de Logins: 7
01/11/2012 04:35:20|INFO|PCSP2B_USER_20121101.csv Total de Logins: 2
01/11/2012 04:35:20|INFO|PCSBISEMANTICO_USER_20121101.csv Total de Logins: 2
01/11/2012 04:35:20|INFO|PCSDTH_USER_20121101.csv Total de Logins: 2
01/11/2012 04:35:20|INFO|Finalizado
