12/06/2013 04:30:01|INFO|Iniciando
12/06/2013 04:36:24|INFO|PCSCLARIFY_USER_20130612.csv Total de Logins: 20362
12/06/2013 04:36:24|INFO|PCSPDVGN_USER_20130612.csv Total de Logins: 3201
12/06/2013 04:36:24|INFO|PCSPDV_LIVE_USER_20130612.csv Total de Logins: 11393
12/06/2013 04:36:24|INFO|PCSSFA_USER_20130612.csv Total de Logins: 3112
12/06/2013 04:36:24|INFO|PCSPDVGL_USER_20130612.csv Total de Logins: 1779
12/06/2013 04:36:24|INFO|PCSSIEBEL_USER_20130612.csv Total de Logins: 146
12/06/2013 04:36:24|INFO|PCSDSF_USER_20130612.csv Total de Logins: 24806
12/06/2013 04:36:24|INFO|PCSPROTOCOLOS_USER_20130612.csv Total de Logins: 3168
12/06/2013 04:36:24|INFO|PCSSGR_USER_20130612.csv Total de Logins: 16751
12/06/2013 04:36:24|INFO|PCSCBCF_USER_20130612.csv Total de Logins: 12304
12/06/2013 04:36:24|INFO|PCSICRC_USER_20130612.csv Total de Logins: 16784
12/06/2013 04:36:24|INFO|PCSASP_USER_20130612.csv Total de Logins: 18072
12/06/2013 04:36:24|INFO|PCSIUNICA_USER_20130612.csv Total de Logins: 8047
12/06/2013 04:36:24|INFO|PCSP2B_USER_20130612.csv Total de Logins: 5789
12/06/2013 04:36:24|INFO|PCSPLOGISTICA_USER_20130612.csv Total de Logins: 4634
12/06/2013 04:36:24|INFO|PCSFELETRONICA_USER_20130612.csv Total de Logins: 2872
12/06/2013 04:36:24|INFO|PCSVERO_USER_20130612.csv Total de Logins: 2876
12/06/2013 04:36:24|INFO|PCSTIMFILAS_USER_20130612.csv Total de Logins: 1654
12/06/2013 04:36:24|INFO|PCSVENDITA_USER_20130612.csv Total de Logins: 288
12/06/2013 04:36:24|INFO|PCSSCTR-PORTAL_USER_20130612.csv Total de Logins: 21
12/06/2013 04:36:24|INFO|PCSRAP_USER_20130612.csv Total de Logins: 24
12/06/2013 04:36:24|INFO|PCSGCPP_USER_20130612.csv Total de Logins: 17
12/06/2013 04:36:24|INFO|PCSUCM_USER_20130612.csv Total de Logins: 12
12/06/2013 04:36:24|INFO|PCSGVAS_USER_20130612.csv Total de Logins: 10
12/06/2013 04:36:24|INFO|PCSKPI_USER_20130612.csv Total de Logins: 7
12/06/2013 04:36:24|INFO|PCSIPVS_USER_20130612.csv Total de Logins: 9
12/06/2013 04:36:24|INFO|PCSBDOH_USER_20130612.csv Total de Logins: 132
12/06/2013 04:36:24|INFO|PCSSALES_USER_20130612.csv Total de Logins: 43
12/06/2013 04:36:24|INFO|PCSPDV_MGMT_USER_20130612.csv Total de Logins: 10
12/06/2013 04:36:24|INFO|PCSGJMC_USER_20130612.csv Total de Logins: 9
12/06/2013 04:36:24|INFO|PCSFELETRONICAPG_USER_20130612.csv Total de Logins: 11
12/06/2013 04:36:24|INFO|PCSBISEMANTICO_USER_20130612.csv Total de Logins: 6
12/06/2013 04:36:24|INFO|PCSDTH_USER_20130612.csv Total de Logins: 2
12/06/2013 04:36:24|INFO|Finalizado
