04/02/2013 04:30:01|INFO|Iniciando
04/02/2013 04:35:53|INFO|PCSCLARIFY_USER_20130204.csv Total de Logins: 21472
04/02/2013 04:35:53|INFO|PCSPDVGN_USER_20130204.csv Total de Logins: 3444
04/02/2013 04:35:53|INFO|PCSPDV_LIVE_USER_20130204.csv Total de Logins: 11944
04/02/2013 04:35:53|INFO|PCSSFA_USER_20130204.csv Total de Logins: 1796
04/02/2013 04:35:53|INFO|PCSPDVGL_USER_20130204.csv Total de Logins: 2058
04/02/2013 04:35:53|INFO|PCSSIEBEL_USER_20130204.csv Total de Logins: 29
04/02/2013 04:35:53|INFO|PCSDSF_USER_20130204.csv Total de Logins: 25644
04/02/2013 04:35:53|INFO|PCSPROTOCOLOS_USER_20130204.csv Total de Logins: 2603
04/02/2013 04:35:53|INFO|PCSSGR_USER_20130204.csv Total de Logins: 16386
04/02/2013 04:35:53|INFO|PCSCBCF_USER_20130204.csv Total de Logins: 12108
04/02/2013 04:35:53|INFO|PCSICRC_USER_20130204.csv Total de Logins: 17488
04/02/2013 04:35:53|INFO|PCSASP_USER_20130204.csv Total de Logins: 19204
04/02/2013 04:35:53|INFO|PCSIUNICA_USER_20130204.csv Total de Logins: 8802
04/02/2013 04:35:53|INFO|PCSPLOGISTICA_USER_20130204.csv Total de Logins: 4285
04/02/2013 04:35:53|INFO|PCSP2B_USER_20130204.csv Total de Logins: 1759
04/02/2013 04:35:53|INFO|PCSTIMFILAS_USER_20130204.csv Total de Logins: 1611
04/02/2013 04:35:53|INFO|PCSFELETRONICA_USER_20130204.csv Total de Logins: 3512
04/02/2013 04:35:53|INFO|PCSVERO_USER_20130204.csv Total de Logins: 1689
04/02/2013 04:35:53|INFO|PCSVENDITA_USER_20130204.csv Total de Logins: 253
04/02/2013 04:35:53|INFO|PCSRAP_USER_20130204.csv Total de Logins: 14
04/02/2013 04:35:53|INFO|PCSSCTR-PORTAL_USER_20130204.csv Total de Logins: 16
04/02/2013 04:35:53|INFO|PCSUCM_USER_20130204.csv Total de Logins: 11
04/02/2013 04:35:53|INFO|PCSGVAS_USER_20130204.csv Total de Logins: 9
04/02/2013 04:35:53|INFO|PCSKPI_USER_20130204.csv Total de Logins: 7
04/02/2013 04:35:53|INFO|PCSIPVS_USER_20130204.csv Total de Logins: 5
04/02/2013 04:35:53|INFO|PCSBDOH_USER_20130204.csv Total de Logins: 180
04/02/2013 04:35:53|INFO|PCSSALES_USER_20130204.csv Total de Logins: 88
04/02/2013 04:35:53|INFO|PCSGCPP_USER_20130204.csv Total de Logins: 5
04/02/2013 04:35:53|INFO|PCSPDV_MGMT_USER_20130204.csv Total de Logins: 8
04/02/2013 04:35:53|INFO|PCSGJMC_USER_20130204.csv Total de Logins: 7
04/02/2013 04:35:53|INFO|PCSFELETRONICAPG_USER_20130204.csv Total de Logins: 6
04/02/2013 04:35:53|INFO|PCSDTH_USER_20130204.csv Total de Logins: 2
04/02/2013 04:35:53|INFO|Finalizado
