30/05/2013 04:30:01|INFO|Iniciando
30/05/2013 04:36:24|INFO|PCSCLARIFY_USER_20130530.csv Total de Logins: 20669
30/05/2013 04:36:24|INFO|PCSPDVGN_USER_20130530.csv Total de Logins: 3156
30/05/2013 04:36:24|INFO|PCSPDV_LIVE_USER_20130530.csv Total de Logins: 11221
30/05/2013 04:36:24|INFO|PCSPDVGL_USER_20130530.csv Total de Logins: 1783
30/05/2013 04:36:24|INFO|PCSSIEBEL_USER_20130530.csv Total de Logins: 123
30/05/2013 04:36:25|INFO|PCSDSF_USER_20130530.csv Total de Logins: 24985
30/05/2013 04:36:25|INFO|PCSPROTOCOLOS_USER_20130530.csv Total de Logins: 2942
30/05/2013 04:36:25|INFO|PCSSGR_USER_20130530.csv Total de Logins: 16864
30/05/2013 04:36:25|INFO|PCSCBCF_USER_20130530.csv Total de Logins: 12568
30/05/2013 04:36:25|INFO|PCSICRC_USER_20130530.csv Total de Logins: 16866
30/05/2013 04:36:25|INFO|PCSASP_USER_20130530.csv Total de Logins: 18371
30/05/2013 04:36:25|INFO|PCSIUNICA_USER_20130530.csv Total de Logins: 8131
30/05/2013 04:36:25|INFO|PCSP2B_USER_20130530.csv Total de Logins: 5073
30/05/2013 04:36:25|INFO|PCSPLOGISTICA_USER_20130530.csv Total de Logins: 5175
30/05/2013 04:36:25|INFO|PCSSFA_USER_20130530.csv Total de Logins: 2567
30/05/2013 04:36:25|INFO|PCSVERO_USER_20130530.csv Total de Logins: 2340
30/05/2013 04:36:25|INFO|PCSTIMFILAS_USER_20130530.csv Total de Logins: 1692
30/05/2013 04:36:25|INFO|PCSFELETRONICA_USER_20130530.csv Total de Logins: 3079
30/05/2013 04:36:25|INFO|PCSVENDITA_USER_20130530.csv Total de Logins: 281
30/05/2013 04:36:25|INFO|PCSSCTR-PORTAL_USER_20130530.csv Total de Logins: 21
30/05/2013 04:36:25|INFO|PCSRAP_USER_20130530.csv Total de Logins: 25
30/05/2013 04:36:25|INFO|PCSGCPP_USER_20130530.csv Total de Logins: 17
30/05/2013 04:36:25|INFO|PCSUCM_USER_20130530.csv Total de Logins: 14
30/05/2013 04:36:25|INFO|PCSGVAS_USER_20130530.csv Total de Logins: 10
30/05/2013 04:36:25|INFO|PCSKPI_USER_20130530.csv Total de Logins: 7
30/05/2013 04:36:25|INFO|PCSIPVS_USER_20130530.csv Total de Logins: 9
30/05/2013 04:36:25|INFO|PCSBDOH_USER_20130530.csv Total de Logins: 139
30/05/2013 04:36:25|INFO|PCSSALES_USER_20130530.csv Total de Logins: 47
30/05/2013 04:36:25|INFO|PCSPDV_MGMT_USER_20130530.csv Total de Logins: 10
30/05/2013 04:36:25|INFO|PCSGJMC_USER_20130530.csv Total de Logins: 9
30/05/2013 04:36:25|INFO|PCSFELETRONICAPG_USER_20130530.csv Total de Logins: 8
30/05/2013 04:36:25|INFO|PCSBISEMANTICO_USER_20130530.csv Total de Logins: 6
30/05/2013 04:36:25|INFO|PCSDTH_USER_20130530.csv Total de Logins: 2
30/05/2013 04:36:25|INFO|Finalizado
