13/07/2013 04:30:01|INFO|Iniciando
13/07/2013 04:36:29|INFO|PCSCLARIFY_USER_20130713.csv Total de Logins: 19902
13/07/2013 04:36:29|INFO|PCSPDVGN_USER_20130713.csv Total de Logins: 3236
13/07/2013 04:36:29|INFO|PCSICRC_USER_20130713.csv Total de Logins: 16045
13/07/2013 04:36:29|INFO|PCSDSF_USER_20130713.csv Total de Logins: 24294
13/07/2013 04:36:29|INFO|PCSSFA_USER_20130713.csv Total de Logins: 3229
13/07/2013 04:36:29|INFO|PCSPDVGL_USER_20130713.csv Total de Logins: 1736
13/07/2013 04:36:29|INFO|PCSPDV_LIVE_USER_20130713.csv Total de Logins: 11706
13/07/2013 04:36:29|INFO|PCSPROTOCOLOS_USER_20130713.csv Total de Logins: 3181
13/07/2013 04:36:29|INFO|PCSSGR_USER_20130713.csv Total de Logins: 16101
13/07/2013 04:36:29|INFO|PCSCBCF_USER_20130713.csv Total de Logins: 12124
13/07/2013 04:36:29|INFO|PCSASP_USER_20130713.csv Total de Logins: 17441
13/07/2013 04:36:29|INFO|PCSIUNICA_USER_20130713.csv Total de Logins: 7981
13/07/2013 04:36:29|INFO|PCSP2B_USER_20130713.csv Total de Logins: 6031
13/07/2013 04:36:29|INFO|PCSSIEBEL_USER_20130713.csv Total de Logins: 1355
13/07/2013 04:36:29|INFO|PCSPLOGISTICA_USER_20130713.csv Total de Logins: 3122
13/07/2013 04:36:29|INFO|PCSVERO_USER_20130713.csv Total de Logins: 2997
13/07/2013 04:36:29|INFO|PCSFELETRONICA_USER_20130713.csv Total de Logins: 2040
13/07/2013 04:36:29|INFO|PCSTIMFILAS_USER_20130713.csv Total de Logins: 1674
13/07/2013 04:36:29|INFO|PCSGCOB_USER_20130713.csv Total de Logins: 14
13/07/2013 04:36:29|INFO|PCSVENDITA_USER_20130713.csv Total de Logins: 280
13/07/2013 04:36:29|INFO|PCSVCE_USER_20130713.csv Total de Logins: 80
13/07/2013 04:36:29|INFO|PCSSCTR-PORTAL_USER_20130713.csv Total de Logins: 22
13/07/2013 04:36:29|INFO|PCSRAP_USER_20130713.csv Total de Logins: 19
13/07/2013 04:36:29|INFO|PCSUCM_USER_20130713.csv Total de Logins: 9
13/07/2013 04:36:29|INFO|PCSGVAS_USER_20130713.csv Total de Logins: 9
13/07/2013 04:36:29|INFO|PCSKPI_USER_20130713.csv Total de Logins: 6
13/07/2013 04:36:29|INFO|PCSIPVS_USER_20130713.csv Total de Logins: 8
13/07/2013 04:36:29|INFO|PCSBDOH_USER_20130713.csv Total de Logins: 134
13/07/2013 04:36:29|INFO|PCSSALES_USER_20130713.csv Total de Logins: 34
13/07/2013 04:36:29|INFO|PCSDTH_USER_20130713.csv Total de Logins: 8
13/07/2013 04:36:29|INFO|PCSPDV_MGMT_USER_20130713.csv Total de Logins: 9
13/07/2013 04:36:29|INFO|PCSBISEMANTICO_USER_20130713.csv Total de Logins: 6
13/07/2013 04:36:29|INFO|PCSFELETRONICAPG_USER_20130713.csv Total de Logins: 10
13/07/2013 04:36:29|INFO|PCSGCPP_USER_20130713.csv Total de Logins: 9
13/07/2013 04:36:29|INFO|PCSGJMC_USER_20130713.csv Total de Logins: 8
13/07/2013 04:36:29|INFO|Finalizado
