04/05/2013 04:30:01|INFO|Iniciando
04/05/2013 04:36:23|INFO|PCSCLARIFY_USER_20130504.csv Total de Logins: 21529
04/05/2013 04:36:23|INFO|PCSPDVGN_USER_20130504.csv Total de Logins: 3389
04/05/2013 04:36:23|INFO|PCSPDV_LIVE_USER_20130504.csv Total de Logins: 11335
04/05/2013 04:36:23|INFO|PCSPDVGL_USER_20130504.csv Total de Logins: 1954
04/05/2013 04:36:23|INFO|PCSSIEBEL_USER_20130504.csv Total de Logins: 84
04/05/2013 04:36:23|INFO|PCSDSF_USER_20130504.csv Total de Logins: 25858
04/05/2013 04:36:23|INFO|PCSPROTOCOLOS_USER_20130504.csv Total de Logins: 2700
04/05/2013 04:36:23|INFO|PCSSGR_USER_20130504.csv Total de Logins: 17143
04/05/2013 04:36:23|INFO|PCSCBCF_USER_20130504.csv Total de Logins: 12620
04/05/2013 04:36:23|INFO|PCSICRC_USER_20130504.csv Total de Logins: 17326
04/05/2013 04:36:23|INFO|PCSASP_USER_20130504.csv Total de Logins: 19083
04/05/2013 04:36:23|INFO|PCSIUNICA_USER_20130504.csv Total de Logins: 8673
04/05/2013 04:36:23|INFO|PCSPLOGISTICA_USER_20130504.csv Total de Logins: 4299
04/05/2013 04:36:23|INFO|PCSP2B_USER_20130504.csv Total de Logins: 4771
04/05/2013 04:36:23|INFO|PCSSFA_USER_20130504.csv Total de Logins: 1680
04/05/2013 04:36:23|INFO|PCSVERO_USER_20130504.csv Total de Logins: 1567
04/05/2013 04:36:23|INFO|PCSTIMFILAS_USER_20130504.csv Total de Logins: 1677
04/05/2013 04:36:23|INFO|PCSFELETRONICA_USER_20130504.csv Total de Logins: 3163
04/05/2013 04:36:23|INFO|PCSVENDITA_USER_20130504.csv Total de Logins: 283
04/05/2013 04:36:23|INFO|PCSRAP_USER_20130504.csv Total de Logins: 21
04/05/2013 04:36:23|INFO|PCSSCTR-PORTAL_USER_20130504.csv Total de Logins: 18
04/05/2013 04:36:23|INFO|PCSUCM_USER_20130504.csv Total de Logins: 10
04/05/2013 04:36:23|INFO|PCSGVAS_USER_20130504.csv Total de Logins: 8
04/05/2013 04:36:23|INFO|PCSKPI_USER_20130504.csv Total de Logins: 7
04/05/2013 04:36:23|INFO|PCSIPVS_USER_20130504.csv Total de Logins: 4
04/05/2013 04:36:23|INFO|PCSBDOH_USER_20130504.csv Total de Logins: 189
04/05/2013 04:36:23|INFO|PCSSALES_USER_20130504.csv Total de Logins: 52
04/05/2013 04:36:23|INFO|PCSGCPP_USER_20130504.csv Total de Logins: 5
04/05/2013 04:36:23|INFO|PCSPDV_MGMT_USER_20130504.csv Total de Logins: 7
04/05/2013 04:36:23|INFO|PCSGJMC_USER_20130504.csv Total de Logins: 6
04/05/2013 04:36:23|INFO|PCSFELETRONICAPG_USER_20130504.csv Total de Logins: 5
04/05/2013 04:36:23|INFO|PCSDTH_USER_20130504.csv Total de Logins: 2
04/05/2013 04:36:23|INFO|Finalizado
