19/03/2013 04:30:01|INFO|Iniciando
19/03/2013 04:36:22|INFO|PCSCLARIFY_USER_20130319.csv Total de Logins: 21486
19/03/2013 04:36:22|INFO|PCSPDVGN_USER_20130319.csv Total de Logins: 3440
19/03/2013 04:36:22|INFO|PCSPDV_LIVE_USER_20130319.csv Total de Logins: 12339
19/03/2013 04:36:22|INFO|PCSPDVGL_USER_20130319.csv Total de Logins: 2047
19/03/2013 04:36:22|INFO|PCSSIEBEL_USER_20130319.csv Total de Logins: 32
19/03/2013 04:36:22|INFO|PCSASP_USER_20130319.csv Total de Logins: 19052
19/03/2013 04:36:22|INFO|PCSDSF_USER_20130319.csv Total de Logins: 25627
19/03/2013 04:36:22|INFO|PCSICRC_USER_20130319.csv Total de Logins: 17522
19/03/2013 04:36:22|INFO|PCSPROTOCOLOS_USER_20130319.csv Total de Logins: 2494
19/03/2013 04:36:22|INFO|PCSSGR_USER_20130319.csv Total de Logins: 17263
19/03/2013 04:36:22|INFO|PCSCBCF_USER_20130319.csv Total de Logins: 12877
19/03/2013 04:36:22|INFO|PCSIUNICA_USER_20130319.csv Total de Logins: 9075
19/03/2013 04:36:22|INFO|PCSPLOGISTICA_USER_20130319.csv Total de Logins: 5875
19/03/2013 04:36:22|INFO|PCSP2B_USER_20130319.csv Total de Logins: 2065
19/03/2013 04:36:22|INFO|PCSTIMFILAS_USER_20130319.csv Total de Logins: 1616
19/03/2013 04:36:22|INFO|PCSFELETRONICA_USER_20130319.csv Total de Logins: 3922
19/03/2013 04:36:22|INFO|PCSSFA_USER_20130319.csv Total de Logins: 1007
19/03/2013 04:36:22|INFO|PCSVERO_USER_20130319.csv Total de Logins: 1066
19/03/2013 04:36:22|INFO|PCSVENDITA_USER_20130319.csv Total de Logins: 245
19/03/2013 04:36:22|INFO|PCSRAP_USER_20130319.csv Total de Logins: 15
19/03/2013 04:36:22|INFO|PCSSCTR-PORTAL_USER_20130319.csv Total de Logins: 18
19/03/2013 04:36:22|INFO|PCSUCM_USER_20130319.csv Total de Logins: 8
19/03/2013 04:36:22|INFO|PCSGVAS_USER_20130319.csv Total de Logins: 9
19/03/2013 04:36:22|INFO|PCSKPI_USER_20130319.csv Total de Logins: 8
19/03/2013 04:36:22|INFO|PCSIPVS_USER_20130319.csv Total de Logins: 4
19/03/2013 04:36:22|INFO|PCSBDOH_USER_20130319.csv Total de Logins: 189
19/03/2013 04:36:22|INFO|PCSSALES_USER_20130319.csv Total de Logins: 67
19/03/2013 04:36:22|INFO|PCSGCPP_USER_20130319.csv Total de Logins: 4
19/03/2013 04:36:22|INFO|PCSPDV_MGMT_USER_20130319.csv Total de Logins: 8
19/03/2013 04:36:22|INFO|PCSGJMC_USER_20130319.csv Total de Logins: 6
19/03/2013 04:36:22|INFO|PCSFELETRONICAPG_USER_20130319.csv Total de Logins: 6
19/03/2013 04:36:22|INFO|PCSDTH_USER_20130319.csv Total de Logins: 2
19/03/2013 04:36:22|INFO|Finalizado
