24/10/2012 04:30:01|INFO|Iniciando
24/10/2012 04:35:17|INFO|PCSCLARIFY_USER_20121024.csv Total de Logins: 19633
24/10/2012 04:35:17|INFO|PCSPDVGN_USER_20121024.csv Total de Logins: 3459
24/10/2012 04:35:17|INFO|PCSPDV_LIVE_USER_20121024.csv Total de Logins: 10080
24/10/2012 04:35:17|INFO|PCSPDVGL_USER_20121024.csv Total de Logins: 2143
24/10/2012 04:35:17|INFO|PCSSIEBEL_USER_20121024.csv Total de Logins: 499
24/10/2012 04:35:17|INFO|PCSDSF_USER_20121024.csv Total de Logins: 23790
24/10/2012 04:35:17|INFO|PCSSGR_USER_20121024.csv Total de Logins: 14498
24/10/2012 04:35:17|INFO|PCSCBCF_USER_20121024.csv Total de Logins: 11071
24/10/2012 04:35:17|INFO|PCSPROTOCOLOS_USER_20121024.csv Total de Logins: 2387
24/10/2012 04:35:17|INFO|PCSASP_USER_20121024.csv Total de Logins: 17202
24/10/2012 04:35:17|INFO|PCSIUNICA_USER_20121024.csv Total de Logins: 7433
24/10/2012 04:35:17|INFO|PCSICRC_USER_20121024.csv Total de Logins: 15672
24/10/2012 04:35:17|INFO|PCSPLOGISTICA_USER_20121024.csv Total de Logins: 3953
24/10/2012 04:35:17|INFO|PCSTIMFILAS_USER_20121024.csv Total de Logins: 1372
24/10/2012 04:35:17|INFO|PCSFELETRONICA_USER_20121024.csv Total de Logins: 2191
24/10/2012 04:35:17|INFO|PCSGVAS_USER_20121024.csv Total de Logins: 15
24/10/2012 04:35:17|INFO|PCSDTH_USER_20121024.csv Total de Logins: 5
24/10/2012 04:35:17|INFO|PCSVERO_USER_20121024.csv Total de Logins: 20
24/10/2012 04:35:17|INFO|PCSVENDITA_USER_20121024.csv Total de Logins: 226
24/10/2012 04:35:17|INFO|PCSRAP_USER_20121024.csv Total de Logins: 33
24/10/2012 04:35:17|INFO|PCSSCTR-PORTAL_USER_20121024.csv Total de Logins: 19
24/10/2012 04:35:17|INFO|PCSSFA_USER_20121024.csv Total de Logins: 17
24/10/2012 04:35:17|INFO|PCSFELETRONICAPG_USER_20121024.csv Total de Logins: 10
24/10/2012 04:35:17|INFO|PCSGCPP_USER_20121024.csv Total de Logins: 9
24/10/2012 04:35:17|INFO|PCSUCM_USER_20121024.csv Total de Logins: 39
24/10/2012 04:35:17|INFO|PCSGJMC_USER_20121024.csv Total de Logins: 12
24/10/2012 04:35:17|INFO|PCSKPI_USER_20121024.csv Total de Logins: 7
24/10/2012 04:35:17|INFO|PCSIPVS_USER_20121024.csv Total de Logins: 8
24/10/2012 04:35:17|INFO|PCSPDV_MGMT_USER_20121024.csv Total de Logins: 7
24/10/2012 04:35:17|INFO|PCSP2B_USER_20121024.csv Total de Logins: 2
24/10/2012 04:35:17|INFO|PCSBISEMANTICO_USER_20121024.csv Total de Logins: 2
24/10/2012 04:35:17|INFO|Finalizado
