11/05/2013 04:30:01|INFO|Iniciando
11/05/2013 04:36:21|INFO|PCSCLARIFY_USER_20130511.csv Total de Logins: 21020
11/05/2013 04:36:21|INFO|PCSPDVGN_USER_20130511.csv Total de Logins: 3111
11/05/2013 04:36:21|INFO|PCSPDV_LIVE_USER_20130511.csv Total de Logins: 10813
11/05/2013 04:36:21|INFO|PCSPDVGL_USER_20130511.csv Total de Logins: 1839
11/05/2013 04:36:21|INFO|PCSSIEBEL_USER_20130511.csv Total de Logins: 101
11/05/2013 04:36:21|INFO|PCSDSF_USER_20130511.csv Total de Logins: 24858
11/05/2013 04:36:21|INFO|PCSPROTOCOLOS_USER_20130511.csv Total de Logins: 2531
11/05/2013 04:36:21|INFO|PCSSGR_USER_20130511.csv Total de Logins: 16511
11/05/2013 04:36:21|INFO|PCSCBCF_USER_20130511.csv Total de Logins: 12115
11/05/2013 04:36:21|INFO|PCSICRC_USER_20130511.csv Total de Logins: 16877
11/05/2013 04:36:21|INFO|PCSASP_USER_20130511.csv Total de Logins: 18660
11/05/2013 04:36:21|INFO|PCSIUNICA_USER_20130511.csv Total de Logins: 8368
11/05/2013 04:36:21|INFO|PCSP2B_USER_20130511.csv Total de Logins: 4571
11/05/2013 04:36:21|INFO|PCSPLOGISTICA_USER_20130511.csv Total de Logins: 4900
11/05/2013 04:36:21|INFO|PCSSFA_USER_20130511.csv Total de Logins: 1884
11/05/2013 04:36:21|INFO|PCSVERO_USER_20130511.csv Total de Logins: 1711
11/05/2013 04:36:21|INFO|PCSTIMFILAS_USER_20130511.csv Total de Logins: 1679
11/05/2013 04:36:21|INFO|PCSFELETRONICA_USER_20130511.csv Total de Logins: 2914
11/05/2013 04:36:21|INFO|PCSVENDITA_USER_20130511.csv Total de Logins: 276
11/05/2013 04:36:21|INFO|PCSRAP_USER_20130511.csv Total de Logins: 20
11/05/2013 04:36:21|INFO|PCSSCTR-PORTAL_USER_20130511.csv Total de Logins: 19
11/05/2013 04:36:21|INFO|PCSUCM_USER_20130511.csv Total de Logins: 10
11/05/2013 04:36:21|INFO|PCSGVAS_USER_20130511.csv Total de Logins: 8
11/05/2013 04:36:21|INFO|PCSKPI_USER_20130511.csv Total de Logins: 7
11/05/2013 04:36:21|INFO|PCSIPVS_USER_20130511.csv Total de Logins: 4
11/05/2013 04:36:21|INFO|PCSBDOH_USER_20130511.csv Total de Logins: 151
11/05/2013 04:36:21|INFO|PCSSALES_USER_20130511.csv Total de Logins: 48
11/05/2013 04:36:21|INFO|PCSGCPP_USER_20130511.csv Total de Logins: 5
11/05/2013 04:36:21|INFO|PCSPDV_MGMT_USER_20130511.csv Total de Logins: 6
11/05/2013 04:36:21|INFO|PCSGJMC_USER_20130511.csv Total de Logins: 6
11/05/2013 04:36:21|INFO|PCSFELETRONICAPG_USER_20130511.csv Total de Logins: 5
11/05/2013 04:36:21|INFO|PCSDTH_USER_20130511.csv Total de Logins: 2
11/05/2013 04:36:21|INFO|Finalizado
