19/11/2012 04:30:01|INFO|Iniciando
19/11/2012 04:35:12|INFO|PCSCLARIFY_USER_20121119.csv Total de Logins: 19720
19/11/2012 04:35:12|INFO|PCSPDVGN_USER_20121119.csv Total de Logins: 3342
19/11/2012 04:35:13|INFO|PCSPDV_LIVE_USER_20121119.csv Total de Logins: 10276
19/11/2012 04:35:13|INFO|PCSBDOH_USER_20121119.csv Total de Logins: 297
19/11/2012 04:35:13|INFO|PCSPDVGL_USER_20121119.csv Total de Logins: 2003
19/11/2012 04:35:13|INFO|PCSSIEBEL_USER_20121119.csv Total de Logins: 115
19/11/2012 04:35:13|INFO|PCSDSF_USER_20121119.csv Total de Logins: 23953
19/11/2012 04:35:13|INFO|PCSPROTOCOLOS_USER_20121119.csv Total de Logins: 2829
19/11/2012 04:35:13|INFO|PCSSGR_USER_20121119.csv Total de Logins: 15161
19/11/2012 04:35:13|INFO|PCSCBCF_USER_20121119.csv Total de Logins: 11587
19/11/2012 04:35:13|INFO|PCSIUNICA_USER_20121119.csv Total de Logins: 7763
19/11/2012 04:35:13|INFO|PCSFELETRONICA_USER_20121119.csv Total de Logins: 2675
19/11/2012 04:35:13|INFO|PCSICRC_USER_20121119.csv Total de Logins: 15661
19/11/2012 04:35:13|INFO|PCSPLOGISTICA_USER_20121119.csv Total de Logins: 3992
19/11/2012 04:35:13|INFO|PCSASP_USER_20121119.csv Total de Logins: 17153
19/11/2012 04:35:13|INFO|PCSTIMFILAS_USER_20121119.csv Total de Logins: 1496
19/11/2012 04:35:13|INFO|PCSGVAS_USER_20121119.csv Total de Logins: 13
19/11/2012 04:35:13|INFO|PCSVERO_USER_20121119.csv Total de Logins: 32
19/11/2012 04:35:13|INFO|PCSVENDITA_USER_20121119.csv Total de Logins: 199
19/11/2012 04:35:13|INFO|PCSRAP_USER_20121119.csv Total de Logins: 20
19/11/2012 04:35:13|INFO|PCSSCTR-PORTAL_USER_20121119.csv Total de Logins: 16
19/11/2012 04:35:13|INFO|PCSSFA_USER_20121119.csv Total de Logins: 35
19/11/2012 04:35:13|INFO|PCSFELETRONICAPG_USER_20121119.csv Total de Logins: 10
19/11/2012 04:35:13|INFO|PCSGCPP_USER_20121119.csv Total de Logins: 9
19/11/2012 04:35:13|INFO|PCSUCM_USER_20121119.csv Total de Logins: 14
19/11/2012 04:35:13|INFO|PCSGJMC_USER_20121119.csv Total de Logins: 10
19/11/2012 04:35:13|INFO|PCSKPI_USER_20121119.csv Total de Logins: 8
19/11/2012 04:35:13|INFO|PCSIPVS_USER_20121119.csv Total de Logins: 8
19/11/2012 04:35:13|INFO|PCSPDV_MGMT_USER_20121119.csv Total de Logins: 7
19/11/2012 04:35:13|INFO|PCSP2B_USER_20121119.csv Total de Logins: 3
19/11/2012 04:35:13|INFO|PCSDTH_USER_20121119.csv Total de Logins: 2
19/11/2012 04:35:13|INFO|Finalizado
