08/03/2013 04:30:01|INFO|Iniciando
08/03/2013 04:36:15|INFO|PCSCLARIFY_USER_20130308.csv Total de Logins: 21300
08/03/2013 04:36:15|INFO|PCSPDVGN_USER_20130308.csv Total de Logins: 3454
08/03/2013 04:36:15|INFO|PCSPDV_LIVE_USER_20130308.csv Total de Logins: 13209
08/03/2013 04:36:15|INFO|PCSPDVGL_USER_20130308.csv Total de Logins: 2032
08/03/2013 04:36:15|INFO|PCSSIEBEL_USER_20130308.csv Total de Logins: 32
08/03/2013 04:36:15|INFO|PCSASP_USER_20130308.csv Total de Logins: 18898
08/03/2013 04:36:15|INFO|PCSDSF_USER_20130308.csv Total de Logins: 25460
08/03/2013 04:36:15|INFO|PCSICRC_USER_20130308.csv Total de Logins: 17600
08/03/2013 04:36:15|INFO|PCSPROTOCOLOS_USER_20130308.csv Total de Logins: 2668
08/03/2013 04:36:15|INFO|PCSSGR_USER_20130308.csv Total de Logins: 16989
08/03/2013 04:36:15|INFO|PCSCBCF_USER_20130308.csv Total de Logins: 12562
08/03/2013 04:36:15|INFO|PCSIUNICA_USER_20130308.csv Total de Logins: 9054
08/03/2013 04:36:15|INFO|PCSPLOGISTICA_USER_20130308.csv Total de Logins: 5672
08/03/2013 04:36:15|INFO|PCSP2B_USER_20130308.csv Total de Logins: 2489
08/03/2013 04:36:15|INFO|PCSFELETRONICA_USER_20130308.csv Total de Logins: 3789
08/03/2013 04:36:15|INFO|PCSSFA_USER_20130308.csv Total de Logins: 1795
08/03/2013 04:36:15|INFO|PCSVERO_USER_20130308.csv Total de Logins: 1811
08/03/2013 04:36:15|INFO|PCSTIMFILAS_USER_20130308.csv Total de Logins: 1615
08/03/2013 04:36:15|INFO|PCSVENDITA_USER_20130308.csv Total de Logins: 253
08/03/2013 04:36:15|INFO|PCSRAP_USER_20130308.csv Total de Logins: 15
08/03/2013 04:36:15|INFO|PCSSCTR-PORTAL_USER_20130308.csv Total de Logins: 16
08/03/2013 04:36:15|INFO|PCSUCM_USER_20130308.csv Total de Logins: 8
08/03/2013 04:36:15|INFO|PCSGVAS_USER_20130308.csv Total de Logins: 9
08/03/2013 04:36:15|INFO|PCSKPI_USER_20130308.csv Total de Logins: 8
08/03/2013 04:36:15|INFO|PCSIPVS_USER_20130308.csv Total de Logins: 5
08/03/2013 04:36:15|INFO|PCSBDOH_USER_20130308.csv Total de Logins: 196
08/03/2013 04:36:15|INFO|PCSSALES_USER_20130308.csv Total de Logins: 70
08/03/2013 04:36:15|INFO|PCSGCPP_USER_20130308.csv Total de Logins: 5
08/03/2013 04:36:15|INFO|PCSPDV_MGMT_USER_20130308.csv Total de Logins: 8
08/03/2013 04:36:15|INFO|PCSGJMC_USER_20130308.csv Total de Logins: 7
08/03/2013 04:36:15|INFO|PCSFELETRONICAPG_USER_20130308.csv Total de Logins: 6
08/03/2013 04:36:15|INFO|PCSDTH_USER_20130308.csv Total de Logins: 2
08/03/2013 04:36:15|INFO|Finalizado
