20/10/2012 04:30:02|INFO|Iniciando
20/10/2012 04:35:25|INFO|PCSCLARIFY_USER_20121020.csv Total de Logins: 19975
20/10/2012 04:35:25|INFO|PCSPDVGN_USER_20121020.csv Total de Logins: 3453
20/10/2012 04:35:25|INFO|PCSPDV_LIVE_USER_20121020.csv Total de Logins: 10110
20/10/2012 04:35:25|INFO|PCSPDVGL_USER_20121020.csv Total de Logins: 2142
20/10/2012 04:35:25|INFO|PCSSIEBEL_USER_20121020.csv Total de Logins: 500
20/10/2012 04:35:25|INFO|PCSDSF_USER_20121020.csv Total de Logins: 24204
20/10/2012 04:35:25|INFO|PCSSGR_USER_20121020.csv Total de Logins: 14719
20/10/2012 04:35:25|INFO|PCSCBCF_USER_20121020.csv Total de Logins: 10908
20/10/2012 04:35:25|INFO|PCSPROTOCOLOS_USER_20121020.csv Total de Logins: 2327
20/10/2012 04:35:25|INFO|PCSASP_USER_20121020.csv Total de Logins: 17601
20/10/2012 04:35:25|INFO|PCSIUNICA_USER_20121020.csv Total de Logins: 7687
20/10/2012 04:35:25|INFO|PCSICRC_USER_20121020.csv Total de Logins: 16003
20/10/2012 04:35:25|INFO|PCSPLOGISTICA_USER_20121020.csv Total de Logins: 4209
20/10/2012 04:35:25|INFO|PCSTIMFILAS_USER_20121020.csv Total de Logins: 1375
20/10/2012 04:35:25|INFO|PCSFELETRONICA_USER_20121020.csv Total de Logins: 2442
20/10/2012 04:35:25|INFO|PCSGVAS_USER_20121020.csv Total de Logins: 15
20/10/2012 04:35:25|INFO|PCSDTH_USER_20121020.csv Total de Logins: 6
20/10/2012 04:35:25|INFO|PCSVENDITA_USER_20121020.csv Total de Logins: 231
20/10/2012 04:35:25|INFO|PCSRAP_USER_20121020.csv Total de Logins: 36
20/10/2012 04:35:25|INFO|PCSSCTR-PORTAL_USER_20121020.csv Total de Logins: 19
20/10/2012 04:35:25|INFO|PCSVERO_USER_20121020.csv Total de Logins: 19
20/10/2012 04:35:25|INFO|PCSSFA_USER_20121020.csv Total de Logins: 17
20/10/2012 04:35:25|INFO|PCSFELETRONICAPG_USER_20121020.csv Total de Logins: 11
20/10/2012 04:35:25|INFO|PCSGCPP_USER_20121020.csv Total de Logins: 9
20/10/2012 04:35:25|INFO|PCSUCM_USER_20121020.csv Total de Logins: 40
20/10/2012 04:35:25|INFO|PCSGJMC_USER_20121020.csv Total de Logins: 12
20/10/2012 04:35:25|INFO|PCSKPI_USER_20121020.csv Total de Logins: 7
20/10/2012 04:35:25|INFO|PCSIPVS_USER_20121020.csv Total de Logins: 8
20/10/2012 04:35:25|INFO|PCSPDV_MGMT_USER_20121020.csv Total de Logins: 7
20/10/2012 04:35:25|INFO|PCSP2B_USER_20121020.csv Total de Logins: 3
20/10/2012 04:35:25|INFO|PCSBISEMANTICO_USER_20121020.csv Total de Logins: 2
20/10/2012 04:35:25|INFO|Finalizado
