03/10/2012 04:30:01|INFO|Iniciando
03/10/2012 04:35:07|INFO|PCSCLARIFY_USER_20121003.csv Total de Logins: 20110
03/10/2012 04:35:07|INFO|PCSPDVGN_USER_20121003.csv Total de Logins: 3443
03/10/2012 04:35:07|INFO|PCSPDV_LIVE_USER_20121003.csv Total de Logins: 9983
03/10/2012 04:35:07|INFO|PCSPDVGL_USER_20121003.csv Total de Logins: 2135
03/10/2012 04:35:07|INFO|PCSSIEBEL_USER_20121003.csv Total de Logins: 536
03/10/2012 04:35:07|INFO|PCSDSF_USER_20121003.csv Total de Logins: 24215
03/10/2012 04:35:07|INFO|PCSSGR_USER_20121003.csv Total de Logins: 14847
03/10/2012 04:35:07|INFO|PCSCBCF_USER_20121003.csv Total de Logins: 10744
03/10/2012 04:35:07|INFO|PCSPROTOCOLOS_USER_20121003.csv Total de Logins: 2214
03/10/2012 04:35:07|INFO|PCSASP_USER_20121003.csv Total de Logins: 17692
03/10/2012 04:35:07|INFO|PCSIUNICA_USER_20121003.csv Total de Logins: 7690
03/10/2012 04:35:07|INFO|PCSICRC_USER_20121003.csv Total de Logins: 16118
03/10/2012 04:35:07|INFO|PCSPLOGISTICA_USER_20121003.csv Total de Logins: 3694
03/10/2012 04:35:07|INFO|PCSTIMFILAS_USER_20121003.csv Total de Logins: 1334
03/10/2012 04:35:07|INFO|PCSGVAS_USER_20121003.csv Total de Logins: 16
03/10/2012 04:35:07|INFO|PCSDTH_USER_20121003.csv Total de Logins: 6
03/10/2012 04:35:07|INFO|PCSFELETRONICA_USER_20121003.csv Total de Logins: 2366
03/10/2012 04:35:07|INFO|PCSVENDITA_USER_20121003.csv Total de Logins: 252
03/10/2012 04:35:07|INFO|PCSRAP_USER_20121003.csv Total de Logins: 36
03/10/2012 04:35:07|INFO|PCSSCTR-PORTAL_USER_20121003.csv Total de Logins: 19
03/10/2012 04:35:07|INFO|PCSVERO_USER_20121003.csv Total de Logins: 18
03/10/2012 04:35:07|INFO|PCSFELETRONICAPG_USER_20121003.csv Total de Logins: 12
03/10/2012 04:35:07|INFO|PCSGCPP_USER_20121003.csv Total de Logins: 11
03/10/2012 04:35:07|INFO|PCSUCM_USER_20121003.csv Total de Logins: 40
03/10/2012 04:35:07|INFO|PCSGJMC_USER_20121003.csv Total de Logins: 13
03/10/2012 04:35:07|INFO|PCSKPI_USER_20121003.csv Total de Logins: 9
03/10/2012 04:35:07|INFO|PCSIPVS_USER_20121003.csv Total de Logins: 9
03/10/2012 04:35:07|INFO|PCSSFA_USER_20121003.csv Total de Logins: 11
03/10/2012 04:35:07|INFO|PCSPDV_MGMT_USER_20121003.csv Total de Logins: 6
03/10/2012 04:35:07|INFO|PCSP2B_USER_20121003.csv Total de Logins: 1
03/10/2012 04:35:07|INFO|PCSBISEMANTICO_USER_20121003.csv Total de Logins: 2
03/10/2012 04:35:07|INFO|Finalizado
