06/05/2013 04:30:01|INFO|Iniciando
06/05/2013 04:36:15|INFO|PCSCLARIFY_USER_20130506.csv Total de Logins: 21475
06/05/2013 04:36:15|INFO|PCSPDVGN_USER_20130506.csv Total de Logins: 3389
06/05/2013 04:36:15|INFO|PCSPDV_LIVE_USER_20130506.csv Total de Logins: 11256
06/05/2013 04:36:15|INFO|PCSPDVGL_USER_20130506.csv Total de Logins: 1953
06/05/2013 04:36:15|INFO|PCSSIEBEL_USER_20130506.csv Total de Logins: 84
06/05/2013 04:36:15|INFO|PCSDSF_USER_20130506.csv Total de Logins: 25730
06/05/2013 04:36:15|INFO|PCSPROTOCOLOS_USER_20130506.csv Total de Logins: 2643
06/05/2013 04:36:15|INFO|PCSSGR_USER_20130506.csv Total de Logins: 16956
06/05/2013 04:36:15|INFO|PCSCBCF_USER_20130506.csv Total de Logins: 12519
06/05/2013 04:36:15|INFO|PCSICRC_USER_20130506.csv Total de Logins: 17263
06/05/2013 04:36:15|INFO|PCSASP_USER_20130506.csv Total de Logins: 19024
06/05/2013 04:36:15|INFO|PCSIUNICA_USER_20130506.csv Total de Logins: 8606
06/05/2013 04:36:15|INFO|PCSPLOGISTICA_USER_20130506.csv Total de Logins: 4147
06/05/2013 04:36:15|INFO|PCSP2B_USER_20130506.csv Total de Logins: 4813
06/05/2013 04:36:15|INFO|PCSSFA_USER_20130506.csv Total de Logins: 1928
06/05/2013 04:36:15|INFO|PCSVERO_USER_20130506.csv Total de Logins: 1818
06/05/2013 04:36:15|INFO|PCSTIMFILAS_USER_20130506.csv Total de Logins: 1674
06/05/2013 04:36:15|INFO|PCSFELETRONICA_USER_20130506.csv Total de Logins: 3050
06/05/2013 04:36:15|INFO|PCSVENDITA_USER_20130506.csv Total de Logins: 281
06/05/2013 04:36:15|INFO|PCSRAP_USER_20130506.csv Total de Logins: 21
06/05/2013 04:36:15|INFO|PCSSCTR-PORTAL_USER_20130506.csv Total de Logins: 18
06/05/2013 04:36:15|INFO|PCSUCM_USER_20130506.csv Total de Logins: 10
06/05/2013 04:36:15|INFO|PCSGVAS_USER_20130506.csv Total de Logins: 8
06/05/2013 04:36:15|INFO|PCSKPI_USER_20130506.csv Total de Logins: 7
06/05/2013 04:36:15|INFO|PCSIPVS_USER_20130506.csv Total de Logins: 4
06/05/2013 04:36:15|INFO|PCSBDOH_USER_20130506.csv Total de Logins: 158
06/05/2013 04:36:15|INFO|PCSSALES_USER_20130506.csv Total de Logins: 51
06/05/2013 04:36:15|INFO|PCSGCPP_USER_20130506.csv Total de Logins: 5
06/05/2013 04:36:15|INFO|PCSPDV_MGMT_USER_20130506.csv Total de Logins: 6
06/05/2013 04:36:15|INFO|PCSGJMC_USER_20130506.csv Total de Logins: 6
06/05/2013 04:36:15|INFO|PCSFELETRONICAPG_USER_20130506.csv Total de Logins: 5
06/05/2013 04:36:15|INFO|PCSDTH_USER_20130506.csv Total de Logins: 2
06/05/2013 04:36:15|INFO|Finalizado
