20/11/2012 04:30:01|INFO|Iniciando
20/11/2012 04:35:17|INFO|PCSCLARIFY_USER_20121120.csv Total de Logins: 19505
20/11/2012 04:35:17|INFO|PCSPDVGN_USER_20121120.csv Total de Logins: 3340
20/11/2012 04:35:17|INFO|PCSPDV_LIVE_USER_20121120.csv Total de Logins: 10377
20/11/2012 04:35:17|INFO|PCSBDOH_USER_20121120.csv Total de Logins: 308
20/11/2012 04:35:17|INFO|PCSPDVGL_USER_20121120.csv Total de Logins: 2008
20/11/2012 04:35:17|INFO|PCSSIEBEL_USER_20121120.csv Total de Logins: 113
20/11/2012 04:35:17|INFO|PCSDSF_USER_20121120.csv Total de Logins: 23746
20/11/2012 04:35:17|INFO|PCSPROTOCOLOS_USER_20121120.csv Total de Logins: 3034
20/11/2012 04:35:17|INFO|PCSSGR_USER_20121120.csv Total de Logins: 15029
20/11/2012 04:35:17|INFO|PCSCBCF_USER_20121120.csv Total de Logins: 11492
20/11/2012 04:35:17|INFO|PCSIUNICA_USER_20121120.csv Total de Logins: 7615
20/11/2012 04:35:17|INFO|PCSFELETRONICA_USER_20121120.csv Total de Logins: 2575
20/11/2012 04:35:17|INFO|PCSICRC_USER_20121120.csv Total de Logins: 15484
20/11/2012 04:35:17|INFO|PCSPLOGISTICA_USER_20121120.csv Total de Logins: 3863
20/11/2012 04:35:17|INFO|PCSASP_USER_20121120.csv Total de Logins: 17084
20/11/2012 04:35:17|INFO|PCSTIMFILAS_USER_20121120.csv Total de Logins: 1508
20/11/2012 04:35:17|INFO|PCSGVAS_USER_20121120.csv Total de Logins: 13
20/11/2012 04:35:17|INFO|PCSVERO_USER_20121120.csv Total de Logins: 32
20/11/2012 04:35:17|INFO|PCSVENDITA_USER_20121120.csv Total de Logins: 198
20/11/2012 04:35:17|INFO|PCSRAP_USER_20121120.csv Total de Logins: 19
20/11/2012 04:35:17|INFO|PCSSCTR-PORTAL_USER_20121120.csv Total de Logins: 16
20/11/2012 04:35:17|INFO|PCSSFA_USER_20121120.csv Total de Logins: 35
20/11/2012 04:35:17|INFO|PCSFELETRONICAPG_USER_20121120.csv Total de Logins: 10
20/11/2012 04:35:17|INFO|PCSGCPP_USER_20121120.csv Total de Logins: 9
20/11/2012 04:35:17|INFO|PCSUCM_USER_20121120.csv Total de Logins: 14
20/11/2012 04:35:17|INFO|PCSGJMC_USER_20121120.csv Total de Logins: 10
20/11/2012 04:35:17|INFO|PCSKPI_USER_20121120.csv Total de Logins: 8
20/11/2012 04:35:17|INFO|PCSIPVS_USER_20121120.csv Total de Logins: 8
20/11/2012 04:35:17|INFO|PCSPDV_MGMT_USER_20121120.csv Total de Logins: 7
20/11/2012 04:35:17|INFO|PCSP2B_USER_20121120.csv Total de Logins: 3
20/11/2012 04:35:17|INFO|PCSDTH_USER_20121120.csv Total de Logins: 2
20/11/2012 04:35:17|INFO|Finalizado
