05/08/2013 04:30:01|INFO|Iniciando
05/08/2013 04:37:57|INFO|PCSCLARIFY_USER_20130805.csv Total de Logins: 19802
05/08/2013 04:37:58|INFO|PCSPDVGN_USER_20130805.csv Total de Logins: 3297
05/08/2013 04:37:58|INFO|PCSICRC_USER_20130805.csv Total de Logins: 15776
05/08/2013 04:37:58|INFO|PCSDSF_USER_20130805.csv Total de Logins: 24303
05/08/2013 04:37:58|INFO|PCSSFA_USER_20130805.csv Total de Logins: 3612
05/08/2013 04:37:58|INFO|PCSPDV_LIVE_USER_20130805.csv Total de Logins: 11558
05/08/2013 04:37:58|INFO|PCSPDVGL_USER_20130805.csv Total de Logins: 1712
05/08/2013 04:37:58|INFO|PCSPROTOCOLOS_USER_20130805.csv Total de Logins: 3284
05/08/2013 04:37:58|INFO|PCSSGR_USER_20130805.csv Total de Logins: 16359
05/08/2013 04:37:58|INFO|PCSCBCF_USER_20130805.csv Total de Logins: 12272
05/08/2013 04:37:58|INFO|PCSASP_USER_20130805.csv Total de Logins: 17136
05/08/2013 04:37:58|INFO|PCSIUNICA_USER_20130805.csv Total de Logins: 8180
05/08/2013 04:37:58|INFO|PCSSIEBEL_USER_20130805.csv Total de Logins: 4045
05/08/2013 04:37:58|INFO|PCSFELETRONICA_USER_20130805.csv Total de Logins: 6481
05/08/2013 04:37:58|INFO|PCSP2B_USER_20130805.csv Total de Logins: 6721
05/08/2013 04:37:58|INFO|PCSPLOGISTICA_USER_20130805.csv Total de Logins: 2954
05/08/2013 04:37:58|INFO|PCSVERO_USER_20130805.csv Total de Logins: 3208
05/08/2013 04:37:58|INFO|PCSTIMFILAS_USER_20130805.csv Total de Logins: 1742
05/08/2013 04:37:58|INFO|PCSGCOB_USER_20130805.csv Total de Logins: 14
05/08/2013 04:37:58|INFO|PCSVENDITA_USER_20130805.csv Total de Logins: 288
05/08/2013 04:37:58|INFO|PCSVCE_USER_20130805.csv Total de Logins: 81
05/08/2013 04:37:58|INFO|PCSSCTR-PORTAL_USER_20130805.csv Total de Logins: 24
05/08/2013 04:37:58|INFO|PCSRAP_USER_20130805.csv Total de Logins: 17
05/08/2013 04:37:58|INFO|PCSGEOWEB_USER_20130805.csv Total de Logins: 1
05/08/2013 04:37:58|INFO|PCSUCM_USER_20130805.csv Total de Logins: 9
05/08/2013 04:37:58|INFO|PCSGVAS_USER_20130805.csv Total de Logins: 8
05/08/2013 04:37:58|INFO|PCSKPI_USER_20130805.csv Total de Logins: 6
05/08/2013 04:37:58|INFO|PCSIPVS_USER_20130805.csv Total de Logins: 8
05/08/2013 04:37:58|INFO|PCSBDOH_USER_20130805.csv Total de Logins: 159
05/08/2013 04:37:58|INFO|PCSSALES_USER_20130805.csv Total de Logins: 33
05/08/2013 04:37:58|INFO|PCSDTH_USER_20130805.csv Total de Logins: 8
05/08/2013 04:37:58|INFO|PCSPDV_MGMT_USER_20130805.csv Total de Logins: 11
05/08/2013 04:37:58|INFO|PCSFELETRONICAPG_USER_20130805.csv Total de Logins: 11
05/08/2013 04:37:58|INFO|PCSGCPP_USER_20130805.csv Total de Logins: 9
05/08/2013 04:37:58|INFO|PCSGJMC_USER_20130805.csv Total de Logins: 8
05/08/2013 04:37:58|INFO|PCSBISEMANTICO_USER_20130805.csv Total de Logins: 1
05/08/2013 04:37:58|INFO|Finalizado
