26/03/2013 04:30:01|INFO|Iniciando
26/03/2013 04:36:20|INFO|PCSCLARIFY_USER_20130326.csv Total de Logins: 21696
26/03/2013 04:36:20|INFO|PCSPDVGN_USER_20130326.csv Total de Logins: 3441
26/03/2013 04:36:20|INFO|PCSPDV_LIVE_USER_20130326.csv Total de Logins: 12113
26/03/2013 04:36:20|INFO|PCSPDVGL_USER_20130326.csv Total de Logins: 2021
26/03/2013 04:36:20|INFO|PCSSIEBEL_USER_20130326.csv Total de Logins: 30
26/03/2013 04:36:20|INFO|PCSASP_USER_20130326.csv Total de Logins: 19291
26/03/2013 04:36:21|INFO|PCSDSF_USER_20130326.csv Total de Logins: 25852
26/03/2013 04:36:21|INFO|PCSICRC_USER_20130326.csv Total de Logins: 17627
26/03/2013 04:36:21|INFO|PCSPROTOCOLOS_USER_20130326.csv Total de Logins: 2583
26/03/2013 04:36:21|INFO|PCSSGR_USER_20130326.csv Total de Logins: 17597
26/03/2013 04:36:21|INFO|PCSCBCF_USER_20130326.csv Total de Logins: 13080
26/03/2013 04:36:21|INFO|PCSIUNICA_USER_20130326.csv Total de Logins: 9154
26/03/2013 04:36:21|INFO|PCSPLOGISTICA_USER_20130326.csv Total de Logins: 6015
26/03/2013 04:36:21|INFO|PCSP2B_USER_20130326.csv Total de Logins: 4178
26/03/2013 04:36:21|INFO|PCSTIMFILAS_USER_20130326.csv Total de Logins: 1668
26/03/2013 04:36:21|INFO|PCSFELETRONICA_USER_20130326.csv Total de Logins: 3985
26/03/2013 04:36:21|INFO|PCSSFA_USER_20130326.csv Total de Logins: 1306
26/03/2013 04:36:21|INFO|PCSVERO_USER_20130326.csv Total de Logins: 1372
26/03/2013 04:36:21|INFO|PCSVENDITA_USER_20130326.csv Total de Logins: 234
26/03/2013 04:36:21|INFO|PCSRAP_USER_20130326.csv Total de Logins: 15
26/03/2013 04:36:21|INFO|PCSSCTR-PORTAL_USER_20130326.csv Total de Logins: 18
26/03/2013 04:36:21|INFO|PCSUCM_USER_20130326.csv Total de Logins: 10
26/03/2013 04:36:21|INFO|PCSGVAS_USER_20130326.csv Total de Logins: 8
26/03/2013 04:36:21|INFO|PCSKPI_USER_20130326.csv Total de Logins: 8
26/03/2013 04:36:21|INFO|PCSIPVS_USER_20130326.csv Total de Logins: 4
26/03/2013 04:36:21|INFO|PCSBDOH_USER_20130326.csv Total de Logins: 226
26/03/2013 04:36:21|INFO|PCSSALES_USER_20130326.csv Total de Logins: 63
26/03/2013 04:36:21|INFO|PCSGCPP_USER_20130326.csv Total de Logins: 4
26/03/2013 04:36:21|INFO|PCSPDV_MGMT_USER_20130326.csv Total de Logins: 7
26/03/2013 04:36:21|INFO|PCSGJMC_USER_20130326.csv Total de Logins: 6
26/03/2013 04:36:21|INFO|PCSFELETRONICAPG_USER_20130326.csv Total de Logins: 6
26/03/2013 04:36:21|INFO|PCSDTH_USER_20130326.csv Total de Logins: 2
26/03/2013 04:36:21|INFO|Finalizado
