26/06/2013 04:30:01|INFO|Iniciando
26/06/2013 04:36:27|INFO|PCSCLARIFY_USER_20130626.csv Total de Logins: 20298
26/06/2013 04:36:27|INFO|PCSPDVGN_USER_20130626.csv Total de Logins: 3229
26/06/2013 04:36:27|INFO|PCSPDV_LIVE_USER_20130626.csv Total de Logins: 11457
26/06/2013 04:36:27|INFO|PCSSFA_USER_20130626.csv Total de Logins: 3162
26/06/2013 04:36:27|INFO|PCSPDVGL_USER_20130626.csv Total de Logins: 1756
26/06/2013 04:36:27|INFO|PCSDSF_USER_20130626.csv Total de Logins: 24608
26/06/2013 04:36:27|INFO|PCSPROTOCOLOS_USER_20130626.csv Total de Logins: 3321
26/06/2013 04:36:27|INFO|PCSSGR_USER_20130626.csv Total de Logins: 16657
26/06/2013 04:36:27|INFO|PCSCBCF_USER_20130626.csv Total de Logins: 12551
26/06/2013 04:36:27|INFO|PCSICRC_USER_20130626.csv Total de Logins: 16603
26/06/2013 04:36:27|INFO|PCSASP_USER_20130626.csv Total de Logins: 17924
26/06/2013 04:36:27|INFO|PCSIUNICA_USER_20130626.csv Total de Logins: 8043
26/06/2013 04:36:27|INFO|PCSP2B_USER_20130626.csv Total de Logins: 5746
26/06/2013 04:36:27|INFO|PCSSIEBEL_USER_20130626.csv Total de Logins: 440
26/06/2013 04:36:27|INFO|PCSPLOGISTICA_USER_20130626.csv Total de Logins: 3862
26/06/2013 04:36:27|INFO|PCSFELETRONICA_USER_20130626.csv Total de Logins: 2682
26/06/2013 04:36:27|INFO|PCSVERO_USER_20130626.csv Total de Logins: 2922
26/06/2013 04:36:27|INFO|PCSTIMFILAS_USER_20130626.csv Total de Logins: 1626
26/06/2013 04:36:27|INFO|PCSVENDITA_USER_20130626.csv Total de Logins: 253
26/06/2013 04:36:27|INFO|PCSSCTR-PORTAL_USER_20130626.csv Total de Logins: 21
26/06/2013 04:36:27|INFO|PCSRAP_USER_20130626.csv Total de Logins: 23
26/06/2013 04:36:27|INFO|PCSGCPP_USER_20130626.csv Total de Logins: 16
26/06/2013 04:36:27|INFO|PCSUCM_USER_20130626.csv Total de Logins: 10
26/06/2013 04:36:27|INFO|PCSGVAS_USER_20130626.csv Total de Logins: 9
26/06/2013 04:36:27|INFO|PCSKPI_USER_20130626.csv Total de Logins: 6
26/06/2013 04:36:27|INFO|PCSIPVS_USER_20130626.csv Total de Logins: 8
26/06/2013 04:36:27|INFO|PCSBDOH_USER_20130626.csv Total de Logins: 132
26/06/2013 04:36:27|INFO|PCSSALES_USER_20130626.csv Total de Logins: 41
26/06/2013 04:36:27|INFO|PCSDTH_USER_20130626.csv Total de Logins: 8
26/06/2013 04:36:27|INFO|PCSPDV_MGMT_USER_20130626.csv Total de Logins: 9
26/06/2013 04:36:27|INFO|PCSGJMC_USER_20130626.csv Total de Logins: 8
26/06/2013 04:36:27|INFO|PCSFELETRONICAPG_USER_20130626.csv Total de Logins: 10
26/06/2013 04:36:27|INFO|PCSBISEMANTICO_USER_20130626.csv Total de Logins: 5
26/06/2013 04:36:27|INFO|Finalizado
