05/02/2013 04:30:02|INFO|Iniciando
05/02/2013 04:35:46|INFO|PCSCLARIFY_USER_20130205.csv Total de Logins: 21363
05/02/2013 04:35:47|INFO|PCSPDVGN_USER_20130205.csv Total de Logins: 3449
05/02/2013 04:35:47|INFO|PCSPDV_LIVE_USER_20130205.csv Total de Logins: 11890
05/02/2013 04:35:47|INFO|PCSSFA_USER_20130205.csv Total de Logins: 1799
05/02/2013 04:35:47|INFO|PCSPDVGL_USER_20130205.csv Total de Logins: 2057
05/02/2013 04:35:47|INFO|PCSSIEBEL_USER_20130205.csv Total de Logins: 29
05/02/2013 04:35:47|INFO|PCSDSF_USER_20130205.csv Total de Logins: 25655
05/02/2013 04:35:47|INFO|PCSPROTOCOLOS_USER_20130205.csv Total de Logins: 2563
05/02/2013 04:35:47|INFO|PCSSGR_USER_20130205.csv Total de Logins: 16335
05/02/2013 04:35:47|INFO|PCSCBCF_USER_20130205.csv Total de Logins: 12033
05/02/2013 04:35:47|INFO|PCSICRC_USER_20130205.csv Total de Logins: 17446
05/02/2013 04:35:47|INFO|PCSASP_USER_20130205.csv Total de Logins: 19129
05/02/2013 04:35:47|INFO|PCSIUNICA_USER_20130205.csv Total de Logins: 8760
05/02/2013 04:35:47|INFO|PCSPLOGISTICA_USER_20130205.csv Total de Logins: 4252
05/02/2013 04:35:47|INFO|PCSP2B_USER_20130205.csv Total de Logins: 1791
05/02/2013 04:35:47|INFO|PCSTIMFILAS_USER_20130205.csv Total de Logins: 1606
05/02/2013 04:35:47|INFO|PCSFELETRONICA_USER_20130205.csv Total de Logins: 3491
05/02/2013 04:35:47|INFO|PCSVERO_USER_20130205.csv Total de Logins: 1693
05/02/2013 04:35:47|INFO|PCSVENDITA_USER_20130205.csv Total de Logins: 252
05/02/2013 04:35:47|INFO|PCSRAP_USER_20130205.csv Total de Logins: 14
05/02/2013 04:35:47|INFO|PCSSCTR-PORTAL_USER_20130205.csv Total de Logins: 16
05/02/2013 04:35:47|INFO|PCSUCM_USER_20130205.csv Total de Logins: 11
05/02/2013 04:35:47|INFO|PCSGVAS_USER_20130205.csv Total de Logins: 9
05/02/2013 04:35:47|INFO|PCSKPI_USER_20130205.csv Total de Logins: 7
05/02/2013 04:35:47|INFO|PCSIPVS_USER_20130205.csv Total de Logins: 5
05/02/2013 04:35:47|INFO|PCSBDOH_USER_20130205.csv Total de Logins: 177
05/02/2013 04:35:47|INFO|PCSSALES_USER_20130205.csv Total de Logins: 88
05/02/2013 04:35:47|INFO|PCSGCPP_USER_20130205.csv Total de Logins: 5
05/02/2013 04:35:47|INFO|PCSPDV_MGMT_USER_20130205.csv Total de Logins: 8
05/02/2013 04:35:47|INFO|PCSGJMC_USER_20130205.csv Total de Logins: 7
05/02/2013 04:35:47|INFO|PCSFELETRONICAPG_USER_20130205.csv Total de Logins: 6
05/02/2013 04:35:47|INFO|PCSDTH_USER_20130205.csv Total de Logins: 2
05/02/2013 04:35:47|INFO|Finalizado
