14/08/2013 04:30:01|INFO|Iniciando
14/08/2013 04:36:38|INFO|PCSCLARIFY_USER_20130814.csv Total de Logins: 19462
14/08/2013 04:36:38|INFO|PCSPDVGN_USER_20130814.csv Total de Logins: 3289
14/08/2013 04:36:38|INFO|PCSICRC_USER_20130814.csv Total de Logins: 16023
14/08/2013 04:36:38|INFO|PCSDSF_USER_20130814.csv Total de Logins: 24138
14/08/2013 04:36:38|INFO|PCSSFA_USER_20130814.csv Total de Logins: 3621
14/08/2013 04:36:38|INFO|PCSPDV_LIVE_USER_20130814.csv Total de Logins: 11574
14/08/2013 04:36:38|INFO|PCSPDVGL_USER_20130814.csv Total de Logins: 1696
14/08/2013 04:36:38|INFO|PCSPROTOCOLOS_USER_20130814.csv Total de Logins: 3266
14/08/2013 04:36:38|INFO|PCSSGR_USER_20130814.csv Total de Logins: 16083
14/08/2013 04:36:38|INFO|PCSCBCF_USER_20130814.csv Total de Logins: 12232
14/08/2013 04:36:38|INFO|PCSASP_USER_20130814.csv Total de Logins: 16998
14/08/2013 04:36:38|INFO|PCSIUNICA_USER_20130814.csv Total de Logins: 8411
14/08/2013 04:36:38|INFO|PCSSIEBEL_USER_20130814.csv Total de Logins: 4341
14/08/2013 04:36:38|INFO|PCSFELETRONICA_USER_20130814.csv Total de Logins: 6492
14/08/2013 04:36:38|INFO|PCSP2B_USER_20130814.csv Total de Logins: 6751
14/08/2013 04:36:38|INFO|PCSVERO_USER_20130814.csv Total de Logins: 3210
14/08/2013 04:36:38|INFO|PCSPLOGISTICA_USER_20130814.csv Total de Logins: 2769
14/08/2013 04:36:38|INFO|PCSTIMFILAS_USER_20130814.csv Total de Logins: 1768
14/08/2013 04:36:38|INFO|PCSGCOB_USER_20130814.csv Total de Logins: 14
14/08/2013 04:36:38|INFO|PCSVENDITA_USER_20130814.csv Total de Logins: 300
14/08/2013 04:36:38|INFO|PCSVCE_USER_20130814.csv Total de Logins: 84
14/08/2013 04:36:38|INFO|PCSSCTR-PORTAL_USER_20130814.csv Total de Logins: 24
14/08/2013 04:36:38|INFO|PCSRAP_USER_20130814.csv Total de Logins: 16
14/08/2013 04:36:38|INFO|PCSGEOWEB_USER_20130814.csv Total de Logins: 1
14/08/2013 04:36:38|INFO|PCSUCM_USER_20130814.csv Total de Logins: 9
14/08/2013 04:36:38|INFO|PCSGVAS_USER_20130814.csv Total de Logins: 8
14/08/2013 04:36:38|INFO|PCSKPI_USER_20130814.csv Total de Logins: 6
14/08/2013 04:36:38|INFO|PCSIPVS_USER_20130814.csv Total de Logins: 8
14/08/2013 04:36:38|INFO|PCSBDOH_USER_20130814.csv Total de Logins: 164
14/08/2013 04:36:38|INFO|PCSSALES_USER_20130814.csv Total de Logins: 32
14/08/2013 04:36:38|INFO|PCSDTH_USER_20130814.csv Total de Logins: 8
14/08/2013 04:36:38|INFO|PCSPDV_MGMT_USER_20130814.csv Total de Logins: 21
14/08/2013 04:36:38|INFO|PCSFELETRONICAPG_USER_20130814.csv Total de Logins: 11
14/08/2013 04:36:38|INFO|PCSGCPP_USER_20130814.csv Total de Logins: 9
14/08/2013 04:36:38|INFO|PCSGJMC_USER_20130814.csv Total de Logins: 8
14/08/2013 04:36:38|INFO|PCSBISEMANTICO_USER_20130814.csv Total de Logins: 1
14/08/2013 04:36:38|INFO|Finalizado
