10/12/2012 04:30:01|INFO|Iniciando
10/12/2012 04:35:24|INFO|PCSCLARIFY_USER_20121210.csv Total de Logins: 20883
10/12/2012 04:35:24|INFO|PCSPDVGN_USER_20121210.csv Total de Logins: 3382
10/12/2012 04:35:24|INFO|PCSPDV_LIVE_USER_20121210.csv Total de Logins: 12334
10/12/2012 04:35:24|INFO|PCSBDOH_USER_20121210.csv Total de Logins: 330
10/12/2012 04:35:24|INFO|PCSPDVGL_USER_20121210.csv Total de Logins: 2046
10/12/2012 04:35:24|INFO|PCSSIEBEL_USER_20121210.csv Total de Logins: 98
10/12/2012 04:35:24|INFO|PCSDSF_USER_20121210.csv Total de Logins: 25181
10/12/2012 04:35:24|INFO|PCSPROTOCOLOS_USER_20121210.csv Total de Logins: 3443
10/12/2012 04:35:24|INFO|PCSSGR_USER_20121210.csv Total de Logins: 16598
10/12/2012 04:35:24|INFO|PCSCBCF_USER_20121210.csv Total de Logins: 12447
10/12/2012 04:35:24|INFO|PCSIUNICA_USER_20121210.csv Total de Logins: 8286
10/12/2012 04:35:24|INFO|PCSFELETRONICA_USER_20121210.csv Total de Logins: 2561
10/12/2012 04:35:24|INFO|PCSICRC_USER_20121210.csv Total de Logins: 16748
10/12/2012 04:35:24|INFO|PCSPLOGISTICA_USER_20121210.csv Total de Logins: 3953
10/12/2012 04:35:24|INFO|PCSASP_USER_20121210.csv Total de Logins: 18395
10/12/2012 04:35:24|INFO|PCSSFA_USER_20121210.csv Total de Logins: 101
10/12/2012 04:35:24|INFO|PCSTIMFILAS_USER_20121210.csv Total de Logins: 1689
10/12/2012 04:35:24|INFO|PCSGVAS_USER_20121210.csv Total de Logins: 13
10/12/2012 04:35:24|INFO|PCSVERO_USER_20121210.csv Total de Logins: 135
10/12/2012 04:35:24|INFO|PCSSALES_USER_20121210.csv Total de Logins: 376
10/12/2012 04:35:24|INFO|PCSVENDITA_USER_20121210.csv Total de Logins: 235
10/12/2012 04:35:24|INFO|PCSRAP_USER_20121210.csv Total de Logins: 21
10/12/2012 04:35:24|INFO|PCSSCTR-PORTAL_USER_20121210.csv Total de Logins: 16
10/12/2012 04:35:24|INFO|PCSP2B_USER_20121210.csv Total de Logins: 25
10/12/2012 04:35:24|INFO|PCSUCM_USER_20121210.csv Total de Logins: 9
10/12/2012 04:35:24|INFO|PCSKPI_USER_20121210.csv Total de Logins: 8
10/12/2012 04:35:24|INFO|PCSIPVS_USER_20121210.csv Total de Logins: 5
10/12/2012 04:35:24|INFO|PCSGCPP_USER_20121210.csv Total de Logins: 6
10/12/2012 04:35:24|INFO|PCSPDV_MGMT_USER_20121210.csv Total de Logins: 6
10/12/2012 04:35:24|INFO|PCSGJMC_USER_20121210.csv Total de Logins: 8
10/12/2012 04:35:24|INFO|PCSFELETRONICAPG_USER_20121210.csv Total de Logins: 7
10/12/2012 04:35:24|INFO|PCSDTH_USER_20121210.csv Total de Logins: 2
10/12/2012 04:35:24|INFO|Finalizado
