26/07/2013 04:30:02|INFO|Iniciando
26/07/2013 04:37:17|INFO|PCSCLARIFY_USER_20130726.csv Total de Logins: 19694
26/07/2013 04:37:17|INFO|PCSPDVGN_USER_20130726.csv Total de Logins: 3275
26/07/2013 04:37:17|INFO|PCSICRC_USER_20130726.csv Total de Logins: 15682
26/07/2013 04:37:17|INFO|PCSDSF_USER_20130726.csv Total de Logins: 24039
26/07/2013 04:37:17|INFO|PCSSFA_USER_20130726.csv Total de Logins: 3530
26/07/2013 04:37:17|INFO|PCSPDVGL_USER_20130726.csv Total de Logins: 1727
26/07/2013 04:37:17|INFO|PCSPDV_LIVE_USER_20130726.csv Total de Logins: 11705
26/07/2013 04:37:17|INFO|PCSPROTOCOLOS_USER_20130726.csv Total de Logins: 3218
26/07/2013 04:37:17|INFO|PCSSGR_USER_20130726.csv Total de Logins: 16094
26/07/2013 04:37:17|INFO|PCSCBCF_USER_20130726.csv Total de Logins: 12345
26/07/2013 04:37:17|INFO|PCSASP_USER_20130726.csv Total de Logins: 16978
26/07/2013 04:37:17|INFO|PCSIUNICA_USER_20130726.csv Total de Logins: 7859
26/07/2013 04:37:17|INFO|PCSSIEBEL_USER_20130726.csv Total de Logins: 2582
26/07/2013 04:37:17|INFO|PCSFELETRONICA_USER_20130726.csv Total de Logins: 6425
26/07/2013 04:37:17|INFO|PCSP2B_USER_20130726.csv Total de Logins: 6630
26/07/2013 04:37:17|INFO|PCSVERO_USER_20130726.csv Total de Logins: 3167
26/07/2013 04:37:17|INFO|PCSPLOGISTICA_USER_20130726.csv Total de Logins: 2986
26/07/2013 04:37:17|INFO|PCSTIMFILAS_USER_20130726.csv Total de Logins: 1741
26/07/2013 04:37:17|INFO|PCSGCOB_USER_20130726.csv Total de Logins: 14
26/07/2013 04:37:17|INFO|PCSVENDITA_USER_20130726.csv Total de Logins: 285
26/07/2013 04:37:17|INFO|PCSVCE_USER_20130726.csv Total de Logins: 56
26/07/2013 04:37:17|INFO|PCSSCTR-PORTAL_USER_20130726.csv Total de Logins: 23
26/07/2013 04:37:17|INFO|PCSRAP_USER_20130726.csv Total de Logins: 18
26/07/2013 04:37:17|INFO|PCSGEOWEB_USER_20130726.csv Total de Logins: 1
26/07/2013 04:37:17|INFO|PCSUCM_USER_20130726.csv Total de Logins: 9
26/07/2013 04:37:17|INFO|PCSGVAS_USER_20130726.csv Total de Logins: 8
26/07/2013 04:37:17|INFO|PCSKPI_USER_20130726.csv Total de Logins: 6
26/07/2013 04:37:17|INFO|PCSIPVS_USER_20130726.csv Total de Logins: 8
26/07/2013 04:37:17|INFO|PCSBDOH_USER_20130726.csv Total de Logins: 137
26/07/2013 04:37:17|INFO|PCSSALES_USER_20130726.csv Total de Logins: 34
26/07/2013 04:37:17|INFO|PCSDTH_USER_20130726.csv Total de Logins: 8
26/07/2013 04:37:17|INFO|PCSPDV_MGMT_USER_20130726.csv Total de Logins: 11
26/07/2013 04:37:17|INFO|PCSFELETRONICAPG_USER_20130726.csv Total de Logins: 10
26/07/2013 04:37:17|INFO|PCSGCPP_USER_20130726.csv Total de Logins: 9
26/07/2013 04:37:17|INFO|PCSGJMC_USER_20130726.csv Total de Logins: 8
26/07/2013 04:37:17|INFO|PCSBISEMANTICO_USER_20130726.csv Total de Logins: 1
26/07/2013 04:37:17|INFO|Finalizado
