20/04/2013 04:30:01|INFO|Iniciando
20/04/2013 04:36:18|INFO|PCSCLARIFY_USER_20130420.csv Total de Logins: 21530
20/04/2013 04:36:18|INFO|PCSPDVGN_USER_20130420.csv Total de Logins: 3420
20/04/2013 04:36:18|INFO|PCSPDV_LIVE_USER_20130420.csv Total de Logins: 11674
20/04/2013 04:36:18|INFO|PCSPDVGL_USER_20130420.csv Total de Logins: 1984
20/04/2013 04:36:18|INFO|PCSSIEBEL_USER_20130420.csv Total de Logins: 74
20/04/2013 04:36:18|INFO|PCSDSF_USER_20130420.csv Total de Logins: 25826
20/04/2013 04:36:18|INFO|PCSPROTOCOLOS_USER_20130420.csv Total de Logins: 2696
20/04/2013 04:36:18|INFO|PCSSGR_USER_20130420.csv Total de Logins: 17284
20/04/2013 04:36:18|INFO|PCSCBCF_USER_20130420.csv Total de Logins: 13027
20/04/2013 04:36:18|INFO|PCSICRC_USER_20130420.csv Total de Logins: 17529
20/04/2013 04:36:18|INFO|PCSASP_USER_20130420.csv Total de Logins: 19122
20/04/2013 04:36:18|INFO|PCSIUNICA_USER_20130420.csv Total de Logins: 8740
20/04/2013 04:36:18|INFO|PCSPLOGISTICA_USER_20130420.csv Total de Logins: 4563
20/04/2013 04:36:18|INFO|PCSP2B_USER_20130420.csv Total de Logins: 4646
20/04/2013 04:36:18|INFO|PCSSFA_USER_20130420.csv Total de Logins: 1429
20/04/2013 04:36:18|INFO|PCSVERO_USER_20130420.csv Total de Logins: 1436
20/04/2013 04:36:18|INFO|PCSTIMFILAS_USER_20130420.csv Total de Logins: 1659
20/04/2013 04:36:18|INFO|PCSFELETRONICA_USER_20130420.csv Total de Logins: 3601
20/04/2013 04:36:18|INFO|PCSVENDITA_USER_20130420.csv Total de Logins: 279
20/04/2013 04:36:18|INFO|PCSRAP_USER_20130420.csv Total de Logins: 22
20/04/2013 04:36:18|INFO|PCSSCTR-PORTAL_USER_20130420.csv Total de Logins: 19
20/04/2013 04:36:18|INFO|PCSUCM_USER_20130420.csv Total de Logins: 10
20/04/2013 04:36:18|INFO|PCSGVAS_USER_20130420.csv Total de Logins: 8
20/04/2013 04:36:18|INFO|PCSKPI_USER_20130420.csv Total de Logins: 7
20/04/2013 04:36:18|INFO|PCSIPVS_USER_20130420.csv Total de Logins: 4
20/04/2013 04:36:18|INFO|PCSBDOH_USER_20130420.csv Total de Logins: 196
20/04/2013 04:36:18|INFO|PCSSALES_USER_20130420.csv Total de Logins: 64
20/04/2013 04:36:18|INFO|PCSGCPP_USER_20130420.csv Total de Logins: 5
20/04/2013 04:36:18|INFO|PCSPDV_MGMT_USER_20130420.csv Total de Logins: 7
20/04/2013 04:36:18|INFO|PCSGJMC_USER_20130420.csv Total de Logins: 6
20/04/2013 04:36:18|INFO|PCSFELETRONICAPG_USER_20130420.csv Total de Logins: 5
20/04/2013 04:36:18|INFO|PCSDTH_USER_20130420.csv Total de Logins: 2
20/04/2013 04:36:18|INFO|Finalizado
