07/12/2012 04:30:01|INFO|Iniciando
07/12/2012 04:35:43|INFO|PCSCLARIFY_USER_20121207.csv Total de Logins: 20808
07/12/2012 04:35:43|INFO|PCSPDVGN_USER_20121207.csv Total de Logins: 3375
07/12/2012 04:35:43|INFO|PCSPDV_LIVE_USER_20121207.csv Total de Logins: 12344
07/12/2012 04:35:43|INFO|PCSBDOH_USER_20121207.csv Total de Logins: 330
07/12/2012 04:35:43|INFO|PCSPDVGL_USER_20121207.csv Total de Logins: 2045
07/12/2012 04:35:43|INFO|PCSSIEBEL_USER_20121207.csv Total de Logins: 104
07/12/2012 04:35:43|INFO|PCSDSF_USER_20121207.csv Total de Logins: 25081
07/12/2012 04:35:43|INFO|PCSPROTOCOLOS_USER_20121207.csv Total de Logins: 3565
07/12/2012 04:35:43|INFO|PCSSGR_USER_20121207.csv Total de Logins: 16654
07/12/2012 04:35:43|INFO|PCSCBCF_USER_20121207.csv Total de Logins: 12454
07/12/2012 04:35:43|INFO|PCSIUNICA_USER_20121207.csv Total de Logins: 8273
07/12/2012 04:35:43|INFO|PCSFELETRONICA_USER_20121207.csv Total de Logins: 2496
07/12/2012 04:35:43|INFO|PCSICRC_USER_20121207.csv Total de Logins: 16626
07/12/2012 04:35:43|INFO|PCSPLOGISTICA_USER_20121207.csv Total de Logins: 3912
07/12/2012 04:35:43|INFO|PCSASP_USER_20121207.csv Total de Logins: 18258
07/12/2012 04:35:43|INFO|PCSSFA_USER_20121207.csv Total de Logins: 101
07/12/2012 04:35:43|INFO|PCSTIMFILAS_USER_20121207.csv Total de Logins: 1668
07/12/2012 04:35:43|INFO|PCSGVAS_USER_20121207.csv Total de Logins: 13
07/12/2012 04:35:43|INFO|PCSVERO_USER_20121207.csv Total de Logins: 96
07/12/2012 04:35:43|INFO|PCSSALES_USER_20121207.csv Total de Logins: 378
07/12/2012 04:35:43|INFO|PCSVENDITA_USER_20121207.csv Total de Logins: 221
07/12/2012 04:35:43|INFO|PCSRAP_USER_20121207.csv Total de Logins: 20
07/12/2012 04:35:43|INFO|PCSSCTR-PORTAL_USER_20121207.csv Total de Logins: 16
07/12/2012 04:35:43|INFO|PCSP2B_USER_20121207.csv Total de Logins: 25
07/12/2012 04:35:43|INFO|PCSFELETRONICAPG_USER_20121207.csv Total de Logins: 8
07/12/2012 04:35:43|INFO|PCSGCPP_USER_20121207.csv Total de Logins: 7
07/12/2012 04:35:43|INFO|PCSUCM_USER_20121207.csv Total de Logins: 9
07/12/2012 04:35:43|INFO|PCSGJMC_USER_20121207.csv Total de Logins: 9
07/12/2012 04:35:43|INFO|PCSKPI_USER_20121207.csv Total de Logins: 8
07/12/2012 04:35:43|INFO|PCSIPVS_USER_20121207.csv Total de Logins: 5
07/12/2012 04:35:43|INFO|PCSPDV_MGMT_USER_20121207.csv Total de Logins: 6
07/12/2012 04:35:43|INFO|PCSDTH_USER_20121207.csv Total de Logins: 2
07/12/2012 04:35:43|INFO|Finalizado
