08/06/2013 04:30:01|INFO|Iniciando
08/06/2013 04:36:42|INFO|PCSCLARIFY_USER_20130608.csv Total de Logins: 20556
08/06/2013 04:36:42|INFO|PCSPDVGN_USER_20130608.csv Total de Logins: 3209
08/06/2013 04:36:42|INFO|PCSPDV_LIVE_USER_20130608.csv Total de Logins: 11333
08/06/2013 04:36:42|INFO|PCSPDVGL_USER_20130608.csv Total de Logins: 1778
08/06/2013 04:36:42|INFO|PCSSIEBEL_USER_20130608.csv Total de Logins: 123
08/06/2013 04:36:42|INFO|PCSDSF_USER_20130608.csv Total de Logins: 25000
08/06/2013 04:36:42|INFO|PCSPROTOCOLOS_USER_20130608.csv Total de Logins: 3139
08/06/2013 04:36:42|INFO|PCSSGR_USER_20130608.csv Total de Logins: 16795
08/06/2013 04:36:42|INFO|PCSCBCF_USER_20130608.csv Total de Logins: 12458
08/06/2013 04:36:42|INFO|PCSICRC_USER_20130608.csv Total de Logins: 16923
08/06/2013 04:36:42|INFO|PCSASP_USER_20130608.csv Total de Logins: 18270
08/06/2013 04:36:42|INFO|PCSIUNICA_USER_20130608.csv Total de Logins: 8093
08/06/2013 04:36:42|INFO|PCSP2B_USER_20130608.csv Total de Logins: 5703
08/06/2013 04:36:42|INFO|PCSPLOGISTICA_USER_20130608.csv Total de Logins: 4682
08/06/2013 04:36:42|INFO|PCSFELETRONICA_USER_20130608.csv Total de Logins: 2734
08/06/2013 04:36:42|INFO|PCSSFA_USER_20130608.csv Total de Logins: 2990
08/06/2013 04:36:42|INFO|PCSVERO_USER_20130608.csv Total de Logins: 2810
08/06/2013 04:36:42|INFO|PCSTIMFILAS_USER_20130608.csv Total de Logins: 1659
08/06/2013 04:36:42|INFO|PCSVENDITA_USER_20130608.csv Total de Logins: 274
08/06/2013 04:36:42|INFO|PCSSCTR-PORTAL_USER_20130608.csv Total de Logins: 21
08/06/2013 04:36:42|INFO|PCSRAP_USER_20130608.csv Total de Logins: 24
08/06/2013 04:36:42|INFO|PCSGCPP_USER_20130608.csv Total de Logins: 17
08/06/2013 04:36:42|INFO|PCSUCM_USER_20130608.csv Total de Logins: 12
08/06/2013 04:36:42|INFO|PCSGVAS_USER_20130608.csv Total de Logins: 10
08/06/2013 04:36:42|INFO|PCSKPI_USER_20130608.csv Total de Logins: 7
08/06/2013 04:36:42|INFO|PCSIPVS_USER_20130608.csv Total de Logins: 9
08/06/2013 04:36:42|INFO|PCSBDOH_USER_20130608.csv Total de Logins: 132
08/06/2013 04:36:42|INFO|PCSSALES_USER_20130608.csv Total de Logins: 44
08/06/2013 04:36:42|INFO|PCSPDV_MGMT_USER_20130608.csv Total de Logins: 10
08/06/2013 04:36:42|INFO|PCSGJMC_USER_20130608.csv Total de Logins: 9
08/06/2013 04:36:42|INFO|PCSFELETRONICAPG_USER_20130608.csv Total de Logins: 9
08/06/2013 04:36:42|INFO|PCSBISEMANTICO_USER_20130608.csv Total de Logins: 6
08/06/2013 04:36:42|INFO|PCSDTH_USER_20130608.csv Total de Logins: 2
08/06/2013 04:36:42|INFO|Finalizado
