15/06/2013 04:30:02|INFO|Iniciando
15/06/2013 04:36:27|INFO|PCSCLARIFY_USER_20130615.csv Total de Logins: 20420
15/06/2013 04:36:27|INFO|PCSPDVGN_USER_20130615.csv Total de Logins: 3230
15/06/2013 04:36:27|INFO|PCSPDV_LIVE_USER_20130615.csv Total de Logins: 11485
15/06/2013 04:36:27|INFO|PCSSFA_USER_20130615.csv Total de Logins: 3323
15/06/2013 04:36:27|INFO|PCSPDVGL_USER_20130615.csv Total de Logins: 1783
15/06/2013 04:36:27|INFO|PCSDSF_USER_20130615.csv Total de Logins: 24854
15/06/2013 04:36:27|INFO|PCSPROTOCOLOS_USER_20130615.csv Total de Logins: 3261
15/06/2013 04:36:27|INFO|PCSSGR_USER_20130615.csv Total de Logins: 16876
15/06/2013 04:36:27|INFO|PCSCBCF_USER_20130615.csv Total de Logins: 12544
15/06/2013 04:36:27|INFO|PCSICRC_USER_20130615.csv Total de Logins: 16858
15/06/2013 04:36:27|INFO|PCSASP_USER_20130615.csv Total de Logins: 18184
15/06/2013 04:36:27|INFO|PCSIUNICA_USER_20130615.csv Total de Logins: 8169
15/06/2013 04:36:27|INFO|PCSP2B_USER_20130615.csv Total de Logins: 5964
15/06/2013 04:36:27|INFO|PCSSIEBEL_USER_20130615.csv Total de Logins: 142
15/06/2013 04:36:27|INFO|PCSPLOGISTICA_USER_20130615.csv Total de Logins: 4539
15/06/2013 04:36:27|INFO|PCSFELETRONICA_USER_20130615.csv Total de Logins: 2866
15/06/2013 04:36:27|INFO|PCSVERO_USER_20130615.csv Total de Logins: 3063
15/06/2013 04:36:27|INFO|PCSTIMFILAS_USER_20130615.csv Total de Logins: 1645
15/06/2013 04:36:27|INFO|PCSVENDITA_USER_20130615.csv Total de Logins: 266
15/06/2013 04:36:27|INFO|PCSSCTR-PORTAL_USER_20130615.csv Total de Logins: 22
15/06/2013 04:36:27|INFO|PCSRAP_USER_20130615.csv Total de Logins: 24
15/06/2013 04:36:27|INFO|PCSGCPP_USER_20130615.csv Total de Logins: 17
15/06/2013 04:36:27|INFO|PCSUCM_USER_20130615.csv Total de Logins: 12
15/06/2013 04:36:27|INFO|PCSGVAS_USER_20130615.csv Total de Logins: 10
15/06/2013 04:36:27|INFO|PCSKPI_USER_20130615.csv Total de Logins: 7
15/06/2013 04:36:27|INFO|PCSIPVS_USER_20130615.csv Total de Logins: 9
15/06/2013 04:36:27|INFO|PCSBDOH_USER_20130615.csv Total de Logins: 130
15/06/2013 04:36:27|INFO|PCSSALES_USER_20130615.csv Total de Logins: 43
15/06/2013 04:36:27|INFO|PCSPDV_MGMT_USER_20130615.csv Total de Logins: 10
15/06/2013 04:36:27|INFO|PCSGJMC_USER_20130615.csv Total de Logins: 9
15/06/2013 04:36:27|INFO|PCSFELETRONICAPG_USER_20130615.csv Total de Logins: 11
15/06/2013 04:36:27|INFO|PCSBISEMANTICO_USER_20130615.csv Total de Logins: 6
15/06/2013 04:36:27|INFO|PCSDTH_USER_20130615.csv Total de Logins: 2
15/06/2013 04:36:27|INFO|Finalizado
