09/12/2012 04:30:01|INFO|Iniciando
09/12/2012 04:35:28|INFO|PCSCLARIFY_USER_20121209.csv Total de Logins: 20816
09/12/2012 04:35:28|INFO|PCSPDVGN_USER_20121209.csv Total de Logins: 3382
09/12/2012 04:35:28|INFO|PCSPDV_LIVE_USER_20121209.csv Total de Logins: 12411
09/12/2012 04:35:28|INFO|PCSBDOH_USER_20121209.csv Total de Logins: 330
09/12/2012 04:35:28|INFO|PCSPDVGL_USER_20121209.csv Total de Logins: 2046
09/12/2012 04:35:28|INFO|PCSSIEBEL_USER_20121209.csv Total de Logins: 103
09/12/2012 04:35:28|INFO|PCSDSF_USER_20121209.csv Total de Logins: 25150
09/12/2012 04:35:28|INFO|PCSPROTOCOLOS_USER_20121209.csv Total de Logins: 3556
09/12/2012 04:35:28|INFO|PCSSGR_USER_20121209.csv Total de Logins: 16625
09/12/2012 04:35:28|INFO|PCSCBCF_USER_20121209.csv Total de Logins: 12475
09/12/2012 04:35:28|INFO|PCSIUNICA_USER_20121209.csv Total de Logins: 8240
09/12/2012 04:35:28|INFO|PCSFELETRONICA_USER_20121209.csv Total de Logins: 2509
09/12/2012 04:35:28|INFO|PCSICRC_USER_20121209.csv Total de Logins: 16719
09/12/2012 04:35:28|INFO|PCSPLOGISTICA_USER_20121209.csv Total de Logins: 3910
09/12/2012 04:35:28|INFO|PCSASP_USER_20121209.csv Total de Logins: 18323
09/12/2012 04:35:28|INFO|PCSSFA_USER_20121209.csv Total de Logins: 101
09/12/2012 04:35:28|INFO|PCSTIMFILAS_USER_20121209.csv Total de Logins: 1667
09/12/2012 04:35:28|INFO|PCSGVAS_USER_20121209.csv Total de Logins: 13
09/12/2012 04:35:28|INFO|PCSVERO_USER_20121209.csv Total de Logins: 96
09/12/2012 04:35:28|INFO|PCSSALES_USER_20121209.csv Total de Logins: 376
09/12/2012 04:35:28|INFO|PCSVENDITA_USER_20121209.csv Total de Logins: 235
09/12/2012 04:35:28|INFO|PCSRAP_USER_20121209.csv Total de Logins: 21
09/12/2012 04:35:28|INFO|PCSSCTR-PORTAL_USER_20121209.csv Total de Logins: 16
09/12/2012 04:35:28|INFO|PCSP2B_USER_20121209.csv Total de Logins: 25
09/12/2012 04:35:28|INFO|PCSUCM_USER_20121209.csv Total de Logins: 9
09/12/2012 04:35:28|INFO|PCSKPI_USER_20121209.csv Total de Logins: 8
09/12/2012 04:35:28|INFO|PCSIPVS_USER_20121209.csv Total de Logins: 5
09/12/2012 04:35:28|INFO|PCSGCPP_USER_20121209.csv Total de Logins: 6
09/12/2012 04:35:28|INFO|PCSPDV_MGMT_USER_20121209.csv Total de Logins: 6
09/12/2012 04:35:28|INFO|PCSGJMC_USER_20121209.csv Total de Logins: 8
09/12/2012 04:35:28|INFO|PCSFELETRONICAPG_USER_20121209.csv Total de Logins: 7
09/12/2012 04:35:28|INFO|PCSDTH_USER_20121209.csv Total de Logins: 2
09/12/2012 04:35:28|INFO|Finalizado
