13/08/2013 04:30:01|INFO|Iniciando
13/08/2013 04:36:40|INFO|PCSCLARIFY_USER_20130813.csv Total de Logins: 19542
13/08/2013 04:36:40|INFO|PCSPDVGN_USER_20130813.csv Total de Logins: 3290
13/08/2013 04:36:40|INFO|PCSICRC_USER_20130813.csv Total de Logins: 16028
13/08/2013 04:36:40|INFO|PCSDSF_USER_20130813.csv Total de Logins: 24170
13/08/2013 04:36:40|INFO|PCSSFA_USER_20130813.csv Total de Logins: 3617
13/08/2013 04:36:40|INFO|PCSPDV_LIVE_USER_20130813.csv Total de Logins: 11583
13/08/2013 04:36:40|INFO|PCSPDVGL_USER_20130813.csv Total de Logins: 1694
13/08/2013 04:36:40|INFO|PCSPROTOCOLOS_USER_20130813.csv Total de Logins: 3244
13/08/2013 04:36:40|INFO|PCSSGR_USER_20130813.csv Total de Logins: 16132
13/08/2013 04:36:40|INFO|PCSCBCF_USER_20130813.csv Total de Logins: 12265
13/08/2013 04:36:40|INFO|PCSASP_USER_20130813.csv Total de Logins: 16999
13/08/2013 04:36:40|INFO|PCSIUNICA_USER_20130813.csv Total de Logins: 8388
13/08/2013 04:36:40|INFO|PCSSIEBEL_USER_20130813.csv Total de Logins: 4327
13/08/2013 04:36:40|INFO|PCSFELETRONICA_USER_20130813.csv Total de Logins: 6536
13/08/2013 04:36:40|INFO|PCSP2B_USER_20130813.csv Total de Logins: 6771
13/08/2013 04:36:40|INFO|PCSVERO_USER_20130813.csv Total de Logins: 3204
13/08/2013 04:36:40|INFO|PCSPLOGISTICA_USER_20130813.csv Total de Logins: 2797
13/08/2013 04:36:40|INFO|PCSTIMFILAS_USER_20130813.csv Total de Logins: 1762
13/08/2013 04:36:40|INFO|PCSGCOB_USER_20130813.csv Total de Logins: 14
13/08/2013 04:36:40|INFO|PCSVENDITA_USER_20130813.csv Total de Logins: 300
13/08/2013 04:36:40|INFO|PCSVCE_USER_20130813.csv Total de Logins: 85
13/08/2013 04:36:40|INFO|PCSSCTR-PORTAL_USER_20130813.csv Total de Logins: 24
13/08/2013 04:36:40|INFO|PCSRAP_USER_20130813.csv Total de Logins: 16
13/08/2013 04:36:40|INFO|PCSGEOWEB_USER_20130813.csv Total de Logins: 1
13/08/2013 04:36:40|INFO|PCSUCM_USER_20130813.csv Total de Logins: 9
13/08/2013 04:36:40|INFO|PCSGVAS_USER_20130813.csv Total de Logins: 8
13/08/2013 04:36:40|INFO|PCSKPI_USER_20130813.csv Total de Logins: 6
13/08/2013 04:36:40|INFO|PCSIPVS_USER_20130813.csv Total de Logins: 8
13/08/2013 04:36:40|INFO|PCSBDOH_USER_20130813.csv Total de Logins: 157
13/08/2013 04:36:40|INFO|PCSSALES_USER_20130813.csv Total de Logins: 32
13/08/2013 04:36:40|INFO|PCSDTH_USER_20130813.csv Total de Logins: 8
13/08/2013 04:36:40|INFO|PCSPDV_MGMT_USER_20130813.csv Total de Logins: 21
13/08/2013 04:36:40|INFO|PCSFELETRONICAPG_USER_20130813.csv Total de Logins: 11
13/08/2013 04:36:40|INFO|PCSGCPP_USER_20130813.csv Total de Logins: 9
13/08/2013 04:36:40|INFO|PCSGJMC_USER_20130813.csv Total de Logins: 8
13/08/2013 04:36:40|INFO|PCSBISEMANTICO_USER_20130813.csv Total de Logins: 1
13/08/2013 04:36:40|INFO|Finalizado
