23/11/2012 04:30:01|INFO|Iniciando
23/11/2012 04:35:20|INFO|PCSCLARIFY_USER_20121123.csv Total de Logins: 19852
23/11/2012 04:35:20|INFO|PCSPDVGN_USER_20121123.csv Total de Logins: 3347
23/11/2012 04:35:20|INFO|PCSPDV_LIVE_USER_20121123.csv Total de Logins: 11017
23/11/2012 04:35:20|INFO|PCSBDOH_USER_20121123.csv Total de Logins: 304
23/11/2012 04:35:20|INFO|PCSPDVGL_USER_20121123.csv Total de Logins: 2046
23/11/2012 04:35:20|INFO|PCSSIEBEL_USER_20121123.csv Total de Logins: 106
23/11/2012 04:35:20|INFO|PCSDSF_USER_20121123.csv Total de Logins: 23948
23/11/2012 04:35:20|INFO|PCSPROTOCOLOS_USER_20121123.csv Total de Logins: 3254
23/11/2012 04:35:20|INFO|PCSSGR_USER_20121123.csv Total de Logins: 15374
23/11/2012 04:35:20|INFO|PCSCBCF_USER_20121123.csv Total de Logins: 11937
23/11/2012 04:35:20|INFO|PCSIUNICA_USER_20121123.csv Total de Logins: 7783
23/11/2012 04:35:20|INFO|PCSFELETRONICA_USER_20121123.csv Total de Logins: 2649
23/11/2012 04:35:20|INFO|PCSICRC_USER_20121123.csv Total de Logins: 15677
23/11/2012 04:35:20|INFO|PCSPLOGISTICA_USER_20121123.csv Total de Logins: 3746
23/11/2012 04:35:20|INFO|PCSASP_USER_20121123.csv Total de Logins: 17424
23/11/2012 04:35:20|INFO|PCSTIMFILAS_USER_20121123.csv Total de Logins: 1568
23/11/2012 04:35:20|INFO|PCSGVAS_USER_20121123.csv Total de Logins: 13
23/11/2012 04:35:20|INFO|PCSVERO_USER_20121123.csv Total de Logins: 36
23/11/2012 04:35:20|INFO|PCSVENDITA_USER_20121123.csv Total de Logins: 196
23/11/2012 04:35:20|INFO|PCSRAP_USER_20121123.csv Total de Logins: 19
23/11/2012 04:35:20|INFO|PCSSCTR-PORTAL_USER_20121123.csv Total de Logins: 16
23/11/2012 04:35:20|INFO|PCSP2B_USER_20121123.csv Total de Logins: 25
23/11/2012 04:35:20|INFO|PCSSFA_USER_20121123.csv Total de Logins: 38
23/11/2012 04:35:20|INFO|PCSFELETRONICAPG_USER_20121123.csv Total de Logins: 10
23/11/2012 04:35:20|INFO|PCSGCPP_USER_20121123.csv Total de Logins: 9
23/11/2012 04:35:20|INFO|PCSUCM_USER_20121123.csv Total de Logins: 12
23/11/2012 04:35:20|INFO|PCSGJMC_USER_20121123.csv Total de Logins: 10
23/11/2012 04:35:20|INFO|PCSKPI_USER_20121123.csv Total de Logins: 8
23/11/2012 04:35:20|INFO|PCSIPVS_USER_20121123.csv Total de Logins: 8
23/11/2012 04:35:20|INFO|PCSPDV_MGMT_USER_20121123.csv Total de Logins: 7
23/11/2012 04:35:20|INFO|PCSDTH_USER_20121123.csv Total de Logins: 2
23/11/2012 04:35:20|INFO|Finalizado
