23/02/2013 04:30:01|INFO|Iniciando
23/02/2013 04:36:02|INFO|PCSCLARIFY_USER_20130223.csv Total de Logins: 21006
23/02/2013 04:36:02|INFO|PCSPDVGN_USER_20130223.csv Total de Logins: 3451
23/02/2013 04:36:02|INFO|PCSPDV_LIVE_USER_20130223.csv Total de Logins: 13365
23/02/2013 04:36:02|INFO|PCSSFA_USER_20130223.csv Total de Logins: 1810
23/02/2013 04:36:02|INFO|PCSPDVGL_USER_20130223.csv Total de Logins: 2044
23/02/2013 04:36:02|INFO|PCSSIEBEL_USER_20130223.csv Total de Logins: 35
23/02/2013 04:36:02|INFO|PCSASP_USER_20130223.csv Total de Logins: 18886
23/02/2013 04:36:02|INFO|PCSDSF_USER_20130223.csv Total de Logins: 25359
23/02/2013 04:36:02|INFO|PCSPROTOCOLOS_USER_20130223.csv Total de Logins: 2763
23/02/2013 04:36:02|INFO|PCSSGR_USER_20130223.csv Total de Logins: 16863
23/02/2013 04:36:02|INFO|PCSCBCF_USER_20130223.csv Total de Logins: 12691
23/02/2013 04:36:02|INFO|PCSICRC_USER_20130223.csv Total de Logins: 17571
23/02/2013 04:36:02|INFO|PCSIUNICA_USER_20130223.csv Total de Logins: 8869
23/02/2013 04:36:02|INFO|PCSPLOGISTICA_USER_20130223.csv Total de Logins: 4685
23/02/2013 04:36:02|INFO|PCSP2B_USER_20130223.csv Total de Logins: 1896
23/02/2013 04:36:02|INFO|PCSTIMFILAS_USER_20130223.csv Total de Logins: 1605
23/02/2013 04:36:02|INFO|PCSFELETRONICA_USER_20130223.csv Total de Logins: 3826
23/02/2013 04:36:02|INFO|PCSVERO_USER_20130223.csv Total de Logins: 1813
23/02/2013 04:36:02|INFO|PCSVENDITA_USER_20130223.csv Total de Logins: 255
23/02/2013 04:36:02|INFO|PCSRAP_USER_20130223.csv Total de Logins: 14
23/02/2013 04:36:02|INFO|PCSSCTR-PORTAL_USER_20130223.csv Total de Logins: 16
23/02/2013 04:36:02|INFO|PCSUCM_USER_20130223.csv Total de Logins: 9
23/02/2013 04:36:02|INFO|PCSGVAS_USER_20130223.csv Total de Logins: 9
23/02/2013 04:36:02|INFO|PCSKPI_USER_20130223.csv Total de Logins: 7
23/02/2013 04:36:02|INFO|PCSIPVS_USER_20130223.csv Total de Logins: 5
23/02/2013 04:36:02|INFO|PCSBDOH_USER_20130223.csv Total de Logins: 177
23/02/2013 04:36:02|INFO|PCSSALES_USER_20130223.csv Total de Logins: 76
23/02/2013 04:36:02|INFO|PCSGCPP_USER_20130223.csv Total de Logins: 6
23/02/2013 04:36:02|INFO|PCSPDV_MGMT_USER_20130223.csv Total de Logins: 8
23/02/2013 04:36:02|INFO|PCSGJMC_USER_20130223.csv Total de Logins: 7
23/02/2013 04:36:02|INFO|PCSFELETRONICAPG_USER_20130223.csv Total de Logins: 5
23/02/2013 04:36:02|INFO|PCSDTH_USER_20130223.csv Total de Logins: 2
23/02/2013 04:36:02|INFO|Finalizado
