07/04/2013 04:30:01|INFO|Iniciando
07/04/2013 04:36:22|INFO|PCSCLARIFY_USER_20130407.csv Total de Logins: 21910
07/04/2013 04:36:22|INFO|PCSPDVGN_USER_20130407.csv Total de Logins: 3436
07/04/2013 04:36:22|INFO|PCSPDV_LIVE_USER_20130407.csv Total de Logins: 11721
07/04/2013 04:36:22|INFO|PCSPDVGL_USER_20130407.csv Total de Logins: 2010
07/04/2013 04:36:22|INFO|PCSSIEBEL_USER_20130407.csv Total de Logins: 74
07/04/2013 04:36:22|INFO|PCSDSF_USER_20130407.csv Total de Logins: 26111
07/04/2013 04:36:22|INFO|PCSICRC_USER_20130407.csv Total de Logins: 17826
07/04/2013 04:36:22|INFO|PCSPROTOCOLOS_USER_20130407.csv Total de Logins: 2680
07/04/2013 04:36:22|INFO|PCSSGR_USER_20130407.csv Total de Logins: 17721
07/04/2013 04:36:22|INFO|PCSCBCF_USER_20130407.csv Total de Logins: 13080
07/04/2013 04:36:22|INFO|PCSASP_USER_20130407.csv Total de Logins: 19457
07/04/2013 04:36:22|INFO|PCSIUNICA_USER_20130407.csv Total de Logins: 9137
07/04/2013 04:36:22|INFO|PCSPLOGISTICA_USER_20130407.csv Total de Logins: 5761
07/04/2013 04:36:22|INFO|PCSP2B_USER_20130407.csv Total de Logins: 4650
07/04/2013 04:36:22|INFO|PCSTIMFILAS_USER_20130407.csv Total de Logins: 1646
07/04/2013 04:36:22|INFO|PCSFELETRONICA_USER_20130407.csv Total de Logins: 3820
07/04/2013 04:36:22|INFO|PCSVERO_USER_20130407.csv Total de Logins: 1523
07/04/2013 04:36:22|INFO|PCSSFA_USER_20130407.csv Total de Logins: 1460
07/04/2013 04:36:22|INFO|PCSVENDITA_USER_20130407.csv Total de Logins: 241
07/04/2013 04:36:22|INFO|PCSRAP_USER_20130407.csv Total de Logins: 20
07/04/2013 04:36:22|INFO|PCSSCTR-PORTAL_USER_20130407.csv Total de Logins: 18
07/04/2013 04:36:22|INFO|PCSUCM_USER_20130407.csv Total de Logins: 10
07/04/2013 04:36:22|INFO|PCSGVAS_USER_20130407.csv Total de Logins: 8
07/04/2013 04:36:22|INFO|PCSKPI_USER_20130407.csv Total de Logins: 8
07/04/2013 04:36:22|INFO|PCSIPVS_USER_20130407.csv Total de Logins: 4
07/04/2013 04:36:22|INFO|PCSBDOH_USER_20130407.csv Total de Logins: 229
07/04/2013 04:36:22|INFO|PCSSALES_USER_20130407.csv Total de Logins: 64
07/04/2013 04:36:22|INFO|PCSGCPP_USER_20130407.csv Total de Logins: 4
07/04/2013 04:36:22|INFO|PCSPDV_MGMT_USER_20130407.csv Total de Logins: 7
07/04/2013 04:36:22|INFO|PCSGJMC_USER_20130407.csv Total de Logins: 6
07/04/2013 04:36:22|INFO|PCSFELETRONICAPG_USER_20130407.csv Total de Logins: 6
07/04/2013 04:36:22|INFO|PCSDTH_USER_20130407.csv Total de Logins: 2
07/04/2013 04:36:22|INFO|Finalizado
