08/08/2013 04:30:02|INFO|Iniciando
08/08/2013 04:36:42|INFO|PCSCLARIFY_USER_20130808.csv Total de Logins: 19735
08/08/2013 04:36:42|INFO|PCSPDVGN_USER_20130808.csv Total de Logins: 3295
08/08/2013 04:36:42|INFO|PCSICRC_USER_20130808.csv Total de Logins: 16092
08/08/2013 04:36:42|INFO|PCSDSF_USER_20130808.csv Total de Logins: 24130
08/08/2013 04:36:42|INFO|PCSSFA_USER_20130808.csv Total de Logins: 3641
08/08/2013 04:36:42|INFO|PCSPDV_LIVE_USER_20130808.csv Total de Logins: 11701
08/08/2013 04:36:42|INFO|PCSPDVGL_USER_20130808.csv Total de Logins: 1702
08/08/2013 04:36:42|INFO|PCSPROTOCOLOS_USER_20130808.csv Total de Logins: 3254
08/08/2013 04:36:42|INFO|PCSSGR_USER_20130808.csv Total de Logins: 16447
08/08/2013 04:36:42|INFO|PCSCBCF_USER_20130808.csv Total de Logins: 12230
08/08/2013 04:36:42|INFO|PCSASP_USER_20130808.csv Total de Logins: 17082
08/08/2013 04:36:42|INFO|PCSIUNICA_USER_20130808.csv Total de Logins: 8469
08/08/2013 04:36:43|INFO|PCSSIEBEL_USER_20130808.csv Total de Logins: 4090
08/08/2013 04:36:43|INFO|PCSFELETRONICA_USER_20130808.csv Total de Logins: 6507
08/08/2013 04:36:43|INFO|PCSP2B_USER_20130808.csv Total de Logins: 6835
08/08/2013 04:36:43|INFO|PCSVERO_USER_20130808.csv Total de Logins: 3266
08/08/2013 04:36:43|INFO|PCSPLOGISTICA_USER_20130808.csv Total de Logins: 3005
08/08/2013 04:36:43|INFO|PCSTIMFILAS_USER_20130808.csv Total de Logins: 1754
08/08/2013 04:36:43|INFO|PCSGCOB_USER_20130808.csv Total de Logins: 14
08/08/2013 04:36:43|INFO|PCSVENDITA_USER_20130808.csv Total de Logins: 292
08/08/2013 04:36:43|INFO|PCSVCE_USER_20130808.csv Total de Logins: 81
08/08/2013 04:36:43|INFO|PCSSCTR-PORTAL_USER_20130808.csv Total de Logins: 24
08/08/2013 04:36:43|INFO|PCSRAP_USER_20130808.csv Total de Logins: 17
08/08/2013 04:36:43|INFO|PCSGEOWEB_USER_20130808.csv Total de Logins: 1
08/08/2013 04:36:43|INFO|PCSUCM_USER_20130808.csv Total de Logins: 9
08/08/2013 04:36:43|INFO|PCSGVAS_USER_20130808.csv Total de Logins: 8
08/08/2013 04:36:43|INFO|PCSKPI_USER_20130808.csv Total de Logins: 6
08/08/2013 04:36:43|INFO|PCSIPVS_USER_20130808.csv Total de Logins: 8
08/08/2013 04:36:43|INFO|PCSBDOH_USER_20130808.csv Total de Logins: 160
08/08/2013 04:36:43|INFO|PCSSALES_USER_20130808.csv Total de Logins: 32
08/08/2013 04:36:43|INFO|PCSDTH_USER_20130808.csv Total de Logins: 8
08/08/2013 04:36:43|INFO|PCSPDV_MGMT_USER_20130808.csv Total de Logins: 12
08/08/2013 04:36:43|INFO|PCSFELETRONICAPG_USER_20130808.csv Total de Logins: 11
08/08/2013 04:36:43|INFO|PCSGCPP_USER_20130808.csv Total de Logins: 9
08/08/2013 04:36:43|INFO|PCSGJMC_USER_20130808.csv Total de Logins: 8
08/08/2013 04:36:43|INFO|PCSBISEMANTICO_USER_20130808.csv Total de Logins: 1
08/08/2013 04:36:43|INFO|Finalizado
