09/03/2013 04:30:01|INFO|Iniciando
09/03/2013 04:36:11|INFO|PCSCLARIFY_USER_20130309.csv Total de Logins: 21333
09/03/2013 04:36:11|INFO|PCSPDVGN_USER_20130309.csv Total de Logins: 3453
09/03/2013 04:36:11|INFO|PCSPDV_LIVE_USER_20130309.csv Total de Logins: 13070
09/03/2013 04:36:11|INFO|PCSPDVGL_USER_20130309.csv Total de Logins: 2028
09/03/2013 04:36:11|INFO|PCSSIEBEL_USER_20130309.csv Total de Logins: 36
09/03/2013 04:36:11|INFO|PCSASP_USER_20130309.csv Total de Logins: 18903
09/03/2013 04:36:11|INFO|PCSDSF_USER_20130309.csv Total de Logins: 25494
09/03/2013 04:36:11|INFO|PCSICRC_USER_20130309.csv Total de Logins: 17647
09/03/2013 04:36:11|INFO|PCSPROTOCOLOS_USER_20130309.csv Total de Logins: 2618
09/03/2013 04:36:11|INFO|PCSSGR_USER_20130309.csv Total de Logins: 17022
09/03/2013 04:36:11|INFO|PCSCBCF_USER_20130309.csv Total de Logins: 12517
09/03/2013 04:36:11|INFO|PCSIUNICA_USER_20130309.csv Total de Logins: 9088
09/03/2013 04:36:11|INFO|PCSPLOGISTICA_USER_20130309.csv Total de Logins: 5723
09/03/2013 04:36:11|INFO|PCSP2B_USER_20130309.csv Total de Logins: 2497
09/03/2013 04:36:11|INFO|PCSFELETRONICA_USER_20130309.csv Total de Logins: 3821
09/03/2013 04:36:11|INFO|PCSSFA_USER_20130309.csv Total de Logins: 1799
09/03/2013 04:36:11|INFO|PCSVERO_USER_20130309.csv Total de Logins: 1828
09/03/2013 04:36:11|INFO|PCSTIMFILAS_USER_20130309.csv Total de Logins: 1615
09/03/2013 04:36:11|INFO|PCSVENDITA_USER_20130309.csv Total de Logins: 253
09/03/2013 04:36:11|INFO|PCSRAP_USER_20130309.csv Total de Logins: 15
09/03/2013 04:36:11|INFO|PCSSCTR-PORTAL_USER_20130309.csv Total de Logins: 16
09/03/2013 04:36:11|INFO|PCSUCM_USER_20130309.csv Total de Logins: 8
09/03/2013 04:36:11|INFO|PCSGVAS_USER_20130309.csv Total de Logins: 9
09/03/2013 04:36:11|INFO|PCSKPI_USER_20130309.csv Total de Logins: 8
09/03/2013 04:36:11|INFO|PCSIPVS_USER_20130309.csv Total de Logins: 5
09/03/2013 04:36:11|INFO|PCSBDOH_USER_20130309.csv Total de Logins: 194
09/03/2013 04:36:11|INFO|PCSSALES_USER_20130309.csv Total de Logins: 76
09/03/2013 04:36:11|INFO|PCSGCPP_USER_20130309.csv Total de Logins: 5
09/03/2013 04:36:11|INFO|PCSPDV_MGMT_USER_20130309.csv Total de Logins: 8
09/03/2013 04:36:11|INFO|PCSGJMC_USER_20130309.csv Total de Logins: 7
09/03/2013 04:36:11|INFO|PCSFELETRONICAPG_USER_20130309.csv Total de Logins: 6
09/03/2013 04:36:11|INFO|PCSDTH_USER_20130309.csv Total de Logins: 2
09/03/2013 04:36:11|INFO|Finalizado
