06/11/2012 04:30:00|INFO|Iniciando
06/11/2012 04:35:16|INFO|PCSCLARIFY_USER_20121106.csv Total de Logins: 19417
06/11/2012 04:35:16|INFO|PCSPDVGN_USER_20121106.csv Total de Logins: 3453
06/11/2012 04:35:16|INFO|PCSPDV_LIVE_USER_20121106.csv Total de Logins: 10273
06/11/2012 04:35:16|INFO|PCSPDVGL_USER_20121106.csv Total de Logins: 2109
06/11/2012 04:35:16|INFO|PCSSIEBEL_USER_20121106.csv Total de Logins: 131
06/11/2012 04:35:16|INFO|PCSDSF_USER_20121106.csv Total de Logins: 23610
06/11/2012 04:35:16|INFO|PCSPROTOCOLOS_USER_20121106.csv Total de Logins: 2783
06/11/2012 04:35:16|INFO|PCSSGR_USER_20121106.csv Total de Logins: 14744
06/11/2012 04:35:16|INFO|PCSCBCF_USER_20121106.csv Total de Logins: 11172
06/11/2012 04:35:16|INFO|PCSASP_USER_20121106.csv Total de Logins: 17032
06/11/2012 04:35:16|INFO|PCSIUNICA_USER_20121106.csv Total de Logins: 7459
06/11/2012 04:35:16|INFO|PCSICRC_USER_20121106.csv Total de Logins: 15596
06/11/2012 04:35:16|INFO|PCSPLOGISTICA_USER_20121106.csv Total de Logins: 3815
06/11/2012 04:35:16|INFO|PCSTIMFILAS_USER_20121106.csv Total de Logins: 1457
06/11/2012 04:35:16|INFO|PCSFELETRONICA_USER_20121106.csv Total de Logins: 2169
06/11/2012 04:35:16|INFO|PCSGVAS_USER_20121106.csv Total de Logins: 15
06/11/2012 04:35:16|INFO|PCSVERO_USER_20121106.csv Total de Logins: 20
06/11/2012 04:35:16|INFO|PCSVENDITA_USER_20121106.csv Total de Logins: 213
06/11/2012 04:35:16|INFO|PCSRAP_USER_20121106.csv Total de Logins: 26
06/11/2012 04:35:16|INFO|PCSSCTR-PORTAL_USER_20121106.csv Total de Logins: 18
06/11/2012 04:35:16|INFO|PCSSFA_USER_20121106.csv Total de Logins: 18
06/11/2012 04:35:16|INFO|PCSFELETRONICAPG_USER_20121106.csv Total de Logins: 10
06/11/2012 04:35:16|INFO|PCSGCPP_USER_20121106.csv Total de Logins: 9
06/11/2012 04:35:16|INFO|PCSUCM_USER_20121106.csv Total de Logins: 18
06/11/2012 04:35:16|INFO|PCSGJMC_USER_20121106.csv Total de Logins: 12
06/11/2012 04:35:16|INFO|PCSKPI_USER_20121106.csv Total de Logins: 8
06/11/2012 04:35:16|INFO|PCSIPVS_USER_20121106.csv Total de Logins: 8
06/11/2012 04:35:16|INFO|PCSPDV_MGMT_USER_20121106.csv Total de Logins: 7
06/11/2012 04:35:16|INFO|PCSP2B_USER_20121106.csv Total de Logins: 3
06/11/2012 04:35:16|INFO|PCSDTH_USER_20121106.csv Total de Logins: 2
06/11/2012 04:35:16|INFO|Finalizado
