22/01/2013 04:30:01|INFO|Iniciando
22/01/2013 04:35:45|INFO|PCSCLARIFY_USER_20130122.csv Total de Logins: 21265
22/01/2013 04:35:45|INFO|PCSPDVGN_USER_20130122.csv Total de Logins: 3428
22/01/2013 04:35:45|INFO|PCSPDV_LIVE_USER_20130122.csv Total de Logins: 10809
22/01/2013 04:35:45|INFO|PCSSFA_USER_20130122.csv Total de Logins: 639
22/01/2013 04:35:45|INFO|PCSPDVGL_USER_20130122.csv Total de Logins: 2044
22/01/2013 04:35:45|INFO|PCSSIEBEL_USER_20130122.csv Total de Logins: 35
22/01/2013 04:35:45|INFO|PCSDSF_USER_20130122.csv Total de Logins: 25406
22/01/2013 04:35:45|INFO|PCSSGR_USER_20130122.csv Total de Logins: 16419
22/01/2013 04:35:45|INFO|PCSCBCF_USER_20130122.csv Total de Logins: 12147
22/01/2013 04:35:45|INFO|PCSPROTOCOLOS_USER_20130122.csv Total de Logins: 2873
22/01/2013 04:35:45|INFO|PCSICRC_USER_20130122.csv Total de Logins: 16845
22/01/2013 04:35:45|INFO|PCSASP_USER_20130122.csv Total de Logins: 18795
22/01/2013 04:35:45|INFO|PCSIUNICA_USER_20130122.csv Total de Logins: 8460
22/01/2013 04:35:45|INFO|PCSPLOGISTICA_USER_20130122.csv Total de Logins: 4152
22/01/2013 04:35:45|INFO|PCSTIMFILAS_USER_20130122.csv Total de Logins: 1639
22/01/2013 04:35:45|INFO|PCSFELETRONICA_USER_20130122.csv Total de Logins: 3460
22/01/2013 04:35:45|INFO|PCSVERO_USER_20130122.csv Total de Logins: 579
22/01/2013 04:35:45|INFO|PCSP2B_USER_20130122.csv Total de Logins: 549
22/01/2013 04:35:45|INFO|PCSVENDITA_USER_20130122.csv Total de Logins: 254
22/01/2013 04:35:45|INFO|PCSSCTR-PORTAL_USER_20130122.csv Total de Logins: 18
22/01/2013 04:35:45|INFO|PCSRAP_USER_20130122.csv Total de Logins: 14
22/01/2013 04:35:45|INFO|PCSBDOH_USER_20130122.csv Total de Logins: 190
22/01/2013 04:35:45|INFO|PCSUCM_USER_20130122.csv Total de Logins: 14
22/01/2013 04:35:45|INFO|PCSGVAS_USER_20130122.csv Total de Logins: 10
22/01/2013 04:35:45|INFO|PCSKPI_USER_20130122.csv Total de Logins: 8
22/01/2013 04:35:45|INFO|PCSIPVS_USER_20130122.csv Total de Logins: 4
22/01/2013 04:35:45|INFO|PCSSALES_USER_20130122.csv Total de Logins: 90
22/01/2013 04:35:45|INFO|PCSGCPP_USER_20130122.csv Total de Logins: 5
22/01/2013 04:35:45|INFO|PCSPDV_MGMT_USER_20130122.csv Total de Logins: 5
22/01/2013 04:35:45|INFO|PCSGJMC_USER_20130122.csv Total de Logins: 7
22/01/2013 04:35:45|INFO|PCSFELETRONICAPG_USER_20130122.csv Total de Logins: 6
22/01/2013 04:35:45|INFO|PCSDTH_USER_20130122.csv Total de Logins: 2
22/01/2013 04:35:45|INFO|Finalizado
