27/04/2013 04:30:01|INFO|Iniciando
27/04/2013 04:36:25|INFO|PCSCLARIFY_USER_20130427.csv Total de Logins: 21736
27/04/2013 04:36:25|INFO|PCSPDVGN_USER_20130427.csv Total de Logins: 3395
27/04/2013 04:36:25|INFO|PCSPDV_LIVE_USER_20130427.csv Total de Logins: 11552
27/04/2013 04:36:25|INFO|PCSPDVGL_USER_20130427.csv Total de Logins: 1961
27/04/2013 04:36:25|INFO|PCSSIEBEL_USER_20130427.csv Total de Logins: 74
27/04/2013 04:36:25|INFO|PCSDSF_USER_20130427.csv Total de Logins: 26132
27/04/2013 04:36:25|INFO|PCSPROTOCOLOS_USER_20130427.csv Total de Logins: 2724
27/04/2013 04:36:25|INFO|PCSSGR_USER_20130427.csv Total de Logins: 17379
27/04/2013 04:36:25|INFO|PCSCBCF_USER_20130427.csv Total de Logins: 12945
27/04/2013 04:36:25|INFO|PCSICRC_USER_20130427.csv Total de Logins: 17649
27/04/2013 04:36:25|INFO|PCSASP_USER_20130427.csv Total de Logins: 19321
27/04/2013 04:36:25|INFO|PCSIUNICA_USER_20130427.csv Total de Logins: 8819
27/04/2013 04:36:25|INFO|PCSPLOGISTICA_USER_20130427.csv Total de Logins: 4581
27/04/2013 04:36:25|INFO|PCSP2B_USER_20130427.csv Total de Logins: 4778
27/04/2013 04:36:25|INFO|PCSSFA_USER_20130427.csv Total de Logins: 1554
27/04/2013 04:36:25|INFO|PCSVERO_USER_20130427.csv Total de Logins: 1546
27/04/2013 04:36:25|INFO|PCSTIMFILAS_USER_20130427.csv Total de Logins: 1672
27/04/2013 04:36:25|INFO|PCSFELETRONICA_USER_20130427.csv Total de Logins: 3510
27/04/2013 04:36:25|INFO|PCSVENDITA_USER_20130427.csv Total de Logins: 294
27/04/2013 04:36:25|INFO|PCSRAP_USER_20130427.csv Total de Logins: 22
27/04/2013 04:36:25|INFO|PCSSCTR-PORTAL_USER_20130427.csv Total de Logins: 19
27/04/2013 04:36:25|INFO|PCSUCM_USER_20130427.csv Total de Logins: 10
27/04/2013 04:36:25|INFO|PCSGVAS_USER_20130427.csv Total de Logins: 8
27/04/2013 04:36:25|INFO|PCSKPI_USER_20130427.csv Total de Logins: 7
27/04/2013 04:36:25|INFO|PCSIPVS_USER_20130427.csv Total de Logins: 4
27/04/2013 04:36:25|INFO|PCSBDOH_USER_20130427.csv Total de Logins: 198
27/04/2013 04:36:25|INFO|PCSSALES_USER_20130427.csv Total de Logins: 56
27/04/2013 04:36:25|INFO|PCSGCPP_USER_20130427.csv Total de Logins: 5
27/04/2013 04:36:25|INFO|PCSPDV_MGMT_USER_20130427.csv Total de Logins: 7
27/04/2013 04:36:25|INFO|PCSGJMC_USER_20130427.csv Total de Logins: 6
27/04/2013 04:36:25|INFO|PCSFELETRONICAPG_USER_20130427.csv Total de Logins: 5
27/04/2013 04:36:25|INFO|PCSDTH_USER_20130427.csv Total de Logins: 2
27/04/2013 04:36:25|INFO|Finalizado
