29/12/2012 04:30:01|INFO|Iniciando
29/12/2012 04:35:40|INFO|PCSCLARIFY_USER_20121229.csv Total de Logins: 20826
29/12/2012 04:35:40|INFO|PCSPDVGN_USER_20121229.csv Total de Logins: 3397
29/12/2012 04:35:40|INFO|PCSPDV_LIVE_USER_20121229.csv Total de Logins: 12424
29/12/2012 04:35:40|INFO|PCSBDOH_USER_20121229.csv Total de Logins: 335
29/12/2012 04:35:40|INFO|PCSPDVGL_USER_20121229.csv Total de Logins: 2026
29/12/2012 04:35:40|INFO|PCSSIEBEL_USER_20121229.csv Total de Logins: 58
29/12/2012 04:35:40|INFO|PCSDSF_USER_20121229.csv Total de Logins: 25303
29/12/2012 04:35:40|INFO|PCSSGR_USER_20121229.csv Total de Logins: 16617
29/12/2012 04:35:40|INFO|PCSCBCF_USER_20121229.csv Total de Logins: 12501
29/12/2012 04:35:40|INFO|PCSPROTOCOLOS_USER_20121229.csv Total de Logins: 3489
29/12/2012 04:35:40|INFO|PCSIUNICA_USER_20121229.csv Total de Logins: 8195
29/12/2012 04:35:40|INFO|PCSFELETRONICA_USER_20121229.csv Total de Logins: 2488
29/12/2012 04:35:40|INFO|PCSICRC_USER_20121229.csv Total de Logins: 16652
29/12/2012 04:35:40|INFO|PCSPLOGISTICA_USER_20121229.csv Total de Logins: 3593
29/12/2012 04:35:40|INFO|PCSASP_USER_20121229.csv Total de Logins: 18096
29/12/2012 04:35:40|INFO|PCSSFA_USER_20121229.csv Total de Logins: 165
29/12/2012 04:35:40|INFO|PCSTIMFILAS_USER_20121229.csv Total de Logins: 1703
29/12/2012 04:35:40|INFO|PCSGVAS_USER_20121229.csv Total de Logins: 11
29/12/2012 04:35:40|INFO|PCSVERO_USER_20121229.csv Total de Logins: 196
29/12/2012 04:35:40|INFO|PCSSALES_USER_20121229.csv Total de Logins: 341
29/12/2012 04:35:40|INFO|PCSVENDITA_USER_20121229.csv Total de Logins: 272
29/12/2012 04:35:40|INFO|PCSSCTR-PORTAL_USER_20121229.csv Total de Logins: 19
29/12/2012 04:35:40|INFO|PCSRAP_USER_20121229.csv Total de Logins: 18
29/12/2012 04:35:40|INFO|PCSP2B_USER_20121229.csv Total de Logins: 26
29/12/2012 04:35:40|INFO|PCSUCM_USER_20121229.csv Total de Logins: 14
29/12/2012 04:35:40|INFO|PCSKPI_USER_20121229.csv Total de Logins: 8
29/12/2012 04:35:40|INFO|PCSIPVS_USER_20121229.csv Total de Logins: 5
29/12/2012 04:35:40|INFO|PCSGCPP_USER_20121229.csv Total de Logins: 6
29/12/2012 04:35:40|INFO|PCSPDV_MGMT_USER_20121229.csv Total de Logins: 5
29/12/2012 04:35:40|INFO|PCSGJMC_USER_20121229.csv Total de Logins: 8
29/12/2012 04:35:40|INFO|PCSFELETRONICAPG_USER_20121229.csv Total de Logins: 7
29/12/2012 04:35:40|INFO|PCSDTH_USER_20121229.csv Total de Logins: 2
29/12/2012 04:35:40|INFO|Finalizado
