25/04/2013 04:30:02|INFO|Iniciando
25/04/2013 04:36:27|INFO|PCSCLARIFY_USER_20130425.csv Total de Logins: 21803
25/04/2013 04:36:27|INFO|PCSPDVGN_USER_20130425.csv Total de Logins: 3421
25/04/2013 04:36:27|INFO|PCSPDV_LIVE_USER_20130425.csv Total de Logins: 11715
25/04/2013 04:36:27|INFO|PCSPDVGL_USER_20130425.csv Total de Logins: 1978
25/04/2013 04:36:27|INFO|PCSSIEBEL_USER_20130425.csv Total de Logins: 73
25/04/2013 04:36:27|INFO|PCSDSF_USER_20130425.csv Total de Logins: 26207
25/04/2013 04:36:27|INFO|PCSPROTOCOLOS_USER_20130425.csv Total de Logins: 2802
25/04/2013 04:36:27|INFO|PCSSGR_USER_20130425.csv Total de Logins: 17545
25/04/2013 04:36:27|INFO|PCSCBCF_USER_20130425.csv Total de Logins: 13059
25/04/2013 04:36:27|INFO|PCSICRC_USER_20130425.csv Total de Logins: 17813
25/04/2013 04:36:27|INFO|PCSASP_USER_20130425.csv Total de Logins: 19421
25/04/2013 04:36:27|INFO|PCSIUNICA_USER_20130425.csv Total de Logins: 8861
25/04/2013 04:36:27|INFO|PCSPLOGISTICA_USER_20130425.csv Total de Logins: 4681
25/04/2013 04:36:27|INFO|PCSP2B_USER_20130425.csv Total de Logins: 4652
25/04/2013 04:36:27|INFO|PCSSFA_USER_20130425.csv Total de Logins: 1422
25/04/2013 04:36:27|INFO|PCSVERO_USER_20130425.csv Total de Logins: 1451
25/04/2013 04:36:27|INFO|PCSTIMFILAS_USER_20130425.csv Total de Logins: 1694
25/04/2013 04:36:27|INFO|PCSFELETRONICA_USER_20130425.csv Total de Logins: 3679
25/04/2013 04:36:27|INFO|PCSVENDITA_USER_20130425.csv Total de Logins: 290
25/04/2013 04:36:27|INFO|PCSRAP_USER_20130425.csv Total de Logins: 22
25/04/2013 04:36:27|INFO|PCSSCTR-PORTAL_USER_20130425.csv Total de Logins: 19
25/04/2013 04:36:27|INFO|PCSUCM_USER_20130425.csv Total de Logins: 10
25/04/2013 04:36:27|INFO|PCSGVAS_USER_20130425.csv Total de Logins: 8
25/04/2013 04:36:27|INFO|PCSKPI_USER_20130425.csv Total de Logins: 7
25/04/2013 04:36:27|INFO|PCSIPVS_USER_20130425.csv Total de Logins: 4
25/04/2013 04:36:27|INFO|PCSBDOH_USER_20130425.csv Total de Logins: 198
25/04/2013 04:36:27|INFO|PCSSALES_USER_20130425.csv Total de Logins: 57
25/04/2013 04:36:27|INFO|PCSGCPP_USER_20130425.csv Total de Logins: 5
25/04/2013 04:36:27|INFO|PCSPDV_MGMT_USER_20130425.csv Total de Logins: 7
25/04/2013 04:36:27|INFO|PCSGJMC_USER_20130425.csv Total de Logins: 6
25/04/2013 04:36:27|INFO|PCSFELETRONICAPG_USER_20130425.csv Total de Logins: 5
25/04/2013 04:36:27|INFO|PCSDTH_USER_20130425.csv Total de Logins: 2
25/04/2013 04:36:27|INFO|Finalizado
