30/07/2013 04:30:01|INFO|Iniciando
30/07/2013 04:36:33|INFO|PCSCLARIFY_USER_20130730.csv Total de Logins: 19710
30/07/2013 04:36:33|INFO|PCSPDVGN_USER_20130730.csv Total de Logins: 3301
30/07/2013 04:36:33|INFO|PCSICRC_USER_20130730.csv Total de Logins: 15640
30/07/2013 04:36:33|INFO|PCSDSF_USER_20130730.csv Total de Logins: 24061
30/07/2013 04:36:33|INFO|PCSSFA_USER_20130730.csv Total de Logins: 3519
30/07/2013 04:36:33|INFO|PCSPDVGL_USER_20130730.csv Total de Logins: 1725
30/07/2013 04:36:33|INFO|PCSPDV_LIVE_USER_20130730.csv Total de Logins: 11613
30/07/2013 04:36:33|INFO|PCSPROTOCOLOS_USER_20130730.csv Total de Logins: 3069
30/07/2013 04:36:33|INFO|PCSSGR_USER_20130730.csv Total de Logins: 16038
30/07/2013 04:36:33|INFO|PCSCBCF_USER_20130730.csv Total de Logins: 12172
30/07/2013 04:36:33|INFO|PCSASP_USER_20130730.csv Total de Logins: 17013
30/07/2013 04:36:33|INFO|PCSIUNICA_USER_20130730.csv Total de Logins: 7936
30/07/2013 04:36:33|INFO|PCSSIEBEL_USER_20130730.csv Total de Logins: 2800
30/07/2013 04:36:33|INFO|PCSFELETRONICA_USER_20130730.csv Total de Logins: 6366
30/07/2013 04:36:33|INFO|PCSP2B_USER_20130730.csv Total de Logins: 6595
30/07/2013 04:36:33|INFO|PCSVERO_USER_20130730.csv Total de Logins: 3104
30/07/2013 04:36:33|INFO|PCSPLOGISTICA_USER_20130730.csv Total de Logins: 2867
30/07/2013 04:36:33|INFO|PCSTIMFILAS_USER_20130730.csv Total de Logins: 1743
30/07/2013 04:36:33|INFO|PCSGCOB_USER_20130730.csv Total de Logins: 14
30/07/2013 04:36:33|INFO|PCSVENDITA_USER_20130730.csv Total de Logins: 281
30/07/2013 04:36:33|INFO|PCSVCE_USER_20130730.csv Total de Logins: 82
30/07/2013 04:36:33|INFO|PCSSCTR-PORTAL_USER_20130730.csv Total de Logins: 23
30/07/2013 04:36:33|INFO|PCSRAP_USER_20130730.csv Total de Logins: 18
30/07/2013 04:36:33|INFO|PCSGEOWEB_USER_20130730.csv Total de Logins: 1
30/07/2013 04:36:33|INFO|PCSUCM_USER_20130730.csv Total de Logins: 9
30/07/2013 04:36:33|INFO|PCSGVAS_USER_20130730.csv Total de Logins: 8
30/07/2013 04:36:33|INFO|PCSKPI_USER_20130730.csv Total de Logins: 6
30/07/2013 04:36:33|INFO|PCSIPVS_USER_20130730.csv Total de Logins: 8
30/07/2013 04:36:33|INFO|PCSBDOH_USER_20130730.csv Total de Logins: 134
30/07/2013 04:36:33|INFO|PCSSALES_USER_20130730.csv Total de Logins: 34
30/07/2013 04:36:33|INFO|PCSDTH_USER_20130730.csv Total de Logins: 8
30/07/2013 04:36:33|INFO|PCSPDV_MGMT_USER_20130730.csv Total de Logins: 11
30/07/2013 04:36:33|INFO|PCSFELETRONICAPG_USER_20130730.csv Total de Logins: 10
30/07/2013 04:36:33|INFO|PCSGCPP_USER_20130730.csv Total de Logins: 9
30/07/2013 04:36:33|INFO|PCSGJMC_USER_20130730.csv Total de Logins: 8
30/07/2013 04:36:33|INFO|PCSBISEMANTICO_USER_20130730.csv Total de Logins: 1
30/07/2013 04:36:33|INFO|Finalizado
