30/03/2013 04:30:01|INFO|Iniciando
30/03/2013 04:36:17|INFO|PCSCLARIFY_USER_20130330.csv Total de Logins: 21396
30/03/2013 04:36:17|INFO|PCSPDVGN_USER_20130330.csv Total de Logins: 3434
30/03/2013 04:36:17|INFO|PCSPDV_LIVE_USER_20130330.csv Total de Logins: 12228
30/03/2013 04:36:17|INFO|PCSPDVGL_USER_20130330.csv Total de Logins: 2013
30/03/2013 04:36:17|INFO|PCSSIEBEL_USER_20130330.csv Total de Logins: 69
30/03/2013 04:36:17|INFO|PCSASP_USER_20130330.csv Total de Logins: 19015
30/03/2013 04:36:17|INFO|PCSDSF_USER_20130330.csv Total de Logins: 25603
30/03/2013 04:36:17|INFO|PCSICRC_USER_20130330.csv Total de Logins: 17281
30/03/2013 04:36:17|INFO|PCSPROTOCOLOS_USER_20130330.csv Total de Logins: 2714
30/03/2013 04:36:17|INFO|PCSSGR_USER_20130330.csv Total de Logins: 17324
30/03/2013 04:36:17|INFO|PCSCBCF_USER_20130330.csv Total de Logins: 13141
30/03/2013 04:36:17|INFO|PCSIUNICA_USER_20130330.csv Total de Logins: 8830
30/03/2013 04:36:17|INFO|PCSPLOGISTICA_USER_20130330.csv Total de Logins: 5554
30/03/2013 04:36:17|INFO|PCSP2B_USER_20130330.csv Total de Logins: 4655
30/03/2013 04:36:17|INFO|PCSTIMFILAS_USER_20130330.csv Total de Logins: 1686
30/03/2013 04:36:17|INFO|PCSFELETRONICA_USER_20130330.csv Total de Logins: 3518
30/03/2013 04:36:17|INFO|PCSSFA_USER_20130330.csv Total de Logins: 1441
30/03/2013 04:36:17|INFO|PCSVERO_USER_20130330.csv Total de Logins: 1507
30/03/2013 04:36:17|INFO|PCSVENDITA_USER_20130330.csv Total de Logins: 229
30/03/2013 04:36:17|INFO|PCSRAP_USER_20130330.csv Total de Logins: 15
30/03/2013 04:36:17|INFO|PCSSCTR-PORTAL_USER_20130330.csv Total de Logins: 18
30/03/2013 04:36:17|INFO|PCSUCM_USER_20130330.csv Total de Logins: 10
30/03/2013 04:36:17|INFO|PCSGVAS_USER_20130330.csv Total de Logins: 8
30/03/2013 04:36:17|INFO|PCSKPI_USER_20130330.csv Total de Logins: 8
30/03/2013 04:36:17|INFO|PCSIPVS_USER_20130330.csv Total de Logins: 4
30/03/2013 04:36:17|INFO|PCSBDOH_USER_20130330.csv Total de Logins: 230
30/03/2013 04:36:17|INFO|PCSSALES_USER_20130330.csv Total de Logins: 68
30/03/2013 04:36:17|INFO|PCSGCPP_USER_20130330.csv Total de Logins: 4
30/03/2013 04:36:17|INFO|PCSPDV_MGMT_USER_20130330.csv Total de Logins: 7
30/03/2013 04:36:17|INFO|PCSGJMC_USER_20130330.csv Total de Logins: 6
30/03/2013 04:36:17|INFO|PCSFELETRONICAPG_USER_20130330.csv Total de Logins: 6
30/03/2013 04:36:17|INFO|PCSDTH_USER_20130330.csv Total de Logins: 2
30/03/2013 04:36:17|INFO|Finalizado
