14/06/2013 04:30:01|INFO|Iniciando
14/06/2013 04:36:27|INFO|PCSCLARIFY_USER_20130614.csv Total de Logins: 20389
14/06/2013 04:36:27|INFO|PCSPDVGN_USER_20130614.csv Total de Logins: 3223
14/06/2013 04:36:27|INFO|PCSPDV_LIVE_USER_20130614.csv Total de Logins: 11418
14/06/2013 04:36:27|INFO|PCSSFA_USER_20130614.csv Total de Logins: 3266
14/06/2013 04:36:27|INFO|PCSPDVGL_USER_20130614.csv Total de Logins: 1784
14/06/2013 04:36:27|INFO|PCSDSF_USER_20130614.csv Total de Logins: 24856
14/06/2013 04:36:27|INFO|PCSPROTOCOLOS_USER_20130614.csv Total de Logins: 3267
14/06/2013 04:36:27|INFO|PCSSGR_USER_20130614.csv Total de Logins: 16888
14/06/2013 04:36:27|INFO|PCSCBCF_USER_20130614.csv Total de Logins: 12528
14/06/2013 04:36:27|INFO|PCSICRC_USER_20130614.csv Total de Logins: 16817
14/06/2013 04:36:27|INFO|PCSASP_USER_20130614.csv Total de Logins: 18120
14/06/2013 04:36:27|INFO|PCSIUNICA_USER_20130614.csv Total de Logins: 8185
14/06/2013 04:36:27|INFO|PCSP2B_USER_20130614.csv Total de Logins: 5955
14/06/2013 04:36:27|INFO|PCSSIEBEL_USER_20130614.csv Total de Logins: 142
14/06/2013 04:36:27|INFO|PCSPLOGISTICA_USER_20130614.csv Total de Logins: 4610
14/06/2013 04:36:27|INFO|PCSFELETRONICA_USER_20130614.csv Total de Logins: 2893
14/06/2013 04:36:27|INFO|PCSVERO_USER_20130614.csv Total de Logins: 3046
14/06/2013 04:36:27|INFO|PCSTIMFILAS_USER_20130614.csv Total de Logins: 1641
14/06/2013 04:36:27|INFO|PCSVENDITA_USER_20130614.csv Total de Logins: 268
14/06/2013 04:36:27|INFO|PCSSCTR-PORTAL_USER_20130614.csv Total de Logins: 21
14/06/2013 04:36:27|INFO|PCSRAP_USER_20130614.csv Total de Logins: 25
14/06/2013 04:36:27|INFO|PCSGCPP_USER_20130614.csv Total de Logins: 17
14/06/2013 04:36:27|INFO|PCSUCM_USER_20130614.csv Total de Logins: 12
14/06/2013 04:36:27|INFO|PCSGVAS_USER_20130614.csv Total de Logins: 10
14/06/2013 04:36:27|INFO|PCSKPI_USER_20130614.csv Total de Logins: 7
14/06/2013 04:36:27|INFO|PCSIPVS_USER_20130614.csv Total de Logins: 9
14/06/2013 04:36:27|INFO|PCSBDOH_USER_20130614.csv Total de Logins: 130
14/06/2013 04:36:27|INFO|PCSSALES_USER_20130614.csv Total de Logins: 43
14/06/2013 04:36:27|INFO|PCSPDV_MGMT_USER_20130614.csv Total de Logins: 10
14/06/2013 04:36:27|INFO|PCSGJMC_USER_20130614.csv Total de Logins: 9
14/06/2013 04:36:27|INFO|PCSFELETRONICAPG_USER_20130614.csv Total de Logins: 11
14/06/2013 04:36:27|INFO|PCSBISEMANTICO_USER_20130614.csv Total de Logins: 6
14/06/2013 04:36:27|INFO|PCSDTH_USER_20130614.csv Total de Logins: 2
14/06/2013 04:36:27|INFO|Finalizado
