17/03/2013 04:30:01|INFO|Iniciando
17/03/2013 04:36:08|INFO|PCSCLARIFY_USER_20130317.csv Total de Logins: 21533
17/03/2013 04:36:08|INFO|PCSPDVGN_USER_20130317.csv Total de Logins: 3442
17/03/2013 04:36:08|INFO|PCSPDV_LIVE_USER_20130317.csv Total de Logins: 12544
17/03/2013 04:36:08|INFO|PCSPDVGL_USER_20130317.csv Total de Logins: 2042
17/03/2013 04:36:08|INFO|PCSSIEBEL_USER_20130317.csv Total de Logins: 32
17/03/2013 04:36:08|INFO|PCSASP_USER_20130317.csv Total de Logins: 19110
17/03/2013 04:36:08|INFO|PCSDSF_USER_20130317.csv Total de Logins: 25623
17/03/2013 04:36:08|INFO|PCSICRC_USER_20130317.csv Total de Logins: 17529
17/03/2013 04:36:08|INFO|PCSPROTOCOLOS_USER_20130317.csv Total de Logins: 2555
17/03/2013 04:36:08|INFO|PCSSGR_USER_20130317.csv Total de Logins: 17262
17/03/2013 04:36:08|INFO|PCSCBCF_USER_20130317.csv Total de Logins: 12898
17/03/2013 04:36:08|INFO|PCSIUNICA_USER_20130317.csv Total de Logins: 9224
17/03/2013 04:36:08|INFO|PCSPLOGISTICA_USER_20130317.csv Total de Logins: 5988
17/03/2013 04:36:08|INFO|PCSP2B_USER_20130317.csv Total de Logins: 1929
17/03/2013 04:36:08|INFO|PCSTIMFILAS_USER_20130317.csv Total de Logins: 1612
17/03/2013 04:36:08|INFO|PCSFELETRONICA_USER_20130317.csv Total de Logins: 4040
17/03/2013 04:36:08|INFO|PCSSFA_USER_20130317.csv Total de Logins: 906
17/03/2013 04:36:08|INFO|PCSVERO_USER_20130317.csv Total de Logins: 891
17/03/2013 04:36:08|INFO|PCSVENDITA_USER_20130317.csv Total de Logins: 246
17/03/2013 04:36:08|INFO|PCSRAP_USER_20130317.csv Total de Logins: 15
17/03/2013 04:36:08|INFO|PCSSCTR-PORTAL_USER_20130317.csv Total de Logins: 18
17/03/2013 04:36:08|INFO|PCSUCM_USER_20130317.csv Total de Logins: 8
17/03/2013 04:36:08|INFO|PCSGVAS_USER_20130317.csv Total de Logins: 9
17/03/2013 04:36:08|INFO|PCSKPI_USER_20130317.csv Total de Logins: 8
17/03/2013 04:36:08|INFO|PCSIPVS_USER_20130317.csv Total de Logins: 4
17/03/2013 04:36:08|INFO|PCSBDOH_USER_20130317.csv Total de Logins: 190
17/03/2013 04:36:08|INFO|PCSSALES_USER_20130317.csv Total de Logins: 66
17/03/2013 04:36:08|INFO|PCSGCPP_USER_20130317.csv Total de Logins: 5
17/03/2013 04:36:08|INFO|PCSPDV_MGMT_USER_20130317.csv Total de Logins: 8
17/03/2013 04:36:08|INFO|PCSGJMC_USER_20130317.csv Total de Logins: 7
17/03/2013 04:36:08|INFO|PCSFELETRONICAPG_USER_20130317.csv Total de Logins: 6
17/03/2013 04:36:08|INFO|PCSDTH_USER_20130317.csv Total de Logins: 2
17/03/2013 04:36:08|INFO|Finalizado
