07/03/2013 04:30:01|INFO|Iniciando
07/03/2013 04:36:12|INFO|PCSCLARIFY_USER_20130307.csv Total de Logins: 21528
07/03/2013 04:36:12|INFO|PCSPDVGN_USER_20130307.csv Total de Logins: 3456
07/03/2013 04:36:12|INFO|PCSPDV_LIVE_USER_20130307.csv Total de Logins: 13200
07/03/2013 04:36:12|INFO|PCSPDVGL_USER_20130307.csv Total de Logins: 2035
07/03/2013 04:36:12|INFO|PCSSIEBEL_USER_20130307.csv Total de Logins: 32
07/03/2013 04:36:12|INFO|PCSASP_USER_20130307.csv Total de Logins: 19142
07/03/2013 04:36:12|INFO|PCSDSF_USER_20130307.csv Total de Logins: 25697
07/03/2013 04:36:12|INFO|PCSICRC_USER_20130307.csv Total de Logins: 17856
07/03/2013 04:36:12|INFO|PCSPROTOCOLOS_USER_20130307.csv Total de Logins: 2655
07/03/2013 04:36:12|INFO|PCSSGR_USER_20130307.csv Total de Logins: 17113
07/03/2013 04:36:12|INFO|PCSCBCF_USER_20130307.csv Total de Logins: 12658
07/03/2013 04:36:12|INFO|PCSIUNICA_USER_20130307.csv Total de Logins: 9250
07/03/2013 04:36:12|INFO|PCSPLOGISTICA_USER_20130307.csv Total de Logins: 5586
07/03/2013 04:36:12|INFO|PCSP2B_USER_20130307.csv Total de Logins: 2477
07/03/2013 04:36:12|INFO|PCSFELETRONICA_USER_20130307.csv Total de Logins: 3885
07/03/2013 04:36:12|INFO|PCSSFA_USER_20130307.csv Total de Logins: 1774
07/03/2013 04:36:12|INFO|PCSVERO_USER_20130307.csv Total de Logins: 1800
07/03/2013 04:36:12|INFO|PCSTIMFILAS_USER_20130307.csv Total de Logins: 1618
07/03/2013 04:36:12|INFO|PCSVENDITA_USER_20130307.csv Total de Logins: 253
07/03/2013 04:36:12|INFO|PCSRAP_USER_20130307.csv Total de Logins: 13
07/03/2013 04:36:12|INFO|PCSSCTR-PORTAL_USER_20130307.csv Total de Logins: 16
07/03/2013 04:36:12|INFO|PCSUCM_USER_20130307.csv Total de Logins: 8
07/03/2013 04:36:12|INFO|PCSGVAS_USER_20130307.csv Total de Logins: 9
07/03/2013 04:36:12|INFO|PCSKPI_USER_20130307.csv Total de Logins: 8
07/03/2013 04:36:12|INFO|PCSIPVS_USER_20130307.csv Total de Logins: 5
07/03/2013 04:36:12|INFO|PCSBDOH_USER_20130307.csv Total de Logins: 196
07/03/2013 04:36:12|INFO|PCSSALES_USER_20130307.csv Total de Logins: 70
07/03/2013 04:36:12|INFO|PCSGCPP_USER_20130307.csv Total de Logins: 5
07/03/2013 04:36:12|INFO|PCSPDV_MGMT_USER_20130307.csv Total de Logins: 8
07/03/2013 04:36:12|INFO|PCSGJMC_USER_20130307.csv Total de Logins: 7
07/03/2013 04:36:12|INFO|PCSFELETRONICAPG_USER_20130307.csv Total de Logins: 6
07/03/2013 04:36:12|INFO|PCSDTH_USER_20130307.csv Total de Logins: 2
07/03/2013 04:36:12|INFO|Finalizado
