20/12/2012 04:30:01|INFO|Iniciando
20/12/2012 04:35:37|INFO|PCSCLARIFY_USER_20121220.csv Total de Logins: 20961
20/12/2012 04:35:37|INFO|PCSPDVGN_USER_20121220.csv Total de Logins: 3412
20/12/2012 04:35:37|INFO|PCSPDV_LIVE_USER_20121220.csv Total de Logins: 12512
20/12/2012 04:35:37|INFO|PCSBDOH_USER_20121220.csv Total de Logins: 340
20/12/2012 04:35:37|INFO|PCSPDVGL_USER_20121220.csv Total de Logins: 2031
20/12/2012 04:35:37|INFO|PCSSIEBEL_USER_20121220.csv Total de Logins: 84
20/12/2012 04:35:37|INFO|PCSDSF_USER_20121220.csv Total de Logins: 25426
20/12/2012 04:35:37|INFO|PCSSGR_USER_20121220.csv Total de Logins: 16851
20/12/2012 04:35:37|INFO|PCSCBCF_USER_20121220.csv Total de Logins: 12608
20/12/2012 04:35:37|INFO|PCSPROTOCOLOS_USER_20121220.csv Total de Logins: 3572
20/12/2012 04:35:37|INFO|PCSIUNICA_USER_20121220.csv Total de Logins: 8321
20/12/2012 04:35:37|INFO|PCSFELETRONICA_USER_20121220.csv Total de Logins: 2710
20/12/2012 04:35:37|INFO|PCSICRC_USER_20121220.csv Total de Logins: 16784
20/12/2012 04:35:37|INFO|PCSPLOGISTICA_USER_20121220.csv Total de Logins: 3985
20/12/2012 04:35:37|INFO|PCSASP_USER_20121220.csv Total de Logins: 18153
20/12/2012 04:35:37|INFO|PCSSFA_USER_20121220.csv Total de Logins: 108
20/12/2012 04:35:37|INFO|PCSTIMFILAS_USER_20121220.csv Total de Logins: 1654
20/12/2012 04:35:37|INFO|PCSGVAS_USER_20121220.csv Total de Logins: 12
20/12/2012 04:35:37|INFO|PCSVERO_USER_20121220.csv Total de Logins: 203
20/12/2012 04:35:37|INFO|PCSSALES_USER_20121220.csv Total de Logins: 357
20/12/2012 04:35:37|INFO|PCSVENDITA_USER_20121220.csv Total de Logins: 272
20/12/2012 04:35:37|INFO|PCSSCTR-PORTAL_USER_20121220.csv Total de Logins: 19
20/12/2012 04:35:37|INFO|PCSRAP_USER_20121220.csv Total de Logins: 19
20/12/2012 04:35:37|INFO|PCSP2B_USER_20121220.csv Total de Logins: 26
20/12/2012 04:35:37|INFO|PCSUCM_USER_20121220.csv Total de Logins: 14
20/12/2012 04:35:37|INFO|PCSKPI_USER_20121220.csv Total de Logins: 8
20/12/2012 04:35:37|INFO|PCSIPVS_USER_20121220.csv Total de Logins: 5
20/12/2012 04:35:37|INFO|PCSGCPP_USER_20121220.csv Total de Logins: 7
20/12/2012 04:35:37|INFO|PCSPDV_MGMT_USER_20121220.csv Total de Logins: 6
20/12/2012 04:35:37|INFO|PCSGJMC_USER_20121220.csv Total de Logins: 8
20/12/2012 04:35:37|INFO|PCSFELETRONICAPG_USER_20121220.csv Total de Logins: 7
20/12/2012 04:35:37|INFO|PCSDTH_USER_20121220.csv Total de Logins: 2
20/12/2012 04:35:37|INFO|Finalizado
