30/06/2013 04:30:01|INFO|Iniciando
30/06/2013 04:36:23|INFO|PCSCLARIFY_USER_20130630.csv Total de Logins: 20255
30/06/2013 04:36:23|INFO|PCSPDVGN_USER_20130630.csv Total de Logins: 3220
30/06/2013 04:36:23|INFO|PCSPDV_LIVE_USER_20130630.csv Total de Logins: 11525
30/06/2013 04:36:23|INFO|PCSSFA_USER_20130630.csv Total de Logins: 3372
30/06/2013 04:36:23|INFO|PCSPDVGL_USER_20130630.csv Total de Logins: 1749
30/06/2013 04:36:23|INFO|PCSDSF_USER_20130630.csv Total de Logins: 24520
30/06/2013 04:36:23|INFO|PCSPROTOCOLOS_USER_20130630.csv Total de Logins: 3326
30/06/2013 04:36:23|INFO|PCSSGR_USER_20130630.csv Total de Logins: 16546
30/06/2013 04:36:23|INFO|PCSCBCF_USER_20130630.csv Total de Logins: 12452
30/06/2013 04:36:23|INFO|PCSICRC_USER_20130630.csv Total de Logins: 16537
30/06/2013 04:36:23|INFO|PCSASP_USER_20130630.csv Total de Logins: 17826
30/06/2013 04:36:23|INFO|PCSIUNICA_USER_20130630.csv Total de Logins: 7997
30/06/2013 04:36:23|INFO|PCSP2B_USER_20130630.csv Total de Logins: 5959
30/06/2013 04:36:23|INFO|PCSSIEBEL_USER_20130630.csv Total de Logins: 526
30/06/2013 04:36:23|INFO|PCSPLOGISTICA_USER_20130630.csv Total de Logins: 3815
30/06/2013 04:36:23|INFO|PCSFELETRONICA_USER_20130630.csv Total de Logins: 2600
30/06/2013 04:36:23|INFO|PCSVERO_USER_20130630.csv Total de Logins: 3130
30/06/2013 04:36:23|INFO|PCSTIMFILAS_USER_20130630.csv Total de Logins: 1643
30/06/2013 04:36:23|INFO|PCSVENDITA_USER_20130630.csv Total de Logins: 246
30/06/2013 04:36:23|INFO|PCSSCTR-PORTAL_USER_20130630.csv Total de Logins: 20
30/06/2013 04:36:23|INFO|PCSRAP_USER_20130630.csv Total de Logins: 22
30/06/2013 04:36:23|INFO|PCSGCPP_USER_20130630.csv Total de Logins: 16
30/06/2013 04:36:23|INFO|PCSUCM_USER_20130630.csv Total de Logins: 10
30/06/2013 04:36:23|INFO|PCSGVAS_USER_20130630.csv Total de Logins: 9
30/06/2013 04:36:23|INFO|PCSKPI_USER_20130630.csv Total de Logins: 6
30/06/2013 04:36:23|INFO|PCSIPVS_USER_20130630.csv Total de Logins: 8
30/06/2013 04:36:23|INFO|PCSBDOH_USER_20130630.csv Total de Logins: 133
30/06/2013 04:36:23|INFO|PCSSALES_USER_20130630.csv Total de Logins: 39
30/06/2013 04:36:23|INFO|PCSDTH_USER_20130630.csv Total de Logins: 8
30/06/2013 04:36:23|INFO|PCSPDV_MGMT_USER_20130630.csv Total de Logins: 9
30/06/2013 04:36:23|INFO|PCSGJMC_USER_20130630.csv Total de Logins: 8
30/06/2013 04:36:23|INFO|PCSFELETRONICAPG_USER_20130630.csv Total de Logins: 10
30/06/2013 04:36:23|INFO|PCSBISEMANTICO_USER_20130630.csv Total de Logins: 5
30/06/2013 04:36:23|INFO|PCSVCE_USER_20130630.csv Total de Logins: 2
30/06/2013 04:36:23|INFO|Finalizado
