01/04/2013 04:30:01|INFO|Iniciando
01/04/2013 04:36:07|INFO|PCSCLARIFY_USER_20130401.csv Total de Logins: 21328
01/04/2013 04:36:07|INFO|PCSPDVGN_USER_20130401.csv Total de Logins: 3433
01/04/2013 04:36:07|INFO|PCSPDV_LIVE_USER_20130401.csv Total de Logins: 12164
01/04/2013 04:36:07|INFO|PCSPDVGL_USER_20130401.csv Total de Logins: 2013
01/04/2013 04:36:07|INFO|PCSSIEBEL_USER_20130401.csv Total de Logins: 69
01/04/2013 04:36:07|INFO|PCSASP_USER_20130401.csv Total de Logins: 18881
01/04/2013 04:36:07|INFO|PCSDSF_USER_20130401.csv Total de Logins: 25570
01/04/2013 04:36:07|INFO|PCSICRC_USER_20130401.csv Total de Logins: 17218
01/04/2013 04:36:07|INFO|PCSPROTOCOLOS_USER_20130401.csv Total de Logins: 2655
01/04/2013 04:36:07|INFO|PCSSGR_USER_20130401.csv Total de Logins: 17242
01/04/2013 04:36:07|INFO|PCSCBCF_USER_20130401.csv Total de Logins: 13033
01/04/2013 04:36:07|INFO|PCSIUNICA_USER_20130401.csv Total de Logins: 8783
01/04/2013 04:36:07|INFO|PCSPLOGISTICA_USER_20130401.csv Total de Logins: 5373
01/04/2013 04:36:07|INFO|PCSP2B_USER_20130401.csv Total de Logins: 4653
01/04/2013 04:36:07|INFO|PCSTIMFILAS_USER_20130401.csv Total de Logins: 1680
01/04/2013 04:36:07|INFO|PCSFELETRONICA_USER_20130401.csv Total de Logins: 3325
01/04/2013 04:36:07|INFO|PCSSFA_USER_20130401.csv Total de Logins: 1439
01/04/2013 04:36:07|INFO|PCSVERO_USER_20130401.csv Total de Logins: 1505
01/04/2013 04:36:07|INFO|PCSVENDITA_USER_20130401.csv Total de Logins: 227
01/04/2013 04:36:07|INFO|PCSRAP_USER_20130401.csv Total de Logins: 15
01/04/2013 04:36:07|INFO|PCSSCTR-PORTAL_USER_20130401.csv Total de Logins: 18
01/04/2013 04:36:07|INFO|PCSUCM_USER_20130401.csv Total de Logins: 10
01/04/2013 04:36:07|INFO|PCSGVAS_USER_20130401.csv Total de Logins: 8
01/04/2013 04:36:07|INFO|PCSKPI_USER_20130401.csv Total de Logins: 8
01/04/2013 04:36:07|INFO|PCSIPVS_USER_20130401.csv Total de Logins: 4
01/04/2013 04:36:07|INFO|PCSBDOH_USER_20130401.csv Total de Logins: 229
01/04/2013 04:36:07|INFO|PCSSALES_USER_20130401.csv Total de Logins: 67
01/04/2013 04:36:07|INFO|PCSGCPP_USER_20130401.csv Total de Logins: 4
01/04/2013 04:36:07|INFO|PCSPDV_MGMT_USER_20130401.csv Total de Logins: 7
01/04/2013 04:36:07|INFO|PCSGJMC_USER_20130401.csv Total de Logins: 6
01/04/2013 04:36:07|INFO|PCSFELETRONICAPG_USER_20130401.csv Total de Logins: 6
01/04/2013 04:36:07|INFO|PCSDTH_USER_20130401.csv Total de Logins: 2
01/04/2013 04:36:07|INFO|Finalizado
