12/02/2013 04:30:01|INFO|Iniciando
12/02/2013 04:35:54|INFO|PCSCLARIFY_USER_20130212.csv Total de Logins: 21868
12/02/2013 04:35:54|INFO|PCSPDVGN_USER_20130212.csv Total de Logins: 3466
12/02/2013 04:35:54|INFO|PCSPDV_LIVE_USER_20130212.csv Total de Logins: 12716
12/02/2013 04:35:54|INFO|PCSSFA_USER_20130212.csv Total de Logins: 1771
12/02/2013 04:35:54|INFO|PCSPDVGL_USER_20130212.csv Total de Logins: 2063
12/02/2013 04:35:54|INFO|PCSSIEBEL_USER_20130212.csv Total de Logins: 29
12/02/2013 04:35:54|INFO|PCSDSF_USER_20130212.csv Total de Logins: 26299
12/02/2013 04:35:54|INFO|PCSPROTOCOLOS_USER_20130212.csv Total de Logins: 2648
12/02/2013 04:35:54|INFO|PCSSGR_USER_20130212.csv Total de Logins: 16743
12/02/2013 04:35:54|INFO|PCSCBCF_USER_20130212.csv Total de Logins: 12288
12/02/2013 04:35:54|INFO|PCSICRC_USER_20130212.csv Total de Logins: 18111
12/02/2013 04:35:54|INFO|PCSASP_USER_20130212.csv Total de Logins: 19282
12/02/2013 04:35:54|INFO|PCSIUNICA_USER_20130212.csv Total de Logins: 9335
12/02/2013 04:35:54|INFO|PCSPLOGISTICA_USER_20130212.csv Total de Logins: 5042
12/02/2013 04:35:54|INFO|PCSP2B_USER_20130212.csv Total de Logins: 1837
12/02/2013 04:35:54|INFO|PCSTIMFILAS_USER_20130212.csv Total de Logins: 1592
12/02/2013 04:35:54|INFO|PCSFELETRONICA_USER_20130212.csv Total de Logins: 4359
12/02/2013 04:35:54|INFO|PCSVERO_USER_20130212.csv Total de Logins: 1688
12/02/2013 04:35:54|INFO|PCSVENDITA_USER_20130212.csv Total de Logins: 244
12/02/2013 04:35:54|INFO|PCSRAP_USER_20130212.csv Total de Logins: 14
12/02/2013 04:35:54|INFO|PCSSCTR-PORTAL_USER_20130212.csv Total de Logins: 16
12/02/2013 04:35:54|INFO|PCSUCM_USER_20130212.csv Total de Logins: 10
12/02/2013 04:35:54|INFO|PCSGVAS_USER_20130212.csv Total de Logins: 9
12/02/2013 04:35:54|INFO|PCSKPI_USER_20130212.csv Total de Logins: 7
12/02/2013 04:35:54|INFO|PCSIPVS_USER_20130212.csv Total de Logins: 5
12/02/2013 04:35:54|INFO|PCSBDOH_USER_20130212.csv Total de Logins: 180
12/02/2013 04:35:54|INFO|PCSSALES_USER_20130212.csv Total de Logins: 84
12/02/2013 04:35:54|INFO|PCSGCPP_USER_20130212.csv Total de Logins: 6
12/02/2013 04:35:54|INFO|PCSPDV_MGMT_USER_20130212.csv Total de Logins: 8
12/02/2013 04:35:54|INFO|PCSGJMC_USER_20130212.csv Total de Logins: 7
12/02/2013 04:35:54|INFO|PCSFELETRONICAPG_USER_20130212.csv Total de Logins: 6
12/02/2013 04:35:54|INFO|PCSDTH_USER_20130212.csv Total de Logins: 2
12/02/2013 04:35:54|INFO|Finalizado
