15/01/2013 04:30:01|INFO|Iniciando
15/01/2013 04:35:40|INFO|PCSCLARIFY_USER_20130115.csv Total de Logins: 20833
15/01/2013 04:35:40|INFO|PCSPDVGN_USER_20130115.csv Total de Logins: 3408
15/01/2013 04:35:40|INFO|PCSPDV_LIVE_USER_20130115.csv Total de Logins: 11095
15/01/2013 04:35:40|INFO|PCSSFA_USER_20130115.csv Total de Logins: 509
15/01/2013 04:35:40|INFO|PCSPDVGL_USER_20130115.csv Total de Logins: 2038
15/01/2013 04:35:40|INFO|PCSSIEBEL_USER_20130115.csv Total de Logins: 46
15/01/2013 04:35:40|INFO|PCSDSF_USER_20130115.csv Total de Logins: 25150
15/01/2013 04:35:40|INFO|PCSSGR_USER_20130115.csv Total de Logins: 16091
15/01/2013 04:35:40|INFO|PCSCBCF_USER_20130115.csv Total de Logins: 11647
15/01/2013 04:35:40|INFO|PCSPROTOCOLOS_USER_20130115.csv Total de Logins: 2971
15/01/2013 04:35:40|INFO|PCSICRC_USER_20130115.csv Total de Logins: 16499
15/01/2013 04:35:40|INFO|PCSASP_USER_20130115.csv Total de Logins: 18353
15/01/2013 04:35:40|INFO|PCSIUNICA_USER_20130115.csv Total de Logins: 8186
15/01/2013 04:35:40|INFO|PCSPLOGISTICA_USER_20130115.csv Total de Logins: 3687
15/01/2013 04:35:40|INFO|PCSTIMFILAS_USER_20130115.csv Total de Logins: 1681
15/01/2013 04:35:40|INFO|PCSFELETRONICA_USER_20130115.csv Total de Logins: 3111
15/01/2013 04:35:40|INFO|PCSVERO_USER_20130115.csv Total de Logins: 438
15/01/2013 04:35:40|INFO|PCSP2B_USER_20130115.csv Total de Logins: 368
15/01/2013 04:35:40|INFO|PCSGVAS_USER_20130115.csv Total de Logins: 11
15/01/2013 04:35:40|INFO|PCSSALES_USER_20130115.csv Total de Logins: 337
15/01/2013 04:35:40|INFO|PCSVENDITA_USER_20130115.csv Total de Logins: 259
15/01/2013 04:35:40|INFO|PCSSCTR-PORTAL_USER_20130115.csv Total de Logins: 19
15/01/2013 04:35:40|INFO|PCSRAP_USER_20130115.csv Total de Logins: 14
15/01/2013 04:35:40|INFO|PCSBDOH_USER_20130115.csv Total de Logins: 204
15/01/2013 04:35:40|INFO|PCSUCM_USER_20130115.csv Total de Logins: 14
15/01/2013 04:35:40|INFO|PCSKPI_USER_20130115.csv Total de Logins: 8
15/01/2013 04:35:40|INFO|PCSIPVS_USER_20130115.csv Total de Logins: 4
15/01/2013 04:35:40|INFO|PCSGCPP_USER_20130115.csv Total de Logins: 5
15/01/2013 04:35:40|INFO|PCSPDV_MGMT_USER_20130115.csv Total de Logins: 5
15/01/2013 04:35:40|INFO|PCSGJMC_USER_20130115.csv Total de Logins: 8
15/01/2013 04:35:40|INFO|PCSFELETRONICAPG_USER_20130115.csv Total de Logins: 8
15/01/2013 04:35:40|INFO|PCSDTH_USER_20130115.csv Total de Logins: 2
15/01/2013 04:35:40|INFO|Finalizado
