30/11/2012 04:30:01|INFO|Iniciando
30/11/2012 04:35:41|INFO|PCSCLARIFY_USER_20121130.csv Total de Logins: 20568
30/11/2012 04:35:41|INFO|PCSPDVGN_USER_20121130.csv Total de Logins: 3368
30/11/2012 04:35:41|INFO|PCSPDV_LIVE_USER_20121130.csv Total de Logins: 11945
30/11/2012 04:35:41|INFO|PCSBDOH_USER_20121130.csv Total de Logins: 312
30/11/2012 04:35:41|INFO|PCSPDVGL_USER_20121130.csv Total de Logins: 2037
30/11/2012 04:35:41|INFO|PCSSIEBEL_USER_20121130.csv Total de Logins: 102
30/11/2012 04:35:41|INFO|PCSDSF_USER_20121130.csv Total de Logins: 24623
30/11/2012 04:35:41|INFO|PCSPROTOCOLOS_USER_20121130.csv Total de Logins: 3543
30/11/2012 04:35:41|INFO|PCSSGR_USER_20121130.csv Total de Logins: 16332
30/11/2012 04:35:41|INFO|PCSCBCF_USER_20121130.csv Total de Logins: 12494
30/11/2012 04:35:41|INFO|PCSIUNICA_USER_20121130.csv Total de Logins: 8195
30/11/2012 04:35:41|INFO|PCSFELETRONICA_USER_20121130.csv Total de Logins: 2540
30/11/2012 04:35:41|INFO|PCSICRC_USER_20121130.csv Total de Logins: 16517
30/11/2012 04:35:41|INFO|PCSPLOGISTICA_USER_20121130.csv Total de Logins: 4018
30/11/2012 04:35:41|INFO|PCSASP_USER_20121130.csv Total de Logins: 17913
30/11/2012 04:35:41|INFO|PCSSFA_USER_20121130.csv Total de Logins: 56
30/11/2012 04:35:41|INFO|PCSTIMFILAS_USER_20121130.csv Total de Logins: 1632
30/11/2012 04:35:41|INFO|PCSGVAS_USER_20121130.csv Total de Logins: 12
30/11/2012 04:35:41|INFO|PCSVERO_USER_20121130.csv Total de Logins: 55
30/11/2012 04:35:41|INFO|PCSVENDITA_USER_20121130.csv Total de Logins: 228
30/11/2012 04:35:41|INFO|PCSRAP_USER_20121130.csv Total de Logins: 20
30/11/2012 04:35:42|INFO|PCSSCTR-PORTAL_USER_20121130.csv Total de Logins: 16
30/11/2012 04:35:42|INFO|PCSP2B_USER_20121130.csv Total de Logins: 26
30/11/2012 04:35:42|INFO|PCSFELETRONICAPG_USER_20121130.csv Total de Logins: 8
30/11/2012 04:35:42|INFO|PCSGCPP_USER_20121130.csv Total de Logins: 7
30/11/2012 04:35:42|INFO|PCSUCM_USER_20121130.csv Total de Logins: 11
30/11/2012 04:35:42|INFO|PCSGJMC_USER_20121130.csv Total de Logins: 9
30/11/2012 04:35:42|INFO|PCSKPI_USER_20121130.csv Total de Logins: 8
30/11/2012 04:35:42|INFO|PCSIPVS_USER_20121130.csv Total de Logins: 6
30/11/2012 04:35:42|INFO|PCSPDV_MGMT_USER_20121130.csv Total de Logins: 6
30/11/2012 04:35:42|INFO|PCSSALES_USER_20121130.csv Total de Logins: 1
30/11/2012 04:35:42|INFO|PCSDTH_USER_20121130.csv Total de Logins: 2
30/11/2012 04:35:42|INFO|Finalizado
