19/05/2013 04:30:01|INFO|Iniciando
19/05/2013 04:36:10|INFO|PCSCLARIFY_USER_20130519.csv Total de Logins: 20444
19/05/2013 04:36:10|INFO|PCSPDVGN_USER_20130519.csv Total de Logins: 3096
19/05/2013 04:36:10|INFO|PCSPDV_LIVE_USER_20130519.csv Total de Logins: 10676
19/05/2013 04:36:10|INFO|PCSPDVGL_USER_20130519.csv Total de Logins: 1802
19/05/2013 04:36:10|INFO|PCSSIEBEL_USER_20130519.csv Total de Logins: 105
19/05/2013 04:36:10|INFO|PCSDSF_USER_20130519.csv Total de Logins: 24346
19/05/2013 04:36:10|INFO|PCSPROTOCOLOS_USER_20130519.csv Total de Logins: 2457
19/05/2013 04:36:10|INFO|PCSSGR_USER_20130519.csv Total de Logins: 16124
19/05/2013 04:36:10|INFO|PCSCBCF_USER_20130519.csv Total de Logins: 11967
19/05/2013 04:36:10|INFO|PCSICRC_USER_20130519.csv Total de Logins: 16483
19/05/2013 04:36:10|INFO|PCSASP_USER_20130519.csv Total de Logins: 18154
19/05/2013 04:36:10|INFO|PCSIUNICA_USER_20130519.csv Total de Logins: 8142
19/05/2013 04:36:10|INFO|PCSP2B_USER_20130519.csv Total de Logins: 4517
19/05/2013 04:36:10|INFO|PCSPLOGISTICA_USER_20130519.csv Total de Logins: 4451
19/05/2013 04:36:10|INFO|PCSSFA_USER_20130519.csv Total de Logins: 1971
19/05/2013 04:36:10|INFO|PCSVERO_USER_20130519.csv Total de Logins: 1794
19/05/2013 04:36:10|INFO|PCSTIMFILAS_USER_20130519.csv Total de Logins: 1677
19/05/2013 04:36:10|INFO|PCSFELETRONICA_USER_20130519.csv Total de Logins: 2543
19/05/2013 04:36:10|INFO|PCSVENDITA_USER_20130519.csv Total de Logins: 248
19/05/2013 04:36:10|INFO|PCSRAP_USER_20130519.csv Total de Logins: 20
19/05/2013 04:36:10|INFO|PCSSCTR-PORTAL_USER_20130519.csv Total de Logins: 18
19/05/2013 04:36:10|INFO|PCSUCM_USER_20130519.csv Total de Logins: 9
19/05/2013 04:36:10|INFO|PCSGVAS_USER_20130519.csv Total de Logins: 8
19/05/2013 04:36:10|INFO|PCSKPI_USER_20130519.csv Total de Logins: 7
19/05/2013 04:36:10|INFO|PCSIPVS_USER_20130519.csv Total de Logins: 4
19/05/2013 04:36:10|INFO|PCSBDOH_USER_20130519.csv Total de Logins: 142
19/05/2013 04:36:10|INFO|PCSSALES_USER_20130519.csv Total de Logins: 48
19/05/2013 04:36:10|INFO|PCSGCPP_USER_20130519.csv Total de Logins: 5
19/05/2013 04:36:10|INFO|PCSPDV_MGMT_USER_20130519.csv Total de Logins: 6
19/05/2013 04:36:10|INFO|PCSGJMC_USER_20130519.csv Total de Logins: 6
19/05/2013 04:36:10|INFO|PCSFELETRONICAPG_USER_20130519.csv Total de Logins: 4
19/05/2013 04:36:10|INFO|PCSDTH_USER_20130519.csv Total de Logins: 2
19/05/2013 04:36:10|INFO|Finalizado
