18/05/2013 04:30:01|INFO|Iniciando
18/05/2013 04:36:23|INFO|PCSCLARIFY_USER_20130518.csv Total de Logins: 20532
18/05/2013 04:36:23|INFO|PCSPDVGN_USER_20130518.csv Total de Logins: 3097
18/05/2013 04:36:23|INFO|PCSPDV_LIVE_USER_20130518.csv Total de Logins: 10722
18/05/2013 04:36:23|INFO|PCSPDVGL_USER_20130518.csv Total de Logins: 1802
18/05/2013 04:36:23|INFO|PCSSIEBEL_USER_20130518.csv Total de Logins: 105
18/05/2013 04:36:23|INFO|PCSDSF_USER_20130518.csv Total de Logins: 24435
18/05/2013 04:36:23|INFO|PCSPROTOCOLOS_USER_20130518.csv Total de Logins: 2467
18/05/2013 04:36:23|INFO|PCSSGR_USER_20130518.csv Total de Logins: 16216
18/05/2013 04:36:23|INFO|PCSCBCF_USER_20130518.csv Total de Logins: 12034
18/05/2013 04:36:23|INFO|PCSICRC_USER_20130518.csv Total de Logins: 16526
18/05/2013 04:36:23|INFO|PCSASP_USER_20130518.csv Total de Logins: 18224
18/05/2013 04:36:23|INFO|PCSIUNICA_USER_20130518.csv Total de Logins: 8171
18/05/2013 04:36:23|INFO|PCSP2B_USER_20130518.csv Total de Logins: 4548
18/05/2013 04:36:23|INFO|PCSPLOGISTICA_USER_20130518.csv Total de Logins: 4578
18/05/2013 04:36:23|INFO|PCSSFA_USER_20130518.csv Total de Logins: 2000
18/05/2013 04:36:23|INFO|PCSVERO_USER_20130518.csv Total de Logins: 1824
18/05/2013 04:36:23|INFO|PCSTIMFILAS_USER_20130518.csv Total de Logins: 1678
18/05/2013 04:36:23|INFO|PCSFELETRONICA_USER_20130518.csv Total de Logins: 2681
18/05/2013 04:36:23|INFO|PCSVENDITA_USER_20130518.csv Total de Logins: 258
18/05/2013 04:36:23|INFO|PCSRAP_USER_20130518.csv Total de Logins: 20
18/05/2013 04:36:23|INFO|PCSSCTR-PORTAL_USER_20130518.csv Total de Logins: 18
18/05/2013 04:36:23|INFO|PCSUCM_USER_20130518.csv Total de Logins: 9
18/05/2013 04:36:23|INFO|PCSGVAS_USER_20130518.csv Total de Logins: 8
18/05/2013 04:36:23|INFO|PCSKPI_USER_20130518.csv Total de Logins: 7
18/05/2013 04:36:23|INFO|PCSIPVS_USER_20130518.csv Total de Logins: 4
18/05/2013 04:36:23|INFO|PCSBDOH_USER_20130518.csv Total de Logins: 146
18/05/2013 04:36:23|INFO|PCSSALES_USER_20130518.csv Total de Logins: 49
18/05/2013 04:36:23|INFO|PCSGCPP_USER_20130518.csv Total de Logins: 5
18/05/2013 04:36:23|INFO|PCSPDV_MGMT_USER_20130518.csv Total de Logins: 6
18/05/2013 04:36:23|INFO|PCSGJMC_USER_20130518.csv Total de Logins: 6
18/05/2013 04:36:23|INFO|PCSFELETRONICAPG_USER_20130518.csv Total de Logins: 4
18/05/2013 04:36:23|INFO|PCSDTH_USER_20130518.csv Total de Logins: 2
18/05/2013 04:36:23|INFO|Finalizado
