27/11/2012 04:30:01|INFO|Iniciando
27/11/2012 04:35:25|INFO|PCSCLARIFY_USER_20121127.csv Total de Logins: 20005
27/11/2012 04:35:25|INFO|PCSPDVGN_USER_20121127.csv Total de Logins: 3367
27/11/2012 04:35:25|INFO|PCSPDV_LIVE_USER_20121127.csv Total de Logins: 11523
27/11/2012 04:35:25|INFO|PCSBDOH_USER_20121127.csv Total de Logins: 303
27/11/2012 04:35:25|INFO|PCSPDVGL_USER_20121127.csv Total de Logins: 2040
27/11/2012 04:35:25|INFO|PCSSIEBEL_USER_20121127.csv Total de Logins: 102
27/11/2012 04:35:25|INFO|PCSDSF_USER_20121127.csv Total de Logins: 24149
27/11/2012 04:35:25|INFO|PCSPROTOCOLOS_USER_20121127.csv Total de Logins: 3397
27/11/2012 04:35:25|INFO|PCSSGR_USER_20121127.csv Total de Logins: 15580
27/11/2012 04:35:25|INFO|PCSCBCF_USER_20121127.csv Total de Logins: 12119
27/11/2012 04:35:25|INFO|PCSIUNICA_USER_20121127.csv Total de Logins: 7842
27/11/2012 04:35:25|INFO|PCSFELETRONICA_USER_20121127.csv Total de Logins: 2356
27/11/2012 04:35:25|INFO|PCSICRC_USER_20121127.csv Total de Logins: 15997
27/11/2012 04:35:25|INFO|PCSPLOGISTICA_USER_20121127.csv Total de Logins: 3680
27/11/2012 04:35:25|INFO|PCSASP_USER_20121127.csv Total de Logins: 17540
27/11/2012 04:35:25|INFO|PCSSFA_USER_20121127.csv Total de Logins: 46
27/11/2012 04:35:25|INFO|PCSTIMFILAS_USER_20121127.csv Total de Logins: 1608
27/11/2012 04:35:25|INFO|PCSGVAS_USER_20121127.csv Total de Logins: 12
27/11/2012 04:35:25|INFO|PCSVERO_USER_20121127.csv Total de Logins: 36
27/11/2012 04:35:25|INFO|PCSVENDITA_USER_20121127.csv Total de Logins: 196
27/11/2012 04:35:25|INFO|PCSRAP_USER_20121127.csv Total de Logins: 18
27/11/2012 04:35:25|INFO|PCSSCTR-PORTAL_USER_20121127.csv Total de Logins: 15
27/11/2012 04:35:25|INFO|PCSP2B_USER_20121127.csv Total de Logins: 25
27/11/2012 04:35:25|INFO|PCSFELETRONICAPG_USER_20121127.csv Total de Logins: 8
27/11/2012 04:35:25|INFO|PCSGCPP_USER_20121127.csv Total de Logins: 7
27/11/2012 04:35:25|INFO|PCSUCM_USER_20121127.csv Total de Logins: 10
27/11/2012 04:35:25|INFO|PCSGJMC_USER_20121127.csv Total de Logins: 8
27/11/2012 04:35:25|INFO|PCSKPI_USER_20121127.csv Total de Logins: 7
27/11/2012 04:35:25|INFO|PCSIPVS_USER_20121127.csv Total de Logins: 6
27/11/2012 04:35:25|INFO|PCSPDV_MGMT_USER_20121127.csv Total de Logins: 5
27/11/2012 04:35:25|INFO|PCSDTH_USER_20121127.csv Total de Logins: 2
27/11/2012 04:35:25|INFO|Finalizado
