01/06/2013 04:30:01|INFO|Iniciando
01/06/2013 04:36:20|INFO|PCSCLARIFY_USER_20130601.csv Total de Logins: 20537
01/06/2013 04:36:20|INFO|PCSPDVGN_USER_20130601.csv Total de Logins: 3153
01/06/2013 04:36:20|INFO|PCSPDV_LIVE_USER_20130601.csv Total de Logins: 11151
01/06/2013 04:36:20|INFO|PCSPDVGL_USER_20130601.csv Total de Logins: 1782
01/06/2013 04:36:20|INFO|PCSSIEBEL_USER_20130601.csv Total de Logins: 123
01/06/2013 04:36:20|INFO|PCSDSF_USER_20130601.csv Total de Logins: 24821
01/06/2013 04:36:20|INFO|PCSPROTOCOLOS_USER_20130601.csv Total de Logins: 2880
01/06/2013 04:36:20|INFO|PCSSGR_USER_20130601.csv Total de Logins: 16538
01/06/2013 04:36:20|INFO|PCSCBCF_USER_20130601.csv Total de Logins: 12435
01/06/2013 04:36:20|INFO|PCSICRC_USER_20130601.csv Total de Logins: 16715
01/06/2013 04:36:20|INFO|PCSASP_USER_20130601.csv Total de Logins: 18200
01/06/2013 04:36:20|INFO|PCSIUNICA_USER_20130601.csv Total de Logins: 8019
01/06/2013 04:36:20|INFO|PCSP2B_USER_20130601.csv Total de Logins: 5059
01/06/2013 04:36:20|INFO|PCSPLOGISTICA_USER_20130601.csv Total de Logins: 4764
01/06/2013 04:36:20|INFO|PCSSFA_USER_20130601.csv Total de Logins: 2549
01/06/2013 04:36:20|INFO|PCSVERO_USER_20130601.csv Total de Logins: 2331
01/06/2013 04:36:20|INFO|PCSTIMFILAS_USER_20130601.csv Total de Logins: 1687
01/06/2013 04:36:20|INFO|PCSFELETRONICA_USER_20130601.csv Total de Logins: 2641
01/06/2013 04:36:20|INFO|PCSVENDITA_USER_20130601.csv Total de Logins: 281
01/06/2013 04:36:20|INFO|PCSSCTR-PORTAL_USER_20130601.csv Total de Logins: 21
01/06/2013 04:36:20|INFO|PCSRAP_USER_20130601.csv Total de Logins: 25
01/06/2013 04:36:20|INFO|PCSGCPP_USER_20130601.csv Total de Logins: 17
01/06/2013 04:36:20|INFO|PCSUCM_USER_20130601.csv Total de Logins: 14
01/06/2013 04:36:20|INFO|PCSGVAS_USER_20130601.csv Total de Logins: 10
01/06/2013 04:36:20|INFO|PCSKPI_USER_20130601.csv Total de Logins: 7
01/06/2013 04:36:20|INFO|PCSIPVS_USER_20130601.csv Total de Logins: 9
01/06/2013 04:36:20|INFO|PCSBDOH_USER_20130601.csv Total de Logins: 138
01/06/2013 04:36:20|INFO|PCSSALES_USER_20130601.csv Total de Logins: 47
01/06/2013 04:36:20|INFO|PCSPDV_MGMT_USER_20130601.csv Total de Logins: 10
01/06/2013 04:36:20|INFO|PCSGJMC_USER_20130601.csv Total de Logins: 9
01/06/2013 04:36:20|INFO|PCSFELETRONICAPG_USER_20130601.csv Total de Logins: 8
01/06/2013 04:36:20|INFO|PCSBISEMANTICO_USER_20130601.csv Total de Logins: 6
01/06/2013 04:36:20|INFO|PCSDTH_USER_20130601.csv Total de Logins: 2
01/06/2013 04:36:20|INFO|Finalizado
