03/12/2012 04:30:01|INFO|Iniciando
03/12/2012 04:35:22|INFO|PCSCLARIFY_USER_20121203.csv Total de Logins: 20595
03/12/2012 04:35:22|INFO|PCSPDVGN_USER_20121203.csv Total de Logins: 3382
03/12/2012 04:35:22|INFO|PCSPDV_LIVE_USER_20121203.csv Total de Logins: 11966
03/12/2012 04:35:22|INFO|PCSBDOH_USER_20121203.csv Total de Logins: 315
03/12/2012 04:35:22|INFO|PCSPDVGL_USER_20121203.csv Total de Logins: 2037
03/12/2012 04:35:22|INFO|PCSSIEBEL_USER_20121203.csv Total de Logins: 89
03/12/2012 04:35:22|INFO|PCSDSF_USER_20121203.csv Total de Logins: 24838
03/12/2012 04:35:22|INFO|PCSPROTOCOLOS_USER_20121203.csv Total de Logins: 3493
03/12/2012 04:35:22|INFO|PCSSGR_USER_20121203.csv Total de Logins: 16305
03/12/2012 04:35:22|INFO|PCSCBCF_USER_20121203.csv Total de Logins: 12482
03/12/2012 04:35:22|INFO|PCSIUNICA_USER_20121203.csv Total de Logins: 8135
03/12/2012 04:35:22|INFO|PCSFELETRONICA_USER_20121203.csv Total de Logins: 2240
03/12/2012 04:35:22|INFO|PCSICRC_USER_20121203.csv Total de Logins: 16533
03/12/2012 04:35:22|INFO|PCSPLOGISTICA_USER_20121203.csv Total de Logins: 3662
03/12/2012 04:35:22|INFO|PCSASP_USER_20121203.csv Total de Logins: 17928
03/12/2012 04:35:22|INFO|PCSSFA_USER_20121203.csv Total de Logins: 103
03/12/2012 04:35:22|INFO|PCSTIMFILAS_USER_20121203.csv Total de Logins: 1638
03/12/2012 04:35:22|INFO|PCSGVAS_USER_20121203.csv Total de Logins: 12
03/12/2012 04:35:22|INFO|PCSVERO_USER_20121203.csv Total de Logins: 97
03/12/2012 04:35:22|INFO|PCSVENDITA_USER_20121203.csv Total de Logins: 225
03/12/2012 04:35:22|INFO|PCSRAP_USER_20121203.csv Total de Logins: 20
03/12/2012 04:35:22|INFO|PCSSCTR-PORTAL_USER_20121203.csv Total de Logins: 16
03/12/2012 04:35:22|INFO|PCSP2B_USER_20121203.csv Total de Logins: 26
03/12/2012 04:35:22|INFO|PCSFELETRONICAPG_USER_20121203.csv Total de Logins: 8
03/12/2012 04:35:22|INFO|PCSGCPP_USER_20121203.csv Total de Logins: 7
03/12/2012 04:35:22|INFO|PCSUCM_USER_20121203.csv Total de Logins: 9
03/12/2012 04:35:22|INFO|PCSGJMC_USER_20121203.csv Total de Logins: 9
03/12/2012 04:35:22|INFO|PCSKPI_USER_20121203.csv Total de Logins: 8
03/12/2012 04:35:22|INFO|PCSIPVS_USER_20121203.csv Total de Logins: 5
03/12/2012 04:35:22|INFO|PCSPDV_MGMT_USER_20121203.csv Total de Logins: 6
03/12/2012 04:35:22|INFO|PCSDTH_USER_20121203.csv Total de Logins: 1
03/12/2012 04:35:22|INFO|Finalizado
