21/12/2012 04:30:02|INFO|Iniciando
21/12/2012 04:35:39|INFO|PCSCLARIFY_USER_20121221.csv Total de Logins: 20980
21/12/2012 04:35:39|INFO|PCSPDVGN_USER_20121221.csv Total de Logins: 3412
21/12/2012 04:35:39|INFO|PCSPDV_LIVE_USER_20121221.csv Total de Logins: 12549
21/12/2012 04:35:39|INFO|PCSBDOH_USER_20121221.csv Total de Logins: 336
21/12/2012 04:35:39|INFO|PCSPDVGL_USER_20121221.csv Total de Logins: 2029
21/12/2012 04:35:39|INFO|PCSSIEBEL_USER_20121221.csv Total de Logins: 84
21/12/2012 04:35:39|INFO|PCSDSF_USER_20121221.csv Total de Logins: 25395
21/12/2012 04:35:39|INFO|PCSSGR_USER_20121221.csv Total de Logins: 16793
21/12/2012 04:35:39|INFO|PCSCBCF_USER_20121221.csv Total de Logins: 12620
21/12/2012 04:35:39|INFO|PCSPROTOCOLOS_USER_20121221.csv Total de Logins: 3553
21/12/2012 04:35:39|INFO|PCSIUNICA_USER_20121221.csv Total de Logins: 8320
21/12/2012 04:35:39|INFO|PCSFELETRONICA_USER_20121221.csv Total de Logins: 2748
21/12/2012 04:35:39|INFO|PCSICRC_USER_20121221.csv Total de Logins: 16787
21/12/2012 04:35:39|INFO|PCSPLOGISTICA_USER_20121221.csv Total de Logins: 3996
21/12/2012 04:35:39|INFO|PCSASP_USER_20121221.csv Total de Logins: 18170
21/12/2012 04:35:39|INFO|PCSSFA_USER_20121221.csv Total de Logins: 111
21/12/2012 04:35:39|INFO|PCSTIMFILAS_USER_20121221.csv Total de Logins: 1681
21/12/2012 04:35:39|INFO|PCSGVAS_USER_20121221.csv Total de Logins: 12
21/12/2012 04:35:39|INFO|PCSVERO_USER_20121221.csv Total de Logins: 202
21/12/2012 04:35:39|INFO|PCSSALES_USER_20121221.csv Total de Logins: 344
21/12/2012 04:35:39|INFO|PCSVENDITA_USER_20121221.csv Total de Logins: 275
21/12/2012 04:35:39|INFO|PCSSCTR-PORTAL_USER_20121221.csv Total de Logins: 19
21/12/2012 04:35:39|INFO|PCSRAP_USER_20121221.csv Total de Logins: 19
21/12/2012 04:35:39|INFO|PCSP2B_USER_20121221.csv Total de Logins: 26
21/12/2012 04:35:39|INFO|PCSUCM_USER_20121221.csv Total de Logins: 14
21/12/2012 04:35:39|INFO|PCSKPI_USER_20121221.csv Total de Logins: 8
21/12/2012 04:35:39|INFO|PCSIPVS_USER_20121221.csv Total de Logins: 5
21/12/2012 04:35:39|INFO|PCSGCPP_USER_20121221.csv Total de Logins: 6
21/12/2012 04:35:39|INFO|PCSPDV_MGMT_USER_20121221.csv Total de Logins: 6
21/12/2012 04:35:39|INFO|PCSGJMC_USER_20121221.csv Total de Logins: 8
21/12/2012 04:35:39|INFO|PCSFELETRONICAPG_USER_20121221.csv Total de Logins: 7
21/12/2012 04:35:39|INFO|PCSDTH_USER_20121221.csv Total de Logins: 2
21/12/2012 04:35:39|INFO|Finalizado
