03/04/2013 04:30:01|INFO|Iniciando
03/04/2013 04:36:19|INFO|PCSCLARIFY_USER_20130403.csv Total de Logins: 21587
03/04/2013 04:36:19|INFO|PCSPDVGN_USER_20130403.csv Total de Logins: 3440
03/04/2013 04:36:19|INFO|PCSPDV_LIVE_USER_20130403.csv Total de Logins: 12014
03/04/2013 04:36:19|INFO|PCSPDVGL_USER_20130403.csv Total de Logins: 2010
03/04/2013 04:36:19|INFO|PCSSIEBEL_USER_20130403.csv Total de Logins: 69
03/04/2013 04:36:19|INFO|PCSASP_USER_20130403.csv Total de Logins: 19137
03/04/2013 04:36:19|INFO|PCSDSF_USER_20130403.csv Total de Logins: 25793
03/04/2013 04:36:19|INFO|PCSICRC_USER_20130403.csv Total de Logins: 17585
03/04/2013 04:36:19|INFO|PCSPROTOCOLOS_USER_20130403.csv Total de Logins: 2687
03/04/2013 04:36:19|INFO|PCSSGR_USER_20130403.csv Total de Logins: 17500
03/04/2013 04:36:19|INFO|PCSCBCF_USER_20130403.csv Total de Logins: 13046
03/04/2013 04:36:19|INFO|PCSIUNICA_USER_20130403.csv Total de Logins: 9013
03/04/2013 04:36:19|INFO|PCSPLOGISTICA_USER_20130403.csv Total de Logins: 5572
03/04/2013 04:36:19|INFO|PCSP2B_USER_20130403.csv Total de Logins: 4645
03/04/2013 04:36:19|INFO|PCSTIMFILAS_USER_20130403.csv Total de Logins: 1672
03/04/2013 04:36:19|INFO|PCSFELETRONICA_USER_20130403.csv Total de Logins: 3595
03/04/2013 04:36:19|INFO|PCSSFA_USER_20130403.csv Total de Logins: 1439
03/04/2013 04:36:19|INFO|PCSVERO_USER_20130403.csv Total de Logins: 1505
03/04/2013 04:36:19|INFO|PCSVENDITA_USER_20130403.csv Total de Logins: 227
03/04/2013 04:36:19|INFO|PCSRAP_USER_20130403.csv Total de Logins: 20
03/04/2013 04:36:19|INFO|PCSSCTR-PORTAL_USER_20130403.csv Total de Logins: 18
03/04/2013 04:36:19|INFO|PCSUCM_USER_20130403.csv Total de Logins: 10
03/04/2013 04:36:19|INFO|PCSGVAS_USER_20130403.csv Total de Logins: 8
03/04/2013 04:36:19|INFO|PCSKPI_USER_20130403.csv Total de Logins: 8
03/04/2013 04:36:19|INFO|PCSIPVS_USER_20130403.csv Total de Logins: 4
03/04/2013 04:36:19|INFO|PCSBDOH_USER_20130403.csv Total de Logins: 226
03/04/2013 04:36:19|INFO|PCSSALES_USER_20130403.csv Total de Logins: 66
03/04/2013 04:36:19|INFO|PCSGCPP_USER_20130403.csv Total de Logins: 4
03/04/2013 04:36:19|INFO|PCSPDV_MGMT_USER_20130403.csv Total de Logins: 7
03/04/2013 04:36:19|INFO|PCSGJMC_USER_20130403.csv Total de Logins: 6
03/04/2013 04:36:19|INFO|PCSFELETRONICAPG_USER_20130403.csv Total de Logins: 6
03/04/2013 04:36:19|INFO|PCSDTH_USER_20130403.csv Total de Logins: 2
03/04/2013 04:36:19|INFO|Finalizado
