24/12/2012 04:30:01|INFO|Iniciando
24/12/2012 04:35:28|INFO|PCSCLARIFY_USER_20121224.csv Total de Logins: 20833
24/12/2012 04:35:28|INFO|PCSPDVGN_USER_20121224.csv Total de Logins: 3408
24/12/2012 04:35:28|INFO|PCSPDV_LIVE_USER_20121224.csv Total de Logins: 12464
24/12/2012 04:35:28|INFO|PCSBDOH_USER_20121224.csv Total de Logins: 335
24/12/2012 04:35:28|INFO|PCSPDVGL_USER_20121224.csv Total de Logins: 2027
24/12/2012 04:35:28|INFO|PCSSIEBEL_USER_20121224.csv Total de Logins: 70
24/12/2012 04:35:28|INFO|PCSDSF_USER_20121224.csv Total de Logins: 25355
24/12/2012 04:35:28|INFO|PCSSGR_USER_20121224.csv Total de Logins: 16577
24/12/2012 04:35:28|INFO|PCSCBCF_USER_20121224.csv Total de Logins: 12491
24/12/2012 04:35:28|INFO|PCSPROTOCOLOS_USER_20121224.csv Total de Logins: 3484
24/12/2012 04:35:28|INFO|PCSIUNICA_USER_20121224.csv Total de Logins: 8176
24/12/2012 04:35:28|INFO|PCSFELETRONICA_USER_20121224.csv Total de Logins: 2500
24/12/2012 04:35:28|INFO|PCSICRC_USER_20121224.csv Total de Logins: 16685
24/12/2012 04:35:28|INFO|PCSPLOGISTICA_USER_20121224.csv Total de Logins: 3689
24/12/2012 04:35:28|INFO|PCSASP_USER_20121224.csv Total de Logins: 18011
24/12/2012 04:35:28|INFO|PCSSFA_USER_20121224.csv Total de Logins: 110
24/12/2012 04:35:28|INFO|PCSTIMFILAS_USER_20121224.csv Total de Logins: 1677
24/12/2012 04:35:28|INFO|PCSGVAS_USER_20121224.csv Total de Logins: 11
24/12/2012 04:35:28|INFO|PCSVERO_USER_20121224.csv Total de Logins: 202
24/12/2012 04:35:28|INFO|PCSSALES_USER_20121224.csv Total de Logins: 341
24/12/2012 04:35:28|INFO|PCSVENDITA_USER_20121224.csv Total de Logins: 274
24/12/2012 04:35:28|INFO|PCSSCTR-PORTAL_USER_20121224.csv Total de Logins: 19
24/12/2012 04:35:28|INFO|PCSRAP_USER_20121224.csv Total de Logins: 18
24/12/2012 04:35:28|INFO|PCSP2B_USER_20121224.csv Total de Logins: 26
24/12/2012 04:35:28|INFO|PCSUCM_USER_20121224.csv Total de Logins: 14
24/12/2012 04:35:28|INFO|PCSKPI_USER_20121224.csv Total de Logins: 8
24/12/2012 04:35:28|INFO|PCSIPVS_USER_20121224.csv Total de Logins: 5
24/12/2012 04:35:28|INFO|PCSGCPP_USER_20121224.csv Total de Logins: 6
24/12/2012 04:35:28|INFO|PCSPDV_MGMT_USER_20121224.csv Total de Logins: 6
24/12/2012 04:35:28|INFO|PCSGJMC_USER_20121224.csv Total de Logins: 8
24/12/2012 04:35:28|INFO|PCSFELETRONICAPG_USER_20121224.csv Total de Logins: 7
24/12/2012 04:35:28|INFO|PCSDTH_USER_20121224.csv Total de Logins: 2
24/12/2012 04:35:28|INFO|Finalizado
