08/01/2013 04:30:01|INFO|Iniciando
08/01/2013 04:35:39|INFO|PCSCLARIFY_USER_20130108.csv Total de Logins: 20707
08/01/2013 04:35:39|INFO|PCSPDVGN_USER_20130108.csv Total de Logins: 3397
08/01/2013 04:35:39|INFO|PCSPDV_LIVE_USER_20130108.csv Total de Logins: 11672
08/01/2013 04:35:39|INFO|PCSSFA_USER_20130108.csv Total de Logins: 274
08/01/2013 04:35:39|INFO|PCSPDVGL_USER_20130108.csv Total de Logins: 2035
08/01/2013 04:35:39|INFO|PCSSIEBEL_USER_20130108.csv Total de Logins: 51
08/01/2013 04:35:39|INFO|PCSDSF_USER_20130108.csv Total de Logins: 24979
08/01/2013 04:35:39|INFO|PCSSGR_USER_20130108.csv Total de Logins: 16051
08/01/2013 04:35:39|INFO|PCSCBCF_USER_20130108.csv Total de Logins: 11797
08/01/2013 04:35:39|INFO|PCSPROTOCOLOS_USER_20130108.csv Total de Logins: 3126
08/01/2013 04:35:39|INFO|PCSICRC_USER_20130108.csv Total de Logins: 16496
08/01/2013 04:35:39|INFO|PCSASP_USER_20130108.csv Total de Logins: 17986
08/01/2013 04:35:39|INFO|PCSIUNICA_USER_20130108.csv Total de Logins: 8126
08/01/2013 04:35:39|INFO|PCSPLOGISTICA_USER_20130108.csv Total de Logins: 3325
08/01/2013 04:35:39|INFO|PCSTIMFILAS_USER_20130108.csv Total de Logins: 1674
08/01/2013 04:35:39|INFO|PCSVERO_USER_20130108.csv Total de Logins: 284
08/01/2013 04:35:39|INFO|PCSGVAS_USER_20130108.csv Total de Logins: 11
08/01/2013 04:35:39|INFO|PCSSALES_USER_20130108.csv Total de Logins: 337
08/01/2013 04:35:39|INFO|PCSVENDITA_USER_20130108.csv Total de Logins: 267
08/01/2013 04:35:39|INFO|PCSSCTR-PORTAL_USER_20130108.csv Total de Logins: 19
08/01/2013 04:35:39|INFO|PCSRAP_USER_20130108.csv Total de Logins: 17
08/01/2013 04:35:39|INFO|PCSBDOH_USER_20130108.csv Total de Logins: 205
08/01/2013 04:35:39|INFO|PCSFELETRONICA_USER_20130108.csv Total de Logins: 2455
08/01/2013 04:35:39|INFO|PCSUCM_USER_20130108.csv Total de Logins: 14
08/01/2013 04:35:39|INFO|PCSKPI_USER_20130108.csv Total de Logins: 8
08/01/2013 04:35:39|INFO|PCSIPVS_USER_20130108.csv Total de Logins: 5
08/01/2013 04:35:39|INFO|PCSGCPP_USER_20130108.csv Total de Logins: 6
08/01/2013 04:35:39|INFO|PCSPDV_MGMT_USER_20130108.csv Total de Logins: 5
08/01/2013 04:35:39|INFO|PCSGJMC_USER_20130108.csv Total de Logins: 8
08/01/2013 04:35:39|INFO|PCSP2B_USER_20130108.csv Total de Logins: 15
08/01/2013 04:35:39|INFO|PCSFELETRONICAPG_USER_20130108.csv Total de Logins: 9
08/01/2013 04:35:39|INFO|PCSDTH_USER_20130108.csv Total de Logins: 2
08/01/2013 04:35:39|INFO|Finalizado
