29/11/2012 04:30:01|INFO|Iniciando
29/11/2012 04:35:27|INFO|PCSCLARIFY_USER_20121129.csv Total de Logins: 20378
29/11/2012 04:35:27|INFO|PCSPDVGN_USER_20121129.csv Total de Logins: 3372
29/11/2012 04:35:27|INFO|PCSPDV_LIVE_USER_20121129.csv Total de Logins: 12073
29/11/2012 04:35:27|INFO|PCSBDOH_USER_20121129.csv Total de Logins: 304
29/11/2012 04:35:27|INFO|PCSPDVGL_USER_20121129.csv Total de Logins: 2041
29/11/2012 04:35:27|INFO|PCSSIEBEL_USER_20121129.csv Total de Logins: 102
29/11/2012 04:35:27|INFO|PCSDSF_USER_20121129.csv Total de Logins: 24658
29/11/2012 04:35:27|INFO|PCSPROTOCOLOS_USER_20121129.csv Total de Logins: 3510
29/11/2012 04:35:27|INFO|PCSSGR_USER_20121129.csv Total de Logins: 16040
29/11/2012 04:35:27|INFO|PCSCBCF_USER_20121129.csv Total de Logins: 12491
29/11/2012 04:35:27|INFO|PCSIUNICA_USER_20121129.csv Total de Logins: 8083
29/11/2012 04:35:27|INFO|PCSFELETRONICA_USER_20121129.csv Total de Logins: 2386
29/11/2012 04:35:27|INFO|PCSICRC_USER_20121129.csv Total de Logins: 16269
29/11/2012 04:35:27|INFO|PCSPLOGISTICA_USER_20121129.csv Total de Logins: 3920
29/11/2012 04:35:27|INFO|PCSASP_USER_20121129.csv Total de Logins: 17856
29/11/2012 04:35:27|INFO|PCSSFA_USER_20121129.csv Total de Logins: 51
29/11/2012 04:35:27|INFO|PCSTIMFILAS_USER_20121129.csv Total de Logins: 1638
29/11/2012 04:35:27|INFO|PCSGVAS_USER_20121129.csv Total de Logins: 12
29/11/2012 04:35:27|INFO|PCSVERO_USER_20121129.csv Total de Logins: 47
29/11/2012 04:35:27|INFO|PCSVENDITA_USER_20121129.csv Total de Logins: 227
29/11/2012 04:35:27|INFO|PCSRAP_USER_20121129.csv Total de Logins: 18
29/11/2012 04:35:27|INFO|PCSSCTR-PORTAL_USER_20121129.csv Total de Logins: 15
29/11/2012 04:35:27|INFO|PCSP2B_USER_20121129.csv Total de Logins: 25
29/11/2012 04:35:27|INFO|PCSFELETRONICAPG_USER_20121129.csv Total de Logins: 9
29/11/2012 04:35:27|INFO|PCSGCPP_USER_20121129.csv Total de Logins: 7
29/11/2012 04:35:27|INFO|PCSUCM_USER_20121129.csv Total de Logins: 10
29/11/2012 04:35:27|INFO|PCSGJMC_USER_20121129.csv Total de Logins: 8
29/11/2012 04:35:27|INFO|PCSKPI_USER_20121129.csv Total de Logins: 7
29/11/2012 04:35:27|INFO|PCSIPVS_USER_20121129.csv Total de Logins: 6
29/11/2012 04:35:27|INFO|PCSPDV_MGMT_USER_20121129.csv Total de Logins: 5
29/11/2012 04:35:27|INFO|PCSDTH_USER_20121129.csv Total de Logins: 2
29/11/2012 04:35:27|INFO|Finalizado
