27/07/2013 04:30:01|INFO|Iniciando
27/07/2013 04:36:37|INFO|PCSCLARIFY_USER_20130727.csv Total de Logins: 19724
27/07/2013 04:36:37|INFO|PCSPDVGN_USER_20130727.csv Total de Logins: 3275
27/07/2013 04:36:37|INFO|PCSICRC_USER_20130727.csv Total de Logins: 15706
27/07/2013 04:36:37|INFO|PCSDSF_USER_20130727.csv Total de Logins: 24133
27/07/2013 04:36:37|INFO|PCSSFA_USER_20130727.csv Total de Logins: 3543
27/07/2013 04:36:37|INFO|PCSPDVGL_USER_20130727.csv Total de Logins: 1726
27/07/2013 04:36:37|INFO|PCSPDV_LIVE_USER_20130727.csv Total de Logins: 11721
27/07/2013 04:36:37|INFO|PCSPROTOCOLOS_USER_20130727.csv Total de Logins: 3188
27/07/2013 04:36:37|INFO|PCSSGR_USER_20130727.csv Total de Logins: 16153
27/07/2013 04:36:37|INFO|PCSCBCF_USER_20130727.csv Total de Logins: 12368
27/07/2013 04:36:37|INFO|PCSASP_USER_20130727.csv Total de Logins: 16979
27/07/2013 04:36:37|INFO|PCSIUNICA_USER_20130727.csv Total de Logins: 7916
27/07/2013 04:36:37|INFO|PCSSIEBEL_USER_20130727.csv Total de Logins: 2667
27/07/2013 04:36:37|INFO|PCSFELETRONICA_USER_20130727.csv Total de Logins: 6306
27/07/2013 04:36:37|INFO|PCSP2B_USER_20130727.csv Total de Logins: 6651
27/07/2013 04:36:37|INFO|PCSVERO_USER_20130727.csv Total de Logins: 3193
27/07/2013 04:36:37|INFO|PCSPLOGISTICA_USER_20130727.csv Total de Logins: 3000
27/07/2013 04:36:37|INFO|PCSTIMFILAS_USER_20130727.csv Total de Logins: 1743
27/07/2013 04:36:37|INFO|PCSGCOB_USER_20130727.csv Total de Logins: 14
27/07/2013 04:36:37|INFO|PCSVENDITA_USER_20130727.csv Total de Logins: 284
27/07/2013 04:36:37|INFO|PCSVCE_USER_20130727.csv Total de Logins: 56
27/07/2013 04:36:37|INFO|PCSSCTR-PORTAL_USER_20130727.csv Total de Logins: 23
27/07/2013 04:36:37|INFO|PCSRAP_USER_20130727.csv Total de Logins: 18
27/07/2013 04:36:37|INFO|PCSGEOWEB_USER_20130727.csv Total de Logins: 1
27/07/2013 04:36:37|INFO|PCSUCM_USER_20130727.csv Total de Logins: 9
27/07/2013 04:36:37|INFO|PCSGVAS_USER_20130727.csv Total de Logins: 8
27/07/2013 04:36:37|INFO|PCSKPI_USER_20130727.csv Total de Logins: 6
27/07/2013 04:36:37|INFO|PCSIPVS_USER_20130727.csv Total de Logins: 8
27/07/2013 04:36:37|INFO|PCSBDOH_USER_20130727.csv Total de Logins: 136
27/07/2013 04:36:37|INFO|PCSSALES_USER_20130727.csv Total de Logins: 34
27/07/2013 04:36:37|INFO|PCSDTH_USER_20130727.csv Total de Logins: 8
27/07/2013 04:36:37|INFO|PCSPDV_MGMT_USER_20130727.csv Total de Logins: 11
27/07/2013 04:36:37|INFO|PCSFELETRONICAPG_USER_20130727.csv Total de Logins: 10
27/07/2013 04:36:37|INFO|PCSGCPP_USER_20130727.csv Total de Logins: 9
27/07/2013 04:36:37|INFO|PCSGJMC_USER_20130727.csv Total de Logins: 8
27/07/2013 04:36:37|INFO|PCSBISEMANTICO_USER_20130727.csv Total de Logins: 1
27/07/2013 04:36:37|INFO|Finalizado
