15/07/2013 04:30:01|INFO|Iniciando
15/07/2013 04:36:16|INFO|PCSCLARIFY_USER_20130715.csv Total de Logins: 19807
15/07/2013 04:36:16|INFO|PCSPDVGN_USER_20130715.csv Total de Logins: 3236
15/07/2013 04:36:16|INFO|PCSICRC_USER_20130715.csv Total de Logins: 15902
15/07/2013 04:36:16|INFO|PCSDSF_USER_20130715.csv Total de Logins: 24153
15/07/2013 04:36:16|INFO|PCSSFA_USER_20130715.csv Total de Logins: 3189
15/07/2013 04:36:16|INFO|PCSPDVGL_USER_20130715.csv Total de Logins: 1736
15/07/2013 04:36:16|INFO|PCSPDV_LIVE_USER_20130715.csv Total de Logins: 11638
15/07/2013 04:36:16|INFO|PCSPROTOCOLOS_USER_20130715.csv Total de Logins: 3133
15/07/2013 04:36:16|INFO|PCSSGR_USER_20130715.csv Total de Logins: 15974
15/07/2013 04:36:16|INFO|PCSCBCF_USER_20130715.csv Total de Logins: 12028
15/07/2013 04:36:16|INFO|PCSASP_USER_20130715.csv Total de Logins: 17355
15/07/2013 04:36:16|INFO|PCSIUNICA_USER_20130715.csv Total de Logins: 7963
15/07/2013 04:36:16|INFO|PCSP2B_USER_20130715.csv Total de Logins: 5943
15/07/2013 04:36:16|INFO|PCSSIEBEL_USER_20130715.csv Total de Logins: 1355
15/07/2013 04:36:16|INFO|PCSPLOGISTICA_USER_20130715.csv Total de Logins: 3051
15/07/2013 04:36:16|INFO|PCSVERO_USER_20130715.csv Total de Logins: 2897
15/07/2013 04:36:16|INFO|PCSFELETRONICA_USER_20130715.csv Total de Logins: 1874
15/07/2013 04:36:16|INFO|PCSTIMFILAS_USER_20130715.csv Total de Logins: 1691
15/07/2013 04:36:16|INFO|PCSGCOB_USER_20130715.csv Total de Logins: 14
15/07/2013 04:36:16|INFO|PCSVENDITA_USER_20130715.csv Total de Logins: 279
15/07/2013 04:36:16|INFO|PCSVCE_USER_20130715.csv Total de Logins: 80
15/07/2013 04:36:16|INFO|PCSSCTR-PORTAL_USER_20130715.csv Total de Logins: 22
15/07/2013 04:36:16|INFO|PCSRAP_USER_20130715.csv Total de Logins: 19
15/07/2013 04:36:16|INFO|PCSUCM_USER_20130715.csv Total de Logins: 9
15/07/2013 04:36:16|INFO|PCSGVAS_USER_20130715.csv Total de Logins: 9
15/07/2013 04:36:16|INFO|PCSKPI_USER_20130715.csv Total de Logins: 6
15/07/2013 04:36:16|INFO|PCSIPVS_USER_20130715.csv Total de Logins: 8
15/07/2013 04:36:16|INFO|PCSBDOH_USER_20130715.csv Total de Logins: 132
15/07/2013 04:36:16|INFO|PCSSALES_USER_20130715.csv Total de Logins: 34
15/07/2013 04:36:16|INFO|PCSDTH_USER_20130715.csv Total de Logins: 8
15/07/2013 04:36:16|INFO|PCSPDV_MGMT_USER_20130715.csv Total de Logins: 9
15/07/2013 04:36:16|INFO|PCSFELETRONICAPG_USER_20130715.csv Total de Logins: 10
15/07/2013 04:36:16|INFO|PCSGCPP_USER_20130715.csv Total de Logins: 9
15/07/2013 04:36:16|INFO|PCSGJMC_USER_20130715.csv Total de Logins: 8
15/07/2013 04:36:16|INFO|PCSBISEMANTICO_USER_20130715.csv Total de Logins: 1
15/07/2013 04:36:16|INFO|Finalizado
