08/11/2012 04:30:01|INFO|Iniciando
08/11/2012 04:35:32|INFO|PCSCLARIFY_USER_20121108.csv Total de Logins: 19569
08/11/2012 04:35:32|INFO|PCSPDVGN_USER_20121108.csv Total de Logins: 3337
08/11/2012 04:35:32|INFO|PCSPDV_LIVE_USER_20121108.csv Total de Logins: 10420
08/11/2012 04:35:32|INFO|PCSPDVGL_USER_20121108.csv Total de Logins: 2020
08/11/2012 04:35:32|INFO|PCSSIEBEL_USER_20121108.csv Total de Logins: 131
08/11/2012 04:35:32|INFO|PCSDSF_USER_20121108.csv Total de Logins: 23708
08/11/2012 04:35:32|INFO|PCSPROTOCOLOS_USER_20121108.csv Total de Logins: 2888
08/11/2012 04:35:32|INFO|PCSSGR_USER_20121108.csv Total de Logins: 15054
08/11/2012 04:35:32|INFO|PCSCBCF_USER_20121108.csv Total de Logins: 11485
08/11/2012 04:35:32|INFO|PCSASP_USER_20121108.csv Total de Logins: 17204
08/11/2012 04:35:32|INFO|PCSIUNICA_USER_20121108.csv Total de Logins: 7557
08/11/2012 04:35:32|INFO|PCSICRC_USER_20121108.csv Total de Logins: 15590
08/11/2012 04:35:32|INFO|PCSPLOGISTICA_USER_20121108.csv Total de Logins: 3965
08/11/2012 04:35:32|INFO|PCSTIMFILAS_USER_20121108.csv Total de Logins: 1452
08/11/2012 04:35:32|INFO|PCSFELETRONICA_USER_20121108.csv Total de Logins: 2324
08/11/2012 04:35:32|INFO|PCSGVAS_USER_20121108.csv Total de Logins: 15
08/11/2012 04:35:32|INFO|PCSVERO_USER_20121108.csv Total de Logins: 20
08/11/2012 04:35:32|INFO|PCSVENDITA_USER_20121108.csv Total de Logins: 209
08/11/2012 04:35:32|INFO|PCSRAP_USER_20121108.csv Total de Logins: 26
08/11/2012 04:35:32|INFO|PCSSCTR-PORTAL_USER_20121108.csv Total de Logins: 18
08/11/2012 04:35:32|INFO|PCSSFA_USER_20121108.csv Total de Logins: 18
08/11/2012 04:35:32|INFO|PCSFELETRONICAPG_USER_20121108.csv Total de Logins: 10
08/11/2012 04:35:32|INFO|PCSGCPP_USER_20121108.csv Total de Logins: 9
08/11/2012 04:35:32|INFO|PCSUCM_USER_20121108.csv Total de Logins: 17
08/11/2012 04:35:32|INFO|PCSGJMC_USER_20121108.csv Total de Logins: 12
08/11/2012 04:35:32|INFO|PCSKPI_USER_20121108.csv Total de Logins: 8
08/11/2012 04:35:32|INFO|PCSIPVS_USER_20121108.csv Total de Logins: 8
08/11/2012 04:35:32|INFO|PCSPDV_MGMT_USER_20121108.csv Total de Logins: 7
08/11/2012 04:35:32|INFO|PCSP2B_USER_20121108.csv Total de Logins: 3
08/11/2012 04:35:32|INFO|PCSDTH_USER_20121108.csv Total de Logins: 2
08/11/2012 04:35:32|INFO|Finalizado
