19/08/2013 04:30:01|INFO|Iniciando
19/08/2013 04:36:32|INFO|PCSCLARIFY_USER_20130819.csv Total de Logins: 19258
19/08/2013 04:36:32|INFO|PCSPDVGN_USER_20130819.csv Total de Logins: 3293
19/08/2013 04:36:32|INFO|PCSICRC_USER_20130819.csv Total de Logins: 15844
19/08/2013 04:36:32|INFO|PCSDSF_USER_20130819.csv Total de Logins: 23850
19/08/2013 04:36:32|INFO|PCSSFA_USER_20130819.csv Total de Logins: 3778
19/08/2013 04:36:32|INFO|PCSPDV_LIVE_USER_20130819.csv Total de Logins: 11516
19/08/2013 04:36:32|INFO|PCSPDVGL_USER_20130819.csv Total de Logins: 1693
19/08/2013 04:36:32|INFO|PCSPROTOCOLOS_USER_20130819.csv Total de Logins: 3288
19/08/2013 04:36:32|INFO|PCSSGR_USER_20130819.csv Total de Logins: 15941
19/08/2013 04:36:32|INFO|PCSCBCF_USER_20130819.csv Total de Logins: 12267
19/08/2013 04:36:32|INFO|PCSASP_USER_20130819.csv Total de Logins: 16855
19/08/2013 04:36:32|INFO|PCSIUNICA_USER_20130819.csv Total de Logins: 8270
19/08/2013 04:36:32|INFO|PCSSIEBEL_USER_20130819.csv Total de Logins: 4246
19/08/2013 04:36:32|INFO|PCSFELETRONICA_USER_20130819.csv Total de Logins: 6575
19/08/2013 04:36:32|INFO|PCSP2B_USER_20130819.csv Total de Logins: 6915
19/08/2013 04:36:32|INFO|PCSVERO_USER_20130819.csv Total de Logins: 3408
19/08/2013 04:36:32|INFO|PCSPLOGISTICA_USER_20130819.csv Total de Logins: 2688
19/08/2013 04:36:32|INFO|PCSTIMFILAS_USER_20130819.csv Total de Logins: 1750
19/08/2013 04:36:32|INFO|PCSGCOB_USER_20130819.csv Total de Logins: 14
19/08/2013 04:36:32|INFO|PCSVENDITA_USER_20130819.csv Total de Logins: 296
19/08/2013 04:36:32|INFO|PCSSCTR-PORTAL_USER_20130819.csv Total de Logins: 24
19/08/2013 04:36:32|INFO|PCSRAP_USER_20130819.csv Total de Logins: 16
19/08/2013 04:36:32|INFO|PCSGEOWEB_USER_20130819.csv Total de Logins: 1
19/08/2013 04:36:32|INFO|PCSUCM_USER_20130819.csv Total de Logins: 9
19/08/2013 04:36:32|INFO|PCSGVAS_USER_20130819.csv Total de Logins: 8
19/08/2013 04:36:32|INFO|PCSKPI_USER_20130819.csv Total de Logins: 6
19/08/2013 04:36:32|INFO|PCSIPVS_USER_20130819.csv Total de Logins: 8
19/08/2013 04:36:32|INFO|PCSBDOH_USER_20130819.csv Total de Logins: 159
19/08/2013 04:36:32|INFO|PCSSALES_USER_20130819.csv Total de Logins: 31
19/08/2013 04:36:32|INFO|PCSDTH_USER_20130819.csv Total de Logins: 8
19/08/2013 04:36:32|INFO|PCSVCE_USER_20130819.csv Total de Logins: 68
19/08/2013 04:36:32|INFO|PCSPDV_MGMT_USER_20130819.csv Total de Logins: 20
19/08/2013 04:36:32|INFO|PCSFELETRONICAPG_USER_20130819.csv Total de Logins: 11
19/08/2013 04:36:32|INFO|PCSGCPP_USER_20130819.csv Total de Logins: 9
19/08/2013 04:36:32|INFO|PCSGJMC_USER_20130819.csv Total de Logins: 8
19/08/2013 04:36:32|INFO|PCSBISEMANTICO_USER_20130819.csv Total de Logins: 1
19/08/2013 04:36:32|INFO|Finalizado
