07/08/2013 04:30:01|INFO|Iniciando
07/08/2013 04:36:35|INFO|PCSCLARIFY_USER_20130807.csv Total de Logins: 19687
07/08/2013 04:36:35|INFO|PCSPDVGN_USER_20130807.csv Total de Logins: 3289
07/08/2013 04:36:35|INFO|PCSICRC_USER_20130807.csv Total de Logins: 15696
07/08/2013 04:36:35|INFO|PCSDSF_USER_20130807.csv Total de Logins: 24103
07/08/2013 04:36:35|INFO|PCSSFA_USER_20130807.csv Total de Logins: 3628
07/08/2013 04:36:35|INFO|PCSPDV_LIVE_USER_20130807.csv Total de Logins: 11632
07/08/2013 04:36:35|INFO|PCSPDVGL_USER_20130807.csv Total de Logins: 1702
07/08/2013 04:36:35|INFO|PCSPROTOCOLOS_USER_20130807.csv Total de Logins: 3255
07/08/2013 04:36:35|INFO|PCSSGR_USER_20130807.csv Total de Logins: 16385
07/08/2013 04:36:35|INFO|PCSCBCF_USER_20130807.csv Total de Logins: 12171
07/08/2013 04:36:35|INFO|PCSASP_USER_20130807.csv Total de Logins: 17045
07/08/2013 04:36:36|INFO|PCSIUNICA_USER_20130807.csv Total de Logins: 8321
07/08/2013 04:36:36|INFO|PCSSIEBEL_USER_20130807.csv Total de Logins: 4094
07/08/2013 04:36:36|INFO|PCSFELETRONICA_USER_20130807.csv Total de Logins: 6522
07/08/2013 04:36:36|INFO|PCSP2B_USER_20130807.csv Total de Logins: 6747
07/08/2013 04:36:36|INFO|PCSVERO_USER_20130807.csv Total de Logins: 3234
07/08/2013 04:36:36|INFO|PCSPLOGISTICA_USER_20130807.csv Total de Logins: 3019
07/08/2013 04:36:36|INFO|PCSTIMFILAS_USER_20130807.csv Total de Logins: 1753
07/08/2013 04:36:36|INFO|PCSGCOB_USER_20130807.csv Total de Logins: 14
07/08/2013 04:36:36|INFO|PCSVENDITA_USER_20130807.csv Total de Logins: 291
07/08/2013 04:36:36|INFO|PCSVCE_USER_20130807.csv Total de Logins: 81
07/08/2013 04:36:36|INFO|PCSSCTR-PORTAL_USER_20130807.csv Total de Logins: 24
07/08/2013 04:36:36|INFO|PCSRAP_USER_20130807.csv Total de Logins: 17
07/08/2013 04:36:36|INFO|PCSGEOWEB_USER_20130807.csv Total de Logins: 1
07/08/2013 04:36:36|INFO|PCSUCM_USER_20130807.csv Total de Logins: 9
07/08/2013 04:36:36|INFO|PCSGVAS_USER_20130807.csv Total de Logins: 8
07/08/2013 04:36:36|INFO|PCSKPI_USER_20130807.csv Total de Logins: 6
07/08/2013 04:36:36|INFO|PCSIPVS_USER_20130807.csv Total de Logins: 8
07/08/2013 04:36:36|INFO|PCSBDOH_USER_20130807.csv Total de Logins: 160
07/08/2013 04:36:36|INFO|PCSSALES_USER_20130807.csv Total de Logins: 32
07/08/2013 04:36:36|INFO|PCSDTH_USER_20130807.csv Total de Logins: 8
07/08/2013 04:36:36|INFO|PCSPDV_MGMT_USER_20130807.csv Total de Logins: 12
07/08/2013 04:36:36|INFO|PCSFELETRONICAPG_USER_20130807.csv Total de Logins: 11
07/08/2013 04:36:36|INFO|PCSGCPP_USER_20130807.csv Total de Logins: 9
07/08/2013 04:36:36|INFO|PCSGJMC_USER_20130807.csv Total de Logins: 8
07/08/2013 04:36:36|INFO|PCSBISEMANTICO_USER_20130807.csv Total de Logins: 1
07/08/2013 04:36:36|INFO|Finalizado
