12/05/2013 04:30:01|INFO|Iniciando
12/05/2013 04:36:13|INFO|PCSCLARIFY_USER_20130512.csv Total de Logins: 21000
12/05/2013 04:36:13|INFO|PCSPDVGN_USER_20130512.csv Total de Logins: 3111
12/05/2013 04:36:13|INFO|PCSPDV_LIVE_USER_20130512.csv Total de Logins: 10805
12/05/2013 04:36:13|INFO|PCSPDVGL_USER_20130512.csv Total de Logins: 1839
12/05/2013 04:36:13|INFO|PCSSIEBEL_USER_20130512.csv Total de Logins: 100
12/05/2013 04:36:13|INFO|PCSDSF_USER_20130512.csv Total de Logins: 24928
12/05/2013 04:36:13|INFO|PCSPROTOCOLOS_USER_20130512.csv Total de Logins: 2474
12/05/2013 04:36:13|INFO|PCSSGR_USER_20130512.csv Total de Logins: 16450
12/05/2013 04:36:13|INFO|PCSCBCF_USER_20130512.csv Total de Logins: 12093
12/05/2013 04:36:13|INFO|PCSICRC_USER_20130512.csv Total de Logins: 16839
12/05/2013 04:36:13|INFO|PCSASP_USER_20130512.csv Total de Logins: 18628
12/05/2013 04:36:13|INFO|PCSIUNICA_USER_20130512.csv Total de Logins: 8334
12/05/2013 04:36:13|INFO|PCSP2B_USER_20130512.csv Total de Logins: 4601
12/05/2013 04:36:13|INFO|PCSPLOGISTICA_USER_20130512.csv Total de Logins: 4874
12/05/2013 04:36:13|INFO|PCSSFA_USER_20130512.csv Total de Logins: 1936
12/05/2013 04:36:13|INFO|PCSVERO_USER_20130512.csv Total de Logins: 1754
12/05/2013 04:36:13|INFO|PCSTIMFILAS_USER_20130512.csv Total de Logins: 1675
12/05/2013 04:36:13|INFO|PCSFELETRONICA_USER_20130512.csv Total de Logins: 2939
12/05/2013 04:36:13|INFO|PCSVENDITA_USER_20130512.csv Total de Logins: 276
12/05/2013 04:36:13|INFO|PCSRAP_USER_20130512.csv Total de Logins: 20
12/05/2013 04:36:13|INFO|PCSSCTR-PORTAL_USER_20130512.csv Total de Logins: 19
12/05/2013 04:36:13|INFO|PCSUCM_USER_20130512.csv Total de Logins: 10
12/05/2013 04:36:13|INFO|PCSGVAS_USER_20130512.csv Total de Logins: 8
12/05/2013 04:36:13|INFO|PCSKPI_USER_20130512.csv Total de Logins: 7
12/05/2013 04:36:13|INFO|PCSIPVS_USER_20130512.csv Total de Logins: 4
12/05/2013 04:36:13|INFO|PCSBDOH_USER_20130512.csv Total de Logins: 149
12/05/2013 04:36:13|INFO|PCSSALES_USER_20130512.csv Total de Logins: 48
12/05/2013 04:36:13|INFO|PCSGCPP_USER_20130512.csv Total de Logins: 5
12/05/2013 04:36:13|INFO|PCSPDV_MGMT_USER_20130512.csv Total de Logins: 6
12/05/2013 04:36:13|INFO|PCSGJMC_USER_20130512.csv Total de Logins: 6
12/05/2013 04:36:13|INFO|PCSFELETRONICAPG_USER_20130512.csv Total de Logins: 5
12/05/2013 04:36:13|INFO|PCSDTH_USER_20130512.csv Total de Logins: 2
12/05/2013 04:36:13|INFO|Finalizado
