28/02/2013 04:30:01|INFO|Iniciando
28/02/2013 04:36:05|INFO|PCSCLARIFY_USER_20130228.csv Total de Logins: 21209
28/02/2013 04:36:05|INFO|PCSPDVGN_USER_20130228.csv Total de Logins: 3452
28/02/2013 04:36:05|INFO|PCSPDV_LIVE_USER_20130228.csv Total de Logins: 13377
28/02/2013 04:36:05|INFO|PCSPDVGL_USER_20130228.csv Total de Logins: 2040
28/02/2013 04:36:05|INFO|PCSSIEBEL_USER_20130228.csv Total de Logins: 35
28/02/2013 04:36:05|INFO|PCSASP_USER_20130228.csv Total de Logins: 18985
28/02/2013 04:36:05|INFO|PCSDSF_USER_20130228.csv Total de Logins: 25523
28/02/2013 04:36:05|INFO|PCSPROTOCOLOS_USER_20130228.csv Total de Logins: 2713
28/02/2013 04:36:05|INFO|PCSSGR_USER_20130228.csv Total de Logins: 17009
28/02/2013 04:36:05|INFO|PCSCBCF_USER_20130228.csv Total de Logins: 12804
28/02/2013 04:36:05|INFO|PCSICRC_USER_20130228.csv Total de Logins: 17724
28/02/2013 04:36:05|INFO|PCSIUNICA_USER_20130228.csv Total de Logins: 9087
28/02/2013 04:36:05|INFO|PCSPLOGISTICA_USER_20130228.csv Total de Logins: 4859
28/02/2013 04:36:05|INFO|PCSP2B_USER_20130228.csv Total de Logins: 2385
28/02/2013 04:36:05|INFO|PCSTIMFILAS_USER_20130228.csv Total de Logins: 1646
28/02/2013 04:36:05|INFO|PCSFELETRONICA_USER_20130228.csv Total de Logins: 4020
28/02/2013 04:36:05|INFO|PCSSFA_USER_20130228.csv Total de Logins: 1747
28/02/2013 04:36:05|INFO|PCSVERO_USER_20130228.csv Total de Logins: 1712
28/02/2013 04:36:05|INFO|PCSVENDITA_USER_20130228.csv Total de Logins: 246
28/02/2013 04:36:05|INFO|PCSRAP_USER_20130228.csv Total de Logins: 13
28/02/2013 04:36:05|INFO|PCSSCTR-PORTAL_USER_20130228.csv Total de Logins: 16
28/02/2013 04:36:05|INFO|PCSUCM_USER_20130228.csv Total de Logins: 8
28/02/2013 04:36:05|INFO|PCSGVAS_USER_20130228.csv Total de Logins: 9
28/02/2013 04:36:05|INFO|PCSKPI_USER_20130228.csv Total de Logins: 8
28/02/2013 04:36:05|INFO|PCSIPVS_USER_20130228.csv Total de Logins: 5
28/02/2013 04:36:05|INFO|PCSBDOH_USER_20130228.csv Total de Logins: 174
28/02/2013 04:36:05|INFO|PCSSALES_USER_20130228.csv Total de Logins: 74
28/02/2013 04:36:05|INFO|PCSGCPP_USER_20130228.csv Total de Logins: 5
28/02/2013 04:36:05|INFO|PCSPDV_MGMT_USER_20130228.csv Total de Logins: 8
28/02/2013 04:36:05|INFO|PCSGJMC_USER_20130228.csv Total de Logins: 7
28/02/2013 04:36:05|INFO|PCSFELETRONICAPG_USER_20130228.csv Total de Logins: 5
28/02/2013 04:36:05|INFO|PCSDTH_USER_20130228.csv Total de Logins: 2
28/02/2013 04:36:05|INFO|Finalizado
