15/12/2012 04:30:01|INFO|Iniciando
15/12/2012 04:35:39|INFO|PCSCLARIFY_USER_20121215.csv Total de Logins: 21033
15/12/2012 04:35:39|INFO|PCSPDVGN_USER_20121215.csv Total de Logins: 3401
15/12/2012 04:35:39|INFO|PCSPDV_LIVE_USER_20121215.csv Total de Logins: 12465
15/12/2012 04:35:39|INFO|PCSBDOH_USER_20121215.csv Total de Logins: 328
15/12/2012 04:35:39|INFO|PCSPDVGL_USER_20121215.csv Total de Logins: 2028
15/12/2012 04:35:39|INFO|PCSSIEBEL_USER_20121215.csv Total de Logins: 84
15/12/2012 04:35:39|INFO|PCSDSF_USER_20121215.csv Total de Logins: 25351
15/12/2012 04:35:39|INFO|PCSPROTOCOLOS_USER_20121215.csv Total de Logins: 3496
15/12/2012 04:35:39|INFO|PCSSGR_USER_20121215.csv Total de Logins: 16858
15/12/2012 04:35:39|INFO|PCSCBCF_USER_20121215.csv Total de Logins: 12525
15/12/2012 04:35:39|INFO|PCSIUNICA_USER_20121215.csv Total de Logins: 8444
15/12/2012 04:35:39|INFO|PCSFELETRONICA_USER_20121215.csv Total de Logins: 2698
15/12/2012 04:35:39|INFO|PCSICRC_USER_20121215.csv Total de Logins: 16933
15/12/2012 04:35:39|INFO|PCSPLOGISTICA_USER_20121215.csv Total de Logins: 4031
15/12/2012 04:35:39|INFO|PCSASP_USER_20121215.csv Total de Logins: 18320
15/12/2012 04:35:39|INFO|PCSSFA_USER_20121215.csv Total de Logins: 108
15/12/2012 04:35:39|INFO|PCSTIMFILAS_USER_20121215.csv Total de Logins: 1673
15/12/2012 04:35:39|INFO|PCSGVAS_USER_20121215.csv Total de Logins: 13
15/12/2012 04:35:39|INFO|PCSVERO_USER_20121215.csv Total de Logins: 204
15/12/2012 04:35:39|INFO|PCSSALES_USER_20121215.csv Total de Logins: 369
15/12/2012 04:35:39|INFO|PCSVENDITA_USER_20121215.csv Total de Logins: 273
15/12/2012 04:35:39|INFO|PCSSCTR-PORTAL_USER_20121215.csv Total de Logins: 19
15/12/2012 04:35:39|INFO|PCSRAP_USER_20121215.csv Total de Logins: 20
15/12/2012 04:35:39|INFO|PCSP2B_USER_20121215.csv Total de Logins: 26
15/12/2012 04:35:39|INFO|PCSUCM_USER_20121215.csv Total de Logins: 14
15/12/2012 04:35:39|INFO|PCSKPI_USER_20121215.csv Total de Logins: 8
15/12/2012 04:35:39|INFO|PCSIPVS_USER_20121215.csv Total de Logins: 5
15/12/2012 04:35:39|INFO|PCSGCPP_USER_20121215.csv Total de Logins: 6
15/12/2012 04:35:39|INFO|PCSPDV_MGMT_USER_20121215.csv Total de Logins: 6
15/12/2012 04:35:39|INFO|PCSGJMC_USER_20121215.csv Total de Logins: 8
15/12/2012 04:35:39|INFO|PCSFELETRONICAPG_USER_20121215.csv Total de Logins: 7
15/12/2012 04:35:39|INFO|PCSDTH_USER_20121215.csv Total de Logins: 2
15/12/2012 04:35:39|INFO|Finalizado
