26/11/2012 04:30:01|INFO|Iniciando
26/11/2012 04:35:14|INFO|PCSCLARIFY_USER_20121126.csv Total de Logins: 19895
26/11/2012 04:35:14|INFO|PCSPDVGN_USER_20121126.csv Total de Logins: 3359
26/11/2012 04:35:14|INFO|PCSPDV_LIVE_USER_20121126.csv Total de Logins: 11385
26/11/2012 04:35:14|INFO|PCSBDOH_USER_20121126.csv Total de Logins: 303
26/11/2012 04:35:14|INFO|PCSPDVGL_USER_20121126.csv Total de Logins: 2042
26/11/2012 04:35:14|INFO|PCSSIEBEL_USER_20121126.csv Total de Logins: 103
26/11/2012 04:35:14|INFO|PCSDSF_USER_20121126.csv Total de Logins: 24092
26/11/2012 04:35:14|INFO|PCSPROTOCOLOS_USER_20121126.csv Total de Logins: 3337
26/11/2012 04:35:14|INFO|PCSSGR_USER_20121126.csv Total de Logins: 15440
26/11/2012 04:35:14|INFO|PCSCBCF_USER_20121126.csv Total de Logins: 11869
26/11/2012 04:35:15|INFO|PCSIUNICA_USER_20121126.csv Total de Logins: 7715
26/11/2012 04:35:15|INFO|PCSFELETRONICA_USER_20121126.csv Total de Logins: 2391
26/11/2012 04:35:15|INFO|PCSICRC_USER_20121126.csv Total de Logins: 15521
26/11/2012 04:35:15|INFO|PCSPLOGISTICA_USER_20121126.csv Total de Logins: 3589
26/11/2012 04:35:15|INFO|PCSASP_USER_20121126.csv Total de Logins: 17371
26/11/2012 04:35:15|INFO|PCSSFA_USER_20121126.csv Total de Logins: 47
26/11/2012 04:35:15|INFO|PCSTIMFILAS_USER_20121126.csv Total de Logins: 1591
26/11/2012 04:35:15|INFO|PCSGVAS_USER_20121126.csv Total de Logins: 13
26/11/2012 04:35:15|INFO|PCSVERO_USER_20121126.csv Total de Logins: 37
26/11/2012 04:35:15|INFO|PCSVENDITA_USER_20121126.csv Total de Logins: 197
26/11/2012 04:35:15|INFO|PCSRAP_USER_20121126.csv Total de Logins: 19
26/11/2012 04:35:15|INFO|PCSSCTR-PORTAL_USER_20121126.csv Total de Logins: 16
26/11/2012 04:35:15|INFO|PCSP2B_USER_20121126.csv Total de Logins: 25
26/11/2012 04:35:15|INFO|PCSFELETRONICAPG_USER_20121126.csv Total de Logins: 9
26/11/2012 04:35:15|INFO|PCSGCPP_USER_20121126.csv Total de Logins: 8
26/11/2012 04:35:15|INFO|PCSUCM_USER_20121126.csv Total de Logins: 11
26/11/2012 04:35:15|INFO|PCSGJMC_USER_20121126.csv Total de Logins: 9
26/11/2012 04:35:15|INFO|PCSKPI_USER_20121126.csv Total de Logins: 8
26/11/2012 04:35:15|INFO|PCSIPVS_USER_20121126.csv Total de Logins: 7
26/11/2012 04:35:15|INFO|PCSPDV_MGMT_USER_20121126.csv Total de Logins: 6
26/11/2012 04:35:15|INFO|PCSDTH_USER_20121126.csv Total de Logins: 2
26/11/2012 04:35:15|INFO|Finalizado
