07/06/2013 04:30:01|INFO|Iniciando
07/06/2013 04:36:58|INFO|PCSCLARIFY_USER_20130607.csv Total de Logins: 20591
07/06/2013 04:36:58|INFO|PCSPDVGN_USER_20130607.csv Total de Logins: 3201
07/06/2013 04:36:58|INFO|PCSPDV_LIVE_USER_20130607.csv Total de Logins: 11157
07/06/2013 04:36:58|INFO|PCSPDVGL_USER_20130607.csv Total de Logins: 1782
07/06/2013 04:36:58|INFO|PCSSIEBEL_USER_20130607.csv Total de Logins: 123
07/06/2013 04:36:58|INFO|PCSDSF_USER_20130607.csv Total de Logins: 24901
07/06/2013 04:36:58|INFO|PCSPROTOCOLOS_USER_20130607.csv Total de Logins: 3128
07/06/2013 04:36:58|INFO|PCSSGR_USER_20130607.csv Total de Logins: 16686
07/06/2013 04:36:58|INFO|PCSCBCF_USER_20130607.csv Total de Logins: 12441
07/06/2013 04:36:58|INFO|PCSICRC_USER_20130607.csv Total de Logins: 16791
07/06/2013 04:36:58|INFO|PCSASP_USER_20130607.csv Total de Logins: 18259
07/06/2013 04:36:58|INFO|PCSIUNICA_USER_20130607.csv Total de Logins: 8094
07/06/2013 04:36:58|INFO|PCSP2B_USER_20130607.csv Total de Logins: 5699
07/06/2013 04:36:58|INFO|PCSPLOGISTICA_USER_20130607.csv Total de Logins: 4730
07/06/2013 04:36:58|INFO|PCSSFA_USER_20130607.csv Total de Logins: 2976
07/06/2013 04:36:58|INFO|PCSVERO_USER_20130607.csv Total de Logins: 2796
07/06/2013 04:36:58|INFO|PCSTIMFILAS_USER_20130607.csv Total de Logins: 1661
07/06/2013 04:36:58|INFO|PCSFELETRONICA_USER_20130607.csv Total de Logins: 2618
07/06/2013 04:36:58|INFO|PCSVENDITA_USER_20130607.csv Total de Logins: 274
07/06/2013 04:36:58|INFO|PCSSCTR-PORTAL_USER_20130607.csv Total de Logins: 21
07/06/2013 04:36:58|INFO|PCSRAP_USER_20130607.csv Total de Logins: 24
07/06/2013 04:36:58|INFO|PCSGCPP_USER_20130607.csv Total de Logins: 17
07/06/2013 04:36:58|INFO|PCSUCM_USER_20130607.csv Total de Logins: 12
07/06/2013 04:36:58|INFO|PCSGVAS_USER_20130607.csv Total de Logins: 10
07/06/2013 04:36:58|INFO|PCSKPI_USER_20130607.csv Total de Logins: 7
07/06/2013 04:36:58|INFO|PCSIPVS_USER_20130607.csv Total de Logins: 9
07/06/2013 04:36:58|INFO|PCSBDOH_USER_20130607.csv Total de Logins: 132
07/06/2013 04:36:58|INFO|PCSSALES_USER_20130607.csv Total de Logins: 44
07/06/2013 04:36:58|INFO|PCSPDV_MGMT_USER_20130607.csv Total de Logins: 10
07/06/2013 04:36:58|INFO|PCSGJMC_USER_20130607.csv Total de Logins: 9
07/06/2013 04:36:58|INFO|PCSFELETRONICAPG_USER_20130607.csv Total de Logins: 8
07/06/2013 04:36:58|INFO|PCSBISEMANTICO_USER_20130607.csv Total de Logins: 6
07/06/2013 04:36:58|INFO|PCSDTH_USER_20130607.csv Total de Logins: 2
07/06/2013 04:36:58|INFO|Finalizado
