14/02/2013 04:30:01|INFO|Iniciando
14/02/2013 04:36:00|INFO|PCSCLARIFY_USER_20130214.csv Total de Logins: 21747
14/02/2013 04:36:00|INFO|PCSPDVGN_USER_20130214.csv Total de Logins: 3462
14/02/2013 04:36:00|INFO|PCSPDV_LIVE_USER_20130214.csv Total de Logins: 12732
14/02/2013 04:36:00|INFO|PCSSFA_USER_20130214.csv Total de Logins: 1772
14/02/2013 04:36:00|INFO|PCSPDVGL_USER_20130214.csv Total de Logins: 2054
14/02/2013 04:36:00|INFO|PCSSIEBEL_USER_20130214.csv Total de Logins: 29
14/02/2013 04:36:00|INFO|PCSDSF_USER_20130214.csv Total de Logins: 26359
14/02/2013 04:36:00|INFO|PCSPROTOCOLOS_USER_20130214.csv Total de Logins: 2690
14/02/2013 04:36:00|INFO|PCSSGR_USER_20130214.csv Total de Logins: 17185
14/02/2013 04:36:00|INFO|PCSCBCF_USER_20130214.csv Total de Logins: 12247
14/02/2013 04:36:00|INFO|PCSICRC_USER_20130214.csv Total de Logins: 18113
14/02/2013 04:36:00|INFO|PCSASP_USER_20130214.csv Total de Logins: 19707
14/02/2013 04:36:00|INFO|PCSIUNICA_USER_20130214.csv Total de Logins: 9357
14/02/2013 04:36:00|INFO|PCSPLOGISTICA_USER_20130214.csv Total de Logins: 5112
14/02/2013 04:36:00|INFO|PCSP2B_USER_20130214.csv Total de Logins: 1838
14/02/2013 04:36:00|INFO|PCSTIMFILAS_USER_20130214.csv Total de Logins: 1595
14/02/2013 04:36:00|INFO|PCSFELETRONICA_USER_20130214.csv Total de Logins: 4442
14/02/2013 04:36:00|INFO|PCSVERO_USER_20130214.csv Total de Logins: 1689
14/02/2013 04:36:00|INFO|PCSVENDITA_USER_20130214.csv Total de Logins: 241
14/02/2013 04:36:00|INFO|PCSRAP_USER_20130214.csv Total de Logins: 14
14/02/2013 04:36:00|INFO|PCSSCTR-PORTAL_USER_20130214.csv Total de Logins: 16
14/02/2013 04:36:00|INFO|PCSUCM_USER_20130214.csv Total de Logins: 10
14/02/2013 04:36:00|INFO|PCSGVAS_USER_20130214.csv Total de Logins: 9
14/02/2013 04:36:00|INFO|PCSKPI_USER_20130214.csv Total de Logins: 7
14/02/2013 04:36:00|INFO|PCSIPVS_USER_20130214.csv Total de Logins: 5
14/02/2013 04:36:00|INFO|PCSBDOH_USER_20130214.csv Total de Logins: 180
14/02/2013 04:36:00|INFO|PCSSALES_USER_20130214.csv Total de Logins: 84
14/02/2013 04:36:00|INFO|PCSGCPP_USER_20130214.csv Total de Logins: 6
14/02/2013 04:36:00|INFO|PCSPDV_MGMT_USER_20130214.csv Total de Logins: 8
14/02/2013 04:36:00|INFO|PCSGJMC_USER_20130214.csv Total de Logins: 7
14/02/2013 04:36:00|INFO|PCSFELETRONICAPG_USER_20130214.csv Total de Logins: 6
14/02/2013 04:36:00|INFO|PCSDTH_USER_20130214.csv Total de Logins: 2
14/02/2013 04:36:00|INFO|Finalizado
