21/06/2013 04:30:01|INFO|Iniciando
21/06/2013 04:36:29|INFO|PCSCLARIFY_USER_20130621.csv Total de Logins: 20276
21/06/2013 04:36:29|INFO|PCSPDVGN_USER_20130621.csv Total de Logins: 3229
21/06/2013 04:36:29|INFO|PCSPDV_LIVE_USER_20130621.csv Total de Logins: 11543
21/06/2013 04:36:29|INFO|PCSSFA_USER_20130621.csv Total de Logins: 3163
21/06/2013 04:36:29|INFO|PCSPDVGL_USER_20130621.csv Total de Logins: 1765
21/06/2013 04:36:29|INFO|PCSDSF_USER_20130621.csv Total de Logins: 24663
21/06/2013 04:36:29|INFO|PCSPROTOCOLOS_USER_20130621.csv Total de Logins: 3274
21/06/2013 04:36:29|INFO|PCSSGR_USER_20130621.csv Total de Logins: 16725
21/06/2013 04:36:29|INFO|PCSCBCF_USER_20130621.csv Total de Logins: 12551
21/06/2013 04:36:29|INFO|PCSICRC_USER_20130621.csv Total de Logins: 16606
21/06/2013 04:36:29|INFO|PCSASP_USER_20130621.csv Total de Logins: 17988
21/06/2013 04:36:29|INFO|PCSIUNICA_USER_20130621.csv Total de Logins: 8010
21/06/2013 04:36:29|INFO|PCSP2B_USER_20130621.csv Total de Logins: 5726
21/06/2013 04:36:29|INFO|PCSSIEBEL_USER_20130621.csv Total de Logins: 322
21/06/2013 04:36:29|INFO|PCSPLOGISTICA_USER_20130621.csv Total de Logins: 4458
21/06/2013 04:36:29|INFO|PCSFELETRONICA_USER_20130621.csv Total de Logins: 2777
21/06/2013 04:36:29|INFO|PCSVERO_USER_20130621.csv Total de Logins: 2868
21/06/2013 04:36:29|INFO|PCSTIMFILAS_USER_20130621.csv Total de Logins: 1647
21/06/2013 04:36:29|INFO|PCSVENDITA_USER_20130621.csv Total de Logins: 256
21/06/2013 04:36:29|INFO|PCSSCTR-PORTAL_USER_20130621.csv Total de Logins: 22
21/06/2013 04:36:29|INFO|PCSRAP_USER_20130621.csv Total de Logins: 24
21/06/2013 04:36:29|INFO|PCSGCPP_USER_20130621.csv Total de Logins: 17
21/06/2013 04:36:29|INFO|PCSUCM_USER_20130621.csv Total de Logins: 12
21/06/2013 04:36:29|INFO|PCSGVAS_USER_20130621.csv Total de Logins: 10
21/06/2013 04:36:29|INFO|PCSKPI_USER_20130621.csv Total de Logins: 7
21/06/2013 04:36:29|INFO|PCSIPVS_USER_20130621.csv Total de Logins: 9
21/06/2013 04:36:29|INFO|PCSBDOH_USER_20130621.csv Total de Logins: 133
21/06/2013 04:36:29|INFO|PCSSALES_USER_20130621.csv Total de Logins: 41
21/06/2013 04:36:29|INFO|PCSDTH_USER_20130621.csv Total de Logins: 8
21/06/2013 04:36:29|INFO|PCSPDV_MGMT_USER_20130621.csv Total de Logins: 10
21/06/2013 04:36:29|INFO|PCSGJMC_USER_20130621.csv Total de Logins: 9
21/06/2013 04:36:29|INFO|PCSFELETRONICAPG_USER_20130621.csv Total de Logins: 11
21/06/2013 04:36:29|INFO|PCSBISEMANTICO_USER_20130621.csv Total de Logins: 6
21/06/2013 04:36:29|INFO|Finalizado
