14/05/2013 04:30:01|INFO|Iniciando
14/05/2013 04:36:17|INFO|PCSCLARIFY_USER_20130514.csv Total de Logins: 20945
14/05/2013 04:36:17|INFO|PCSPDVGN_USER_20130514.csv Total de Logins: 3094
14/05/2013 04:36:17|INFO|PCSPDV_LIVE_USER_20130514.csv Total de Logins: 10696
14/05/2013 04:36:17|INFO|PCSPDVGL_USER_20130514.csv Total de Logins: 1824
14/05/2013 04:36:17|INFO|PCSSIEBEL_USER_20130514.csv Total de Logins: 82
14/05/2013 04:36:17|INFO|PCSDSF_USER_20130514.csv Total de Logins: 24815
14/05/2013 04:36:17|INFO|PCSPROTOCOLOS_USER_20130514.csv Total de Logins: 2439
14/05/2013 04:36:17|INFO|PCSSGR_USER_20130514.csv Total de Logins: 16394
14/05/2013 04:36:17|INFO|PCSCBCF_USER_20130514.csv Total de Logins: 12045
14/05/2013 04:36:17|INFO|PCSICRC_USER_20130514.csv Total de Logins: 16826
14/05/2013 04:36:17|INFO|PCSASP_USER_20130514.csv Total de Logins: 18590
14/05/2013 04:36:17|INFO|PCSIUNICA_USER_20130514.csv Total de Logins: 8327
14/05/2013 04:36:17|INFO|PCSP2B_USER_20130514.csv Total de Logins: 4466
14/05/2013 04:36:17|INFO|PCSPLOGISTICA_USER_20130514.csv Total de Logins: 4867
14/05/2013 04:36:17|INFO|PCSSFA_USER_20130514.csv Total de Logins: 1939
14/05/2013 04:36:17|INFO|PCSVERO_USER_20130514.csv Total de Logins: 1749
14/05/2013 04:36:17|INFO|PCSTIMFILAS_USER_20130514.csv Total de Logins: 1674
14/05/2013 04:36:17|INFO|PCSFELETRONICA_USER_20130514.csv Total de Logins: 2938
14/05/2013 04:36:17|INFO|PCSVENDITA_USER_20130514.csv Total de Logins: 276
14/05/2013 04:36:17|INFO|PCSRAP_USER_20130514.csv Total de Logins: 20
14/05/2013 04:36:17|INFO|PCSSCTR-PORTAL_USER_20130514.csv Total de Logins: 19
14/05/2013 04:36:17|INFO|PCSUCM_USER_20130514.csv Total de Logins: 10
14/05/2013 04:36:17|INFO|PCSGVAS_USER_20130514.csv Total de Logins: 8
14/05/2013 04:36:17|INFO|PCSKPI_USER_20130514.csv Total de Logins: 7
14/05/2013 04:36:17|INFO|PCSIPVS_USER_20130514.csv Total de Logins: 4
14/05/2013 04:36:17|INFO|PCSBDOH_USER_20130514.csv Total de Logins: 146
14/05/2013 04:36:17|INFO|PCSSALES_USER_20130514.csv Total de Logins: 51
14/05/2013 04:36:17|INFO|PCSGCPP_USER_20130514.csv Total de Logins: 5
14/05/2013 04:36:17|INFO|PCSPDV_MGMT_USER_20130514.csv Total de Logins: 6
14/05/2013 04:36:17|INFO|PCSGJMC_USER_20130514.csv Total de Logins: 6
14/05/2013 04:36:17|INFO|PCSFELETRONICAPG_USER_20130514.csv Total de Logins: 5
14/05/2013 04:36:17|INFO|PCSDTH_USER_20130514.csv Total de Logins: 2
14/05/2013 04:36:17|INFO|Finalizado
