16/10/2012 04:30:01|INFO|Iniciando
16/10/2012 04:35:13|INFO|PCSCLARIFY_USER_20121016.csv Total de Logins: 19812
16/10/2012 04:35:13|INFO|PCSPDVGN_USER_20121016.csv Total de Logins: 3443
16/10/2012 04:35:13|INFO|PCSPDV_LIVE_USER_20121016.csv Total de Logins: 9823
16/10/2012 04:35:13|INFO|PCSPDVGL_USER_20121016.csv Total de Logins: 2154
16/10/2012 04:35:13|INFO|PCSSIEBEL_USER_20121016.csv Total de Logins: 511
16/10/2012 04:35:13|INFO|PCSDSF_USER_20121016.csv Total de Logins: 23873
16/10/2012 04:35:13|INFO|PCSSGR_USER_20121016.csv Total de Logins: 14447
16/10/2012 04:35:13|INFO|PCSCBCF_USER_20121016.csv Total de Logins: 10798
16/10/2012 04:35:13|INFO|PCSPROTOCOLOS_USER_20121016.csv Total de Logins: 2043
16/10/2012 04:35:13|INFO|PCSASP_USER_20121016.csv Total de Logins: 17404
16/10/2012 04:35:13|INFO|PCSIUNICA_USER_20121016.csv Total de Logins: 7553
16/10/2012 04:35:13|INFO|PCSICRC_USER_20121016.csv Total de Logins: 15835
16/10/2012 04:35:13|INFO|PCSPLOGISTICA_USER_20121016.csv Total de Logins: 4004
16/10/2012 04:35:13|INFO|PCSTIMFILAS_USER_20121016.csv Total de Logins: 1375
16/10/2012 04:35:13|INFO|PCSFELETRONICA_USER_20121016.csv Total de Logins: 2208
16/10/2012 04:35:13|INFO|PCSGVAS_USER_20121016.csv Total de Logins: 15
16/10/2012 04:35:13|INFO|PCSDTH_USER_20121016.csv Total de Logins: 6
16/10/2012 04:35:13|INFO|PCSVENDITA_USER_20121016.csv Total de Logins: 233
16/10/2012 04:35:13|INFO|PCSRAP_USER_20121016.csv Total de Logins: 36
16/10/2012 04:35:13|INFO|PCSSCTR-PORTAL_USER_20121016.csv Total de Logins: 20
16/10/2012 04:35:13|INFO|PCSVERO_USER_20121016.csv Total de Logins: 19
16/10/2012 04:35:13|INFO|PCSSFA_USER_20121016.csv Total de Logins: 17
16/10/2012 04:35:13|INFO|PCSFELETRONICAPG_USER_20121016.csv Total de Logins: 11
16/10/2012 04:35:13|INFO|PCSGCPP_USER_20121016.csv Total de Logins: 9
16/10/2012 04:35:13|INFO|PCSUCM_USER_20121016.csv Total de Logins: 40
16/10/2012 04:35:13|INFO|PCSGJMC_USER_20121016.csv Total de Logins: 12
16/10/2012 04:35:13|INFO|PCSKPI_USER_20121016.csv Total de Logins: 7
16/10/2012 04:35:13|INFO|PCSIPVS_USER_20121016.csv Total de Logins: 8
16/10/2012 04:35:13|INFO|PCSPDV_MGMT_USER_20121016.csv Total de Logins: 7
16/10/2012 04:35:13|INFO|PCSP2B_USER_20121016.csv Total de Logins: 1
16/10/2012 04:35:13|INFO|PCSBISEMANTICO_USER_20121016.csv Total de Logins: 2
16/10/2012 04:35:13|INFO|Finalizado
