26/01/2013 04:30:01|INFO|Iniciando
26/01/2013 04:35:50|INFO|PCSCLARIFY_USER_20130126.csv Total de Logins: 21297
26/01/2013 04:35:50|INFO|PCSPDVGN_USER_20130126.csv Total de Logins: 3428
26/01/2013 04:35:50|INFO|PCSPDV_LIVE_USER_20130126.csv Total de Logins: 11308
26/01/2013 04:35:50|INFO|PCSSFA_USER_20130126.csv Total de Logins: 1608
26/01/2013 04:35:50|INFO|PCSPDVGL_USER_20130126.csv Total de Logins: 2041
26/01/2013 04:35:50|INFO|PCSSIEBEL_USER_20130126.csv Total de Logins: 33
26/01/2013 04:35:50|INFO|PCSDSF_USER_20130126.csv Total de Logins: 25499
26/01/2013 04:35:50|INFO|PCSSGR_USER_20130126.csv Total de Logins: 16309
26/01/2013 04:35:50|INFO|PCSCBCF_USER_20130126.csv Total de Logins: 12160
26/01/2013 04:35:50|INFO|PCSPROTOCOLOS_USER_20130126.csv Total de Logins: 2808
26/01/2013 04:35:50|INFO|PCSICRC_USER_20130126.csv Total de Logins: 17120
26/01/2013 04:35:50|INFO|PCSASP_USER_20130126.csv Total de Logins: 18879
26/01/2013 04:35:50|INFO|PCSIUNICA_USER_20130126.csv Total de Logins: 8434
26/01/2013 04:35:50|INFO|PCSPLOGISTICA_USER_20130126.csv Total de Logins: 4056
26/01/2013 04:35:50|INFO|PCSTIMFILAS_USER_20130126.csv Total de Logins: 1628
26/01/2013 04:35:50|INFO|PCSFELETRONICA_USER_20130126.csv Total de Logins: 3347
26/01/2013 04:35:50|INFO|PCSVERO_USER_20130126.csv Total de Logins: 1517
26/01/2013 04:35:50|INFO|PCSP2B_USER_20130126.csv Total de Logins: 1630
26/01/2013 04:35:50|INFO|PCSVENDITA_USER_20130126.csv Total de Logins: 259
26/01/2013 04:35:50|INFO|PCSSCTR-PORTAL_USER_20130126.csv Total de Logins: 16
26/01/2013 04:35:50|INFO|PCSRAP_USER_20130126.csv Total de Logins: 14
26/01/2013 04:35:50|INFO|PCSBDOH_USER_20130126.csv Total de Logins: 189
26/01/2013 04:35:50|INFO|PCSUCM_USER_20130126.csv Total de Logins: 13
26/01/2013 04:35:50|INFO|PCSGVAS_USER_20130126.csv Total de Logins: 10
26/01/2013 04:35:50|INFO|PCSKPI_USER_20130126.csv Total de Logins: 8
26/01/2013 04:35:50|INFO|PCSIPVS_USER_20130126.csv Total de Logins: 5
26/01/2013 04:35:50|INFO|PCSSALES_USER_20130126.csv Total de Logins: 81
26/01/2013 04:35:50|INFO|PCSGCPP_USER_20130126.csv Total de Logins: 5
26/01/2013 04:35:50|INFO|PCSPDV_MGMT_USER_20130126.csv Total de Logins: 7
26/01/2013 04:35:50|INFO|PCSGJMC_USER_20130126.csv Total de Logins: 7
26/01/2013 04:35:50|INFO|PCSFELETRONICAPG_USER_20130126.csv Total de Logins: 6
26/01/2013 04:35:50|INFO|PCSDTH_USER_20130126.csv Total de Logins: 2
26/01/2013 04:35:50|INFO|Finalizado
