18/01/2013 04:30:01|INFO|Iniciando
18/01/2013 04:35:26|INFO|PCSCLARIFY_USER_20130118.csv Total de Logins: 20850
18/01/2013 04:35:26|INFO|PCSPDVGN_USER_20130118.csv Total de Logins: 3422
18/01/2013 04:35:26|INFO|PCSPDV_LIVE_USER_20130118.csv Total de Logins: 11145
18/01/2013 04:35:26|INFO|PCSSFA_USER_20130118.csv Total de Logins: 599
18/01/2013 04:35:26|INFO|PCSPDVGL_USER_20130118.csv Total de Logins: 2041
18/01/2013 04:35:26|INFO|PCSSIEBEL_USER_20130118.csv Total de Logins: 39
18/01/2013 04:35:26|INFO|PCSDSF_USER_20130118.csv Total de Logins: 25451
18/01/2013 04:35:26|INFO|PCSSGR_USER_20130118.csv Total de Logins: 16277
18/01/2013 04:35:26|INFO|PCSCBCF_USER_20130118.csv Total de Logins: 11719
18/01/2013 04:35:26|INFO|PCSPROTOCOLOS_USER_20130118.csv Total de Logins: 3011
18/01/2013 04:35:26|INFO|PCSICRC_USER_20130118.csv Total de Logins: 16487
18/01/2013 04:35:26|INFO|PCSASP_USER_20130118.csv Total de Logins: 18400
18/01/2013 04:35:26|INFO|PCSIUNICA_USER_20130118.csv Total de Logins: 8184
18/01/2013 04:35:26|INFO|PCSPLOGISTICA_USER_20130118.csv Total de Logins: 3938
18/01/2013 04:35:26|INFO|PCSTIMFILAS_USER_20130118.csv Total de Logins: 1671
18/01/2013 04:35:26|INFO|PCSFELETRONICA_USER_20130118.csv Total de Logins: 3353
18/01/2013 04:35:26|INFO|PCSVERO_USER_20130118.csv Total de Logins: 535
18/01/2013 04:35:26|INFO|PCSP2B_USER_20130118.csv Total de Logins: 464
18/01/2013 04:35:26|INFO|PCSGVAS_USER_20130118.csv Total de Logins: 11
18/01/2013 04:35:26|INFO|PCSSALES_USER_20130118.csv Total de Logins: 336
18/01/2013 04:35:26|INFO|PCSVENDITA_USER_20130118.csv Total de Logins: 256
18/01/2013 04:35:26|INFO|PCSSCTR-PORTAL_USER_20130118.csv Total de Logins: 19
18/01/2013 04:35:26|INFO|PCSRAP_USER_20130118.csv Total de Logins: 14
18/01/2013 04:35:26|INFO|PCSBDOH_USER_20130118.csv Total de Logins: 203
18/01/2013 04:35:26|INFO|PCSUCM_USER_20130118.csv Total de Logins: 14
18/01/2013 04:35:26|INFO|PCSKPI_USER_20130118.csv Total de Logins: 8
18/01/2013 04:35:26|INFO|PCSIPVS_USER_20130118.csv Total de Logins: 4
18/01/2013 04:35:26|INFO|PCSGCPP_USER_20130118.csv Total de Logins: 5
18/01/2013 04:35:26|INFO|PCSPDV_MGMT_USER_20130118.csv Total de Logins: 5
18/01/2013 04:35:26|INFO|PCSGJMC_USER_20130118.csv Total de Logins: 8
18/01/2013 04:35:26|INFO|PCSFELETRONICAPG_USER_20130118.csv Total de Logins: 7
18/01/2013 04:35:26|INFO|PCSDTH_USER_20130118.csv Total de Logins: 2
18/01/2013 04:35:26|INFO|Finalizado
