16/12/2012 04:30:01|INFO|Iniciando
16/12/2012 04:35:32|INFO|PCSCLARIFY_USER_20121216.csv Total de Logins: 20956
16/12/2012 04:35:32|INFO|PCSPDVGN_USER_20121216.csv Total de Logins: 3400
16/12/2012 04:35:32|INFO|PCSPDV_LIVE_USER_20121216.csv Total de Logins: 12424
16/12/2012 04:35:32|INFO|PCSBDOH_USER_20121216.csv Total de Logins: 328
16/12/2012 04:35:32|INFO|PCSPDVGL_USER_20121216.csv Total de Logins: 2027
16/12/2012 04:35:32|INFO|PCSSIEBEL_USER_20121216.csv Total de Logins: 84
16/12/2012 04:35:32|INFO|PCSDSF_USER_20121216.csv Total de Logins: 25307
16/12/2012 04:35:32|INFO|PCSPROTOCOLOS_USER_20121216.csv Total de Logins: 3468
16/12/2012 04:35:32|INFO|PCSSGR_USER_20121216.csv Total de Logins: 16675
16/12/2012 04:35:32|INFO|PCSCBCF_USER_20121216.csv Total de Logins: 12436
16/12/2012 04:35:32|INFO|PCSIUNICA_USER_20121216.csv Total de Logins: 8382
16/12/2012 04:35:32|INFO|PCSFELETRONICA_USER_20121216.csv Total de Logins: 2595
16/12/2012 04:35:32|INFO|PCSICRC_USER_20121216.csv Total de Logins: 16802
16/12/2012 04:35:32|INFO|PCSPLOGISTICA_USER_20121216.csv Total de Logins: 3925
16/12/2012 04:35:32|INFO|PCSASP_USER_20121216.csv Total de Logins: 18218
16/12/2012 04:35:32|INFO|PCSSFA_USER_20121216.csv Total de Logins: 108
16/12/2012 04:35:32|INFO|PCSTIMFILAS_USER_20121216.csv Total de Logins: 1667
16/12/2012 04:35:32|INFO|PCSGVAS_USER_20121216.csv Total de Logins: 12
16/12/2012 04:35:32|INFO|PCSVERO_USER_20121216.csv Total de Logins: 203
16/12/2012 04:35:32|INFO|PCSSALES_USER_20121216.csv Total de Logins: 369
16/12/2012 04:35:32|INFO|PCSVENDITA_USER_20121216.csv Total de Logins: 273
16/12/2012 04:35:32|INFO|PCSSCTR-PORTAL_USER_20121216.csv Total de Logins: 19
16/12/2012 04:35:32|INFO|PCSRAP_USER_20121216.csv Total de Logins: 20
16/12/2012 04:35:32|INFO|PCSP2B_USER_20121216.csv Total de Logins: 26
16/12/2012 04:35:32|INFO|PCSUCM_USER_20121216.csv Total de Logins: 14
16/12/2012 04:35:32|INFO|PCSKPI_USER_20121216.csv Total de Logins: 8
16/12/2012 04:35:32|INFO|PCSIPVS_USER_20121216.csv Total de Logins: 5
16/12/2012 04:35:32|INFO|PCSGCPP_USER_20121216.csv Total de Logins: 6
16/12/2012 04:35:32|INFO|PCSPDV_MGMT_USER_20121216.csv Total de Logins: 6
16/12/2012 04:35:32|INFO|PCSGJMC_USER_20121216.csv Total de Logins: 8
16/12/2012 04:35:32|INFO|PCSFELETRONICAPG_USER_20121216.csv Total de Logins: 7
16/12/2012 04:35:32|INFO|PCSDTH_USER_20121216.csv Total de Logins: 2
16/12/2012 04:35:32|INFO|Finalizado
