12/11/2012 04:30:01|INFO|Iniciando
12/11/2012 04:35:06|INFO|PCS_TOKEN_20121111.csv Total de Logins: 0
12/11/2012 04:35:06|INFO|PCSCLARIFY_USER_20121112.csv Total de Logins: 19674
12/11/2012 04:35:06|INFO|PCSPDVGN_USER_20121112.csv Total de Logins: 3347
12/11/2012 04:35:06|INFO|PCSPDV_LIVE_USER_20121112.csv Total de Logins: 10338
12/11/2012 04:35:06|INFO|PCSPDVGL_USER_20121112.csv Total de Logins: 2010
12/11/2012 04:35:06|INFO|PCSSIEBEL_USER_20121112.csv Total de Logins: 125
12/11/2012 04:35:06|INFO|PCSDSF_USER_20121112.csv Total de Logins: 23874
12/11/2012 04:35:06|INFO|PCSPROTOCOLOS_USER_20121112.csv Total de Logins: 2844
12/11/2012 04:35:06|INFO|PCSSGR_USER_20121112.csv Total de Logins: 15076
12/11/2012 04:35:06|INFO|PCSCBCF_USER_20121112.csv Total de Logins: 11756
12/11/2012 04:35:06|INFO|PCSASP_USER_20121112.csv Total de Logins: 17183
12/11/2012 04:35:06|INFO|PCSIUNICA_USER_20121112.csv Total de Logins: 7632
12/11/2012 04:35:06|INFO|PCSICRC_USER_20121112.csv Total de Logins: 15591
12/11/2012 04:35:06|INFO|PCSPLOGISTICA_USER_20121112.csv Total de Logins: 4041
12/11/2012 04:35:06|INFO|PCSTIMFILAS_USER_20121112.csv Total de Logins: 1493
12/11/2012 04:35:06|INFO|PCSFELETRONICA_USER_20121112.csv Total de Logins: 2412
12/11/2012 04:35:06|INFO|PCSGVAS_USER_20121112.csv Total de Logins: 14
12/11/2012 04:35:06|INFO|PCSVERO_USER_20121112.csv Total de Logins: 20
12/11/2012 04:35:06|INFO|PCSVENDITA_USER_20121112.csv Total de Logins: 204
12/11/2012 04:35:06|INFO|PCSRAP_USER_20121112.csv Total de Logins: 24
12/11/2012 04:35:06|INFO|PCSSCTR-PORTAL_USER_20121112.csv Total de Logins: 18
12/11/2012 04:35:06|INFO|PCSSFA_USER_20121112.csv Total de Logins: 18
12/11/2012 04:35:06|INFO|PCSFELETRONICAPG_USER_20121112.csv Total de Logins: 10
12/11/2012 04:35:06|INFO|PCSGCPP_USER_20121112.csv Total de Logins: 9
12/11/2012 04:35:06|INFO|PCSUCM_USER_20121112.csv Total de Logins: 16
12/11/2012 04:35:06|INFO|PCSGJMC_USER_20121112.csv Total de Logins: 12
12/11/2012 04:35:06|INFO|PCSKPI_USER_20121112.csv Total de Logins: 8
12/11/2012 04:35:06|INFO|PCSIPVS_USER_20121112.csv Total de Logins: 8
12/11/2012 04:35:06|INFO|PCSPDV_MGMT_USER_20121112.csv Total de Logins: 7
12/11/2012 04:35:06|INFO|PCSP2B_USER_20121112.csv Total de Logins: 3
12/11/2012 04:35:06|INFO|PCSDTH_USER_20121112.csv Total de Logins: 2
12/11/2012 04:35:06|INFO|Finalizado
