11/01/2013 04:30:01|INFO|Iniciando
11/01/2013 04:35:46|INFO|PCSCLARIFY_USER_20130111.csv Total de Logins: 21043
11/01/2013 04:35:46|INFO|PCSPDVGN_USER_20130111.csv Total de Logins: 3409
11/01/2013 04:35:46|INFO|PCSPDV_LIVE_USER_20130111.csv Total de Logins: 11634
11/01/2013 04:35:46|INFO|PCSSFA_USER_20130111.csv Total de Logins: 362
11/01/2013 04:35:46|INFO|PCSPDVGL_USER_20130111.csv Total de Logins: 2037
11/01/2013 04:35:46|INFO|PCSSIEBEL_USER_20130111.csv Total de Logins: 51
11/01/2013 04:35:46|INFO|PCSDSF_USER_20130111.csv Total de Logins: 25380
11/01/2013 04:35:46|INFO|PCSSGR_USER_20130111.csv Total de Logins: 16576
11/01/2013 04:35:46|INFO|PCSCBCF_USER_20130111.csv Total de Logins: 11830
11/01/2013 04:35:46|INFO|PCSPROTOCOLOS_USER_20130111.csv Total de Logins: 3140
11/01/2013 04:35:46|INFO|PCSICRC_USER_20130111.csv Total de Logins: 16729
11/01/2013 04:35:46|INFO|PCSASP_USER_20130111.csv Total de Logins: 18473
11/01/2013 04:35:46|INFO|PCSIUNICA_USER_20130111.csv Total de Logins: 8492
11/01/2013 04:35:46|INFO|PCSPLOGISTICA_USER_20130111.csv Total de Logins: 3962
11/01/2013 04:35:46|INFO|PCSTIMFILAS_USER_20130111.csv Total de Logins: 1688
11/01/2013 04:35:46|INFO|PCSFELETRONICA_USER_20130111.csv Total de Logins: 3239
11/01/2013 04:35:46|INFO|PCSVERO_USER_20130111.csv Total de Logins: 373
11/01/2013 04:35:46|INFO|PCSP2B_USER_20130111.csv Total de Logins: 252
11/01/2013 04:35:46|INFO|PCSGVAS_USER_20130111.csv Total de Logins: 11
11/01/2013 04:35:46|INFO|PCSSALES_USER_20130111.csv Total de Logins: 337
11/01/2013 04:35:46|INFO|PCSVENDITA_USER_20130111.csv Total de Logins: 262
11/01/2013 04:35:46|INFO|PCSSCTR-PORTAL_USER_20130111.csv Total de Logins: 19
11/01/2013 04:35:46|INFO|PCSRAP_USER_20130111.csv Total de Logins: 16
11/01/2013 04:35:46|INFO|PCSBDOH_USER_20130111.csv Total de Logins: 214
11/01/2013 04:35:46|INFO|PCSUCM_USER_20130111.csv Total de Logins: 14
11/01/2013 04:35:46|INFO|PCSKPI_USER_20130111.csv Total de Logins: 8
11/01/2013 04:35:46|INFO|PCSIPVS_USER_20130111.csv Total de Logins: 5
11/01/2013 04:35:46|INFO|PCSGCPP_USER_20130111.csv Total de Logins: 6
11/01/2013 04:35:46|INFO|PCSPDV_MGMT_USER_20130111.csv Total de Logins: 5
11/01/2013 04:35:46|INFO|PCSGJMC_USER_20130111.csv Total de Logins: 8
11/01/2013 04:35:46|INFO|PCSFELETRONICAPG_USER_20130111.csv Total de Logins: 9
11/01/2013 04:35:46|INFO|PCSDTH_USER_20130111.csv Total de Logins: 2
11/01/2013 04:35:46|INFO|Finalizado
