22/04/2013 04:30:01|INFO|Iniciando
22/04/2013 04:36:15|INFO|PCSCLARIFY_USER_20130422.csv Total de Logins: 21624
22/04/2013 04:36:15|INFO|PCSPDVGN_USER_20130422.csv Total de Logins: 3420
22/04/2013 04:36:15|INFO|PCSPDV_LIVE_USER_20130422.csv Total de Logins: 11641
22/04/2013 04:36:15|INFO|PCSPDVGL_USER_20130422.csv Total de Logins: 1986
22/04/2013 04:36:15|INFO|PCSSIEBEL_USER_20130422.csv Total de Logins: 74
22/04/2013 04:36:15|INFO|PCSDSF_USER_20130422.csv Total de Logins: 25947
22/04/2013 04:36:15|INFO|PCSPROTOCOLOS_USER_20130422.csv Total de Logins: 2647
22/04/2013 04:36:15|INFO|PCSSGR_USER_20130422.csv Total de Logins: 17327
22/04/2013 04:36:15|INFO|PCSCBCF_USER_20130422.csv Total de Logins: 12960
22/04/2013 04:36:15|INFO|PCSICRC_USER_20130422.csv Total de Logins: 17605
22/04/2013 04:36:15|INFO|PCSASP_USER_20130422.csv Total de Logins: 19205
22/04/2013 04:36:15|INFO|PCSIUNICA_USER_20130422.csv Total de Logins: 8770
22/04/2013 04:36:15|INFO|PCSPLOGISTICA_USER_20130422.csv Total de Logins: 4437
22/04/2013 04:36:15|INFO|PCSP2B_USER_20130422.csv Total de Logins: 4670
22/04/2013 04:36:15|INFO|PCSSFA_USER_20130422.csv Total de Logins: 1449
22/04/2013 04:36:15|INFO|PCSVERO_USER_20130422.csv Total de Logins: 1461
22/04/2013 04:36:15|INFO|PCSTIMFILAS_USER_20130422.csv Total de Logins: 1660
22/04/2013 04:36:15|INFO|PCSFELETRONICA_USER_20130422.csv Total de Logins: 3527
22/04/2013 04:36:15|INFO|PCSVENDITA_USER_20130422.csv Total de Logins: 280
22/04/2013 04:36:15|INFO|PCSRAP_USER_20130422.csv Total de Logins: 22
22/04/2013 04:36:15|INFO|PCSSCTR-PORTAL_USER_20130422.csv Total de Logins: 19
22/04/2013 04:36:15|INFO|PCSUCM_USER_20130422.csv Total de Logins: 10
22/04/2013 04:36:15|INFO|PCSGVAS_USER_20130422.csv Total de Logins: 8
22/04/2013 04:36:15|INFO|PCSKPI_USER_20130422.csv Total de Logins: 7
22/04/2013 04:36:15|INFO|PCSIPVS_USER_20130422.csv Total de Logins: 4
22/04/2013 04:36:15|INFO|PCSBDOH_USER_20130422.csv Total de Logins: 194
22/04/2013 04:36:15|INFO|PCSSALES_USER_20130422.csv Total de Logins: 63
22/04/2013 04:36:15|INFO|PCSGCPP_USER_20130422.csv Total de Logins: 5
22/04/2013 04:36:15|INFO|PCSPDV_MGMT_USER_20130422.csv Total de Logins: 7
22/04/2013 04:36:15|INFO|PCSGJMC_USER_20130422.csv Total de Logins: 6
22/04/2013 04:36:15|INFO|PCSFELETRONICAPG_USER_20130422.csv Total de Logins: 5
22/04/2013 04:36:15|INFO|PCSDTH_USER_20130422.csv Total de Logins: 2
22/04/2013 04:36:15|INFO|Finalizado
