06/04/2013 04:30:01|INFO|Iniciando
06/04/2013 04:36:24|INFO|PCSCLARIFY_USER_20130406.csv Total de Logins: 21924
06/04/2013 04:36:24|INFO|PCSPDVGN_USER_20130406.csv Total de Logins: 3439
06/04/2013 04:36:24|INFO|PCSPDV_LIVE_USER_20130406.csv Total de Logins: 11799
06/04/2013 04:36:24|INFO|PCSPDVGL_USER_20130406.csv Total de Logins: 2010
06/04/2013 04:36:24|INFO|PCSSIEBEL_USER_20130406.csv Total de Logins: 70
06/04/2013 04:36:24|INFO|PCSDSF_USER_20130406.csv Total de Logins: 26090
06/04/2013 04:36:24|INFO|PCSICRC_USER_20130406.csv Total de Logins: 17828
06/04/2013 04:36:24|INFO|PCSPROTOCOLOS_USER_20130406.csv Total de Logins: 2733
06/04/2013 04:36:24|INFO|PCSSGR_USER_20130406.csv Total de Logins: 17768
06/04/2013 04:36:24|INFO|PCSCBCF_USER_20130406.csv Total de Logins: 13153
06/04/2013 04:36:24|INFO|PCSASP_USER_20130406.csv Total de Logins: 19473
06/04/2013 04:36:24|INFO|PCSIUNICA_USER_20130406.csv Total de Logins: 9148
06/04/2013 04:36:24|INFO|PCSPLOGISTICA_USER_20130406.csv Total de Logins: 5791
06/04/2013 04:36:24|INFO|PCSP2B_USER_20130406.csv Total de Logins: 4653
06/04/2013 04:36:24|INFO|PCSTIMFILAS_USER_20130406.csv Total de Logins: 1659
06/04/2013 04:36:24|INFO|PCSFELETRONICA_USER_20130406.csv Total de Logins: 3847
06/04/2013 04:36:24|INFO|PCSVERO_USER_20130406.csv Total de Logins: 1526
06/04/2013 04:36:24|INFO|PCSSFA_USER_20130406.csv Total de Logins: 1464
06/04/2013 04:36:24|INFO|PCSVENDITA_USER_20130406.csv Total de Logins: 241
06/04/2013 04:36:24|INFO|PCSRAP_USER_20130406.csv Total de Logins: 20
06/04/2013 04:36:24|INFO|PCSSCTR-PORTAL_USER_20130406.csv Total de Logins: 18
06/04/2013 04:36:24|INFO|PCSUCM_USER_20130406.csv Total de Logins: 10
06/04/2013 04:36:24|INFO|PCSGVAS_USER_20130406.csv Total de Logins: 8
06/04/2013 04:36:24|INFO|PCSKPI_USER_20130406.csv Total de Logins: 8
06/04/2013 04:36:24|INFO|PCSIPVS_USER_20130406.csv Total de Logins: 4
06/04/2013 04:36:24|INFO|PCSBDOH_USER_20130406.csv Total de Logins: 230
06/04/2013 04:36:24|INFO|PCSSALES_USER_20130406.csv Total de Logins: 64
06/04/2013 04:36:24|INFO|PCSGCPP_USER_20130406.csv Total de Logins: 4
06/04/2013 04:36:24|INFO|PCSPDV_MGMT_USER_20130406.csv Total de Logins: 7
06/04/2013 04:36:24|INFO|PCSGJMC_USER_20130406.csv Total de Logins: 6
06/04/2013 04:36:24|INFO|PCSFELETRONICAPG_USER_20130406.csv Total de Logins: 6
06/04/2013 04:36:24|INFO|PCSDTH_USER_20130406.csv Total de Logins: 2
06/04/2013 04:36:24|INFO|Finalizado
