14/01/2013 04:30:02|INFO|Iniciando
14/01/2013 04:35:33|INFO|PCSCLARIFY_USER_20130114.csv Total de Logins: 20806
14/01/2013 04:35:33|INFO|PCSPDVGN_USER_20130114.csv Total de Logins: 3411
14/01/2013 04:35:33|INFO|PCSPDV_LIVE_USER_20130114.csv Total de Logins: 11133
14/01/2013 04:35:33|INFO|PCSSFA_USER_20130114.csv Total de Logins: 530
14/01/2013 04:35:33|INFO|PCSPDVGL_USER_20130114.csv Total de Logins: 2038
14/01/2013 04:35:33|INFO|PCSSIEBEL_USER_20130114.csv Total de Logins: 50
14/01/2013 04:35:33|INFO|PCSDSF_USER_20130114.csv Total de Logins: 25191
14/01/2013 04:35:33|INFO|PCSSGR_USER_20130114.csv Total de Logins: 16135
14/01/2013 04:35:33|INFO|PCSCBCF_USER_20130114.csv Total de Logins: 11647
14/01/2013 04:35:33|INFO|PCSPROTOCOLOS_USER_20130114.csv Total de Logins: 2958
14/01/2013 04:35:33|INFO|PCSICRC_USER_20130114.csv Total de Logins: 16461
14/01/2013 04:35:33|INFO|PCSASP_USER_20130114.csv Total de Logins: 18279
14/01/2013 04:35:34|INFO|PCSIUNICA_USER_20130114.csv Total de Logins: 8220
14/01/2013 04:35:34|INFO|PCSPLOGISTICA_USER_20130114.csv Total de Logins: 3691
14/01/2013 04:35:34|INFO|PCSTIMFILAS_USER_20130114.csv Total de Logins: 1671
14/01/2013 04:35:34|INFO|PCSFELETRONICA_USER_20130114.csv Total de Logins: 3110
14/01/2013 04:35:34|INFO|PCSVERO_USER_20130114.csv Total de Logins: 471
14/01/2013 04:35:34|INFO|PCSP2B_USER_20130114.csv Total de Logins: 363
14/01/2013 04:35:34|INFO|PCSGVAS_USER_20130114.csv Total de Logins: 11
14/01/2013 04:35:34|INFO|PCSSALES_USER_20130114.csv Total de Logins: 337
14/01/2013 04:35:34|INFO|PCSVENDITA_USER_20130114.csv Total de Logins: 260
14/01/2013 04:35:34|INFO|PCSSCTR-PORTAL_USER_20130114.csv Total de Logins: 19
14/01/2013 04:35:34|INFO|PCSRAP_USER_20130114.csv Total de Logins: 15
14/01/2013 04:35:34|INFO|PCSBDOH_USER_20130114.csv Total de Logins: 203
14/01/2013 04:35:34|INFO|PCSUCM_USER_20130114.csv Total de Logins: 14
14/01/2013 04:35:34|INFO|PCSKPI_USER_20130114.csv Total de Logins: 8
14/01/2013 04:35:34|INFO|PCSIPVS_USER_20130114.csv Total de Logins: 5
14/01/2013 04:35:34|INFO|PCSGCPP_USER_20130114.csv Total de Logins: 6
14/01/2013 04:35:34|INFO|PCSPDV_MGMT_USER_20130114.csv Total de Logins: 5
14/01/2013 04:35:34|INFO|PCSGJMC_USER_20130114.csv Total de Logins: 8
14/01/2013 04:35:34|INFO|PCSFELETRONICAPG_USER_20130114.csv Total de Logins: 8
14/01/2013 04:35:34|INFO|PCSDTH_USER_20130114.csv Total de Logins: 2
14/01/2013 04:35:34|INFO|Finalizado
