11/03/2013 04:30:01|INFO|Iniciando
11/03/2013 04:36:00|INFO|PCSCLARIFY_USER_20130311.csv Total de Logins: 21392
11/03/2013 04:36:00|INFO|PCSPDVGN_USER_20130311.csv Total de Logins: 3453
11/03/2013 04:36:00|INFO|PCSPDV_LIVE_USER_20130311.csv Total de Logins: 12900
11/03/2013 04:36:00|INFO|PCSPDVGL_USER_20130311.csv Total de Logins: 2027
11/03/2013 04:36:00|INFO|PCSSIEBEL_USER_20130311.csv Total de Logins: 35
11/03/2013 04:36:00|INFO|PCSASP_USER_20130311.csv Total de Logins: 18955
11/03/2013 04:36:00|INFO|PCSDSF_USER_20130311.csv Total de Logins: 25486
11/03/2013 04:36:01|INFO|PCSICRC_USER_20130311.csv Total de Logins: 17505
11/03/2013 04:36:01|INFO|PCSPROTOCOLOS_USER_20130311.csv Total de Logins: 2526
11/03/2013 04:36:01|INFO|PCSSGR_USER_20130311.csv Total de Logins: 16976
11/03/2013 04:36:01|INFO|PCSCBCF_USER_20130311.csv Total de Logins: 12426
11/03/2013 04:36:01|INFO|PCSIUNICA_USER_20130311.csv Total de Logins: 9121
11/03/2013 04:36:01|INFO|PCSPLOGISTICA_USER_20130311.csv Total de Logins: 5750
11/03/2013 04:36:01|INFO|PCSP2B_USER_20130311.csv Total de Logins: 2237
11/03/2013 04:36:01|INFO|PCSFELETRONICA_USER_20130311.csv Total de Logins: 3808
11/03/2013 04:36:01|INFO|PCSSFA_USER_20130311.csv Total de Logins: 1564
11/03/2013 04:36:01|INFO|PCSVERO_USER_20130311.csv Total de Logins: 1576
11/03/2013 04:36:01|INFO|PCSTIMFILAS_USER_20130311.csv Total de Logins: 1604
11/03/2013 04:36:01|INFO|PCSVENDITA_USER_20130311.csv Total de Logins: 253
11/03/2013 04:36:01|INFO|PCSRAP_USER_20130311.csv Total de Logins: 15
11/03/2013 04:36:01|INFO|PCSSCTR-PORTAL_USER_20130311.csv Total de Logins: 16
11/03/2013 04:36:01|INFO|PCSUCM_USER_20130311.csv Total de Logins: 8
11/03/2013 04:36:01|INFO|PCSGVAS_USER_20130311.csv Total de Logins: 9
11/03/2013 04:36:01|INFO|PCSKPI_USER_20130311.csv Total de Logins: 8
11/03/2013 04:36:01|INFO|PCSIPVS_USER_20130311.csv Total de Logins: 4
11/03/2013 04:36:01|INFO|PCSBDOH_USER_20130311.csv Total de Logins: 193
11/03/2013 04:36:01|INFO|PCSSALES_USER_20130311.csv Total de Logins: 75
11/03/2013 04:36:01|INFO|PCSGCPP_USER_20130311.csv Total de Logins: 5
11/03/2013 04:36:01|INFO|PCSPDV_MGMT_USER_20130311.csv Total de Logins: 8
11/03/2013 04:36:01|INFO|PCSGJMC_USER_20130311.csv Total de Logins: 7
11/03/2013 04:36:01|INFO|PCSFELETRONICAPG_USER_20130311.csv Total de Logins: 6
11/03/2013 04:36:01|INFO|PCSDTH_USER_20130311.csv Total de Logins: 2
11/03/2013 04:36:01|INFO|Finalizado
