14/03/2013 04:30:01|INFO|Iniciando
14/03/2013 04:36:13|INFO|PCSCLARIFY_USER_20130314.csv Total de Logins: 21557
14/03/2013 04:36:13|INFO|PCSPDVGN_USER_20130314.csv Total de Logins: 3452
14/03/2013 04:36:13|INFO|PCSPDV_LIVE_USER_20130314.csv Total de Logins: 12899
14/03/2013 04:36:13|INFO|PCSPDVGL_USER_20130314.csv Total de Logins: 2032
14/03/2013 04:36:13|INFO|PCSSIEBEL_USER_20130314.csv Total de Logins: 33
14/03/2013 04:36:13|INFO|PCSASP_USER_20130314.csv Total de Logins: 19133
14/03/2013 04:36:13|INFO|PCSDSF_USER_20130314.csv Total de Logins: 25658
14/03/2013 04:36:13|INFO|PCSICRC_USER_20130314.csv Total de Logins: 17686
14/03/2013 04:36:13|INFO|PCSPROTOCOLOS_USER_20130314.csv Total de Logins: 2649
14/03/2013 04:36:13|INFO|PCSSGR_USER_20130314.csv Total de Logins: 17250
14/03/2013 04:36:13|INFO|PCSCBCF_USER_20130314.csv Total de Logins: 12700
14/03/2013 04:36:13|INFO|PCSIUNICA_USER_20130314.csv Total de Logins: 9244
14/03/2013 04:36:13|INFO|PCSPLOGISTICA_USER_20130314.csv Total de Logins: 5963
14/03/2013 04:36:13|INFO|PCSP2B_USER_20130314.csv Total de Logins: 1723
14/03/2013 04:36:13|INFO|PCSFELETRONICA_USER_20130314.csv Total de Logins: 4034
14/03/2013 04:36:13|INFO|PCSSFA_USER_20130314.csv Total de Logins: 921
14/03/2013 04:36:13|INFO|PCSVERO_USER_20130314.csv Total de Logins: 953
14/03/2013 04:36:13|INFO|PCSTIMFILAS_USER_20130314.csv Total de Logins: 1618
14/03/2013 04:36:13|INFO|PCSVENDITA_USER_20130314.csv Total de Logins: 257
14/03/2013 04:36:13|INFO|PCSRAP_USER_20130314.csv Total de Logins: 15
14/03/2013 04:36:13|INFO|PCSSCTR-PORTAL_USER_20130314.csv Total de Logins: 18
14/03/2013 04:36:13|INFO|PCSUCM_USER_20130314.csv Total de Logins: 8
14/03/2013 04:36:13|INFO|PCSGVAS_USER_20130314.csv Total de Logins: 9
14/03/2013 04:36:13|INFO|PCSKPI_USER_20130314.csv Total de Logins: 8
14/03/2013 04:36:13|INFO|PCSIPVS_USER_20130314.csv Total de Logins: 4
14/03/2013 04:36:13|INFO|PCSBDOH_USER_20130314.csv Total de Logins: 194
14/03/2013 04:36:13|INFO|PCSSALES_USER_20130314.csv Total de Logins: 75
14/03/2013 04:36:13|INFO|PCSGCPP_USER_20130314.csv Total de Logins: 5
14/03/2013 04:36:13|INFO|PCSPDV_MGMT_USER_20130314.csv Total de Logins: 8
14/03/2013 04:36:13|INFO|PCSGJMC_USER_20130314.csv Total de Logins: 7
14/03/2013 04:36:13|INFO|PCSFELETRONICAPG_USER_20130314.csv Total de Logins: 6
14/03/2013 04:36:13|INFO|PCSDTH_USER_20130314.csv Total de Logins: 2
14/03/2013 04:36:13|INFO|Finalizado
