24/02/2013 04:30:01|INFO|Iniciando
24/02/2013 04:36:00|INFO|PCSCLARIFY_USER_20130224.csv Total de Logins: 21025
24/02/2013 04:36:00|INFO|PCSPDVGN_USER_20130224.csv Total de Logins: 3451
24/02/2013 04:36:00|INFO|PCSPDV_LIVE_USER_20130224.csv Total de Logins: 13350
24/02/2013 04:36:00|INFO|PCSSFA_USER_20130224.csv Total de Logins: 1800
24/02/2013 04:36:00|INFO|PCSPDVGL_USER_20130224.csv Total de Logins: 2044
24/02/2013 04:36:00|INFO|PCSSIEBEL_USER_20130224.csv Total de Logins: 35
24/02/2013 04:36:00|INFO|PCSASP_USER_20130224.csv Total de Logins: 18905
24/02/2013 04:36:01|INFO|PCSDSF_USER_20130224.csv Total de Logins: 25367
24/02/2013 04:36:01|INFO|PCSPROTOCOLOS_USER_20130224.csv Total de Logins: 2672
24/02/2013 04:36:01|INFO|PCSSGR_USER_20130224.csv Total de Logins: 16717
24/02/2013 04:36:01|INFO|PCSCBCF_USER_20130224.csv Total de Logins: 12609
24/02/2013 04:36:01|INFO|PCSICRC_USER_20130224.csv Total de Logins: 17606
24/02/2013 04:36:01|INFO|PCSIUNICA_USER_20130224.csv Total de Logins: 8954
24/02/2013 04:36:01|INFO|PCSPLOGISTICA_USER_20130224.csv Total de Logins: 4659
24/02/2013 04:36:01|INFO|PCSP2B_USER_20130224.csv Total de Logins: 1828
24/02/2013 04:36:01|INFO|PCSTIMFILAS_USER_20130224.csv Total de Logins: 1603
24/02/2013 04:36:01|INFO|PCSFELETRONICA_USER_20130224.csv Total de Logins: 3694
24/02/2013 04:36:01|INFO|PCSVERO_USER_20130224.csv Total de Logins: 1786
24/02/2013 04:36:01|INFO|PCSVENDITA_USER_20130224.csv Total de Logins: 254
24/02/2013 04:36:01|INFO|PCSRAP_USER_20130224.csv Total de Logins: 14
24/02/2013 04:36:01|INFO|PCSSCTR-PORTAL_USER_20130224.csv Total de Logins: 16
24/02/2013 04:36:01|INFO|PCSUCM_USER_20130224.csv Total de Logins: 8
24/02/2013 04:36:01|INFO|PCSGVAS_USER_20130224.csv Total de Logins: 9
24/02/2013 04:36:01|INFO|PCSKPI_USER_20130224.csv Total de Logins: 7
24/02/2013 04:36:01|INFO|PCSIPVS_USER_20130224.csv Total de Logins: 5
24/02/2013 04:36:01|INFO|PCSBDOH_USER_20130224.csv Total de Logins: 175
24/02/2013 04:36:01|INFO|PCSSALES_USER_20130224.csv Total de Logins: 76
24/02/2013 04:36:01|INFO|PCSGCPP_USER_20130224.csv Total de Logins: 6
24/02/2013 04:36:01|INFO|PCSPDV_MGMT_USER_20130224.csv Total de Logins: 8
24/02/2013 04:36:01|INFO|PCSGJMC_USER_20130224.csv Total de Logins: 7
24/02/2013 04:36:01|INFO|PCSFELETRONICAPG_USER_20130224.csv Total de Logins: 5
24/02/2013 04:36:01|INFO|PCSDTH_USER_20130224.csv Total de Logins: 2
24/02/2013 04:36:01|INFO|Finalizado
