18/12/2012 04:30:01|INFO|Iniciando
18/12/2012 04:35:34|INFO|PCSCLARIFY_USER_20121218.csv Total de Logins: 20822
18/12/2012 04:35:34|INFO|PCSPDVGN_USER_20121218.csv Total de Logins: 3408
18/12/2012 04:35:34|INFO|PCSPDV_LIVE_USER_20121218.csv Total de Logins: 12453
18/12/2012 04:35:34|INFO|PCSBDOH_USER_20121218.csv Total de Logins: 328
18/12/2012 04:35:34|INFO|PCSPDVGL_USER_20121218.csv Total de Logins: 2028
18/12/2012 04:35:34|INFO|PCSSIEBEL_USER_20121218.csv Total de Logins: 84
18/12/2012 04:35:34|INFO|PCSDSF_USER_20121218.csv Total de Logins: 25244
18/12/2012 04:35:34|INFO|PCSSGR_USER_20121218.csv Total de Logins: 16558
18/12/2012 04:35:34|INFO|PCSCBCF_USER_20121218.csv Total de Logins: 12454
18/12/2012 04:35:34|INFO|PCSPROTOCOLOS_USER_20121218.csv Total de Logins: 3507
18/12/2012 04:35:34|INFO|PCSIUNICA_USER_20121218.csv Total de Logins: 8261
18/12/2012 04:35:34|INFO|PCSFELETRONICA_USER_20121218.csv Total de Logins: 2575
18/12/2012 04:35:34|INFO|PCSICRC_USER_20121218.csv Total de Logins: 16660
18/12/2012 04:35:34|INFO|PCSPLOGISTICA_USER_20121218.csv Total de Logins: 3848
18/12/2012 04:35:34|INFO|PCSASP_USER_20121218.csv Total de Logins: 17971
18/12/2012 04:35:34|INFO|PCSSFA_USER_20121218.csv Total de Logins: 108
18/12/2012 04:35:34|INFO|PCSTIMFILAS_USER_20121218.csv Total de Logins: 1666
18/12/2012 04:35:34|INFO|PCSGVAS_USER_20121218.csv Total de Logins: 12
18/12/2012 04:35:34|INFO|PCSVERO_USER_20121218.csv Total de Logins: 203
18/12/2012 04:35:34|INFO|PCSSALES_USER_20121218.csv Total de Logins: 368
18/12/2012 04:35:34|INFO|PCSVENDITA_USER_20121218.csv Total de Logins: 272
18/12/2012 04:35:34|INFO|PCSSCTR-PORTAL_USER_20121218.csv Total de Logins: 19
18/12/2012 04:35:34|INFO|PCSRAP_USER_20121218.csv Total de Logins: 19
18/12/2012 04:35:34|INFO|PCSP2B_USER_20121218.csv Total de Logins: 26
18/12/2012 04:35:34|INFO|PCSUCM_USER_20121218.csv Total de Logins: 14
18/12/2012 04:35:34|INFO|PCSKPI_USER_20121218.csv Total de Logins: 8
18/12/2012 04:35:34|INFO|PCSIPVS_USER_20121218.csv Total de Logins: 5
18/12/2012 04:35:34|INFO|PCSGCPP_USER_20121218.csv Total de Logins: 7
18/12/2012 04:35:34|INFO|PCSPDV_MGMT_USER_20121218.csv Total de Logins: 6
18/12/2012 04:35:34|INFO|PCSGJMC_USER_20121218.csv Total de Logins: 8
18/12/2012 04:35:34|INFO|PCSFELETRONICAPG_USER_20121218.csv Total de Logins: 7
18/12/2012 04:35:34|INFO|PCSDTH_USER_20121218.csv Total de Logins: 2
18/12/2012 04:35:34|INFO|Finalizado
