04/10/2012 04:30:01|INFO|Iniciando
04/10/2012 04:35:08|INFO|PCSCLARIFY_USER_20121004.csv Total de Logins: 20005
04/10/2012 04:35:08|INFO|PCSPDVGN_USER_20121004.csv Total de Logins: 3436
04/10/2012 04:35:08|INFO|PCSPDV_LIVE_USER_20121004.csv Total de Logins: 9967
04/10/2012 04:35:08|INFO|PCSPDVGL_USER_20121004.csv Total de Logins: 2137
04/10/2012 04:35:08|INFO|PCSSIEBEL_USER_20121004.csv Total de Logins: 534
04/10/2012 04:35:08|INFO|PCSDSF_USER_20121004.csv Total de Logins: 24229
04/10/2012 04:35:08|INFO|PCSSGR_USER_20121004.csv Total de Logins: 14820
04/10/2012 04:35:08|INFO|PCSCBCF_USER_20121004.csv Total de Logins: 10799
04/10/2012 04:35:08|INFO|PCSPROTOCOLOS_USER_20121004.csv Total de Logins: 2213
04/10/2012 04:35:08|INFO|PCSASP_USER_20121004.csv Total de Logins: 17627
04/10/2012 04:35:08|INFO|PCSIUNICA_USER_20121004.csv Total de Logins: 7641
04/10/2012 04:35:08|INFO|PCSICRC_USER_20121004.csv Total de Logins: 16072
04/10/2012 04:35:08|INFO|PCSPLOGISTICA_USER_20121004.csv Total de Logins: 3681
04/10/2012 04:35:08|INFO|PCSTIMFILAS_USER_20121004.csv Total de Logins: 1325
04/10/2012 04:35:08|INFO|PCSGVAS_USER_20121004.csv Total de Logins: 16
04/10/2012 04:35:08|INFO|PCSDTH_USER_20121004.csv Total de Logins: 6
04/10/2012 04:35:08|INFO|PCSFELETRONICA_USER_20121004.csv Total de Logins: 2157
04/10/2012 04:35:08|INFO|PCSVENDITA_USER_20121004.csv Total de Logins: 252
04/10/2012 04:35:08|INFO|PCSRAP_USER_20121004.csv Total de Logins: 36
04/10/2012 04:35:08|INFO|PCSSCTR-PORTAL_USER_20121004.csv Total de Logins: 19
04/10/2012 04:35:08|INFO|PCSVERO_USER_20121004.csv Total de Logins: 18
04/10/2012 04:35:08|INFO|PCSSFA_USER_20121004.csv Total de Logins: 14
04/10/2012 04:35:08|INFO|PCSFELETRONICAPG_USER_20121004.csv Total de Logins: 12
04/10/2012 04:35:08|INFO|PCSGCPP_USER_20121004.csv Total de Logins: 11
04/10/2012 04:35:08|INFO|PCSUCM_USER_20121004.csv Total de Logins: 40
04/10/2012 04:35:08|INFO|PCSGJMC_USER_20121004.csv Total de Logins: 13
04/10/2012 04:35:08|INFO|PCSKPI_USER_20121004.csv Total de Logins: 9
04/10/2012 04:35:08|INFO|PCSIPVS_USER_20121004.csv Total de Logins: 9
04/10/2012 04:35:08|INFO|PCSPDV_MGMT_USER_20121004.csv Total de Logins: 6
04/10/2012 04:35:08|INFO|PCSP2B_USER_20121004.csv Total de Logins: 1
04/10/2012 04:35:08|INFO|PCSBISEMANTICO_USER_20121004.csv Total de Logins: 2
04/10/2012 04:35:08|INFO|Finalizado
