08/10/2012 04:30:02|INFO|Iniciando
08/10/2012 04:35:02|INFO|PCSCLARIFY_USER_20121008.csv Total de Logins: 20072
08/10/2012 04:35:02|INFO|PCSPDVGN_USER_20121008.csv Total de Logins: 3443
08/10/2012 04:35:02|INFO|PCSPDV_LIVE_USER_20121008.csv Total de Logins: 9866
08/10/2012 04:35:02|INFO|PCSPDVGL_USER_20121008.csv Total de Logins: 2146
08/10/2012 04:35:02|INFO|PCSSIEBEL_USER_20121008.csv Total de Logins: 530
08/10/2012 04:35:02|INFO|PCSDSF_USER_20121008.csv Total de Logins: 24220
08/10/2012 04:35:02|INFO|PCSSGR_USER_20121008.csv Total de Logins: 14877
08/10/2012 04:35:02|INFO|PCSCBCF_USER_20121008.csv Total de Logins: 10799
08/10/2012 04:35:02|INFO|PCSPROTOCOLOS_USER_20121008.csv Total de Logins: 2157
08/10/2012 04:35:02|INFO|PCSASP_USER_20121008.csv Total de Logins: 17548
08/10/2012 04:35:02|INFO|PCSIUNICA_USER_20121008.csv Total de Logins: 7675
08/10/2012 04:35:02|INFO|PCSICRC_USER_20121008.csv Total de Logins: 16046
08/10/2012 04:35:02|INFO|PCSPLOGISTICA_USER_20121008.csv Total de Logins: 3833
08/10/2012 04:35:02|INFO|PCSTIMFILAS_USER_20121008.csv Total de Logins: 1314
08/10/2012 04:35:02|INFO|PCSFELETRONICA_USER_20121008.csv Total de Logins: 2336
08/10/2012 04:35:02|INFO|PCSGVAS_USER_20121008.csv Total de Logins: 16
08/10/2012 04:35:02|INFO|PCSDTH_USER_20121008.csv Total de Logins: 6
08/10/2012 04:35:02|INFO|PCSVENDITA_USER_20121008.csv Total de Logins: 232
08/10/2012 04:35:02|INFO|PCSRAP_USER_20121008.csv Total de Logins: 36
08/10/2012 04:35:02|INFO|PCSSCTR-PORTAL_USER_20121008.csv Total de Logins: 20
08/10/2012 04:35:02|INFO|PCSVERO_USER_20121008.csv Total de Logins: 18
08/10/2012 04:35:02|INFO|PCSSFA_USER_20121008.csv Total de Logins: 17
08/10/2012 04:35:02|INFO|PCSFELETRONICAPG_USER_20121008.csv Total de Logins: 12
08/10/2012 04:35:02|INFO|PCSGCPP_USER_20121008.csv Total de Logins: 10
08/10/2012 04:35:02|INFO|PCSUCM_USER_20121008.csv Total de Logins: 40
08/10/2012 04:35:02|INFO|PCSGJMC_USER_20121008.csv Total de Logins: 13
08/10/2012 04:35:02|INFO|PCSKPI_USER_20121008.csv Total de Logins: 8
08/10/2012 04:35:02|INFO|PCSIPVS_USER_20121008.csv Total de Logins: 9
08/10/2012 04:35:02|INFO|PCSPDV_MGMT_USER_20121008.csv Total de Logins: 6
08/10/2012 04:35:02|INFO|PCSP2B_USER_20121008.csv Total de Logins: 1
08/10/2012 04:35:02|INFO|PCSBISEMANTICO_USER_20121008.csv Total de Logins: 2
08/10/2012 04:35:02|INFO|Finalizado
