07/07/2013 04:30:01|INFO|Iniciando
07/07/2013 04:36:25|INFO|PCSCLARIFY_USER_20130707.csv Total de Logins: 20084
07/07/2013 04:36:25|INFO|PCSPDVGN_USER_20130707.csv Total de Logins: 3236
07/07/2013 04:36:25|INFO|PCSSFA_USER_20130707.csv Total de Logins: 3385
07/07/2013 04:36:25|INFO|PCSPDVGL_USER_20130707.csv Total de Logins: 1741
07/07/2013 04:36:25|INFO|PCSDSF_USER_20130707.csv Total de Logins: 24462
07/07/2013 04:36:25|INFO|PCSPDV_LIVE_USER_20130707.csv Total de Logins: 11561
07/07/2013 04:36:25|INFO|PCSPROTOCOLOS_USER_20130707.csv Total de Logins: 3358
07/07/2013 04:36:25|INFO|PCSSGR_USER_20130707.csv Total de Logins: 16383
07/07/2013 04:36:25|INFO|PCSCBCF_USER_20130707.csv Total de Logins: 12309
07/07/2013 04:36:25|INFO|PCSICRC_USER_20130707.csv Total de Logins: 16287
07/07/2013 04:36:25|INFO|PCSASP_USER_20130707.csv Total de Logins: 17607
07/07/2013 04:36:25|INFO|PCSIUNICA_USER_20130707.csv Total de Logins: 7995
07/07/2013 04:36:25|INFO|PCSP2B_USER_20130707.csv Total de Logins: 5995
07/07/2013 04:36:25|INFO|PCSSIEBEL_USER_20130707.csv Total de Logins: 808
07/07/2013 04:36:25|INFO|PCSPLOGISTICA_USER_20130707.csv Total de Logins: 3667
07/07/2013 04:36:25|INFO|PCSFELETRONICA_USER_20130707.csv Total de Logins: 2255
07/07/2013 04:36:25|INFO|PCSVERO_USER_20130707.csv Total de Logins: 3235
07/07/2013 04:36:25|INFO|PCSTIMFILAS_USER_20130707.csv Total de Logins: 1651
07/07/2013 04:36:25|INFO|PCSVENDITA_USER_20130707.csv Total de Logins: 243
07/07/2013 04:36:25|INFO|PCSVCE_USER_20130707.csv Total de Logins: 65
07/07/2013 04:36:25|INFO|PCSSCTR-PORTAL_USER_20130707.csv Total de Logins: 20
07/07/2013 04:36:25|INFO|PCSRAP_USER_20130707.csv Total de Logins: 23
07/07/2013 04:36:25|INFO|PCSGCPP_USER_20130707.csv Total de Logins: 12
07/07/2013 04:36:25|INFO|PCSUCM_USER_20130707.csv Total de Logins: 9
07/07/2013 04:36:25|INFO|PCSGVAS_USER_20130707.csv Total de Logins: 8
07/07/2013 04:36:25|INFO|PCSKPI_USER_20130707.csv Total de Logins: 6
07/07/2013 04:36:25|INFO|PCSIPVS_USER_20130707.csv Total de Logins: 7
07/07/2013 04:36:25|INFO|PCSBDOH_USER_20130707.csv Total de Logins: 134
07/07/2013 04:36:25|INFO|PCSSALES_USER_20130707.csv Total de Logins: 36
07/07/2013 04:36:25|INFO|PCSDTH_USER_20130707.csv Total de Logins: 9
07/07/2013 04:36:25|INFO|PCSPDV_MGMT_USER_20130707.csv Total de Logins: 9
07/07/2013 04:36:25|INFO|PCSBISEMANTICO_USER_20130707.csv Total de Logins: 6
07/07/2013 04:36:25|INFO|PCSGJMC_USER_20130707.csv Total de Logins: 7
07/07/2013 04:36:25|INFO|PCSFELETRONICAPG_USER_20130707.csv Total de Logins: 9
07/07/2013 04:36:25|INFO|Finalizado
