26/02/2013 04:30:01|INFO|Iniciando
26/02/2013 04:36:06|INFO|PCSCLARIFY_USER_20130226.csv Total de Logins: 20905
26/02/2013 04:36:06|INFO|PCSPDVGN_USER_20130226.csv Total de Logins: 3457
26/02/2013 04:36:06|INFO|PCSPDV_LIVE_USER_20130226.csv Total de Logins: 13274
26/02/2013 04:36:06|INFO|PCSPDVGL_USER_20130226.csv Total de Logins: 2044
26/02/2013 04:36:06|INFO|PCSSIEBEL_USER_20130226.csv Total de Logins: 35
26/02/2013 04:36:06|INFO|PCSASP_USER_20130226.csv Total de Logins: 18635
26/02/2013 04:36:06|INFO|PCSDSF_USER_20130226.csv Total de Logins: 25130
26/02/2013 04:36:06|INFO|PCSPROTOCOLOS_USER_20130226.csv Total de Logins: 2618
26/02/2013 04:36:06|INFO|PCSSGR_USER_20130226.csv Total de Logins: 16531
26/02/2013 04:36:06|INFO|PCSCBCF_USER_20130226.csv Total de Logins: 12508
26/02/2013 04:36:06|INFO|PCSICRC_USER_20130226.csv Total de Logins: 17267
26/02/2013 04:36:06|INFO|PCSIUNICA_USER_20130226.csv Total de Logins: 8767
26/02/2013 04:36:06|INFO|PCSPLOGISTICA_USER_20130226.csv Total de Logins: 4474
26/02/2013 04:36:06|INFO|PCSP2B_USER_20130226.csv Total de Logins: 1817
26/02/2013 04:36:06|INFO|PCSTIMFILAS_USER_20130226.csv Total de Logins: 1629
26/02/2013 04:36:06|INFO|PCSFELETRONICA_USER_20130226.csv Total de Logins: 3667
26/02/2013 04:36:06|INFO|PCSSFA_USER_20130226.csv Total de Logins: 1737
26/02/2013 04:36:06|INFO|PCSVERO_USER_20130226.csv Total de Logins: 1741
26/02/2013 04:36:06|INFO|PCSVENDITA_USER_20130226.csv Total de Logins: 246
26/02/2013 04:36:06|INFO|PCSRAP_USER_20130226.csv Total de Logins: 13
26/02/2013 04:36:06|INFO|PCSSCTR-PORTAL_USER_20130226.csv Total de Logins: 16
26/02/2013 04:36:06|INFO|PCSUCM_USER_20130226.csv Total de Logins: 8
26/02/2013 04:36:06|INFO|PCSGVAS_USER_20130226.csv Total de Logins: 9
26/02/2013 04:36:06|INFO|PCSKPI_USER_20130226.csv Total de Logins: 7
26/02/2013 04:36:06|INFO|PCSIPVS_USER_20130226.csv Total de Logins: 5
26/02/2013 04:36:06|INFO|PCSBDOH_USER_20130226.csv Total de Logins: 174
26/02/2013 04:36:06|INFO|PCSSALES_USER_20130226.csv Total de Logins: 74
26/02/2013 04:36:06|INFO|PCSGCPP_USER_20130226.csv Total de Logins: 6
26/02/2013 04:36:06|INFO|PCSPDV_MGMT_USER_20130226.csv Total de Logins: 8
26/02/2013 04:36:06|INFO|PCSGJMC_USER_20130226.csv Total de Logins: 7
26/02/2013 04:36:06|INFO|PCSFELETRONICAPG_USER_20130226.csv Total de Logins: 5
26/02/2013 04:36:06|INFO|PCSDTH_USER_20130226.csv Total de Logins: 2
26/02/2013 04:36:06|INFO|Finalizado
