31/10/2012 04:30:01|INFO|Iniciando
31/10/2012 04:35:10|INFO|PCSCLARIFY_USER_20121031.csv Total de Logins: 19270
31/10/2012 04:35:10|INFO|PCSPDVGN_USER_20121031.csv Total de Logins: 3446
31/10/2012 04:35:10|INFO|PCSPDV_LIVE_USER_20121031.csv Total de Logins: 10144
31/10/2012 04:35:10|INFO|PCSPDVGL_USER_20121031.csv Total de Logins: 2114
31/10/2012 04:35:10|INFO|PCSSIEBEL_USER_20121031.csv Total de Logins: 386
31/10/2012 04:35:10|INFO|PCSDSF_USER_20121031.csv Total de Logins: 23473
31/10/2012 04:35:10|INFO|PCSSGR_USER_20121031.csv Total de Logins: 14677
31/10/2012 04:35:10|INFO|PCSCBCF_USER_20121031.csv Total de Logins: 11127
31/10/2012 04:35:10|INFO|PCSPROTOCOLOS_USER_20121031.csv Total de Logins: 2797
31/10/2012 04:35:10|INFO|PCSASP_USER_20121031.csv Total de Logins: 16922
31/10/2012 04:35:10|INFO|PCSIUNICA_USER_20121031.csv Total de Logins: 7332
31/10/2012 04:35:10|INFO|PCSICRC_USER_20121031.csv Total de Logins: 15469
31/10/2012 04:35:10|INFO|PCSPLOGISTICA_USER_20121031.csv Total de Logins: 3966
31/10/2012 04:35:10|INFO|PCSTIMFILAS_USER_20121031.csv Total de Logins: 1471
31/10/2012 04:35:10|INFO|PCSFELETRONICA_USER_20121031.csv Total de Logins: 2208
31/10/2012 04:35:10|INFO|PCSGVAS_USER_20121031.csv Total de Logins: 15
31/10/2012 04:35:10|INFO|PCSVERO_USER_20121031.csv Total de Logins: 20
31/10/2012 04:35:10|INFO|PCSVENDITA_USER_20121031.csv Total de Logins: 216
31/10/2012 04:35:10|INFO|PCSRAP_USER_20121031.csv Total de Logins: 27
31/10/2012 04:35:10|INFO|PCSSCTR-PORTAL_USER_20121031.csv Total de Logins: 19
31/10/2012 04:35:10|INFO|PCSSFA_USER_20121031.csv Total de Logins: 17
31/10/2012 04:35:10|INFO|PCSFELETRONICAPG_USER_20121031.csv Total de Logins: 10
31/10/2012 04:35:10|INFO|PCSGCPP_USER_20121031.csv Total de Logins: 9
31/10/2012 04:35:10|INFO|PCSUCM_USER_20121031.csv Total de Logins: 19
31/10/2012 04:35:10|INFO|PCSGJMC_USER_20121031.csv Total de Logins: 12
31/10/2012 04:35:10|INFO|PCSKPI_USER_20121031.csv Total de Logins: 8
31/10/2012 04:35:10|INFO|PCSIPVS_USER_20121031.csv Total de Logins: 8
31/10/2012 04:35:10|INFO|PCSPDV_MGMT_USER_20121031.csv Total de Logins: 7
31/10/2012 04:35:10|INFO|PCSP2B_USER_20121031.csv Total de Logins: 2
31/10/2012 04:35:10|INFO|PCSBISEMANTICO_USER_20121031.csv Total de Logins: 2
31/10/2012 04:35:10|INFO|PCSDTH_USER_20121031.csv Total de Logins: 2
31/10/2012 04:35:10|INFO|Finalizado
