18/10/2012 04:30:01|INFO|Iniciando
18/10/2012 04:35:11|INFO|PCSCLARIFY_USER_20121018.csv Total de Logins: 19978
18/10/2012 04:35:11|INFO|PCSPDVGN_USER_20121018.csv Total de Logins: 3454
18/10/2012 04:35:11|INFO|PCSPDV_LIVE_USER_20121018.csv Total de Logins: 10069
18/10/2012 04:35:11|INFO|PCSPDVGL_USER_20121018.csv Total de Logins: 2153
18/10/2012 04:35:11|INFO|PCSSIEBEL_USER_20121018.csv Total de Logins: 508
18/10/2012 04:35:11|INFO|PCSDSF_USER_20121018.csv Total de Logins: 24185
18/10/2012 04:35:11|INFO|PCSSGR_USER_20121018.csv Total de Logins: 14698
18/10/2012 04:35:11|INFO|PCSCBCF_USER_20121018.csv Total de Logins: 10902
18/10/2012 04:35:11|INFO|PCSPROTOCOLOS_USER_20121018.csv Total de Logins: 2254
18/10/2012 04:35:11|INFO|PCSASP_USER_20121018.csv Total de Logins: 17550
18/10/2012 04:35:11|INFO|PCSIUNICA_USER_20121018.csv Total de Logins: 7698
18/10/2012 04:35:11|INFO|PCSICRC_USER_20121018.csv Total de Logins: 15998
18/10/2012 04:35:11|INFO|PCSPLOGISTICA_USER_20121018.csv Total de Logins: 4182
18/10/2012 04:35:11|INFO|PCSTIMFILAS_USER_20121018.csv Total de Logins: 1381
18/10/2012 04:35:11|INFO|PCSFELETRONICA_USER_20121018.csv Total de Logins: 2357
18/10/2012 04:35:11|INFO|PCSGVAS_USER_20121018.csv Total de Logins: 15
18/10/2012 04:35:11|INFO|PCSDTH_USER_20121018.csv Total de Logins: 6
18/10/2012 04:35:11|INFO|PCSVENDITA_USER_20121018.csv Total de Logins: 233
18/10/2012 04:35:11|INFO|PCSRAP_USER_20121018.csv Total de Logins: 36
18/10/2012 04:35:11|INFO|PCSSCTR-PORTAL_USER_20121018.csv Total de Logins: 19
18/10/2012 04:35:11|INFO|PCSVERO_USER_20121018.csv Total de Logins: 19
18/10/2012 04:35:11|INFO|PCSSFA_USER_20121018.csv Total de Logins: 17
18/10/2012 04:35:11|INFO|PCSFELETRONICAPG_USER_20121018.csv Total de Logins: 11
18/10/2012 04:35:11|INFO|PCSGCPP_USER_20121018.csv Total de Logins: 9
18/10/2012 04:35:11|INFO|PCSUCM_USER_20121018.csv Total de Logins: 40
18/10/2012 04:35:11|INFO|PCSGJMC_USER_20121018.csv Total de Logins: 12
18/10/2012 04:35:11|INFO|PCSKPI_USER_20121018.csv Total de Logins: 7
18/10/2012 04:35:11|INFO|PCSIPVS_USER_20121018.csv Total de Logins: 8
18/10/2012 04:35:11|INFO|PCSPDV_MGMT_USER_20121018.csv Total de Logins: 7
18/10/2012 04:35:11|INFO|PCSP2B_USER_20121018.csv Total de Logins: 1
18/10/2012 04:35:11|INFO|PCSBISEMANTICO_USER_20121018.csv Total de Logins: 2
18/10/2012 04:35:11|INFO|Finalizado
