11/02/2013 04:30:01|INFO|Iniciando
11/02/2013 04:35:51|INFO|PCSCLARIFY_USER_20130211.csv Total de Logins: 21472
11/02/2013 04:35:51|INFO|PCSPDVGN_USER_20130211.csv Total de Logins: 3466
11/02/2013 04:35:51|INFO|PCSPDV_LIVE_USER_20130211.csv Total de Logins: 12761
11/02/2013 04:35:51|INFO|PCSSFA_USER_20130211.csv Total de Logins: 1791
11/02/2013 04:35:51|INFO|PCSPDVGL_USER_20130211.csv Total de Logins: 2065
11/02/2013 04:35:51|INFO|PCSSIEBEL_USER_20130211.csv Total de Logins: 30
11/02/2013 04:35:51|INFO|PCSDSF_USER_20130211.csv Total de Logins: 26308
11/02/2013 04:35:51|INFO|PCSPROTOCOLOS_USER_20130211.csv Total de Logins: 2682
11/02/2013 04:35:51|INFO|PCSSGR_USER_20130211.csv Total de Logins: 16729
11/02/2013 04:35:51|INFO|PCSCBCF_USER_20130211.csv Total de Logins: 12316
11/02/2013 04:35:51|INFO|PCSICRC_USER_20130211.csv Total de Logins: 17623
11/02/2013 04:35:51|INFO|PCSASP_USER_20130211.csv Total de Logins: 19209
11/02/2013 04:35:51|INFO|PCSIUNICA_USER_20130211.csv Total de Logins: 8899
11/02/2013 04:35:51|INFO|PCSPLOGISTICA_USER_20130211.csv Total de Logins: 4552
11/02/2013 04:35:51|INFO|PCSP2B_USER_20130211.csv Total de Logins: 1837
11/02/2013 04:35:51|INFO|PCSTIMFILAS_USER_20130211.csv Total de Logins: 1595
11/02/2013 04:35:51|INFO|PCSFELETRONICA_USER_20130211.csv Total de Logins: 3863
11/02/2013 04:35:51|INFO|PCSVERO_USER_20130211.csv Total de Logins: 1689
11/02/2013 04:35:51|INFO|PCSVENDITA_USER_20130211.csv Total de Logins: 248
11/02/2013 04:35:51|INFO|PCSRAP_USER_20130211.csv Total de Logins: 14
11/02/2013 04:35:51|INFO|PCSSCTR-PORTAL_USER_20130211.csv Total de Logins: 16
11/02/2013 04:35:51|INFO|PCSUCM_USER_20130211.csv Total de Logins: 10
11/02/2013 04:35:51|INFO|PCSGVAS_USER_20130211.csv Total de Logins: 9
11/02/2013 04:35:51|INFO|PCSKPI_USER_20130211.csv Total de Logins: 7
11/02/2013 04:35:51|INFO|PCSIPVS_USER_20130211.csv Total de Logins: 5
11/02/2013 04:35:51|INFO|PCSBDOH_USER_20130211.csv Total de Logins: 181
11/02/2013 04:35:51|INFO|PCSSALES_USER_20130211.csv Total de Logins: 85
11/02/2013 04:35:51|INFO|PCSGCPP_USER_20130211.csv Total de Logins: 6
11/02/2013 04:35:51|INFO|PCSPDV_MGMT_USER_20130211.csv Total de Logins: 8
11/02/2013 04:35:51|INFO|PCSGJMC_USER_20130211.csv Total de Logins: 7
11/02/2013 04:35:51|INFO|PCSFELETRONICAPG_USER_20130211.csv Total de Logins: 6
11/02/2013 04:35:51|INFO|PCSDTH_USER_20130211.csv Total de Logins: 2
11/02/2013 04:35:51|INFO|Finalizado
