24/01/2013 04:30:01|INFO|Iniciando
24/01/2013 04:35:54|INFO|PCSCLARIFY_USER_20130124.csv Total de Logins: 21331
24/01/2013 04:35:54|INFO|PCSPDVGN_USER_20130124.csv Total de Logins: 3432
24/01/2013 04:35:54|INFO|PCSPDV_LIVE_USER_20130124.csv Total de Logins: 11314
24/01/2013 04:35:54|INFO|PCSSFA_USER_20130124.csv Total de Logins: 637
24/01/2013 04:35:54|INFO|PCSPDVGL_USER_20130124.csv Total de Logins: 2043
24/01/2013 04:35:54|INFO|PCSSIEBEL_USER_20130124.csv Total de Logins: 35
24/01/2013 04:35:54|INFO|PCSDSF_USER_20130124.csv Total de Logins: 25526
24/01/2013 04:35:54|INFO|PCSSGR_USER_20130124.csv Total de Logins: 16441
24/01/2013 04:35:54|INFO|PCSCBCF_USER_20130124.csv Total de Logins: 12233
24/01/2013 04:35:54|INFO|PCSPROTOCOLOS_USER_20130124.csv Total de Logins: 2924
24/01/2013 04:35:54|INFO|PCSICRC_USER_20130124.csv Total de Logins: 17154
24/01/2013 04:35:55|INFO|PCSASP_USER_20130124.csv Total de Logins: 18894
24/01/2013 04:35:55|INFO|PCSIUNICA_USER_20130124.csv Total de Logins: 8532
24/01/2013 04:35:55|INFO|PCSPLOGISTICA_USER_20130124.csv Total de Logins: 4142
24/01/2013 04:35:55|INFO|PCSTIMFILAS_USER_20130124.csv Total de Logins: 1638
24/01/2013 04:35:55|INFO|PCSFELETRONICA_USER_20130124.csv Total de Logins: 3456
24/01/2013 04:35:55|INFO|PCSVERO_USER_20130124.csv Total de Logins: 574
24/01/2013 04:35:55|INFO|PCSP2B_USER_20130124.csv Total de Logins: 578
24/01/2013 04:35:55|INFO|PCSVENDITA_USER_20130124.csv Total de Logins: 258
24/01/2013 04:35:55|INFO|PCSSCTR-PORTAL_USER_20130124.csv Total de Logins: 18
24/01/2013 04:35:55|INFO|PCSRAP_USER_20130124.csv Total de Logins: 14
24/01/2013 04:35:55|INFO|PCSBDOH_USER_20130124.csv Total de Logins: 190
24/01/2013 04:35:55|INFO|PCSUCM_USER_20130124.csv Total de Logins: 14
24/01/2013 04:35:55|INFO|PCSGVAS_USER_20130124.csv Total de Logins: 10
24/01/2013 04:35:55|INFO|PCSKPI_USER_20130124.csv Total de Logins: 8
24/01/2013 04:35:55|INFO|PCSIPVS_USER_20130124.csv Total de Logins: 5
24/01/2013 04:35:55|INFO|PCSSALES_USER_20130124.csv Total de Logins: 87
24/01/2013 04:35:55|INFO|PCSGCPP_USER_20130124.csv Total de Logins: 5
24/01/2013 04:35:55|INFO|PCSPDV_MGMT_USER_20130124.csv Total de Logins: 5
24/01/2013 04:35:55|INFO|PCSGJMC_USER_20130124.csv Total de Logins: 7
24/01/2013 04:35:55|INFO|PCSFELETRONICAPG_USER_20130124.csv Total de Logins: 6
24/01/2013 04:35:55|INFO|PCSDTH_USER_20130124.csv Total de Logins: 2
24/01/2013 04:35:55|INFO|Finalizado
