09/11/2012 04:30:01|INFO|Iniciando
09/11/2012 04:35:22|INFO|PCSCLARIFY_USER_20121109.csv Total de Logins: 19612
09/11/2012 04:35:22|INFO|PCSPDVGN_USER_20121109.csv Total de Logins: 3339
09/11/2012 04:35:22|INFO|PCSPDV_LIVE_USER_20121109.csv Total de Logins: 10336
09/11/2012 04:35:22|INFO|PCSPDVGL_USER_20121109.csv Total de Logins: 2010
09/11/2012 04:35:22|INFO|PCSSIEBEL_USER_20121109.csv Total de Logins: 135
09/11/2012 04:35:22|INFO|PCSDSF_USER_20121109.csv Total de Logins: 23824
09/11/2012 04:35:22|INFO|PCSPROTOCOLOS_USER_20121109.csv Total de Logins: 2907
09/11/2012 04:35:22|INFO|PCSSGR_USER_20121109.csv Total de Logins: 15147
09/11/2012 04:35:22|INFO|PCSCBCF_USER_20121109.csv Total de Logins: 11549
09/11/2012 04:35:22|INFO|PCSASP_USER_20121109.csv Total de Logins: 17167
09/11/2012 04:35:22|INFO|PCSIUNICA_USER_20121109.csv Total de Logins: 7562
09/11/2012 04:35:22|INFO|PCSICRC_USER_20121109.csv Total de Logins: 15572
09/11/2012 04:35:22|INFO|PCSPLOGISTICA_USER_20121109.csv Total de Logins: 4026
09/11/2012 04:35:22|INFO|PCSTIMFILAS_USER_20121109.csv Total de Logins: 1475
09/11/2012 04:35:22|INFO|PCSFELETRONICA_USER_20121109.csv Total de Logins: 2466
09/11/2012 04:35:22|INFO|PCSGVAS_USER_20121109.csv Total de Logins: 15
09/11/2012 04:35:22|INFO|PCSVERO_USER_20121109.csv Total de Logins: 20
09/11/2012 04:35:22|INFO|PCSVENDITA_USER_20121109.csv Total de Logins: 210
09/11/2012 04:35:22|INFO|PCSRAP_USER_20121109.csv Total de Logins: 28
09/11/2012 04:35:22|INFO|PCSSCTR-PORTAL_USER_20121109.csv Total de Logins: 18
09/11/2012 04:35:22|INFO|PCSSFA_USER_20121109.csv Total de Logins: 18
09/11/2012 04:35:22|INFO|PCSFELETRONICAPG_USER_20121109.csv Total de Logins: 10
09/11/2012 04:35:22|INFO|PCSGCPP_USER_20121109.csv Total de Logins: 9
09/11/2012 04:35:22|INFO|PCSUCM_USER_20121109.csv Total de Logins: 16
09/11/2012 04:35:22|INFO|PCSGJMC_USER_20121109.csv Total de Logins: 12
09/11/2012 04:35:22|INFO|PCSKPI_USER_20121109.csv Total de Logins: 8
09/11/2012 04:35:22|INFO|PCSIPVS_USER_20121109.csv Total de Logins: 8
09/11/2012 04:35:22|INFO|PCSPDV_MGMT_USER_20121109.csv Total de Logins: 7
09/11/2012 04:35:22|INFO|PCSP2B_USER_20121109.csv Total de Logins: 3
09/11/2012 04:35:22|INFO|PCSDTH_USER_20121109.csv Total de Logins: 2
09/11/2012 04:35:22|INFO|Finalizado
