01/08/2013 04:30:01|INFO|Iniciando
01/08/2013 04:36:40|INFO|PCSCLARIFY_USER_20130801.csv Total de Logins: 19970
01/08/2013 04:36:40|INFO|PCSPDVGN_USER_20130801.csv Total de Logins: 3309
01/08/2013 04:36:40|INFO|PCSICRC_USER_20130801.csv Total de Logins: 15931
01/08/2013 04:36:41|INFO|PCSDSF_USER_20130801.csv Total de Logins: 24276
01/08/2013 04:36:41|INFO|PCSSFA_USER_20130801.csv Total de Logins: 3617
01/08/2013 04:36:41|INFO|PCSPDV_LIVE_USER_20130801.csv Total de Logins: 11684
01/08/2013 04:36:41|INFO|PCSPDVGL_USER_20130801.csv Total de Logins: 1720
01/08/2013 04:36:41|INFO|PCSPROTOCOLOS_USER_20130801.csv Total de Logins: 3150
01/08/2013 04:36:41|INFO|PCSSGR_USER_20130801.csv Total de Logins: 16390
01/08/2013 04:36:41|INFO|PCSCBCF_USER_20130801.csv Total de Logins: 12332
01/08/2013 04:36:41|INFO|PCSASP_USER_20130801.csv Total de Logins: 17277
01/08/2013 04:36:41|INFO|PCSIUNICA_USER_20130801.csv Total de Logins: 8184
01/08/2013 04:36:41|INFO|PCSSIEBEL_USER_20130801.csv Total de Logins: 3789
01/08/2013 04:36:41|INFO|PCSFELETRONICA_USER_20130801.csv Total de Logins: 6720
01/08/2013 04:36:41|INFO|PCSP2B_USER_20130801.csv Total de Logins: 6741
01/08/2013 04:36:41|INFO|PCSVERO_USER_20130801.csv Total de Logins: 3226
01/08/2013 04:36:41|INFO|PCSPLOGISTICA_USER_20130801.csv Total de Logins: 3200
01/08/2013 04:36:41|INFO|PCSTIMFILAS_USER_20130801.csv Total de Logins: 1744
01/08/2013 04:36:41|INFO|PCSGCOB_USER_20130801.csv Total de Logins: 14
01/08/2013 04:36:41|INFO|PCSVENDITA_USER_20130801.csv Total de Logins: 293
01/08/2013 04:36:41|INFO|PCSVCE_USER_20130801.csv Total de Logins: 81
01/08/2013 04:36:41|INFO|PCSSCTR-PORTAL_USER_20130801.csv Total de Logins: 23
01/08/2013 04:36:41|INFO|PCSRAP_USER_20130801.csv Total de Logins: 18
01/08/2013 04:36:41|INFO|PCSGEOWEB_USER_20130801.csv Total de Logins: 1
01/08/2013 04:36:41|INFO|PCSUCM_USER_20130801.csv Total de Logins: 9
01/08/2013 04:36:41|INFO|PCSGVAS_USER_20130801.csv Total de Logins: 8
01/08/2013 04:36:41|INFO|PCSKPI_USER_20130801.csv Total de Logins: 6
01/08/2013 04:36:41|INFO|PCSIPVS_USER_20130801.csv Total de Logins: 8
01/08/2013 04:36:41|INFO|PCSBDOH_USER_20130801.csv Total de Logins: 161
01/08/2013 04:36:41|INFO|PCSSALES_USER_20130801.csv Total de Logins: 34
01/08/2013 04:36:41|INFO|PCSDTH_USER_20130801.csv Total de Logins: 8
01/08/2013 04:36:41|INFO|PCSPDV_MGMT_USER_20130801.csv Total de Logins: 11
01/08/2013 04:36:41|INFO|PCSFELETRONICAPG_USER_20130801.csv Total de Logins: 11
01/08/2013 04:36:41|INFO|PCSGCPP_USER_20130801.csv Total de Logins: 9
01/08/2013 04:36:41|INFO|PCSGJMC_USER_20130801.csv Total de Logins: 8
01/08/2013 04:36:41|INFO|PCSBISEMANTICO_USER_20130801.csv Total de Logins: 1
01/08/2013 04:36:41|INFO|Finalizado
