05/01/2013 04:30:02|INFO|Iniciando
05/01/2013 04:35:34|INFO|PCSCLARIFY_USER_20130105.csv Total de Logins: 20282
05/01/2013 04:35:34|INFO|PCSPDVGN_USER_20130105.csv Total de Logins: 3398
05/01/2013 04:35:34|INFO|PCSPDV_LIVE_USER_20130105.csv Total de Logins: 12289
05/01/2013 04:35:34|INFO|PCSPDVGL_USER_20130105.csv Total de Logins: 2034
05/01/2013 04:35:34|INFO|PCSSIEBEL_USER_20130105.csv Total de Logins: 55
05/01/2013 04:35:34|INFO|PCSDSF_USER_20130105.csv Total de Logins: 24602
05/01/2013 04:35:34|INFO|PCSSGR_USER_20130105.csv Total de Logins: 15912
05/01/2013 04:35:34|INFO|PCSCBCF_USER_20130105.csv Total de Logins: 12092
05/01/2013 04:35:34|INFO|PCSPROTOCOLOS_USER_20130105.csv Total de Logins: 3245
05/01/2013 04:35:34|INFO|PCSICRC_USER_20130105.csv Total de Logins: 16160
05/01/2013 04:35:34|INFO|PCSASP_USER_20130105.csv Total de Logins: 17672
05/01/2013 04:35:34|INFO|PCSIUNICA_USER_20130105.csv Total de Logins: 7833
05/01/2013 04:35:34|INFO|PCSSFA_USER_20130105.csv Total de Logins: 162
05/01/2013 04:35:34|INFO|PCSPLOGISTICA_USER_20130105.csv Total de Logins: 3111
05/01/2013 04:35:34|INFO|PCSTIMFILAS_USER_20130105.csv Total de Logins: 1693
05/01/2013 04:35:34|INFO|PCSGVAS_USER_20130105.csv Total de Logins: 11
05/01/2013 04:35:34|INFO|PCSVERO_USER_20130105.csv Total de Logins: 194
05/01/2013 04:35:34|INFO|PCSSALES_USER_20130105.csv Total de Logins: 340
05/01/2013 04:35:34|INFO|PCSVENDITA_USER_20130105.csv Total de Logins: 264
05/01/2013 04:35:34|INFO|PCSSCTR-PORTAL_USER_20130105.csv Total de Logins: 19
05/01/2013 04:35:34|INFO|PCSRAP_USER_20130105.csv Total de Logins: 17
05/01/2013 04:35:34|INFO|PCSP2B_USER_20130105.csv Total de Logins: 26
05/01/2013 04:35:34|INFO|PCSFELETRONICA_USER_20130105.csv Total de Logins: 2076
05/01/2013 04:35:34|INFO|PCSBDOH_USER_20130105.csv Total de Logins: 218
05/01/2013 04:35:34|INFO|PCSUCM_USER_20130105.csv Total de Logins: 14
05/01/2013 04:35:34|INFO|PCSKPI_USER_20130105.csv Total de Logins: 8
05/01/2013 04:35:34|INFO|PCSIPVS_USER_20130105.csv Total de Logins: 5
05/01/2013 04:35:34|INFO|PCSGCPP_USER_20130105.csv Total de Logins: 6
05/01/2013 04:35:34|INFO|PCSPDV_MGMT_USER_20130105.csv Total de Logins: 5
05/01/2013 04:35:34|INFO|PCSGJMC_USER_20130105.csv Total de Logins: 8
05/01/2013 04:35:34|INFO|PCSFELETRONICAPG_USER_20130105.csv Total de Logins: 9
05/01/2013 04:35:34|INFO|PCSDTH_USER_20130105.csv Total de Logins: 2
05/01/2013 04:35:34|INFO|Finalizado
