28/06/2013 04:30:01|INFO|Iniciando
28/06/2013 04:36:38|INFO|PCSCLARIFY_USER_20130628.csv Total de Logins: 20238
28/06/2013 04:36:38|INFO|PCSPDVGN_USER_20130628.csv Total de Logins: 3229
28/06/2013 04:36:38|INFO|PCSPDV_LIVE_USER_20130628.csv Total de Logins: 11484
28/06/2013 04:36:38|INFO|PCSSFA_USER_20130628.csv Total de Logins: 3308
28/06/2013 04:36:38|INFO|PCSPDVGL_USER_20130628.csv Total de Logins: 1748
28/06/2013 04:36:38|INFO|PCSDSF_USER_20130628.csv Total de Logins: 24619
28/06/2013 04:36:38|INFO|PCSPROTOCOLOS_USER_20130628.csv Total de Logins: 3355
28/06/2013 04:36:38|INFO|PCSSGR_USER_20130628.csv Total de Logins: 16668
28/06/2013 04:36:38|INFO|PCSCBCF_USER_20130628.csv Total de Logins: 12538
28/06/2013 04:36:38|INFO|PCSICRC_USER_20130628.csv Total de Logins: 16550
28/06/2013 04:36:38|INFO|PCSASP_USER_20130628.csv Total de Logins: 17839
28/06/2013 04:36:38|INFO|PCSIUNICA_USER_20130628.csv Total de Logins: 8030
28/06/2013 04:36:38|INFO|PCSP2B_USER_20130628.csv Total de Logins: 5903
28/06/2013 04:36:38|INFO|PCSSIEBEL_USER_20130628.csv Total de Logins: 475
28/06/2013 04:36:38|INFO|PCSPLOGISTICA_USER_20130628.csv Total de Logins: 3858
28/06/2013 04:36:38|INFO|PCSFELETRONICA_USER_20130628.csv Total de Logins: 2642
28/06/2013 04:36:38|INFO|PCSVERO_USER_20130628.csv Total de Logins: 3047
28/06/2013 04:36:38|INFO|PCSTIMFILAS_USER_20130628.csv Total de Logins: 1638
28/06/2013 04:36:38|INFO|PCSVENDITA_USER_20130628.csv Total de Logins: 248
28/06/2013 04:36:38|INFO|PCSSCTR-PORTAL_USER_20130628.csv Total de Logins: 20
28/06/2013 04:36:38|INFO|PCSRAP_USER_20130628.csv Total de Logins: 23
28/06/2013 04:36:38|INFO|PCSGCPP_USER_20130628.csv Total de Logins: 16
28/06/2013 04:36:38|INFO|PCSUCM_USER_20130628.csv Total de Logins: 10
28/06/2013 04:36:38|INFO|PCSGVAS_USER_20130628.csv Total de Logins: 9
28/06/2013 04:36:38|INFO|PCSKPI_USER_20130628.csv Total de Logins: 6
28/06/2013 04:36:38|INFO|PCSIPVS_USER_20130628.csv Total de Logins: 8
28/06/2013 04:36:38|INFO|PCSBDOH_USER_20130628.csv Total de Logins: 130
28/06/2013 04:36:38|INFO|PCSSALES_USER_20130628.csv Total de Logins: 39
28/06/2013 04:36:38|INFO|PCSDTH_USER_20130628.csv Total de Logins: 8
28/06/2013 04:36:38|INFO|PCSPDV_MGMT_USER_20130628.csv Total de Logins: 9
28/06/2013 04:36:38|INFO|PCSGJMC_USER_20130628.csv Total de Logins: 8
28/06/2013 04:36:38|INFO|PCSFELETRONICAPG_USER_20130628.csv Total de Logins: 10
28/06/2013 04:36:38|INFO|PCSBISEMANTICO_USER_20130628.csv Total de Logins: 5
28/06/2013 04:36:38|INFO|Finalizado
