27/01/2013 04:30:01|INFO|Iniciando
27/01/2013 04:35:47|INFO|PCSCLARIFY_USER_20130127.csv Total de Logins: 21232
27/01/2013 04:35:47|INFO|PCSPDVGN_USER_20130127.csv Total de Logins: 3428
27/01/2013 04:35:47|INFO|PCSPDV_LIVE_USER_20130127.csv Total de Logins: 11249
27/01/2013 04:35:47|INFO|PCSSFA_USER_20130127.csv Total de Logins: 1690
27/01/2013 04:35:47|INFO|PCSPDVGL_USER_20130127.csv Total de Logins: 2041
27/01/2013 04:35:47|INFO|PCSSIEBEL_USER_20130127.csv Total de Logins: 30
27/01/2013 04:35:47|INFO|PCSDSF_USER_20130127.csv Total de Logins: 25410
27/01/2013 04:35:47|INFO|PCSSGR_USER_20130127.csv Total de Logins: 16149
27/01/2013 04:35:47|INFO|PCSCBCF_USER_20130127.csv Total de Logins: 12086
27/01/2013 04:35:47|INFO|PCSPROTOCOLOS_USER_20130127.csv Total de Logins: 2793
27/01/2013 04:35:47|INFO|PCSICRC_USER_20130127.csv Total de Logins: 17040
27/01/2013 04:35:47|INFO|PCSASP_USER_20130127.csv Total de Logins: 18836
27/01/2013 04:35:47|INFO|PCSIUNICA_USER_20130127.csv Total de Logins: 8338
27/01/2013 04:35:47|INFO|PCSPLOGISTICA_USER_20130127.csv Total de Logins: 3929
27/01/2013 04:35:47|INFO|PCSTIMFILAS_USER_20130127.csv Total de Logins: 1620
27/01/2013 04:35:47|INFO|PCSFELETRONICA_USER_20130127.csv Total de Logins: 3214
27/01/2013 04:35:47|INFO|PCSVERO_USER_20130127.csv Total de Logins: 1597
27/01/2013 04:35:47|INFO|PCSP2B_USER_20130127.csv Total de Logins: 1630
27/01/2013 04:35:47|INFO|PCSVENDITA_USER_20130127.csv Total de Logins: 258
27/01/2013 04:35:47|INFO|PCSSCTR-PORTAL_USER_20130127.csv Total de Logins: 16
27/01/2013 04:35:47|INFO|PCSRAP_USER_20130127.csv Total de Logins: 14
27/01/2013 04:35:47|INFO|PCSBDOH_USER_20130127.csv Total de Logins: 188
27/01/2013 04:35:47|INFO|PCSUCM_USER_20130127.csv Total de Logins: 13
27/01/2013 04:35:47|INFO|PCSGVAS_USER_20130127.csv Total de Logins: 10
27/01/2013 04:35:47|INFO|PCSKPI_USER_20130127.csv Total de Logins: 8
27/01/2013 04:35:47|INFO|PCSIPVS_USER_20130127.csv Total de Logins: 5
27/01/2013 04:35:47|INFO|PCSSALES_USER_20130127.csv Total de Logins: 78
27/01/2013 04:35:47|INFO|PCSGCPP_USER_20130127.csv Total de Logins: 5
27/01/2013 04:35:47|INFO|PCSPDV_MGMT_USER_20130127.csv Total de Logins: 7
27/01/2013 04:35:47|INFO|PCSGJMC_USER_20130127.csv Total de Logins: 7
27/01/2013 04:35:47|INFO|PCSFELETRONICAPG_USER_20130127.csv Total de Logins: 6
27/01/2013 04:35:47|INFO|PCSDTH_USER_20130127.csv Total de Logins: 2
27/01/2013 04:35:47|INFO|Finalizado
