10/05/2013 04:30:01|INFO|Iniciando
10/05/2013 04:36:44|INFO|PCSCLARIFY_USER_20130510.csv Total de Logins: 21071
10/05/2013 04:36:44|INFO|PCSPDVGN_USER_20130510.csv Total de Logins: 3127
10/05/2013 04:36:44|INFO|PCSPDV_LIVE_USER_20130510.csv Total de Logins: 10826
10/05/2013 04:36:44|INFO|PCSPDVGL_USER_20130510.csv Total de Logins: 1848
10/05/2013 04:36:44|INFO|PCSSIEBEL_USER_20130510.csv Total de Logins: 101
10/05/2013 04:36:44|INFO|PCSDSF_USER_20130510.csv Total de Logins: 24933
10/05/2013 04:36:44|INFO|PCSPROTOCOLOS_USER_20130510.csv Total de Logins: 2551
10/05/2013 04:36:44|INFO|PCSSGR_USER_20130510.csv Total de Logins: 16475
10/05/2013 04:36:44|INFO|PCSCBCF_USER_20130510.csv Total de Logins: 12107
10/05/2013 04:36:44|INFO|PCSICRC_USER_20130510.csv Total de Logins: 16880
10/05/2013 04:36:44|INFO|PCSASP_USER_20130510.csv Total de Logins: 18634
10/05/2013 04:36:44|INFO|PCSIUNICA_USER_20130510.csv Total de Logins: 8339
10/05/2013 04:36:44|INFO|PCSP2B_USER_20130510.csv Total de Logins: 4643
10/05/2013 04:36:44|INFO|PCSPLOGISTICA_USER_20130510.csv Total de Logins: 4863
10/05/2013 04:36:44|INFO|PCSSFA_USER_20130510.csv Total de Logins: 1931
10/05/2013 04:36:44|INFO|PCSVERO_USER_20130510.csv Total de Logins: 1768
10/05/2013 04:36:44|INFO|PCSTIMFILAS_USER_20130510.csv Total de Logins: 1676
10/05/2013 04:36:44|INFO|PCSFELETRONICA_USER_20130510.csv Total de Logins: 2923
10/05/2013 04:36:44|INFO|PCSVENDITA_USER_20130510.csv Total de Logins: 280
10/05/2013 04:36:44|INFO|PCSRAP_USER_20130510.csv Total de Logins: 20
10/05/2013 04:36:44|INFO|PCSSCTR-PORTAL_USER_20130510.csv Total de Logins: 19
10/05/2013 04:36:44|INFO|PCSUCM_USER_20130510.csv Total de Logins: 10
10/05/2013 04:36:44|INFO|PCSGVAS_USER_20130510.csv Total de Logins: 8
10/05/2013 04:36:44|INFO|PCSKPI_USER_20130510.csv Total de Logins: 7
10/05/2013 04:36:44|INFO|PCSIPVS_USER_20130510.csv Total de Logins: 4
10/05/2013 04:36:44|INFO|PCSBDOH_USER_20130510.csv Total de Logins: 150
10/05/2013 04:36:44|INFO|PCSSALES_USER_20130510.csv Total de Logins: 50
10/05/2013 04:36:44|INFO|PCSGCPP_USER_20130510.csv Total de Logins: 5
10/05/2013 04:36:44|INFO|PCSPDV_MGMT_USER_20130510.csv Total de Logins: 6
10/05/2013 04:36:44|INFO|PCSGJMC_USER_20130510.csv Total de Logins: 6
10/05/2013 04:36:44|INFO|PCSFELETRONICAPG_USER_20130510.csv Total de Logins: 5
10/05/2013 04:36:44|INFO|PCSDTH_USER_20130510.csv Total de Logins: 2
10/05/2013 04:36:44|INFO|Finalizado
