26/05/2013 04:30:01|INFO|Iniciando
26/05/2013 04:36:13|INFO|PCSCLARIFY_USER_20130526.csv Total de Logins: 20369
26/05/2013 04:36:13|INFO|PCSPDVGN_USER_20130526.csv Total de Logins: 3101
26/05/2013 04:36:13|INFO|PCSPDV_LIVE_USER_20130526.csv Total de Logins: 10868
26/05/2013 04:36:13|INFO|PCSPDVGL_USER_20130526.csv Total de Logins: 1782
26/05/2013 04:36:13|INFO|PCSSIEBEL_USER_20130526.csv Total de Logins: 98
26/05/2013 04:36:13|INFO|PCSDSF_USER_20130526.csv Total de Logins: 24468
26/05/2013 04:36:13|INFO|PCSPROTOCOLOS_USER_20130526.csv Total de Logins: 2688
26/05/2013 04:36:13|INFO|PCSSGR_USER_20130526.csv Total de Logins: 16406
26/05/2013 04:36:13|INFO|PCSCBCF_USER_20130526.csv Total de Logins: 12290
26/05/2013 04:36:13|INFO|PCSICRC_USER_20130526.csv Total de Logins: 16388
26/05/2013 04:36:13|INFO|PCSASP_USER_20130526.csv Total de Logins: 18151
26/05/2013 04:36:13|INFO|PCSIUNICA_USER_20130526.csv Total de Logins: 8055
26/05/2013 04:36:13|INFO|PCSP2B_USER_20130526.csv Total de Logins: 4824
26/05/2013 04:36:13|INFO|PCSPLOGISTICA_USER_20130526.csv Total de Logins: 4576
26/05/2013 04:36:13|INFO|PCSSFA_USER_20130526.csv Total de Logins: 2281
26/05/2013 04:36:13|INFO|PCSVERO_USER_20130526.csv Total de Logins: 2089
26/05/2013 04:36:13|INFO|PCSTIMFILAS_USER_20130526.csv Total de Logins: 1683
26/05/2013 04:36:13|INFO|PCSFELETRONICA_USER_20130526.csv Total de Logins: 2937
26/05/2013 04:36:13|INFO|PCSVENDITA_USER_20130526.csv Total de Logins: 245
26/05/2013 04:36:13|INFO|PCSSCTR-PORTAL_USER_20130526.csv Total de Logins: 19
26/05/2013 04:36:13|INFO|PCSRAP_USER_20130526.csv Total de Logins: 19
26/05/2013 04:36:13|INFO|PCSUCM_USER_20130526.csv Total de Logins: 9
26/05/2013 04:36:13|INFO|PCSGVAS_USER_20130526.csv Total de Logins: 7
26/05/2013 04:36:13|INFO|PCSKPI_USER_20130526.csv Total de Logins: 7
26/05/2013 04:36:13|INFO|PCSIPVS_USER_20130526.csv Total de Logins: 4
26/05/2013 04:36:13|INFO|PCSBDOH_USER_20130526.csv Total de Logins: 140
26/05/2013 04:36:13|INFO|PCSSALES_USER_20130526.csv Total de Logins: 49
26/05/2013 04:36:13|INFO|PCSGCPP_USER_20130526.csv Total de Logins: 8
26/05/2013 04:36:13|INFO|PCSPDV_MGMT_USER_20130526.csv Total de Logins: 6
26/05/2013 04:36:13|INFO|PCSGJMC_USER_20130526.csv Total de Logins: 6
26/05/2013 04:36:13|INFO|PCSFELETRONICAPG_USER_20130526.csv Total de Logins: 4
26/05/2013 04:36:13|INFO|PCSDTH_USER_20130526.csv Total de Logins: 2
26/05/2013 04:36:13|INFO|Finalizado
