03/11/2012 04:30:01|INFO|Iniciando
03/11/2012 04:35:08|INFO|PCSCLARIFY_USER_20121103.csv Total de Logins: 19532
03/11/2012 04:35:08|INFO|PCSPDVGN_USER_20121103.csv Total de Logins: 3454
03/11/2012 04:35:08|INFO|PCSPDV_LIVE_USER_20121103.csv Total de Logins: 10281
03/11/2012 04:35:08|INFO|PCSPDVGL_USER_20121103.csv Total de Logins: 2109
03/11/2012 04:35:08|INFO|PCSSIEBEL_USER_20121103.csv Total de Logins: 137
03/11/2012 04:35:08|INFO|PCSDSF_USER_20121103.csv Total de Logins: 23715
03/11/2012 04:35:08|INFO|PCSPROTOCOLOS_USER_20121103.csv Total de Logins: 2779
03/11/2012 04:35:08|INFO|PCSSGR_USER_20121103.csv Total de Logins: 14943
03/11/2012 04:35:08|INFO|PCSCBCF_USER_20121103.csv Total de Logins: 11318
03/11/2012 04:35:08|INFO|PCSASP_USER_20121103.csv Total de Logins: 17160
03/11/2012 04:35:08|INFO|PCSIUNICA_USER_20121103.csv Total de Logins: 7511
03/11/2012 04:35:08|INFO|PCSICRC_USER_20121103.csv Total de Logins: 15700
03/11/2012 04:35:08|INFO|PCSPLOGISTICA_USER_20121103.csv Total de Logins: 4032
03/11/2012 04:35:08|INFO|PCSTIMFILAS_USER_20121103.csv Total de Logins: 1470
03/11/2012 04:35:08|INFO|PCSFELETRONICA_USER_20121103.csv Total de Logins: 2269
03/11/2012 04:35:08|INFO|PCSGVAS_USER_20121103.csv Total de Logins: 15
03/11/2012 04:35:08|INFO|PCSVERO_USER_20121103.csv Total de Logins: 20
03/11/2012 04:35:08|INFO|PCSVENDITA_USER_20121103.csv Total de Logins: 215
03/11/2012 04:35:08|INFO|PCSRAP_USER_20121103.csv Total de Logins: 27
03/11/2012 04:35:08|INFO|PCSSCTR-PORTAL_USER_20121103.csv Total de Logins: 18
03/11/2012 04:35:08|INFO|PCSSFA_USER_20121103.csv Total de Logins: 17
03/11/2012 04:35:08|INFO|PCSFELETRONICAPG_USER_20121103.csv Total de Logins: 10
03/11/2012 04:35:08|INFO|PCSGCPP_USER_20121103.csv Total de Logins: 9
03/11/2012 04:35:08|INFO|PCSUCM_USER_20121103.csv Total de Logins: 19
03/11/2012 04:35:08|INFO|PCSGJMC_USER_20121103.csv Total de Logins: 12
03/11/2012 04:35:08|INFO|PCSKPI_USER_20121103.csv Total de Logins: 8
03/11/2012 04:35:08|INFO|PCSIPVS_USER_20121103.csv Total de Logins: 8
03/11/2012 04:35:08|INFO|PCSPDV_MGMT_USER_20121103.csv Total de Logins: 7
03/11/2012 04:35:08|INFO|PCSP2B_USER_20121103.csv Total de Logins: 2
03/11/2012 04:35:08|INFO|PCSDTH_USER_20121103.csv Total de Logins: 2
03/11/2012 04:35:08|INFO|Finalizado
