11/04/2013 04:30:01|INFO|Iniciando
11/04/2013 04:36:21|INFO|PCSCLARIFY_USER_20130411.csv Total de Logins: 21705
11/04/2013 04:36:21|INFO|PCSPDVGN_USER_20130411.csv Total de Logins: 3429
11/04/2013 04:36:21|INFO|PCSPDV_LIVE_USER_20130411.csv Total de Logins: 11687
11/04/2013 04:36:21|INFO|PCSPDVGL_USER_20130411.csv Total de Logins: 2000
11/04/2013 04:36:21|INFO|PCSSIEBEL_USER_20130411.csv Total de Logins: 76
11/04/2013 04:36:21|INFO|PCSDSF_USER_20130411.csv Total de Logins: 25962
11/04/2013 04:36:21|INFO|PCSICRC_USER_20130411.csv Total de Logins: 17588
11/04/2013 04:36:21|INFO|PCSPROTOCOLOS_USER_20130411.csv Total de Logins: 2722
11/04/2013 04:36:21|INFO|PCSSGR_USER_20130411.csv Total de Logins: 17382
11/04/2013 04:36:21|INFO|PCSCBCF_USER_20130411.csv Total de Logins: 13115
11/04/2013 04:36:21|INFO|PCSASP_USER_20130411.csv Total de Logins: 19248
11/04/2013 04:36:21|INFO|PCSIUNICA_USER_20130411.csv Total de Logins: 8881
11/04/2013 04:36:21|INFO|PCSPLOGISTICA_USER_20130411.csv Total de Logins: 5477
11/04/2013 04:36:21|INFO|PCSP2B_USER_20130411.csv Total de Logins: 4579
11/04/2013 04:36:21|INFO|PCSTIMFILAS_USER_20130411.csv Total de Logins: 1625
11/04/2013 04:36:21|INFO|PCSFELETRONICA_USER_20130411.csv Total de Logins: 3526
11/04/2013 04:36:21|INFO|PCSVERO_USER_20130411.csv Total de Logins: 1454
11/04/2013 04:36:21|INFO|PCSSFA_USER_20130411.csv Total de Logins: 1405
11/04/2013 04:36:21|INFO|PCSVENDITA_USER_20130411.csv Total de Logins: 241
11/04/2013 04:36:21|INFO|PCSRAP_USER_20130411.csv Total de Logins: 19
11/04/2013 04:36:21|INFO|PCSSCTR-PORTAL_USER_20130411.csv Total de Logins: 18
11/04/2013 04:36:21|INFO|PCSUCM_USER_20130411.csv Total de Logins: 10
11/04/2013 04:36:21|INFO|PCSGVAS_USER_20130411.csv Total de Logins: 8
11/04/2013 04:36:21|INFO|PCSKPI_USER_20130411.csv Total de Logins: 8
11/04/2013 04:36:21|INFO|PCSIPVS_USER_20130411.csv Total de Logins: 4
11/04/2013 04:36:21|INFO|PCSBDOH_USER_20130411.csv Total de Logins: 227
11/04/2013 04:36:21|INFO|PCSSALES_USER_20130411.csv Total de Logins: 64
11/04/2013 04:36:21|INFO|PCSGCPP_USER_20130411.csv Total de Logins: 4
11/04/2013 04:36:21|INFO|PCSPDV_MGMT_USER_20130411.csv Total de Logins: 7
11/04/2013 04:36:21|INFO|PCSGJMC_USER_20130411.csv Total de Logins: 6
11/04/2013 04:36:21|INFO|PCSFELETRONICAPG_USER_20130411.csv Total de Logins: 6
11/04/2013 04:36:21|INFO|PCSDTH_USER_20130411.csv Total de Logins: 2
11/04/2013 04:36:21|INFO|Finalizado
