09/10/2012 04:30:01|INFO|Iniciando
09/10/2012 04:35:09|INFO|PCSCLARIFY_USER_20121009.csv Total de Logins: 20077
09/10/2012 04:35:09|INFO|PCSPDVGN_USER_20121009.csv Total de Logins: 3439
09/10/2012 04:35:09|INFO|PCSPDV_LIVE_USER_20121009.csv Total de Logins: 9849
09/10/2012 04:35:09|INFO|PCSPDVGL_USER_20121009.csv Total de Logins: 2148
09/10/2012 04:35:09|INFO|PCSSIEBEL_USER_20121009.csv Total de Logins: 527
09/10/2012 04:35:09|INFO|PCSDSF_USER_20121009.csv Total de Logins: 24119
09/10/2012 04:35:09|INFO|PCSSGR_USER_20121009.csv Total de Logins: 14894
09/10/2012 04:35:09|INFO|PCSCBCF_USER_20121009.csv Total de Logins: 10811
09/10/2012 04:35:09|INFO|PCSPROTOCOLOS_USER_20121009.csv Total de Logins: 2129
09/10/2012 04:35:09|INFO|PCSASP_USER_20121009.csv Total de Logins: 17465
09/10/2012 04:35:09|INFO|PCSIUNICA_USER_20121009.csv Total de Logins: 7627
09/10/2012 04:35:09|INFO|PCSICRC_USER_20121009.csv Total de Logins: 16056
09/10/2012 04:35:09|INFO|PCSPLOGISTICA_USER_20121009.csv Total de Logins: 4153
09/10/2012 04:35:09|INFO|PCSTIMFILAS_USER_20121009.csv Total de Logins: 1325
09/10/2012 04:35:09|INFO|PCSFELETRONICA_USER_20121009.csv Total de Logins: 2272
09/10/2012 04:35:09|INFO|PCSGVAS_USER_20121009.csv Total de Logins: 16
09/10/2012 04:35:09|INFO|PCSDTH_USER_20121009.csv Total de Logins: 6
09/10/2012 04:35:09|INFO|PCSVENDITA_USER_20121009.csv Total de Logins: 233
09/10/2012 04:35:09|INFO|PCSRAP_USER_20121009.csv Total de Logins: 36
09/10/2012 04:35:09|INFO|PCSSCTR-PORTAL_USER_20121009.csv Total de Logins: 20
09/10/2012 04:35:09|INFO|PCSVERO_USER_20121009.csv Total de Logins: 18
09/10/2012 04:35:09|INFO|PCSSFA_USER_20121009.csv Total de Logins: 17
09/10/2012 04:35:09|INFO|PCSFELETRONICAPG_USER_20121009.csv Total de Logins: 12
09/10/2012 04:35:09|INFO|PCSGCPP_USER_20121009.csv Total de Logins: 10
09/10/2012 04:35:09|INFO|PCSUCM_USER_20121009.csv Total de Logins: 40
09/10/2012 04:35:09|INFO|PCSGJMC_USER_20121009.csv Total de Logins: 13
09/10/2012 04:35:09|INFO|PCSKPI_USER_20121009.csv Total de Logins: 8
09/10/2012 04:35:09|INFO|PCSIPVS_USER_20121009.csv Total de Logins: 9
09/10/2012 04:35:09|INFO|PCSPDV_MGMT_USER_20121009.csv Total de Logins: 6
09/10/2012 04:35:09|INFO|PCSP2B_USER_20121009.csv Total de Logins: 1
09/10/2012 04:35:09|INFO|PCSBISEMANTICO_USER_20121009.csv Total de Logins: 2
09/10/2012 04:35:09|INFO|Finalizado
