31/01/2013 04:30:01|INFO|Iniciando
31/01/2013 04:35:51|INFO|PCSCLARIFY_USER_20130131.csv Total de Logins: 21411
31/01/2013 04:35:51|INFO|PCSPDVGN_USER_20130131.csv Total de Logins: 3447
31/01/2013 04:35:51|INFO|PCSPDV_LIVE_USER_20130131.csv Total de Logins: 11872
31/01/2013 04:35:51|INFO|PCSSFA_USER_20130131.csv Total de Logins: 1802
31/01/2013 04:35:51|INFO|PCSPDVGL_USER_20130131.csv Total de Logins: 2056
31/01/2013 04:35:51|INFO|PCSSIEBEL_USER_20130131.csv Total de Logins: 29
31/01/2013 04:35:51|INFO|PCSDSF_USER_20130131.csv Total de Logins: 25525
31/01/2013 04:35:51|INFO|PCSPROTOCOLOS_USER_20130131.csv Total de Logins: 2840
31/01/2013 04:35:51|INFO|PCSSGR_USER_20130131.csv Total de Logins: 16428
31/01/2013 04:35:51|INFO|PCSCBCF_USER_20130131.csv Total de Logins: 12347
31/01/2013 04:35:51|INFO|PCSICRC_USER_20130131.csv Total de Logins: 17437
31/01/2013 04:35:51|INFO|PCSASP_USER_20130131.csv Total de Logins: 19086
31/01/2013 04:35:51|INFO|PCSIUNICA_USER_20130131.csv Total de Logins: 8518
31/01/2013 04:35:51|INFO|PCSPLOGISTICA_USER_20130131.csv Total de Logins: 4089
31/01/2013 04:35:51|INFO|PCSP2B_USER_20130131.csv Total de Logins: 1760
31/01/2013 04:35:51|INFO|PCSTIMFILAS_USER_20130131.csv Total de Logins: 1625
31/01/2013 04:35:51|INFO|PCSFELETRONICA_USER_20130131.csv Total de Logins: 3359
31/01/2013 04:35:51|INFO|PCSVERO_USER_20130131.csv Total de Logins: 1690
31/01/2013 04:35:51|INFO|PCSVENDITA_USER_20130131.csv Total de Logins: 255
31/01/2013 04:35:51|INFO|PCSSCTR-PORTAL_USER_20130131.csv Total de Logins: 16
31/01/2013 04:35:51|INFO|PCSRAP_USER_20130131.csv Total de Logins: 14
31/01/2013 04:35:51|INFO|PCSBDOH_USER_20130131.csv Total de Logins: 186
31/01/2013 04:35:51|INFO|PCSUCM_USER_20130131.csv Total de Logins: 11
31/01/2013 04:35:51|INFO|PCSGVAS_USER_20130131.csv Total de Logins: 10
31/01/2013 04:35:51|INFO|PCSKPI_USER_20130131.csv Total de Logins: 8
31/01/2013 04:35:51|INFO|PCSIPVS_USER_20130131.csv Total de Logins: 5
31/01/2013 04:35:51|INFO|PCSSALES_USER_20130131.csv Total de Logins: 95
31/01/2013 04:35:51|INFO|PCSGCPP_USER_20130131.csv Total de Logins: 5
31/01/2013 04:35:51|INFO|PCSPDV_MGMT_USER_20130131.csv Total de Logins: 7
31/01/2013 04:35:51|INFO|PCSGJMC_USER_20130131.csv Total de Logins: 7
31/01/2013 04:35:51|INFO|PCSFELETRONICAPG_USER_20130131.csv Total de Logins: 6
31/01/2013 04:35:51|INFO|PCSDTH_USER_20130131.csv Total de Logins: 2
31/01/2013 04:35:51|INFO|Finalizado
