13/12/2012 04:30:01|INFO|Iniciando
13/12/2012 04:35:33|INFO|PCSCLARIFY_USER_20121213.csv Total de Logins: 20829
13/12/2012 04:35:33|INFO|PCSPDVGN_USER_20121213.csv Total de Logins: 3395
13/12/2012 04:35:33|INFO|PCSPDV_LIVE_USER_20121213.csv Total de Logins: 12481
13/12/2012 04:35:33|INFO|PCSBDOH_USER_20121213.csv Total de Logins: 329
13/12/2012 04:35:33|INFO|PCSPDVGL_USER_20121213.csv Total de Logins: 2033
13/12/2012 04:35:33|INFO|PCSSIEBEL_USER_20121213.csv Total de Logins: 88
13/12/2012 04:35:33|INFO|PCSDSF_USER_20121213.csv Total de Logins: 25180
13/12/2012 04:35:33|INFO|PCSPROTOCOLOS_USER_20121213.csv Total de Logins: 3534
13/12/2012 04:35:33|INFO|PCSSGR_USER_20121213.csv Total de Logins: 16785
13/12/2012 04:35:33|INFO|PCSCBCF_USER_20121213.csv Total de Logins: 12568
13/12/2012 04:35:33|INFO|PCSIUNICA_USER_20121213.csv Total de Logins: 8393
13/12/2012 04:35:33|INFO|PCSFELETRONICA_USER_20121213.csv Total de Logins: 2693
13/12/2012 04:35:33|INFO|PCSICRC_USER_20121213.csv Total de Logins: 16768
13/12/2012 04:35:33|INFO|PCSPLOGISTICA_USER_20121213.csv Total de Logins: 4060
13/12/2012 04:35:33|INFO|PCSASP_USER_20121213.csv Total de Logins: 18351
13/12/2012 04:35:33|INFO|PCSSFA_USER_20121213.csv Total de Logins: 107
13/12/2012 04:35:33|INFO|PCSTIMFILAS_USER_20121213.csv Total de Logins: 1680
13/12/2012 04:35:33|INFO|PCSGVAS_USER_20121213.csv Total de Logins: 13
13/12/2012 04:35:33|INFO|PCSVERO_USER_20121213.csv Total de Logins: 202
13/12/2012 04:35:33|INFO|PCSSALES_USER_20121213.csv Total de Logins: 375
13/12/2012 04:35:33|INFO|PCSVENDITA_USER_20121213.csv Total de Logins: 231
13/12/2012 04:35:33|INFO|PCSSCTR-PORTAL_USER_20121213.csv Total de Logins: 19
13/12/2012 04:35:33|INFO|PCSRAP_USER_20121213.csv Total de Logins: 21
13/12/2012 04:35:33|INFO|PCSP2B_USER_20121213.csv Total de Logins: 26
13/12/2012 04:35:33|INFO|PCSUCM_USER_20121213.csv Total de Logins: 11
13/12/2012 04:35:33|INFO|PCSKPI_USER_20121213.csv Total de Logins: 8
13/12/2012 04:35:33|INFO|PCSIPVS_USER_20121213.csv Total de Logins: 5
13/12/2012 04:35:33|INFO|PCSGCPP_USER_20121213.csv Total de Logins: 6
13/12/2012 04:35:33|INFO|PCSPDV_MGMT_USER_20121213.csv Total de Logins: 6
13/12/2012 04:35:33|INFO|PCSGJMC_USER_20121213.csv Total de Logins: 8
13/12/2012 04:35:33|INFO|PCSFELETRONICAPG_USER_20121213.csv Total de Logins: 7
13/12/2012 04:35:33|INFO|PCSDTH_USER_20121213.csv Total de Logins: 2
13/12/2012 04:35:33|INFO|Finalizado
