06/02/2013 04:30:01|INFO|Iniciando
06/02/2013 04:35:47|INFO|PCSCLARIFY_USER_20130206.csv Total de Logins: 21054
06/02/2013 04:35:47|INFO|PCSPDVGN_USER_20130206.csv Total de Logins: 3450
06/02/2013 04:35:47|INFO|PCSPDV_LIVE_USER_20130206.csv Total de Logins: 12158
06/02/2013 04:35:47|INFO|PCSSFA_USER_20130206.csv Total de Logins: 1792
06/02/2013 04:35:47|INFO|PCSPDVGL_USER_20130206.csv Total de Logins: 2057
06/02/2013 04:35:47|INFO|PCSSIEBEL_USER_20130206.csv Total de Logins: 29
06/02/2013 04:35:47|INFO|PCSDSF_USER_20130206.csv Total de Logins: 25357
06/02/2013 04:35:47|INFO|PCSPROTOCOLOS_USER_20130206.csv Total de Logins: 2573
06/02/2013 04:35:47|INFO|PCSSGR_USER_20130206.csv Total de Logins: 16297
06/02/2013 04:35:47|INFO|PCSCBCF_USER_20130206.csv Total de Logins: 12226
06/02/2013 04:35:47|INFO|PCSICRC_USER_20130206.csv Total de Logins: 17127
06/02/2013 04:35:47|INFO|PCSASP_USER_20130206.csv Total de Logins: 18847
06/02/2013 04:35:47|INFO|PCSIUNICA_USER_20130206.csv Total de Logins: 8578
06/02/2013 04:35:47|INFO|PCSPLOGISTICA_USER_20130206.csv Total de Logins: 4301
06/02/2013 04:35:47|INFO|PCSP2B_USER_20130206.csv Total de Logins: 1810
06/02/2013 04:35:47|INFO|PCSTIMFILAS_USER_20130206.csv Total de Logins: 1603
06/02/2013 04:35:47|INFO|PCSFELETRONICA_USER_20130206.csv Total de Logins: 3564
06/02/2013 04:35:47|INFO|PCSVERO_USER_20130206.csv Total de Logins: 1687
06/02/2013 04:35:47|INFO|PCSVENDITA_USER_20130206.csv Total de Logins: 249
06/02/2013 04:35:47|INFO|PCSRAP_USER_20130206.csv Total de Logins: 14
06/02/2013 04:35:47|INFO|PCSSCTR-PORTAL_USER_20130206.csv Total de Logins: 16
06/02/2013 04:35:47|INFO|PCSUCM_USER_20130206.csv Total de Logins: 11
06/02/2013 04:35:47|INFO|PCSGVAS_USER_20130206.csv Total de Logins: 9
06/02/2013 04:35:47|INFO|PCSKPI_USER_20130206.csv Total de Logins: 7
06/02/2013 04:35:47|INFO|PCSIPVS_USER_20130206.csv Total de Logins: 5
06/02/2013 04:35:47|INFO|PCSBDOH_USER_20130206.csv Total de Logins: 184
06/02/2013 04:35:47|INFO|PCSSALES_USER_20130206.csv Total de Logins: 88
06/02/2013 04:35:47|INFO|PCSGCPP_USER_20130206.csv Total de Logins: 5
06/02/2013 04:35:47|INFO|PCSPDV_MGMT_USER_20130206.csv Total de Logins: 8
06/02/2013 04:35:47|INFO|PCSGJMC_USER_20130206.csv Total de Logins: 7
06/02/2013 04:35:47|INFO|PCSFELETRONICAPG_USER_20130206.csv Total de Logins: 6
06/02/2013 04:35:47|INFO|PCSDTH_USER_20130206.csv Total de Logins: 2
06/02/2013 04:35:47|INFO|Finalizado
