16/08/2013 04:30:01|INFO|Iniciando
16/08/2013 04:36:38|INFO|PCSCLARIFY_USER_20130816.csv Total de Logins: 19380
16/08/2013 04:36:38|INFO|PCSPDVGN_USER_20130816.csv Total de Logins: 3284
16/08/2013 04:36:38|INFO|PCSICRC_USER_20130816.csv Total de Logins: 16011
16/08/2013 04:36:38|INFO|PCSDSF_USER_20130816.csv Total de Logins: 24062
16/08/2013 04:36:38|INFO|PCSSFA_USER_20130816.csv Total de Logins: 3652
16/08/2013 04:36:38|INFO|PCSPDV_LIVE_USER_20130816.csv Total de Logins: 11676
16/08/2013 04:36:38|INFO|PCSPDVGL_USER_20130816.csv Total de Logins: 1698
16/08/2013 04:36:38|INFO|PCSPROTOCOLOS_USER_20130816.csv Total de Logins: 3300
16/08/2013 04:36:38|INFO|PCSSGR_USER_20130816.csv Total de Logins: 16121
16/08/2013 04:36:38|INFO|PCSCBCF_USER_20130816.csv Total de Logins: 12318
16/08/2013 04:36:38|INFO|PCSASP_USER_20130816.csv Total de Logins: 16937
16/08/2013 04:36:39|INFO|PCSIUNICA_USER_20130816.csv Total de Logins: 8282
16/08/2013 04:36:39|INFO|PCSSIEBEL_USER_20130816.csv Total de Logins: 4239
16/08/2013 04:36:39|INFO|PCSFELETRONICA_USER_20130816.csv Total de Logins: 6588
16/08/2013 04:36:39|INFO|PCSP2B_USER_20130816.csv Total de Logins: 6798
16/08/2013 04:36:39|INFO|PCSVERO_USER_20130816.csv Total de Logins: 3280
16/08/2013 04:36:39|INFO|PCSPLOGISTICA_USER_20130816.csv Total de Logins: 2840
16/08/2013 04:36:39|INFO|PCSTIMFILAS_USER_20130816.csv Total de Logins: 1769
16/08/2013 04:36:39|INFO|PCSGCOB_USER_20130816.csv Total de Logins: 14
16/08/2013 04:36:39|INFO|PCSVENDITA_USER_20130816.csv Total de Logins: 299
16/08/2013 04:36:39|INFO|PCSSCTR-PORTAL_USER_20130816.csv Total de Logins: 24
16/08/2013 04:36:39|INFO|PCSRAP_USER_20130816.csv Total de Logins: 16
16/08/2013 04:36:39|INFO|PCSGEOWEB_USER_20130816.csv Total de Logins: 1
16/08/2013 04:36:39|INFO|PCSUCM_USER_20130816.csv Total de Logins: 9
16/08/2013 04:36:39|INFO|PCSGVAS_USER_20130816.csv Total de Logins: 8
16/08/2013 04:36:39|INFO|PCSKPI_USER_20130816.csv Total de Logins: 6
16/08/2013 04:36:39|INFO|PCSIPVS_USER_20130816.csv Total de Logins: 8
16/08/2013 04:36:39|INFO|PCSBDOH_USER_20130816.csv Total de Logins: 161
16/08/2013 04:36:39|INFO|PCSSALES_USER_20130816.csv Total de Logins: 32
16/08/2013 04:36:39|INFO|PCSDTH_USER_20130816.csv Total de Logins: 8
16/08/2013 04:36:39|INFO|PCSVCE_USER_20130816.csv Total de Logins: 66
16/08/2013 04:36:39|INFO|PCSPDV_MGMT_USER_20130816.csv Total de Logins: 21
16/08/2013 04:36:39|INFO|PCSFELETRONICAPG_USER_20130816.csv Total de Logins: 11
16/08/2013 04:36:39|INFO|PCSGCPP_USER_20130816.csv Total de Logins: 9
16/08/2013 04:36:39|INFO|PCSGJMC_USER_20130816.csv Total de Logins: 8
16/08/2013 04:36:39|INFO|PCSBISEMANTICO_USER_20130816.csv Total de Logins: 1
16/08/2013 04:36:39|INFO|Finalizado
