07/11/2012 04:30:01|INFO|Iniciando
07/11/2012 04:35:17|INFO|PCSCLARIFY_USER_20121107.csv Total de Logins: 19401
07/11/2012 04:35:17|INFO|PCSPDVGN_USER_20121107.csv Total de Logins: 3350
07/11/2012 04:35:17|INFO|PCSPDV_LIVE_USER_20121107.csv Total de Logins: 10222
07/11/2012 04:35:17|INFO|PCSPDVGL_USER_20121107.csv Total de Logins: 2022
07/11/2012 04:35:17|INFO|PCSSIEBEL_USER_20121107.csv Total de Logins: 129
07/11/2012 04:35:17|INFO|PCSDSF_USER_20121107.csv Total de Logins: 23534
07/11/2012 04:35:17|INFO|PCSPROTOCOLOS_USER_20121107.csv Total de Logins: 2775
07/11/2012 04:35:17|INFO|PCSSGR_USER_20121107.csv Total de Logins: 14878
07/11/2012 04:35:17|INFO|PCSCBCF_USER_20121107.csv Total de Logins: 11212
07/11/2012 04:35:17|INFO|PCSASP_USER_20121107.csv Total de Logins: 17037
07/11/2012 04:35:17|INFO|PCSIUNICA_USER_20121107.csv Total de Logins: 7516
07/11/2012 04:35:17|INFO|PCSICRC_USER_20121107.csv Total de Logins: 15608
07/11/2012 04:35:17|INFO|PCSPLOGISTICA_USER_20121107.csv Total de Logins: 3898
07/11/2012 04:35:17|INFO|PCSTIMFILAS_USER_20121107.csv Total de Logins: 1459
07/11/2012 04:35:17|INFO|PCSFELETRONICA_USER_20121107.csv Total de Logins: 2235
07/11/2012 04:35:17|INFO|PCSGVAS_USER_20121107.csv Total de Logins: 15
07/11/2012 04:35:17|INFO|PCSVERO_USER_20121107.csv Total de Logins: 20
07/11/2012 04:35:17|INFO|PCSVENDITA_USER_20121107.csv Total de Logins: 209
07/11/2012 04:35:17|INFO|PCSRAP_USER_20121107.csv Total de Logins: 26
07/11/2012 04:35:17|INFO|PCSSCTR-PORTAL_USER_20121107.csv Total de Logins: 18
07/11/2012 04:35:17|INFO|PCSSFA_USER_20121107.csv Total de Logins: 18
07/11/2012 04:35:17|INFO|PCSFELETRONICAPG_USER_20121107.csv Total de Logins: 10
07/11/2012 04:35:17|INFO|PCSGCPP_USER_20121107.csv Total de Logins: 9
07/11/2012 04:35:17|INFO|PCSUCM_USER_20121107.csv Total de Logins: 17
07/11/2012 04:35:17|INFO|PCSGJMC_USER_20121107.csv Total de Logins: 12
07/11/2012 04:35:17|INFO|PCSKPI_USER_20121107.csv Total de Logins: 8
07/11/2012 04:35:17|INFO|PCSIPVS_USER_20121107.csv Total de Logins: 8
07/11/2012 04:35:17|INFO|PCSPDV_MGMT_USER_20121107.csv Total de Logins: 7
07/11/2012 04:35:17|INFO|PCSP2B_USER_20121107.csv Total de Logins: 3
07/11/2012 04:35:17|INFO|PCSDTH_USER_20121107.csv Total de Logins: 2
07/11/2012 04:35:17|INFO|Finalizado
