17/02/2013 04:30:01|INFO|Iniciando
17/02/2013 04:36:04|INFO|PCSCLARIFY_USER_20130217.csv Total de Logins: 21738
17/02/2013 04:36:04|INFO|PCSPDVGN_USER_20130217.csv Total de Logins: 3473
17/02/2013 04:36:04|INFO|PCSPDV_LIVE_USER_20130217.csv Total de Logins: 13163
17/02/2013 04:36:04|INFO|PCSSFA_USER_20130217.csv Total de Logins: 1771
17/02/2013 04:36:04|INFO|PCSPDVGL_USER_20130217.csv Total de Logins: 2060
17/02/2013 04:36:04|INFO|PCSSIEBEL_USER_20130217.csv Total de Logins: 29
17/02/2013 04:36:04|INFO|PCSASP_USER_20130217.csv Total de Logins: 19748
17/02/2013 04:36:04|INFO|PCSDSF_USER_20130217.csv Total de Logins: 26353
17/02/2013 04:36:04|INFO|PCSPROTOCOLOS_USER_20130217.csv Total de Logins: 2669
17/02/2013 04:36:04|INFO|PCSSGR_USER_20130217.csv Total de Logins: 17214
17/02/2013 04:36:04|INFO|PCSCBCF_USER_20130217.csv Total de Logins: 12560
17/02/2013 04:36:04|INFO|PCSICRC_USER_20130217.csv Total de Logins: 18280
17/02/2013 04:36:04|INFO|PCSIUNICA_USER_20130217.csv Total de Logins: 9444
17/02/2013 04:36:04|INFO|PCSPLOGISTICA_USER_20130217.csv Total de Logins: 5205
17/02/2013 04:36:04|INFO|PCSP2B_USER_20130217.csv Total de Logins: 1833
17/02/2013 04:36:04|INFO|PCSTIMFILAS_USER_20130217.csv Total de Logins: 1602
17/02/2013 04:36:04|INFO|PCSFELETRONICA_USER_20130217.csv Total de Logins: 4508
17/02/2013 04:36:04|INFO|PCSVERO_USER_20130217.csv Total de Logins: 1688
17/02/2013 04:36:04|INFO|PCSVENDITA_USER_20130217.csv Total de Logins: 263
17/02/2013 04:36:04|INFO|PCSRAP_USER_20130217.csv Total de Logins: 14
17/02/2013 04:36:04|INFO|PCSSCTR-PORTAL_USER_20130217.csv Total de Logins: 16
17/02/2013 04:36:04|INFO|PCSUCM_USER_20130217.csv Total de Logins: 10
17/02/2013 04:36:04|INFO|PCSGVAS_USER_20130217.csv Total de Logins: 9
17/02/2013 04:36:04|INFO|PCSKPI_USER_20130217.csv Total de Logins: 7
17/02/2013 04:36:04|INFO|PCSIPVS_USER_20130217.csv Total de Logins: 5
17/02/2013 04:36:04|INFO|PCSBDOH_USER_20130217.csv Total de Logins: 182
17/02/2013 04:36:04|INFO|PCSSALES_USER_20130217.csv Total de Logins: 83
17/02/2013 04:36:04|INFO|PCSGCPP_USER_20130217.csv Total de Logins: 6
17/02/2013 04:36:04|INFO|PCSPDV_MGMT_USER_20130217.csv Total de Logins: 8
17/02/2013 04:36:04|INFO|PCSGJMC_USER_20130217.csv Total de Logins: 7
17/02/2013 04:36:04|INFO|PCSFELETRONICAPG_USER_20130217.csv Total de Logins: 6
17/02/2013 04:36:04|INFO|PCSDTH_USER_20130217.csv Total de Logins: 2
17/02/2013 04:36:04|INFO|Finalizado
