13/11/2012 04:30:01|INFO|Iniciando
13/11/2012 04:35:14|INFO|PCSCLARIFY_USER_20121113.csv Total de Logins: 19575
13/11/2012 04:35:14|INFO|PCSPDVGN_USER_20121113.csv Total de Logins: 3340
13/11/2012 04:35:14|INFO|PCSPDV_LIVE_USER_20121113.csv Total de Logins: 10215
13/11/2012 04:35:14|INFO|PCSPDVGL_USER_20121113.csv Total de Logins: 2006
13/11/2012 04:35:14|INFO|PCSSIEBEL_USER_20121113.csv Total de Logins: 123
13/11/2012 04:35:14|INFO|PCSDSF_USER_20121113.csv Total de Logins: 23675
13/11/2012 04:35:14|INFO|PCSPROTOCOLOS_USER_20121113.csv Total de Logins: 2772
13/11/2012 04:35:14|INFO|PCSSGR_USER_20121113.csv Total de Logins: 14921
13/11/2012 04:35:14|INFO|PCSCBCF_USER_20121113.csv Total de Logins: 11624
13/11/2012 04:35:14|INFO|PCSASP_USER_20121113.csv Total de Logins: 17098
13/11/2012 04:35:14|INFO|PCSIUNICA_USER_20121113.csv Total de Logins: 7555
13/11/2012 04:35:14|INFO|PCSICRC_USER_20121113.csv Total de Logins: 15472
13/11/2012 04:35:14|INFO|PCSPLOGISTICA_USER_20121113.csv Total de Logins: 3989
13/11/2012 04:35:14|INFO|PCSTIMFILAS_USER_20121113.csv Total de Logins: 1489
13/11/2012 04:35:14|INFO|PCSFELETRONICA_USER_20121113.csv Total de Logins: 2386
13/11/2012 04:35:14|INFO|PCSGVAS_USER_20121113.csv Total de Logins: 14
13/11/2012 04:35:14|INFO|PCSVERO_USER_20121113.csv Total de Logins: 20
13/11/2012 04:35:14|INFO|PCSVENDITA_USER_20121113.csv Total de Logins: 201
13/11/2012 04:35:14|INFO|PCSRAP_USER_20121113.csv Total de Logins: 22
13/11/2012 04:35:14|INFO|PCSSCTR-PORTAL_USER_20121113.csv Total de Logins: 18
13/11/2012 04:35:14|INFO|PCSSFA_USER_20121113.csv Total de Logins: 18
13/11/2012 04:35:14|INFO|PCSFELETRONICAPG_USER_20121113.csv Total de Logins: 10
13/11/2012 04:35:14|INFO|PCSGCPP_USER_20121113.csv Total de Logins: 9
13/11/2012 04:35:14|INFO|PCSUCM_USER_20121113.csv Total de Logins: 16
13/11/2012 04:35:14|INFO|PCSGJMC_USER_20121113.csv Total de Logins: 12
13/11/2012 04:35:14|INFO|PCSKPI_USER_20121113.csv Total de Logins: 8
13/11/2012 04:35:14|INFO|PCSIPVS_USER_20121113.csv Total de Logins: 8
13/11/2012 04:35:14|INFO|PCSPDV_MGMT_USER_20121113.csv Total de Logins: 7
13/11/2012 04:35:14|INFO|PCSP2B_USER_20121113.csv Total de Logins: 3
13/11/2012 04:35:14|INFO|PCSDTH_USER_20121113.csv Total de Logins: 2
13/11/2012 04:35:14|INFO|Finalizado
