11/07/2013 04:30:02|INFO|Iniciando
11/07/2013 04:36:28|INFO|PCSCLARIFY_USER_20130711.csv Total de Logins: 20149
11/07/2013 04:36:28|INFO|PCSPDVGN_USER_20130711.csv Total de Logins: 3241
11/07/2013 04:36:28|INFO|PCSICRC_USER_20130711.csv Total de Logins: 16329
11/07/2013 04:36:28|INFO|PCSDSF_USER_20130711.csv Total de Logins: 24537
11/07/2013 04:36:28|INFO|PCSSFA_USER_20130711.csv Total de Logins: 3267
11/07/2013 04:36:28|INFO|PCSPDVGL_USER_20130711.csv Total de Logins: 1742
11/07/2013 04:36:28|INFO|PCSPDV_LIVE_USER_20130711.csv Total de Logins: 11717
11/07/2013 04:36:29|INFO|PCSPROTOCOLOS_USER_20130711.csv Total de Logins: 3280
11/07/2013 04:36:29|INFO|PCSSGR_USER_20130711.csv Total de Logins: 16366
11/07/2013 04:36:29|INFO|PCSCBCF_USER_20130711.csv Total de Logins: 12214
11/07/2013 04:36:29|INFO|PCSASP_USER_20130711.csv Total de Logins: 17658
11/07/2013 04:36:29|INFO|PCSIUNICA_USER_20130711.csv Total de Logins: 8055
11/07/2013 04:36:29|INFO|PCSP2B_USER_20130711.csv Total de Logins: 6016
11/07/2013 04:36:29|INFO|PCSSIEBEL_USER_20130711.csv Total de Logins: 1147
11/07/2013 04:36:29|INFO|PCSPLOGISTICA_USER_20130711.csv Total de Logins: 3543
11/07/2013 04:36:29|INFO|PCSFELETRONICA_USER_20130711.csv Total de Logins: 2147
11/07/2013 04:36:29|INFO|PCSVERO_USER_20130711.csv Total de Logins: 3027
11/07/2013 04:36:29|INFO|PCSTIMFILAS_USER_20130711.csv Total de Logins: 1666
11/07/2013 04:36:29|INFO|PCSVENDITA_USER_20130711.csv Total de Logins: 243
11/07/2013 04:36:29|INFO|PCSVCE_USER_20130711.csv Total de Logins: 65
11/07/2013 04:36:29|INFO|PCSSCTR-PORTAL_USER_20130711.csv Total de Logins: 21
11/07/2013 04:36:29|INFO|PCSRAP_USER_20130711.csv Total de Logins: 23
11/07/2013 04:36:29|INFO|PCSGCPP_USER_20130711.csv Total de Logins: 11
11/07/2013 04:36:29|INFO|PCSUCM_USER_20130711.csv Total de Logins: 9
11/07/2013 04:36:29|INFO|PCSGVAS_USER_20130711.csv Total de Logins: 8
11/07/2013 04:36:29|INFO|PCSKPI_USER_20130711.csv Total de Logins: 6
11/07/2013 04:36:29|INFO|PCSIPVS_USER_20130711.csv Total de Logins: 7
11/07/2013 04:36:29|INFO|PCSBDOH_USER_20130711.csv Total de Logins: 133
11/07/2013 04:36:29|INFO|PCSSALES_USER_20130711.csv Total de Logins: 33
11/07/2013 04:36:29|INFO|PCSDTH_USER_20130711.csv Total de Logins: 9
11/07/2013 04:36:29|INFO|PCSPDV_MGMT_USER_20130711.csv Total de Logins: 9
11/07/2013 04:36:29|INFO|PCSBISEMANTICO_USER_20130711.csv Total de Logins: 6
11/07/2013 04:36:29|INFO|PCSGJMC_USER_20130711.csv Total de Logins: 7
11/07/2013 04:36:29|INFO|PCSFELETRONICAPG_USER_20130711.csv Total de Logins: 9
11/07/2013 04:36:29|INFO|Finalizado
