16/05/2013 04:30:01|INFO|Iniciando
16/05/2013 04:36:21|INFO|PCSCLARIFY_USER_20130516.csv Total de Logins: 20707
16/05/2013 04:36:21|INFO|PCSPDVGN_USER_20130516.csv Total de Logins: 3087
16/05/2013 04:36:21|INFO|PCSPDV_LIVE_USER_20130516.csv Total de Logins: 10635
16/05/2013 04:36:21|INFO|PCSPDVGL_USER_20130516.csv Total de Logins: 1806
16/05/2013 04:36:21|INFO|PCSSIEBEL_USER_20130516.csv Total de Logins: 82
16/05/2013 04:36:21|INFO|PCSDSF_USER_20130516.csv Total de Logins: 24623
16/05/2013 04:36:21|INFO|PCSPROTOCOLOS_USER_20130516.csv Total de Logins: 2503
16/05/2013 04:36:21|INFO|PCSSGR_USER_20130516.csv Total de Logins: 16416
16/05/2013 04:36:22|INFO|PCSCBCF_USER_20130516.csv Total de Logins: 12012
16/05/2013 04:36:22|INFO|PCSICRC_USER_20130516.csv Total de Logins: 16651
16/05/2013 04:36:22|INFO|PCSASP_USER_20130516.csv Total de Logins: 18377
16/05/2013 04:36:22|INFO|PCSIUNICA_USER_20130516.csv Total de Logins: 8267
16/05/2013 04:36:22|INFO|PCSP2B_USER_20130516.csv Total de Logins: 4477
16/05/2013 04:36:22|INFO|PCSPLOGISTICA_USER_20130516.csv Total de Logins: 4817
16/05/2013 04:36:22|INFO|PCSSFA_USER_20130516.csv Total de Logins: 1941
16/05/2013 04:36:22|INFO|PCSVERO_USER_20130516.csv Total de Logins: 1756
16/05/2013 04:36:22|INFO|PCSTIMFILAS_USER_20130516.csv Total de Logins: 1672
16/05/2013 04:36:22|INFO|PCSFELETRONICA_USER_20130516.csv Total de Logins: 2924
16/05/2013 04:36:22|INFO|PCSVENDITA_USER_20130516.csv Total de Logins: 258
16/05/2013 04:36:22|INFO|PCSRAP_USER_20130516.csv Total de Logins: 22
16/05/2013 04:36:22|INFO|PCSSCTR-PORTAL_USER_20130516.csv Total de Logins: 19
16/05/2013 04:36:22|INFO|PCSUCM_USER_20130516.csv Total de Logins: 10
16/05/2013 04:36:22|INFO|PCSGVAS_USER_20130516.csv Total de Logins: 8
16/05/2013 04:36:22|INFO|PCSKPI_USER_20130516.csv Total de Logins: 7
16/05/2013 04:36:22|INFO|PCSIPVS_USER_20130516.csv Total de Logins: 4
16/05/2013 04:36:22|INFO|PCSBDOH_USER_20130516.csv Total de Logins: 146
16/05/2013 04:36:22|INFO|PCSSALES_USER_20130516.csv Total de Logins: 51
16/05/2013 04:36:22|INFO|PCSGCPP_USER_20130516.csv Total de Logins: 5
16/05/2013 04:36:22|INFO|PCSPDV_MGMT_USER_20130516.csv Total de Logins: 6
16/05/2013 04:36:22|INFO|PCSGJMC_USER_20130516.csv Total de Logins: 6
16/05/2013 04:36:22|INFO|PCSFELETRONICAPG_USER_20130516.csv Total de Logins: 5
16/05/2013 04:36:22|INFO|PCSDTH_USER_20130516.csv Total de Logins: 2
16/05/2013 04:36:22|INFO|Finalizado
