29/03/2013 04:30:01|INFO|Iniciando
29/03/2013 04:36:23|INFO|PCSCLARIFY_USER_20130329.csv Total de Logins: 21492
29/03/2013 04:36:23|INFO|PCSPDVGN_USER_20130329.csv Total de Logins: 3434
29/03/2013 04:36:23|INFO|PCSPDV_LIVE_USER_20130329.csv Total de Logins: 12230
29/03/2013 04:36:23|INFO|PCSPDVGL_USER_20130329.csv Total de Logins: 2013
29/03/2013 04:36:23|INFO|PCSSIEBEL_USER_20130329.csv Total de Logins: 69
29/03/2013 04:36:23|INFO|PCSASP_USER_20130329.csv Total de Logins: 19021
29/03/2013 04:36:23|INFO|PCSDSF_USER_20130329.csv Total de Logins: 25562
29/03/2013 04:36:23|INFO|PCSICRC_USER_20130329.csv Total de Logins: 17382
29/03/2013 04:36:23|INFO|PCSPROTOCOLOS_USER_20130329.csv Total de Logins: 2715
29/03/2013 04:36:23|INFO|PCSSGR_USER_20130329.csv Total de Logins: 17463
29/03/2013 04:36:23|INFO|PCSCBCF_USER_20130329.csv Total de Logins: 13173
29/03/2013 04:36:23|INFO|PCSIUNICA_USER_20130329.csv Total de Logins: 8954
29/03/2013 04:36:23|INFO|PCSPLOGISTICA_USER_20130329.csv Total de Logins: 5794
29/03/2013 04:36:23|INFO|PCSP2B_USER_20130329.csv Total de Logins: 4655
29/03/2013 04:36:23|INFO|PCSTIMFILAS_USER_20130329.csv Total de Logins: 1688
29/03/2013 04:36:23|INFO|PCSFELETRONICA_USER_20130329.csv Total de Logins: 3758
29/03/2013 04:36:23|INFO|PCSSFA_USER_20130329.csv Total de Logins: 1441
29/03/2013 04:36:23|INFO|PCSVERO_USER_20130329.csv Total de Logins: 1507
29/03/2013 04:36:23|INFO|PCSVENDITA_USER_20130329.csv Total de Logins: 233
29/03/2013 04:36:23|INFO|PCSRAP_USER_20130329.csv Total de Logins: 15
29/03/2013 04:36:23|INFO|PCSSCTR-PORTAL_USER_20130329.csv Total de Logins: 18
29/03/2013 04:36:23|INFO|PCSUCM_USER_20130329.csv Total de Logins: 10
29/03/2013 04:36:23|INFO|PCSGVAS_USER_20130329.csv Total de Logins: 8
29/03/2013 04:36:23|INFO|PCSKPI_USER_20130329.csv Total de Logins: 8
29/03/2013 04:36:23|INFO|PCSIPVS_USER_20130329.csv Total de Logins: 4
29/03/2013 04:36:23|INFO|PCSBDOH_USER_20130329.csv Total de Logins: 230
29/03/2013 04:36:23|INFO|PCSSALES_USER_20130329.csv Total de Logins: 68
29/03/2013 04:36:23|INFO|PCSGCPP_USER_20130329.csv Total de Logins: 4
29/03/2013 04:36:23|INFO|PCSPDV_MGMT_USER_20130329.csv Total de Logins: 7
29/03/2013 04:36:23|INFO|PCSGJMC_USER_20130329.csv Total de Logins: 6
29/03/2013 04:36:23|INFO|PCSFELETRONICAPG_USER_20130329.csv Total de Logins: 6
29/03/2013 04:36:23|INFO|PCSDTH_USER_20130329.csv Total de Logins: 2
29/03/2013 04:36:23|INFO|Finalizado
