01/05/2013 04:30:01|INFO|Iniciando
01/05/2013 04:36:21|INFO|PCSCLARIFY_USER_20130501.csv Total de Logins: 21752
01/05/2013 04:36:21|INFO|PCSPDVGN_USER_20130501.csv Total de Logins: 3394
01/05/2013 04:36:21|INFO|PCSPDV_LIVE_USER_20130501.csv Total de Logins: 11411
01/05/2013 04:36:21|INFO|PCSPDVGL_USER_20130501.csv Total de Logins: 1963
01/05/2013 04:36:21|INFO|PCSSIEBEL_USER_20130501.csv Total de Logins: 81
01/05/2013 04:36:21|INFO|PCSDSF_USER_20130501.csv Total de Logins: 26086
01/05/2013 04:36:21|INFO|PCSPROTOCOLOS_USER_20130501.csv Total de Logins: 2737
01/05/2013 04:36:21|INFO|PCSSGR_USER_20130501.csv Total de Logins: 17283
01/05/2013 04:36:21|INFO|PCSCBCF_USER_20130501.csv Total de Logins: 12798
01/05/2013 04:36:21|INFO|PCSICRC_USER_20130501.csv Total de Logins: 17585
01/05/2013 04:36:21|INFO|PCSASP_USER_20130501.csv Total de Logins: 19309
01/05/2013 04:36:21|INFO|PCSIUNICA_USER_20130501.csv Total de Logins: 8722
01/05/2013 04:36:21|INFO|PCSPLOGISTICA_USER_20130501.csv Total de Logins: 4342
01/05/2013 04:36:21|INFO|PCSP2B_USER_20130501.csv Total de Logins: 4820
01/05/2013 04:36:21|INFO|PCSSFA_USER_20130501.csv Total de Logins: 1637
01/05/2013 04:36:21|INFO|PCSVERO_USER_20130501.csv Total de Logins: 1625
01/05/2013 04:36:21|INFO|PCSTIMFILAS_USER_20130501.csv Total de Logins: 1684
01/05/2013 04:36:21|INFO|PCSFELETRONICA_USER_20130501.csv Total de Logins: 3286
01/05/2013 04:36:21|INFO|PCSVENDITA_USER_20130501.csv Total de Logins: 291
01/05/2013 04:36:21|INFO|PCSRAP_USER_20130501.csv Total de Logins: 22
01/05/2013 04:36:21|INFO|PCSSCTR-PORTAL_USER_20130501.csv Total de Logins: 18
01/05/2013 04:36:21|INFO|PCSUCM_USER_20130501.csv Total de Logins: 10
01/05/2013 04:36:21|INFO|PCSGVAS_USER_20130501.csv Total de Logins: 8
01/05/2013 04:36:21|INFO|PCSKPI_USER_20130501.csv Total de Logins: 7
01/05/2013 04:36:21|INFO|PCSIPVS_USER_20130501.csv Total de Logins: 4
01/05/2013 04:36:21|INFO|PCSBDOH_USER_20130501.csv Total de Logins: 192
01/05/2013 04:36:21|INFO|PCSSALES_USER_20130501.csv Total de Logins: 56
01/05/2013 04:36:21|INFO|PCSGCPP_USER_20130501.csv Total de Logins: 5
01/05/2013 04:36:21|INFO|PCSPDV_MGMT_USER_20130501.csv Total de Logins: 7
01/05/2013 04:36:21|INFO|PCSGJMC_USER_20130501.csv Total de Logins: 6
01/05/2013 04:36:21|INFO|PCSFELETRONICAPG_USER_20130501.csv Total de Logins: 5
01/05/2013 04:36:21|INFO|PCSDTH_USER_20130501.csv Total de Logins: 2
01/05/2013 04:36:21|INFO|Finalizado
