14/07/2013 04:30:01|INFO|Iniciando
14/07/2013 04:36:22|INFO|PCSCLARIFY_USER_20130714.csv Total de Logins: 19797
14/07/2013 04:36:22|INFO|PCSPDVGN_USER_20130714.csv Total de Logins: 3236
14/07/2013 04:36:22|INFO|PCSICRC_USER_20130714.csv Total de Logins: 15891
14/07/2013 04:36:22|INFO|PCSDSF_USER_20130714.csv Total de Logins: 24171
14/07/2013 04:36:22|INFO|PCSSFA_USER_20130714.csv Total de Logins: 3222
14/07/2013 04:36:22|INFO|PCSPDVGL_USER_20130714.csv Total de Logins: 1736
14/07/2013 04:36:22|INFO|PCSPDV_LIVE_USER_20130714.csv Total de Logins: 11650
14/07/2013 04:36:22|INFO|PCSPROTOCOLOS_USER_20130714.csv Total de Logins: 3121
14/07/2013 04:36:22|INFO|PCSSGR_USER_20130714.csv Total de Logins: 15953
14/07/2013 04:36:22|INFO|PCSCBCF_USER_20130714.csv Total de Logins: 12021
14/07/2013 04:36:22|INFO|PCSASP_USER_20130714.csv Total de Logins: 17352
14/07/2013 04:36:22|INFO|PCSIUNICA_USER_20130714.csv Total de Logins: 7957
14/07/2013 04:36:22|INFO|PCSP2B_USER_20130714.csv Total de Logins: 6024
14/07/2013 04:36:22|INFO|PCSSIEBEL_USER_20130714.csv Total de Logins: 1355
14/07/2013 04:36:22|INFO|PCSPLOGISTICA_USER_20130714.csv Total de Logins: 3036
14/07/2013 04:36:22|INFO|PCSVERO_USER_20130714.csv Total de Logins: 2989
14/07/2013 04:36:22|INFO|PCSFELETRONICA_USER_20130714.csv Total de Logins: 1873
14/07/2013 04:36:22|INFO|PCSTIMFILAS_USER_20130714.csv Total de Logins: 1667
14/07/2013 04:36:22|INFO|PCSGCOB_USER_20130714.csv Total de Logins: 14
14/07/2013 04:36:22|INFO|PCSVENDITA_USER_20130714.csv Total de Logins: 279
14/07/2013 04:36:22|INFO|PCSVCE_USER_20130714.csv Total de Logins: 80
14/07/2013 04:36:22|INFO|PCSSCTR-PORTAL_USER_20130714.csv Total de Logins: 22
14/07/2013 04:36:22|INFO|PCSRAP_USER_20130714.csv Total de Logins: 19
14/07/2013 04:36:22|INFO|PCSUCM_USER_20130714.csv Total de Logins: 9
14/07/2013 04:36:22|INFO|PCSGVAS_USER_20130714.csv Total de Logins: 9
14/07/2013 04:36:22|INFO|PCSKPI_USER_20130714.csv Total de Logins: 6
14/07/2013 04:36:22|INFO|PCSIPVS_USER_20130714.csv Total de Logins: 8
14/07/2013 04:36:22|INFO|PCSBDOH_USER_20130714.csv Total de Logins: 132
14/07/2013 04:36:22|INFO|PCSSALES_USER_20130714.csv Total de Logins: 34
14/07/2013 04:36:22|INFO|PCSDTH_USER_20130714.csv Total de Logins: 8
14/07/2013 04:36:22|INFO|PCSPDV_MGMT_USER_20130714.csv Total de Logins: 9
14/07/2013 04:36:22|INFO|PCSFELETRONICAPG_USER_20130714.csv Total de Logins: 10
14/07/2013 04:36:22|INFO|PCSGCPP_USER_20130714.csv Total de Logins: 9
14/07/2013 04:36:22|INFO|PCSGJMC_USER_20130714.csv Total de Logins: 8
14/07/2013 04:36:22|INFO|PCSBISEMANTICO_USER_20130714.csv Total de Logins: 1
14/07/2013 04:36:22|INFO|Finalizado
