10/04/2013 04:30:02|INFO|Iniciando
10/04/2013 04:37:06|INFO|PCSCLARIFY_USER_20130410.csv Total de Logins: 21865
10/04/2013 04:37:06|INFO|PCSPDVGN_USER_20130410.csv Total de Logins: 3432
10/04/2013 04:37:06|INFO|PCSPDV_LIVE_USER_20130410.csv Total de Logins: 11600
10/04/2013 04:37:06|INFO|PCSPDVGL_USER_20130410.csv Total de Logins: 2005
10/04/2013 04:37:06|INFO|PCSSIEBEL_USER_20130410.csv Total de Logins: 76
10/04/2013 04:37:06|INFO|PCSDSF_USER_20130410.csv Total de Logins: 26082
10/04/2013 04:37:06|INFO|PCSICRC_USER_20130410.csv Total de Logins: 17697
10/04/2013 04:37:06|INFO|PCSPROTOCOLOS_USER_20130410.csv Total de Logins: 2660
10/04/2013 04:37:06|INFO|PCSSGR_USER_20130410.csv Total de Logins: 17395
10/04/2013 04:37:06|INFO|PCSCBCF_USER_20130410.csv Total de Logins: 13056
10/04/2013 04:37:06|INFO|PCSASP_USER_20130410.csv Total de Logins: 19327
10/04/2013 04:37:06|INFO|PCSIUNICA_USER_20130410.csv Total de Logins: 8962
10/04/2013 04:37:06|INFO|PCSPLOGISTICA_USER_20130410.csv Total de Logins: 5543
10/04/2013 04:37:06|INFO|PCSP2B_USER_20130410.csv Total de Logins: 4579
10/04/2013 04:37:06|INFO|PCSTIMFILAS_USER_20130410.csv Total de Logins: 1624
10/04/2013 04:37:06|INFO|PCSFELETRONICA_USER_20130410.csv Total de Logins: 3590
10/04/2013 04:37:06|INFO|PCSVERO_USER_20130410.csv Total de Logins: 1451
10/04/2013 04:37:06|INFO|PCSSFA_USER_20130410.csv Total de Logins: 1399
10/04/2013 04:37:06|INFO|PCSVENDITA_USER_20130410.csv Total de Logins: 241
10/04/2013 04:37:06|INFO|PCSRAP_USER_20130410.csv Total de Logins: 20
10/04/2013 04:37:06|INFO|PCSSCTR-PORTAL_USER_20130410.csv Total de Logins: 18
10/04/2013 04:37:06|INFO|PCSUCM_USER_20130410.csv Total de Logins: 10
10/04/2013 04:37:06|INFO|PCSGVAS_USER_20130410.csv Total de Logins: 8
10/04/2013 04:37:06|INFO|PCSKPI_USER_20130410.csv Total de Logins: 8
10/04/2013 04:37:06|INFO|PCSIPVS_USER_20130410.csv Total de Logins: 4
10/04/2013 04:37:06|INFO|PCSBDOH_USER_20130410.csv Total de Logins: 227
10/04/2013 04:37:06|INFO|PCSSALES_USER_20130410.csv Total de Logins: 64
10/04/2013 04:37:06|INFO|PCSGCPP_USER_20130410.csv Total de Logins: 4
10/04/2013 04:37:06|INFO|PCSPDV_MGMT_USER_20130410.csv Total de Logins: 7
10/04/2013 04:37:06|INFO|PCSGJMC_USER_20130410.csv Total de Logins: 6
10/04/2013 04:37:06|INFO|PCSFELETRONICAPG_USER_20130410.csv Total de Logins: 6
10/04/2013 04:37:06|INFO|PCSDTH_USER_20130410.csv Total de Logins: 2
10/04/2013 04:37:06|INFO|Finalizado
