17/10/2012 04:30:01|INFO|Iniciando
17/10/2012 04:35:09|INFO|PCSCLARIFY_USER_20121017.csv Total de Logins: 19905
17/10/2012 04:35:09|INFO|PCSPDVGN_USER_20121017.csv Total de Logins: 3453
17/10/2012 04:35:09|INFO|PCSPDV_LIVE_USER_20121017.csv Total de Logins: 9962
17/10/2012 04:35:09|INFO|PCSPDVGL_USER_20121017.csv Total de Logins: 2151
17/10/2012 04:35:09|INFO|PCSSIEBEL_USER_20121017.csv Total de Logins: 509
17/10/2012 04:35:09|INFO|PCSDSF_USER_20121017.csv Total de Logins: 24066
17/10/2012 04:35:09|INFO|PCSSGR_USER_20121017.csv Total de Logins: 14561
17/10/2012 04:35:09|INFO|PCSCBCF_USER_20121017.csv Total de Logins: 10819
17/10/2012 04:35:09|INFO|PCSPROTOCOLOS_USER_20121017.csv Total de Logins: 2022
17/10/2012 04:35:09|INFO|PCSASP_USER_20121017.csv Total de Logins: 17512
17/10/2012 04:35:09|INFO|PCSIUNICA_USER_20121017.csv Total de Logins: 7642
17/10/2012 04:35:09|INFO|PCSICRC_USER_20121017.csv Total de Logins: 15924
17/10/2012 04:35:09|INFO|PCSPLOGISTICA_USER_20121017.csv Total de Logins: 4100
17/10/2012 04:35:09|INFO|PCSTIMFILAS_USER_20121017.csv Total de Logins: 1382
17/10/2012 04:35:09|INFO|PCSFELETRONICA_USER_20121017.csv Total de Logins: 2311
17/10/2012 04:35:09|INFO|PCSGVAS_USER_20121017.csv Total de Logins: 15
17/10/2012 04:35:09|INFO|PCSDTH_USER_20121017.csv Total de Logins: 6
17/10/2012 04:35:09|INFO|PCSVENDITA_USER_20121017.csv Total de Logins: 233
17/10/2012 04:35:09|INFO|PCSRAP_USER_20121017.csv Total de Logins: 36
17/10/2012 04:35:09|INFO|PCSSCTR-PORTAL_USER_20121017.csv Total de Logins: 20
17/10/2012 04:35:09|INFO|PCSVERO_USER_20121017.csv Total de Logins: 19
17/10/2012 04:35:09|INFO|PCSSFA_USER_20121017.csv Total de Logins: 17
17/10/2012 04:35:09|INFO|PCSFELETRONICAPG_USER_20121017.csv Total de Logins: 11
17/10/2012 04:35:09|INFO|PCSGCPP_USER_20121017.csv Total de Logins: 9
17/10/2012 04:35:09|INFO|PCSUCM_USER_20121017.csv Total de Logins: 40
17/10/2012 04:35:09|INFO|PCSGJMC_USER_20121017.csv Total de Logins: 12
17/10/2012 04:35:09|INFO|PCSKPI_USER_20121017.csv Total de Logins: 7
17/10/2012 04:35:09|INFO|PCSIPVS_USER_20121017.csv Total de Logins: 8
17/10/2012 04:35:09|INFO|PCSPDV_MGMT_USER_20121017.csv Total de Logins: 7
17/10/2012 04:35:09|INFO|PCSP2B_USER_20121017.csv Total de Logins: 1
17/10/2012 04:35:09|INFO|PCSBISEMANTICO_USER_20121017.csv Total de Logins: 2
17/10/2012 04:35:09|INFO|Finalizado
