21/05/2013 04:30:01|INFO|Iniciando
21/05/2013 04:36:13|INFO|PCSCLARIFY_USER_20130521.csv Total de Logins: 20410
21/05/2013 04:36:13|INFO|PCSPDVGN_USER_20130521.csv Total de Logins: 3073
21/05/2013 04:36:13|INFO|PCSPDV_LIVE_USER_20130521.csv Total de Logins: 10596
21/05/2013 04:36:13|INFO|PCSPDVGL_USER_20130521.csv Total de Logins: 1786
21/05/2013 04:36:13|INFO|PCSSIEBEL_USER_20130521.csv Total de Logins: 104
21/05/2013 04:36:13|INFO|PCSDSF_USER_20130521.csv Total de Logins: 24273
21/05/2013 04:36:13|INFO|PCSPROTOCOLOS_USER_20130521.csv Total de Logins: 2353
21/05/2013 04:36:13|INFO|PCSSGR_USER_20130521.csv Total de Logins: 15986
21/05/2013 04:36:13|INFO|PCSCBCF_USER_20130521.csv Total de Logins: 11899
21/05/2013 04:36:13|INFO|PCSICRC_USER_20130521.csv Total de Logins: 16350
21/05/2013 04:36:13|INFO|PCSASP_USER_20130521.csv Total de Logins: 18144
21/05/2013 04:36:13|INFO|PCSIUNICA_USER_20130521.csv Total de Logins: 8034
21/05/2013 04:36:13|INFO|PCSP2B_USER_20130521.csv Total de Logins: 4527
21/05/2013 04:36:13|INFO|PCSPLOGISTICA_USER_20130521.csv Total de Logins: 4390
21/05/2013 04:36:13|INFO|PCSSFA_USER_20130521.csv Total de Logins: 2002
21/05/2013 04:36:13|INFO|PCSVERO_USER_20130521.csv Total de Logins: 1797
21/05/2013 04:36:13|INFO|PCSTIMFILAS_USER_20130521.csv Total de Logins: 1685
21/05/2013 04:36:13|INFO|PCSFELETRONICA_USER_20130521.csv Total de Logins: 2518
21/05/2013 04:36:13|INFO|PCSVENDITA_USER_20130521.csv Total de Logins: 248
21/05/2013 04:36:13|INFO|PCSRAP_USER_20130521.csv Total de Logins: 19
21/05/2013 04:36:13|INFO|PCSSCTR-PORTAL_USER_20130521.csv Total de Logins: 18
21/05/2013 04:36:13|INFO|PCSUCM_USER_20130521.csv Total de Logins: 9
21/05/2013 04:36:13|INFO|PCSGVAS_USER_20130521.csv Total de Logins: 7
21/05/2013 04:36:13|INFO|PCSKPI_USER_20130521.csv Total de Logins: 7
21/05/2013 04:36:13|INFO|PCSIPVS_USER_20130521.csv Total de Logins: 4
21/05/2013 04:36:13|INFO|PCSBDOH_USER_20130521.csv Total de Logins: 141
21/05/2013 04:36:13|INFO|PCSSALES_USER_20130521.csv Total de Logins: 48
21/05/2013 04:36:13|INFO|PCSGCPP_USER_20130521.csv Total de Logins: 5
21/05/2013 04:36:13|INFO|PCSPDV_MGMT_USER_20130521.csv Total de Logins: 6
21/05/2013 04:36:13|INFO|PCSGJMC_USER_20130521.csv Total de Logins: 6
21/05/2013 04:36:13|INFO|PCSFELETRONICAPG_USER_20130521.csv Total de Logins: 4
21/05/2013 04:36:13|INFO|PCSDTH_USER_20130521.csv Total de Logins: 2
21/05/2013 04:36:13|INFO|Finalizado
