05/10/2012 04:30:01|INFO|Iniciando
05/10/2012 04:35:09|INFO|PCSCLARIFY_USER_20121005.csv Total de Logins: 19978
05/10/2012 04:35:09|INFO|PCSPDVGN_USER_20121005.csv Total de Logins: 3449
05/10/2012 04:35:09|INFO|PCSPDV_LIVE_USER_20121005.csv Total de Logins: 9988
05/10/2012 04:35:09|INFO|PCSPDVGL_USER_20121005.csv Total de Logins: 2144
05/10/2012 04:35:09|INFO|PCSSIEBEL_USER_20121005.csv Total de Logins: 532
05/10/2012 04:35:09|INFO|PCSDSF_USER_20121005.csv Total de Logins: 24148
05/10/2012 04:35:09|INFO|PCSSGR_USER_20121005.csv Total de Logins: 14697
05/10/2012 04:35:09|INFO|PCSCBCF_USER_20121005.csv Total de Logins: 10858
05/10/2012 04:35:09|INFO|PCSPROTOCOLOS_USER_20121005.csv Total de Logins: 2223
05/10/2012 04:35:09|INFO|PCSASP_USER_20121005.csv Total de Logins: 17590
05/10/2012 04:35:09|INFO|PCSIUNICA_USER_20121005.csv Total de Logins: 7597
05/10/2012 04:35:09|INFO|PCSICRC_USER_20121005.csv Total de Logins: 15951
05/10/2012 04:35:09|INFO|PCSPLOGISTICA_USER_20121005.csv Total de Logins: 3776
05/10/2012 04:35:09|INFO|PCSTIMFILAS_USER_20121005.csv Total de Logins: 1326
05/10/2012 04:35:09|INFO|PCSGVAS_USER_20121005.csv Total de Logins: 16
05/10/2012 04:35:09|INFO|PCSDTH_USER_20121005.csv Total de Logins: 6
05/10/2012 04:35:09|INFO|PCSFELETRONICA_USER_20121005.csv Total de Logins: 2188
05/10/2012 04:35:09|INFO|PCSVENDITA_USER_20121005.csv Total de Logins: 240
05/10/2012 04:35:09|INFO|PCSRAP_USER_20121005.csv Total de Logins: 36
05/10/2012 04:35:09|INFO|PCSSCTR-PORTAL_USER_20121005.csv Total de Logins: 20
05/10/2012 04:35:09|INFO|PCSVERO_USER_20121005.csv Total de Logins: 18
05/10/2012 04:35:09|INFO|PCSSFA_USER_20121005.csv Total de Logins: 17
05/10/2012 04:35:09|INFO|PCSFELETRONICAPG_USER_20121005.csv Total de Logins: 12
05/10/2012 04:35:09|INFO|PCSGCPP_USER_20121005.csv Total de Logins: 11
05/10/2012 04:35:09|INFO|PCSUCM_USER_20121005.csv Total de Logins: 40
05/10/2012 04:35:09|INFO|PCSGJMC_USER_20121005.csv Total de Logins: 13
05/10/2012 04:35:09|INFO|PCSKPI_USER_20121005.csv Total de Logins: 9
05/10/2012 04:35:09|INFO|PCSIPVS_USER_20121005.csv Total de Logins: 9
05/10/2012 04:35:09|INFO|PCSPDV_MGMT_USER_20121005.csv Total de Logins: 6
05/10/2012 04:35:09|INFO|PCSP2B_USER_20121005.csv Total de Logins: 1
05/10/2012 04:35:09|INFO|PCSBISEMANTICO_USER_20121005.csv Total de Logins: 2
05/10/2012 04:35:09|INFO|PCSSALES_USER_20121005.csv Total de Logins: 1
05/10/2012 04:35:09|INFO|Finalizado
