11/06/2013 04:30:01|INFO|Iniciando
11/06/2013 04:36:23|INFO|PCSCLARIFY_USER_20130611.csv Total de Logins: 20416
11/06/2013 04:36:23|INFO|PCSPDVGN_USER_20130611.csv Total de Logins: 3209
11/06/2013 04:36:23|INFO|PCSPDV_LIVE_USER_20130611.csv Total de Logins: 11337
11/06/2013 04:36:23|INFO|PCSPDVGL_USER_20130611.csv Total de Logins: 1776
11/06/2013 04:36:23|INFO|PCSSIEBEL_USER_20130611.csv Total de Logins: 147
11/06/2013 04:36:23|INFO|PCSDSF_USER_20130611.csv Total de Logins: 24732
11/06/2013 04:36:23|INFO|PCSPROTOCOLOS_USER_20130611.csv Total de Logins: 3066
11/06/2013 04:36:23|INFO|PCSSGR_USER_20130611.csv Total de Logins: 16686
11/06/2013 04:36:23|INFO|PCSCBCF_USER_20130611.csv Total de Logins: 12315
11/06/2013 04:36:23|INFO|PCSICRC_USER_20130611.csv Total de Logins: 16805
11/06/2013 04:36:23|INFO|PCSASP_USER_20130611.csv Total de Logins: 18136
11/06/2013 04:36:23|INFO|PCSIUNICA_USER_20130611.csv Total de Logins: 8031
11/06/2013 04:36:23|INFO|PCSP2B_USER_20130611.csv Total de Logins: 5774
11/06/2013 04:36:23|INFO|PCSPLOGISTICA_USER_20130611.csv Total de Logins: 4550
11/06/2013 04:36:23|INFO|PCSFELETRONICA_USER_20130611.csv Total de Logins: 2783
11/06/2013 04:36:23|INFO|PCSSFA_USER_20130611.csv Total de Logins: 3088
11/06/2013 04:36:23|INFO|PCSVERO_USER_20130611.csv Total de Logins: 2865
11/06/2013 04:36:23|INFO|PCSTIMFILAS_USER_20130611.csv Total de Logins: 1658
11/06/2013 04:36:23|INFO|PCSVENDITA_USER_20130611.csv Total de Logins: 273
11/06/2013 04:36:23|INFO|PCSSCTR-PORTAL_USER_20130611.csv Total de Logins: 21
11/06/2013 04:36:23|INFO|PCSRAP_USER_20130611.csv Total de Logins: 24
11/06/2013 04:36:23|INFO|PCSGCPP_USER_20130611.csv Total de Logins: 17
11/06/2013 04:36:23|INFO|PCSUCM_USER_20130611.csv Total de Logins: 12
11/06/2013 04:36:23|INFO|PCSGVAS_USER_20130611.csv Total de Logins: 10
11/06/2013 04:36:23|INFO|PCSKPI_USER_20130611.csv Total de Logins: 7
11/06/2013 04:36:23|INFO|PCSIPVS_USER_20130611.csv Total de Logins: 9
11/06/2013 04:36:23|INFO|PCSBDOH_USER_20130611.csv Total de Logins: 132
11/06/2013 04:36:23|INFO|PCSSALES_USER_20130611.csv Total de Logins: 43
11/06/2013 04:36:23|INFO|PCSPDV_MGMT_USER_20130611.csv Total de Logins: 10
11/06/2013 04:36:23|INFO|PCSGJMC_USER_20130611.csv Total de Logins: 9
11/06/2013 04:36:23|INFO|PCSFELETRONICAPG_USER_20130611.csv Total de Logins: 11
11/06/2013 04:36:23|INFO|PCSBISEMANTICO_USER_20130611.csv Total de Logins: 6
11/06/2013 04:36:23|INFO|PCSDTH_USER_20130611.csv Total de Logins: 2
11/06/2013 04:36:23|INFO|Finalizado
