25/11/2012 04:30:01|INFO|Iniciando
25/11/2012 04:35:17|INFO|PCSCLARIFY_USER_20121125.csv Total de Logins: 19941
25/11/2012 04:35:17|INFO|PCSPDVGN_USER_20121125.csv Total de Logins: 3359
25/11/2012 04:35:17|INFO|PCSPDV_LIVE_USER_20121125.csv Total de Logins: 11421
25/11/2012 04:35:17|INFO|PCSBDOH_USER_20121125.csv Total de Logins: 303
25/11/2012 04:35:17|INFO|PCSPDVGL_USER_20121125.csv Total de Logins: 2042
25/11/2012 04:35:17|INFO|PCSSIEBEL_USER_20121125.csv Total de Logins: 103
25/11/2012 04:35:17|INFO|PCSDSF_USER_20121125.csv Total de Logins: 24171
25/11/2012 04:35:17|INFO|PCSPROTOCOLOS_USER_20121125.csv Total de Logins: 3324
25/11/2012 04:35:17|INFO|PCSSGR_USER_20121125.csv Total de Logins: 15528
25/11/2012 04:35:17|INFO|PCSCBCF_USER_20121125.csv Total de Logins: 11914
25/11/2012 04:35:17|INFO|PCSIUNICA_USER_20121125.csv Total de Logins: 7775
25/11/2012 04:35:17|INFO|PCSFELETRONICA_USER_20121125.csv Total de Logins: 2504
25/11/2012 04:35:17|INFO|PCSICRC_USER_20121125.csv Total de Logins: 15619
25/11/2012 04:35:17|INFO|PCSPLOGISTICA_USER_20121125.csv Total de Logins: 3702
25/11/2012 04:35:17|INFO|PCSASP_USER_20121125.csv Total de Logins: 17448
25/11/2012 04:35:17|INFO|PCSTIMFILAS_USER_20121125.csv Total de Logins: 1591
25/11/2012 04:35:17|INFO|PCSGVAS_USER_20121125.csv Total de Logins: 13
25/11/2012 04:35:17|INFO|PCSVERO_USER_20121125.csv Total de Logins: 37
25/11/2012 04:35:17|INFO|PCSVENDITA_USER_20121125.csv Total de Logins: 197
25/11/2012 04:35:17|INFO|PCSRAP_USER_20121125.csv Total de Logins: 19
25/11/2012 04:35:17|INFO|PCSSCTR-PORTAL_USER_20121125.csv Total de Logins: 16
25/11/2012 04:35:17|INFO|PCSP2B_USER_20121125.csv Total de Logins: 25
25/11/2012 04:35:17|INFO|PCSSFA_USER_20121125.csv Total de Logins: 38
25/11/2012 04:35:17|INFO|PCSFELETRONICAPG_USER_20121125.csv Total de Logins: 9
25/11/2012 04:35:17|INFO|PCSGCPP_USER_20121125.csv Total de Logins: 8
25/11/2012 04:35:17|INFO|PCSUCM_USER_20121125.csv Total de Logins: 12
25/11/2012 04:35:17|INFO|PCSGJMC_USER_20121125.csv Total de Logins: 10
25/11/2012 04:35:17|INFO|PCSKPI_USER_20121125.csv Total de Logins: 8
25/11/2012 04:35:17|INFO|PCSIPVS_USER_20121125.csv Total de Logins: 7
25/11/2012 04:35:17|INFO|PCSPDV_MGMT_USER_20121125.csv Total de Logins: 6
25/11/2012 04:35:17|INFO|PCSDTH_USER_20121125.csv Total de Logins: 2
25/11/2012 04:35:17|INFO|Finalizado
