18/07/2013 04:30:01|INFO|Iniciando
18/07/2013 04:36:31|INFO|PCSCLARIFY_USER_20130718.csv Total de Logins: 19891
18/07/2013 04:36:31|INFO|PCSPDVGN_USER_20130718.csv Total de Logins: 3256
18/07/2013 04:36:31|INFO|PCSICRC_USER_20130718.csv Total de Logins: 16028
18/07/2013 04:36:31|INFO|PCSDSF_USER_20130718.csv Total de Logins: 24326
18/07/2013 04:36:31|INFO|PCSSFA_USER_20130718.csv Total de Logins: 3286
18/07/2013 04:36:31|INFO|PCSPDVGL_USER_20130718.csv Total de Logins: 1726
18/07/2013 04:36:31|INFO|PCSPDV_LIVE_USER_20130718.csv Total de Logins: 11821
18/07/2013 04:36:31|INFO|PCSPROTOCOLOS_USER_20130718.csv Total de Logins: 3197
18/07/2013 04:36:31|INFO|PCSSGR_USER_20130718.csv Total de Logins: 16133
18/07/2013 04:36:31|INFO|PCSCBCF_USER_20130718.csv Total de Logins: 12217
18/07/2013 04:36:31|INFO|PCSASP_USER_20130718.csv Total de Logins: 17478
18/07/2013 04:36:31|INFO|PCSIUNICA_USER_20130718.csv Total de Logins: 8045
18/07/2013 04:36:31|INFO|PCSSIEBEL_USER_20130718.csv Total de Logins: 2237
18/07/2013 04:36:31|INFO|PCSFELETRONICA_USER_20130718.csv Total de Logins: 5252
18/07/2013 04:36:31|INFO|PCSP2B_USER_20130718.csv Total de Logins: 6429
18/07/2013 04:36:31|INFO|PCSPLOGISTICA_USER_20130718.csv Total de Logins: 3179
18/07/2013 04:36:31|INFO|PCSVERO_USER_20130718.csv Total de Logins: 2991
18/07/2013 04:36:31|INFO|PCSTIMFILAS_USER_20130718.csv Total de Logins: 1711
18/07/2013 04:36:31|INFO|PCSGCOB_USER_20130718.csv Total de Logins: 14
18/07/2013 04:36:31|INFO|PCSVENDITA_USER_20130718.csv Total de Logins: 278
18/07/2013 04:36:31|INFO|PCSVCE_USER_20130718.csv Total de Logins: 81
18/07/2013 04:36:31|INFO|PCSSCTR-PORTAL_USER_20130718.csv Total de Logins: 22
18/07/2013 04:36:31|INFO|PCSRAP_USER_20130718.csv Total de Logins: 19
18/07/2013 04:36:31|INFO|PCSUCM_USER_20130718.csv Total de Logins: 9
18/07/2013 04:36:31|INFO|PCSGVAS_USER_20130718.csv Total de Logins: 9
18/07/2013 04:36:31|INFO|PCSKPI_USER_20130718.csv Total de Logins: 6
18/07/2013 04:36:31|INFO|PCSIPVS_USER_20130718.csv Total de Logins: 8
18/07/2013 04:36:31|INFO|PCSBDOH_USER_20130718.csv Total de Logins: 137
18/07/2013 04:36:31|INFO|PCSSALES_USER_20130718.csv Total de Logins: 35
18/07/2013 04:36:31|INFO|PCSDTH_USER_20130718.csv Total de Logins: 8
18/07/2013 04:36:31|INFO|PCSPDV_MGMT_USER_20130718.csv Total de Logins: 10
18/07/2013 04:36:31|INFO|PCSFELETRONICAPG_USER_20130718.csv Total de Logins: 11
18/07/2013 04:36:31|INFO|PCSGCPP_USER_20130718.csv Total de Logins: 9
18/07/2013 04:36:31|INFO|PCSGJMC_USER_20130718.csv Total de Logins: 8
18/07/2013 04:36:31|INFO|PCSBISEMANTICO_USER_20130718.csv Total de Logins: 1
18/07/2013 04:36:31|INFO|Finalizado
