08/04/2013 04:30:01|INFO|Iniciando
08/04/2013 04:36:13|INFO|PCSCLARIFY_USER_20130408.csv Total de Logins: 21853
08/04/2013 04:36:13|INFO|PCSPDVGN_USER_20130408.csv Total de Logins: 3436
08/04/2013 04:36:14|INFO|PCSPDV_LIVE_USER_20130408.csv Total de Logins: 11630
08/04/2013 04:36:14|INFO|PCSPDVGL_USER_20130408.csv Total de Logins: 2010
08/04/2013 04:36:14|INFO|PCSSIEBEL_USER_20130408.csv Total de Logins: 74
08/04/2013 04:36:14|INFO|PCSDSF_USER_20130408.csv Total de Logins: 26042
08/04/2013 04:36:14|INFO|PCSICRC_USER_20130408.csv Total de Logins: 17783
08/04/2013 04:36:14|INFO|PCSPROTOCOLOS_USER_20130408.csv Total de Logins: 2636
08/04/2013 04:36:14|INFO|PCSSGR_USER_20130408.csv Total de Logins: 17617
08/04/2013 04:36:14|INFO|PCSCBCF_USER_20130408.csv Total de Logins: 12991
08/04/2013 04:36:14|INFO|PCSASP_USER_20130408.csv Total de Logins: 19421
08/04/2013 04:36:14|INFO|PCSIUNICA_USER_20130408.csv Total de Logins: 9081
08/04/2013 04:36:14|INFO|PCSPLOGISTICA_USER_20130408.csv Total de Logins: 5670
08/04/2013 04:36:14|INFO|PCSP2B_USER_20130408.csv Total de Logins: 4620
08/04/2013 04:36:14|INFO|PCSTIMFILAS_USER_20130408.csv Total de Logins: 1641
08/04/2013 04:36:14|INFO|PCSFELETRONICA_USER_20130408.csv Total de Logins: 3744
08/04/2013 04:36:14|INFO|PCSVERO_USER_20130408.csv Total de Logins: 1497
08/04/2013 04:36:14|INFO|PCSSFA_USER_20130408.csv Total de Logins: 1436
08/04/2013 04:36:14|INFO|PCSVENDITA_USER_20130408.csv Total de Logins: 241
08/04/2013 04:36:14|INFO|PCSRAP_USER_20130408.csv Total de Logins: 20
08/04/2013 04:36:14|INFO|PCSSCTR-PORTAL_USER_20130408.csv Total de Logins: 18
08/04/2013 04:36:14|INFO|PCSUCM_USER_20130408.csv Total de Logins: 10
08/04/2013 04:36:14|INFO|PCSGVAS_USER_20130408.csv Total de Logins: 8
08/04/2013 04:36:14|INFO|PCSKPI_USER_20130408.csv Total de Logins: 8
08/04/2013 04:36:14|INFO|PCSIPVS_USER_20130408.csv Total de Logins: 4
08/04/2013 04:36:14|INFO|PCSBDOH_USER_20130408.csv Total de Logins: 226
08/04/2013 04:36:14|INFO|PCSSALES_USER_20130408.csv Total de Logins: 64
08/04/2013 04:36:14|INFO|PCSGCPP_USER_20130408.csv Total de Logins: 4
08/04/2013 04:36:14|INFO|PCSPDV_MGMT_USER_20130408.csv Total de Logins: 7
08/04/2013 04:36:14|INFO|PCSGJMC_USER_20130408.csv Total de Logins: 6
08/04/2013 04:36:14|INFO|PCSFELETRONICAPG_USER_20130408.csv Total de Logins: 6
08/04/2013 04:36:14|INFO|PCSDTH_USER_20130408.csv Total de Logins: 2
08/04/2013 04:36:14|INFO|Finalizado
