24/06/2013 04:30:01|INFO|Iniciando
24/06/2013 04:36:21|INFO|PCSCLARIFY_USER_20130624.csv Total de Logins: 20403
24/06/2013 04:36:21|INFO|PCSPDVGN_USER_20130624.csv Total de Logins: 3228
24/06/2013 04:36:21|INFO|PCSPDV_LIVE_USER_20130624.csv Total de Logins: 11434
24/06/2013 04:36:21|INFO|PCSSFA_USER_20130624.csv Total de Logins: 3193
24/06/2013 04:36:21|INFO|PCSPDVGL_USER_20130624.csv Total de Logins: 1759
24/06/2013 04:36:21|INFO|PCSDSF_USER_20130624.csv Total de Logins: 24710
24/06/2013 04:36:21|INFO|PCSPROTOCOLOS_USER_20130624.csv Total de Logins: 3241
24/06/2013 04:36:21|INFO|PCSSGR_USER_20130624.csv Total de Logins: 16613
24/06/2013 04:36:21|INFO|PCSCBCF_USER_20130624.csv Total de Logins: 12503
24/06/2013 04:36:21|INFO|PCSICRC_USER_20130624.csv Total de Logins: 16671
24/06/2013 04:36:21|INFO|PCSASP_USER_20130624.csv Total de Logins: 18030
24/06/2013 04:36:21|INFO|PCSIUNICA_USER_20130624.csv Total de Logins: 8001
24/06/2013 04:36:21|INFO|PCSP2B_USER_20130624.csv Total de Logins: 5754
24/06/2013 04:36:21|INFO|PCSSIEBEL_USER_20130624.csv Total de Logins: 328
24/06/2013 04:36:21|INFO|PCSPLOGISTICA_USER_20130624.csv Total de Logins: 4213
24/06/2013 04:36:21|INFO|PCSFELETRONICA_USER_20130624.csv Total de Logins: 2824
24/06/2013 04:36:21|INFO|PCSVERO_USER_20130624.csv Total de Logins: 2928
24/06/2013 04:36:21|INFO|PCSTIMFILAS_USER_20130624.csv Total de Logins: 1629
24/06/2013 04:36:21|INFO|PCSVENDITA_USER_20130624.csv Total de Logins: 260
24/06/2013 04:36:21|INFO|PCSSCTR-PORTAL_USER_20130624.csv Total de Logins: 22
24/06/2013 04:36:21|INFO|PCSRAP_USER_20130624.csv Total de Logins: 24
24/06/2013 04:36:21|INFO|PCSGCPP_USER_20130624.csv Total de Logins: 17
24/06/2013 04:36:21|INFO|PCSUCM_USER_20130624.csv Total de Logins: 11
24/06/2013 04:36:21|INFO|PCSGVAS_USER_20130624.csv Total de Logins: 10
24/06/2013 04:36:21|INFO|PCSKPI_USER_20130624.csv Total de Logins: 7
24/06/2013 04:36:21|INFO|PCSIPVS_USER_20130624.csv Total de Logins: 9
24/06/2013 04:36:21|INFO|PCSBDOH_USER_20130624.csv Total de Logins: 131
24/06/2013 04:36:21|INFO|PCSSALES_USER_20130624.csv Total de Logins: 40
24/06/2013 04:36:21|INFO|PCSDTH_USER_20130624.csv Total de Logins: 8
24/06/2013 04:36:21|INFO|PCSPDV_MGMT_USER_20130624.csv Total de Logins: 10
24/06/2013 04:36:21|INFO|PCSGJMC_USER_20130624.csv Total de Logins: 9
24/06/2013 04:36:21|INFO|PCSFELETRONICAPG_USER_20130624.csv Total de Logins: 11
24/06/2013 04:36:21|INFO|PCSBISEMANTICO_USER_20130624.csv Total de Logins: 6
24/06/2013 04:36:21|INFO|Finalizado
