31/12/2012 04:30:01|INFO|Iniciando
31/12/2012 04:35:30|INFO|PCSCLARIFY_USER_20121231.csv Total de Logins: 20766
31/12/2012 04:35:30|INFO|PCSPDVGN_USER_20121231.csv Total de Logins: 3396
31/12/2012 04:35:30|INFO|PCSPDV_LIVE_USER_20121231.csv Total de Logins: 12340
31/12/2012 04:35:30|INFO|PCSPDVGL_USER_20121231.csv Total de Logins: 2026
31/12/2012 04:35:30|INFO|PCSSIEBEL_USER_20121231.csv Total de Logins: 57
31/12/2012 04:35:30|INFO|PCSDSF_USER_20121231.csv Total de Logins: 25214
31/12/2012 04:35:30|INFO|PCSSGR_USER_20121231.csv Total de Logins: 16462
31/12/2012 04:35:31|INFO|PCSCBCF_USER_20121231.csv Total de Logins: 12381
31/12/2012 04:35:31|INFO|PCSPROTOCOLOS_USER_20121231.csv Total de Logins: 3419
31/12/2012 04:35:31|INFO|PCSIUNICA_USER_20121231.csv Total de Logins: 8128
31/12/2012 04:35:31|INFO|PCSFELETRONICA_USER_20121231.csv Total de Logins: 2345
31/12/2012 04:35:31|INFO|PCSICRC_USER_20121231.csv Total de Logins: 16577
31/12/2012 04:35:31|INFO|PCSPLOGISTICA_USER_20121231.csv Total de Logins: 3438
31/12/2012 04:35:31|INFO|PCSASP_USER_20121231.csv Total de Logins: 18020
31/12/2012 04:35:31|INFO|PCSSFA_USER_20121231.csv Total de Logins: 163
31/12/2012 04:35:31|INFO|PCSTIMFILAS_USER_20121231.csv Total de Logins: 1700
31/12/2012 04:35:31|INFO|PCSGVAS_USER_20121231.csv Total de Logins: 11
31/12/2012 04:35:31|INFO|PCSVERO_USER_20121231.csv Total de Logins: 196
31/12/2012 04:35:31|INFO|PCSBDOH_USER_20121231.csv Total de Logins: 231
31/12/2012 04:35:31|INFO|PCSSALES_USER_20121231.csv Total de Logins: 341
31/12/2012 04:35:31|INFO|PCSVENDITA_USER_20121231.csv Total de Logins: 272
31/12/2012 04:35:31|INFO|PCSSCTR-PORTAL_USER_20121231.csv Total de Logins: 19
31/12/2012 04:35:31|INFO|PCSRAP_USER_20121231.csv Total de Logins: 18
31/12/2012 04:35:31|INFO|PCSP2B_USER_20121231.csv Total de Logins: 26
31/12/2012 04:35:31|INFO|PCSUCM_USER_20121231.csv Total de Logins: 14
31/12/2012 04:35:31|INFO|PCSKPI_USER_20121231.csv Total de Logins: 8
31/12/2012 04:35:31|INFO|PCSIPVS_USER_20121231.csv Total de Logins: 5
31/12/2012 04:35:31|INFO|PCSGCPP_USER_20121231.csv Total de Logins: 6
31/12/2012 04:35:31|INFO|PCSPDV_MGMT_USER_20121231.csv Total de Logins: 5
31/12/2012 04:35:31|INFO|PCSGJMC_USER_20121231.csv Total de Logins: 8
31/12/2012 04:35:31|INFO|PCSFELETRONICAPG_USER_20121231.csv Total de Logins: 7
31/12/2012 04:35:31|INFO|PCSDTH_USER_20121231.csv Total de Logins: 2
31/12/2012 04:35:31|INFO|Finalizado
