18/02/2013 04:30:01|INFO|Iniciando
18/02/2013 04:35:58|INFO|PCSCLARIFY_USER_20130218.csv Total de Logins: 21682
18/02/2013 04:35:58|INFO|PCSPDVGN_USER_20130218.csv Total de Logins: 3473
18/02/2013 04:35:58|INFO|PCSPDV_LIVE_USER_20130218.csv Total de Logins: 13212
18/02/2013 04:35:58|INFO|PCSSFA_USER_20130218.csv Total de Logins: 1771
18/02/2013 04:35:58|INFO|PCSPDVGL_USER_20130218.csv Total de Logins: 2060
18/02/2013 04:35:58|INFO|PCSSIEBEL_USER_20130218.csv Total de Logins: 29
18/02/2013 04:35:58|INFO|PCSASP_USER_20130218.csv Total de Logins: 19706
18/02/2013 04:35:58|INFO|PCSDSF_USER_20130218.csv Total de Logins: 26339
18/02/2013 04:35:58|INFO|PCSPROTOCOLOS_USER_20130218.csv Total de Logins: 2693
18/02/2013 04:35:58|INFO|PCSSGR_USER_20130218.csv Total de Logins: 17212
18/02/2013 04:35:58|INFO|PCSCBCF_USER_20130218.csv Total de Logins: 12532
18/02/2013 04:35:58|INFO|PCSICRC_USER_20130218.csv Total de Logins: 18264
18/02/2013 04:35:58|INFO|PCSIUNICA_USER_20130218.csv Total de Logins: 9429
18/02/2013 04:35:58|INFO|PCSPLOGISTICA_USER_20130218.csv Total de Logins: 5205
18/02/2013 04:35:58|INFO|PCSP2B_USER_20130218.csv Total de Logins: 1828
18/02/2013 04:35:58|INFO|PCSTIMFILAS_USER_20130218.csv Total de Logins: 1601
18/02/2013 04:35:58|INFO|PCSFELETRONICA_USER_20130218.csv Total de Logins: 4511
18/02/2013 04:35:58|INFO|PCSVERO_USER_20130218.csv Total de Logins: 1689
18/02/2013 04:35:58|INFO|PCSVENDITA_USER_20130218.csv Total de Logins: 261
18/02/2013 04:35:58|INFO|PCSRAP_USER_20130218.csv Total de Logins: 14
18/02/2013 04:35:58|INFO|PCSSCTR-PORTAL_USER_20130218.csv Total de Logins: 16
18/02/2013 04:35:58|INFO|PCSUCM_USER_20130218.csv Total de Logins: 9
18/02/2013 04:35:58|INFO|PCSGVAS_USER_20130218.csv Total de Logins: 9
18/02/2013 04:35:58|INFO|PCSKPI_USER_20130218.csv Total de Logins: 7
18/02/2013 04:35:58|INFO|PCSIPVS_USER_20130218.csv Total de Logins: 5
18/02/2013 04:35:58|INFO|PCSBDOH_USER_20130218.csv Total de Logins: 177
18/02/2013 04:35:58|INFO|PCSSALES_USER_20130218.csv Total de Logins: 81
18/02/2013 04:35:58|INFO|PCSGCPP_USER_20130218.csv Total de Logins: 6
18/02/2013 04:35:58|INFO|PCSPDV_MGMT_USER_20130218.csv Total de Logins: 8
18/02/2013 04:35:58|INFO|PCSGJMC_USER_20130218.csv Total de Logins: 7
18/02/2013 04:35:58|INFO|PCSFELETRONICAPG_USER_20130218.csv Total de Logins: 6
18/02/2013 04:35:58|INFO|PCSDTH_USER_20130218.csv Total de Logins: 2
18/02/2013 04:35:58|INFO|Finalizado
