22/06/2013 04:30:01|INFO|Iniciando
22/06/2013 04:36:27|INFO|PCSCLARIFY_USER_20130622.csv Total de Logins: 20412
22/06/2013 04:36:27|INFO|PCSPDVGN_USER_20130622.csv Total de Logins: 3230
22/06/2013 04:36:27|INFO|PCSPDV_LIVE_USER_20130622.csv Total de Logins: 11517
22/06/2013 04:36:27|INFO|PCSSFA_USER_20130622.csv Total de Logins: 3213
22/06/2013 04:36:27|INFO|PCSPDVGL_USER_20130622.csv Total de Logins: 1760
22/06/2013 04:36:27|INFO|PCSDSF_USER_20130622.csv Total de Logins: 24716
22/06/2013 04:36:27|INFO|PCSPROTOCOLOS_USER_20130622.csv Total de Logins: 3318
22/06/2013 04:36:27|INFO|PCSSGR_USER_20130622.csv Total de Logins: 16700
22/06/2013 04:36:27|INFO|PCSCBCF_USER_20130622.csv Total de Logins: 12579
22/06/2013 04:36:27|INFO|PCSICRC_USER_20130622.csv Total de Logins: 16677
22/06/2013 04:36:27|INFO|PCSASP_USER_20130622.csv Total de Logins: 18078
22/06/2013 04:36:27|INFO|PCSIUNICA_USER_20130622.csv Total de Logins: 7990
22/06/2013 04:36:27|INFO|PCSP2B_USER_20130622.csv Total de Logins: 5781
22/06/2013 04:36:27|INFO|PCSSIEBEL_USER_20130622.csv Total de Logins: 328
22/06/2013 04:36:27|INFO|PCSPLOGISTICA_USER_20130622.csv Total de Logins: 4444
22/06/2013 04:36:27|INFO|PCSFELETRONICA_USER_20130622.csv Total de Logins: 2770
22/06/2013 04:36:27|INFO|PCSVERO_USER_20130622.csv Total de Logins: 2929
22/06/2013 04:36:27|INFO|PCSTIMFILAS_USER_20130622.csv Total de Logins: 1642
22/06/2013 04:36:27|INFO|PCSVENDITA_USER_20130622.csv Total de Logins: 260
22/06/2013 04:36:27|INFO|PCSSCTR-PORTAL_USER_20130622.csv Total de Logins: 22
22/06/2013 04:36:27|INFO|PCSRAP_USER_20130622.csv Total de Logins: 24
22/06/2013 04:36:27|INFO|PCSGCPP_USER_20130622.csv Total de Logins: 17
22/06/2013 04:36:27|INFO|PCSUCM_USER_20130622.csv Total de Logins: 12
22/06/2013 04:36:27|INFO|PCSGVAS_USER_20130622.csv Total de Logins: 10
22/06/2013 04:36:27|INFO|PCSKPI_USER_20130622.csv Total de Logins: 7
22/06/2013 04:36:27|INFO|PCSIPVS_USER_20130622.csv Total de Logins: 9
22/06/2013 04:36:27|INFO|PCSBDOH_USER_20130622.csv Total de Logins: 132
22/06/2013 04:36:27|INFO|PCSSALES_USER_20130622.csv Total de Logins: 41
22/06/2013 04:36:27|INFO|PCSDTH_USER_20130622.csv Total de Logins: 8
22/06/2013 04:36:27|INFO|PCSPDV_MGMT_USER_20130622.csv Total de Logins: 10
22/06/2013 04:36:27|INFO|PCSGJMC_USER_20130622.csv Total de Logins: 9
22/06/2013 04:36:27|INFO|PCSFELETRONICAPG_USER_20130622.csv Total de Logins: 11
22/06/2013 04:36:27|INFO|PCSBISEMANTICO_USER_20130622.csv Total de Logins: 6
22/06/2013 04:36:27|INFO|Finalizado
