04/07/2013 04:30:02|INFO|Iniciando
04/07/2013 04:36:30|INFO|PCSCLARIFY_USER_20130704.csv Total de Logins: 20218
04/07/2013 04:36:30|INFO|PCSPDVGN_USER_20130704.csv Total de Logins: 3219
04/07/2013 04:36:30|INFO|PCSSFA_USER_20130704.csv Total de Logins: 3431
04/07/2013 04:36:30|INFO|PCSPDVGL_USER_20130704.csv Total de Logins: 1745
04/07/2013 04:36:30|INFO|PCSDSF_USER_20130704.csv Total de Logins: 24525
04/07/2013 04:36:30|INFO|PCSPDV_LIVE_USER_20130704.csv Total de Logins: 11556
04/07/2013 04:36:30|INFO|PCSPROTOCOLOS_USER_20130704.csv Total de Logins: 3358
04/07/2013 04:36:30|INFO|PCSSGR_USER_20130704.csv Total de Logins: 16579
04/07/2013 04:36:30|INFO|PCSCBCF_USER_20130704.csv Total de Logins: 12347
04/07/2013 04:36:30|INFO|PCSICRC_USER_20130704.csv Total de Logins: 16514
04/07/2013 04:36:30|INFO|PCSASP_USER_20130704.csv Total de Logins: 17780
04/07/2013 04:36:30|INFO|PCSIUNICA_USER_20130704.csv Total de Logins: 8116
04/07/2013 04:36:30|INFO|PCSP2B_USER_20130704.csv Total de Logins: 6055
04/07/2013 04:36:30|INFO|PCSSIEBEL_USER_20130704.csv Total de Logins: 652
04/07/2013 04:36:30|INFO|PCSPLOGISTICA_USER_20130704.csv Total de Logins: 3900
04/07/2013 04:36:30|INFO|PCSFELETRONICA_USER_20130704.csv Total de Logins: 2492
04/07/2013 04:36:30|INFO|PCSVERO_USER_20130704.csv Total de Logins: 3193
04/07/2013 04:36:30|INFO|PCSTIMFILAS_USER_20130704.csv Total de Logins: 1650
04/07/2013 04:36:30|INFO|PCSVENDITA_USER_20130704.csv Total de Logins: 244
04/07/2013 04:36:30|INFO|PCSVCE_USER_20130704.csv Total de Logins: 60
04/07/2013 04:36:30|INFO|PCSSCTR-PORTAL_USER_20130704.csv Total de Logins: 19
04/07/2013 04:36:30|INFO|PCSRAP_USER_20130704.csv Total de Logins: 23
04/07/2013 04:36:30|INFO|PCSGCPP_USER_20130704.csv Total de Logins: 14
04/07/2013 04:36:30|INFO|PCSUCM_USER_20130704.csv Total de Logins: 9
04/07/2013 04:36:30|INFO|PCSGVAS_USER_20130704.csv Total de Logins: 8
04/07/2013 04:36:30|INFO|PCSKPI_USER_20130704.csv Total de Logins: 6
04/07/2013 04:36:30|INFO|PCSIPVS_USER_20130704.csv Total de Logins: 7
04/07/2013 04:36:30|INFO|PCSBDOH_USER_20130704.csv Total de Logins: 135
04/07/2013 04:36:30|INFO|PCSSALES_USER_20130704.csv Total de Logins: 37
04/07/2013 04:36:30|INFO|PCSDTH_USER_20130704.csv Total de Logins: 9
04/07/2013 04:36:30|INFO|PCSPDV_MGMT_USER_20130704.csv Total de Logins: 9
04/07/2013 04:36:30|INFO|PCSBISEMANTICO_USER_20130704.csv Total de Logins: 6
04/07/2013 04:36:30|INFO|PCSGJMC_USER_20130704.csv Total de Logins: 7
04/07/2013 04:36:30|INFO|PCSFELETRONICAPG_USER_20130704.csv Total de Logins: 9
04/07/2013 04:36:30|INFO|Finalizado
