02/06/2013 04:30:01|INFO|Iniciando
02/06/2013 04:36:21|INFO|PCSCLARIFY_USER_20130602.csv Total de Logins: 20498
02/06/2013 04:36:21|INFO|PCSPDVGN_USER_20130602.csv Total de Logins: 3153
02/06/2013 04:36:21|INFO|PCSPDV_LIVE_USER_20130602.csv Total de Logins: 11109
02/06/2013 04:36:21|INFO|PCSPDVGL_USER_20130602.csv Total de Logins: 1782
02/06/2013 04:36:21|INFO|PCSSIEBEL_USER_20130602.csv Total de Logins: 123
02/06/2013 04:36:21|INFO|PCSDSF_USER_20130602.csv Total de Logins: 24758
02/06/2013 04:36:21|INFO|PCSPROTOCOLOS_USER_20130602.csv Total de Logins: 2848
02/06/2013 04:36:21|INFO|PCSSGR_USER_20130602.csv Total de Logins: 16449
02/06/2013 04:36:21|INFO|PCSCBCF_USER_20130602.csv Total de Logins: 12391
02/06/2013 04:36:21|INFO|PCSICRC_USER_20130602.csv Total de Logins: 16689
02/06/2013 04:36:21|INFO|PCSASP_USER_20130602.csv Total de Logins: 18169
02/06/2013 04:36:21|INFO|PCSIUNICA_USER_20130602.csv Total de Logins: 7985
02/06/2013 04:36:21|INFO|PCSP2B_USER_20130602.csv Total de Logins: 5139
02/06/2013 04:36:21|INFO|PCSPLOGISTICA_USER_20130602.csv Total de Logins: 4696
02/06/2013 04:36:21|INFO|PCSSFA_USER_20130602.csv Total de Logins: 2634
02/06/2013 04:36:21|INFO|PCSVERO_USER_20130602.csv Total de Logins: 2418
02/06/2013 04:36:21|INFO|PCSTIMFILAS_USER_20130602.csv Total de Logins: 1682
02/06/2013 04:36:21|INFO|PCSFELETRONICA_USER_20130602.csv Total de Logins: 2600
02/06/2013 04:36:21|INFO|PCSVENDITA_USER_20130602.csv Total de Logins: 281
02/06/2013 04:36:21|INFO|PCSSCTR-PORTAL_USER_20130602.csv Total de Logins: 21
02/06/2013 04:36:21|INFO|PCSRAP_USER_20130602.csv Total de Logins: 24
02/06/2013 04:36:21|INFO|PCSGCPP_USER_20130602.csv Total de Logins: 17
02/06/2013 04:36:21|INFO|PCSUCM_USER_20130602.csv Total de Logins: 14
02/06/2013 04:36:21|INFO|PCSGVAS_USER_20130602.csv Total de Logins: 10
02/06/2013 04:36:21|INFO|PCSKPI_USER_20130602.csv Total de Logins: 7
02/06/2013 04:36:21|INFO|PCSIPVS_USER_20130602.csv Total de Logins: 9
02/06/2013 04:36:21|INFO|PCSBDOH_USER_20130602.csv Total de Logins: 135
02/06/2013 04:36:21|INFO|PCSSALES_USER_20130602.csv Total de Logins: 46
02/06/2013 04:36:21|INFO|PCSPDV_MGMT_USER_20130602.csv Total de Logins: 10
02/06/2013 04:36:21|INFO|PCSGJMC_USER_20130602.csv Total de Logins: 9
02/06/2013 04:36:21|INFO|PCSFELETRONICAPG_USER_20130602.csv Total de Logins: 8
02/06/2013 04:36:21|INFO|PCSBISEMANTICO_USER_20130602.csv Total de Logins: 6
02/06/2013 04:36:21|INFO|PCSDTH_USER_20130602.csv Total de Logins: 2
02/06/2013 04:36:21|INFO|Finalizado
