24/07/2013 04:30:02|INFO|Iniciando
24/07/2013 04:36:32|INFO|PCSCLARIFY_USER_20130724.csv Total de Logins: 19813
24/07/2013 04:36:32|INFO|PCSPDVGN_USER_20130724.csv Total de Logins: 3283
24/07/2013 04:36:32|INFO|PCSICRC_USER_20130724.csv Total de Logins: 15791
24/07/2013 04:36:32|INFO|PCSDSF_USER_20130724.csv Total de Logins: 24269
24/07/2013 04:36:32|INFO|PCSSFA_USER_20130724.csv Total de Logins: 3457
24/07/2013 04:36:32|INFO|PCSPDVGL_USER_20130724.csv Total de Logins: 1726
24/07/2013 04:36:32|INFO|PCSPDV_LIVE_USER_20130724.csv Total de Logins: 11743
24/07/2013 04:36:32|INFO|PCSPROTOCOLOS_USER_20130724.csv Total de Logins: 3183
24/07/2013 04:36:32|INFO|PCSSGR_USER_20130724.csv Total de Logins: 16107
24/07/2013 04:36:32|INFO|PCSCBCF_USER_20130724.csv Total de Logins: 12291
24/07/2013 04:36:32|INFO|PCSASP_USER_20130724.csv Total de Logins: 17247
24/07/2013 04:36:32|INFO|PCSIUNICA_USER_20130724.csv Total de Logins: 7905
24/07/2013 04:36:32|INFO|PCSSIEBEL_USER_20130724.csv Total de Logins: 2519
24/07/2013 04:36:32|INFO|PCSFELETRONICA_USER_20130724.csv Total de Logins: 6403
24/07/2013 04:36:32|INFO|PCSP2B_USER_20130724.csv Total de Logins: 6540
24/07/2013 04:36:32|INFO|PCSVERO_USER_20130724.csv Total de Logins: 3093
24/07/2013 04:36:32|INFO|PCSPLOGISTICA_USER_20130724.csv Total de Logins: 3025
24/07/2013 04:36:32|INFO|PCSTIMFILAS_USER_20130724.csv Total de Logins: 1727
24/07/2013 04:36:32|INFO|PCSGCOB_USER_20130724.csv Total de Logins: 14
24/07/2013 04:36:32|INFO|PCSVENDITA_USER_20130724.csv Total de Logins: 280
24/07/2013 04:36:32|INFO|PCSVCE_USER_20130724.csv Total de Logins: 56
24/07/2013 04:36:32|INFO|PCSSCTR-PORTAL_USER_20130724.csv Total de Logins: 23
24/07/2013 04:36:32|INFO|PCSRAP_USER_20130724.csv Total de Logins: 18
24/07/2013 04:36:32|INFO|PCSGEOWEB_USER_20130724.csv Total de Logins: 1
24/07/2013 04:36:32|INFO|PCSUCM_USER_20130724.csv Total de Logins: 9
24/07/2013 04:36:32|INFO|PCSGVAS_USER_20130724.csv Total de Logins: 8
24/07/2013 04:36:32|INFO|PCSKPI_USER_20130724.csv Total de Logins: 6
24/07/2013 04:36:32|INFO|PCSIPVS_USER_20130724.csv Total de Logins: 8
24/07/2013 04:36:32|INFO|PCSBDOH_USER_20130724.csv Total de Logins: 135
24/07/2013 04:36:32|INFO|PCSSALES_USER_20130724.csv Total de Logins: 34
24/07/2013 04:36:32|INFO|PCSDTH_USER_20130724.csv Total de Logins: 8
24/07/2013 04:36:32|INFO|PCSPDV_MGMT_USER_20130724.csv Total de Logins: 10
24/07/2013 04:36:32|INFO|PCSFELETRONICAPG_USER_20130724.csv Total de Logins: 10
24/07/2013 04:36:32|INFO|PCSGCPP_USER_20130724.csv Total de Logins: 9
24/07/2013 04:36:32|INFO|PCSGJMC_USER_20130724.csv Total de Logins: 8
24/07/2013 04:36:32|INFO|PCSBISEMANTICO_USER_20130724.csv Total de Logins: 1
24/07/2013 04:36:32|INFO|Finalizado
