02/11/2012 04:30:01|INFO|Iniciando
02/11/2012 04:35:48|INFO|PCSCLARIFY_USER_20121102.csv Total de Logins: 19532
02/11/2012 04:35:48|INFO|PCSPDVGN_USER_20121102.csv Total de Logins: 3454
02/11/2012 04:35:48|INFO|PCSPDV_LIVE_USER_20121102.csv Total de Logins: 10298
02/11/2012 04:35:48|INFO|PCSPDVGL_USER_20121102.csv Total de Logins: 2109
02/11/2012 04:35:48|INFO|PCSSIEBEL_USER_20121102.csv Total de Logins: 145
02/11/2012 04:35:48|INFO|PCSDSF_USER_20121102.csv Total de Logins: 23708
02/11/2012 04:35:48|INFO|PCSSGR_USER_20121102.csv Total de Logins: 14980
02/11/2012 04:35:48|INFO|PCSCBCF_USER_20121102.csv Total de Logins: 11371
02/11/2012 04:35:48|INFO|PCSPROTOCOLOS_USER_20121102.csv Total de Logins: 2773
02/11/2012 04:35:48|INFO|PCSASP_USER_20121102.csv Total de Logins: 17151
02/11/2012 04:35:48|INFO|PCSIUNICA_USER_20121102.csv Total de Logins: 7483
02/11/2012 04:35:48|INFO|PCSICRC_USER_20121102.csv Total de Logins: 15710
02/11/2012 04:35:48|INFO|PCSPLOGISTICA_USER_20121102.csv Total de Logins: 4023
02/11/2012 04:35:48|INFO|PCSTIMFILAS_USER_20121102.csv Total de Logins: 1473
02/11/2012 04:35:48|INFO|PCSFELETRONICA_USER_20121102.csv Total de Logins: 2298
02/11/2012 04:35:48|INFO|PCSGVAS_USER_20121102.csv Total de Logins: 15
02/11/2012 04:35:48|INFO|PCSVERO_USER_20121102.csv Total de Logins: 20
02/11/2012 04:35:48|INFO|PCSVENDITA_USER_20121102.csv Total de Logins: 216
02/11/2012 04:35:48|INFO|PCSRAP_USER_20121102.csv Total de Logins: 27
02/11/2012 04:35:48|INFO|PCSSCTR-PORTAL_USER_20121102.csv Total de Logins: 18
02/11/2012 04:35:48|INFO|PCSSFA_USER_20121102.csv Total de Logins: 17
02/11/2012 04:35:48|INFO|PCSFELETRONICAPG_USER_20121102.csv Total de Logins: 10
02/11/2012 04:35:48|INFO|PCSGCPP_USER_20121102.csv Total de Logins: 9
02/11/2012 04:35:48|INFO|PCSUCM_USER_20121102.csv Total de Logins: 19
02/11/2012 04:35:48|INFO|PCSGJMC_USER_20121102.csv Total de Logins: 12
02/11/2012 04:35:48|INFO|PCSKPI_USER_20121102.csv Total de Logins: 8
02/11/2012 04:35:48|INFO|PCSIPVS_USER_20121102.csv Total de Logins: 8
02/11/2012 04:35:48|INFO|PCSPDV_MGMT_USER_20121102.csv Total de Logins: 7
02/11/2012 04:35:48|INFO|PCSP2B_USER_20121102.csv Total de Logins: 2
02/11/2012 04:35:48|INFO|PCSBISEMANTICO_USER_20121102.csv Total de Logins: 2
02/11/2012 04:35:48|INFO|PCSDTH_USER_20121102.csv Total de Logins: 2
02/11/2012 04:35:48|INFO|Finalizado
