04/12/2012 04:30:01|INFO|Iniciando
04/12/2012 04:35:26|INFO|PCSCLARIFY_USER_20121204.csv Total de Logins: 20619
04/12/2012 04:35:26|INFO|PCSPDVGN_USER_20121204.csv Total de Logins: 3381
04/12/2012 04:35:26|INFO|PCSPDV_LIVE_USER_20121204.csv Total de Logins: 11984
04/12/2012 04:35:26|INFO|PCSBDOH_USER_20121204.csv Total de Logins: 315
04/12/2012 04:35:26|INFO|PCSPDVGL_USER_20121204.csv Total de Logins: 2035
04/12/2012 04:35:26|INFO|PCSSIEBEL_USER_20121204.csv Total de Logins: 107
04/12/2012 04:35:26|INFO|PCSDSF_USER_20121204.csv Total de Logins: 24833
04/12/2012 04:35:26|INFO|PCSPROTOCOLOS_USER_20121204.csv Total de Logins: 3526
04/12/2012 04:35:26|INFO|PCSSGR_USER_20121204.csv Total de Logins: 16319
04/12/2012 04:35:26|INFO|PCSCBCF_USER_20121204.csv Total de Logins: 12497
04/12/2012 04:35:26|INFO|PCSIUNICA_USER_20121204.csv Total de Logins: 8135
04/12/2012 04:35:26|INFO|PCSFELETRONICA_USER_20121204.csv Total de Logins: 2207
04/12/2012 04:35:26|INFO|PCSICRC_USER_20121204.csv Total de Logins: 16493
04/12/2012 04:35:26|INFO|PCSPLOGISTICA_USER_20121204.csv Total de Logins: 3658
04/12/2012 04:35:26|INFO|PCSASP_USER_20121204.csv Total de Logins: 18047
04/12/2012 04:35:26|INFO|PCSSFA_USER_20121204.csv Total de Logins: 102
04/12/2012 04:35:26|INFO|PCSTIMFILAS_USER_20121204.csv Total de Logins: 1630
04/12/2012 04:35:26|INFO|PCSGVAS_USER_20121204.csv Total de Logins: 12
04/12/2012 04:35:26|INFO|PCSVERO_USER_20121204.csv Total de Logins: 97
04/12/2012 04:35:26|INFO|PCSVENDITA_USER_20121204.csv Total de Logins: 224
04/12/2012 04:35:26|INFO|PCSRAP_USER_20121204.csv Total de Logins: 20
04/12/2012 04:35:26|INFO|PCSSCTR-PORTAL_USER_20121204.csv Total de Logins: 16
04/12/2012 04:35:26|INFO|PCSP2B_USER_20121204.csv Total de Logins: 26
04/12/2012 04:35:26|INFO|PCSFELETRONICAPG_USER_20121204.csv Total de Logins: 9
04/12/2012 04:35:26|INFO|PCSGCPP_USER_20121204.csv Total de Logins: 7
04/12/2012 04:35:26|INFO|PCSUCM_USER_20121204.csv Total de Logins: 9
04/12/2012 04:35:26|INFO|PCSGJMC_USER_20121204.csv Total de Logins: 9
04/12/2012 04:35:26|INFO|PCSKPI_USER_20121204.csv Total de Logins: 8
04/12/2012 04:35:26|INFO|PCSIPVS_USER_20121204.csv Total de Logins: 5
04/12/2012 04:35:26|INFO|PCSPDV_MGMT_USER_20121204.csv Total de Logins: 6
04/12/2012 04:35:26|INFO|PCSDTH_USER_20121204.csv Total de Logins: 1
04/12/2012 04:35:26|INFO|Finalizado
