23/07/2013 04:30:02|INFO|Iniciando
23/07/2013 04:36:34|INFO|PCSCLARIFY_USER_20130723.csv Total de Logins: 19800
23/07/2013 04:36:34|INFO|PCSPDVGN_USER_20130723.csv Total de Logins: 3263
23/07/2013 04:36:34|INFO|PCSICRC_USER_20130723.csv Total de Logins: 15780
23/07/2013 04:36:34|INFO|PCSDSF_USER_20130723.csv Total de Logins: 24171
23/07/2013 04:36:34|INFO|PCSSFA_USER_20130723.csv Total de Logins: 3369
23/07/2013 04:36:34|INFO|PCSPDVGL_USER_20130723.csv Total de Logins: 1721
23/07/2013 04:36:34|INFO|PCSPDV_LIVE_USER_20130723.csv Total de Logins: 11709
23/07/2013 04:36:34|INFO|PCSPROTOCOLOS_USER_20130723.csv Total de Logins: 3132
23/07/2013 04:36:34|INFO|PCSSGR_USER_20130723.csv Total de Logins: 16066
23/07/2013 04:36:34|INFO|PCSCBCF_USER_20130723.csv Total de Logins: 12172
23/07/2013 04:36:34|INFO|PCSASP_USER_20130723.csv Total de Logins: 17260
23/07/2013 04:36:34|INFO|PCSIUNICA_USER_20130723.csv Total de Logins: 7907
23/07/2013 04:36:34|INFO|PCSSIEBEL_USER_20130723.csv Total de Logins: 2512
23/07/2013 04:36:34|INFO|PCSFELETRONICA_USER_20130723.csv Total de Logins: 5975
23/07/2013 04:36:34|INFO|PCSP2B_USER_20130723.csv Total de Logins: 6462
23/07/2013 04:36:34|INFO|PCSVERO_USER_20130723.csv Total de Logins: 3004
23/07/2013 04:36:34|INFO|PCSPLOGISTICA_USER_20130723.csv Total de Logins: 3012
23/07/2013 04:36:34|INFO|PCSTIMFILAS_USER_20130723.csv Total de Logins: 1716
23/07/2013 04:36:34|INFO|PCSGCOB_USER_20130723.csv Total de Logins: 14
23/07/2013 04:36:34|INFO|PCSVENDITA_USER_20130723.csv Total de Logins: 280
23/07/2013 04:36:34|INFO|PCSVCE_USER_20130723.csv Total de Logins: 56
23/07/2013 04:36:34|INFO|PCSSCTR-PORTAL_USER_20130723.csv Total de Logins: 22
23/07/2013 04:36:34|INFO|PCSRAP_USER_20130723.csv Total de Logins: 18
23/07/2013 04:36:34|INFO|PCSGEOWEB_USER_20130723.csv Total de Logins: 1
23/07/2013 04:36:34|INFO|PCSUCM_USER_20130723.csv Total de Logins: 9
23/07/2013 04:36:34|INFO|PCSGVAS_USER_20130723.csv Total de Logins: 8
23/07/2013 04:36:34|INFO|PCSKPI_USER_20130723.csv Total de Logins: 6
23/07/2013 04:36:34|INFO|PCSIPVS_USER_20130723.csv Total de Logins: 8
23/07/2013 04:36:34|INFO|PCSBDOH_USER_20130723.csv Total de Logins: 135
23/07/2013 04:36:34|INFO|PCSSALES_USER_20130723.csv Total de Logins: 34
23/07/2013 04:36:34|INFO|PCSDTH_USER_20130723.csv Total de Logins: 8
23/07/2013 04:36:34|INFO|PCSPDV_MGMT_USER_20130723.csv Total de Logins: 10
23/07/2013 04:36:34|INFO|PCSFELETRONICAPG_USER_20130723.csv Total de Logins: 10
23/07/2013 04:36:34|INFO|PCSGCPP_USER_20130723.csv Total de Logins: 9
23/07/2013 04:36:34|INFO|PCSGJMC_USER_20130723.csv Total de Logins: 8
23/07/2013 04:36:34|INFO|PCSBISEMANTICO_USER_20130723.csv Total de Logins: 1
23/07/2013 04:36:34|INFO|Finalizado
