22/12/2012 04:30:01|INFO|Iniciando
22/12/2012 04:35:35|INFO|PCSCLARIFY_USER_20121222.csv Total de Logins: 20966
22/12/2012 04:35:35|INFO|PCSPDVGN_USER_20121222.csv Total de Logins: 3409
22/12/2012 04:35:35|INFO|PCSPDV_LIVE_USER_20121222.csv Total de Logins: 12599
22/12/2012 04:35:35|INFO|PCSBDOH_USER_20121222.csv Total de Logins: 335
22/12/2012 04:35:35|INFO|PCSPDVGL_USER_20121222.csv Total de Logins: 2027
22/12/2012 04:35:35|INFO|PCSSIEBEL_USER_20121222.csv Total de Logins: 84
22/12/2012 04:35:35|INFO|PCSDSF_USER_20121222.csv Total de Logins: 25445
22/12/2012 04:35:35|INFO|PCSSGR_USER_20121222.csv Total de Logins: 16797
22/12/2012 04:35:35|INFO|PCSCBCF_USER_20121222.csv Total de Logins: 12709
22/12/2012 04:35:35|INFO|PCSPROTOCOLOS_USER_20121222.csv Total de Logins: 3590
22/12/2012 04:35:35|INFO|PCSIUNICA_USER_20121222.csv Total de Logins: 8263
22/12/2012 04:35:35|INFO|PCSFELETRONICA_USER_20121222.csv Total de Logins: 2715
22/12/2012 04:35:35|INFO|PCSICRC_USER_20121222.csv Total de Logins: 16772
22/12/2012 04:35:35|INFO|PCSPLOGISTICA_USER_20121222.csv Total de Logins: 3928
22/12/2012 04:35:35|INFO|PCSASP_USER_20121222.csv Total de Logins: 18155
22/12/2012 04:35:35|INFO|PCSSFA_USER_20121222.csv Total de Logins: 110
22/12/2012 04:35:35|INFO|PCSTIMFILAS_USER_20121222.csv Total de Logins: 1682
22/12/2012 04:35:35|INFO|PCSGVAS_USER_20121222.csv Total de Logins: 12
22/12/2012 04:35:35|INFO|PCSVERO_USER_20121222.csv Total de Logins: 202
22/12/2012 04:35:35|INFO|PCSSALES_USER_20121222.csv Total de Logins: 341
22/12/2012 04:35:35|INFO|PCSVENDITA_USER_20121222.csv Total de Logins: 275
22/12/2012 04:35:35|INFO|PCSSCTR-PORTAL_USER_20121222.csv Total de Logins: 19
22/12/2012 04:35:35|INFO|PCSRAP_USER_20121222.csv Total de Logins: 19
22/12/2012 04:35:35|INFO|PCSP2B_USER_20121222.csv Total de Logins: 26
22/12/2012 04:35:35|INFO|PCSUCM_USER_20121222.csv Total de Logins: 14
22/12/2012 04:35:35|INFO|PCSKPI_USER_20121222.csv Total de Logins: 8
22/12/2012 04:35:35|INFO|PCSIPVS_USER_20121222.csv Total de Logins: 5
22/12/2012 04:35:35|INFO|PCSGCPP_USER_20121222.csv Total de Logins: 6
22/12/2012 04:35:35|INFO|PCSPDV_MGMT_USER_20121222.csv Total de Logins: 6
22/12/2012 04:35:35|INFO|PCSGJMC_USER_20121222.csv Total de Logins: 8
22/12/2012 04:35:35|INFO|PCSFELETRONICAPG_USER_20121222.csv Total de Logins: 7
22/12/2012 04:35:35|INFO|PCSDTH_USER_20121222.csv Total de Logins: 2
22/12/2012 04:35:35|INFO|Finalizado
