25/03/2013 04:30:01|INFO|Iniciando
25/03/2013 04:36:12|INFO|PCSCLARIFY_USER_20130325.csv Total de Logins: 21653
25/03/2013 04:36:12|INFO|PCSPDVGN_USER_20130325.csv Total de Logins: 3446
25/03/2013 04:36:12|INFO|PCSPDV_LIVE_USER_20130325.csv Total de Logins: 12233
25/03/2013 04:36:12|INFO|PCSPDVGL_USER_20130325.csv Total de Logins: 2045
25/03/2013 04:36:12|INFO|PCSSIEBEL_USER_20130325.csv Total de Logins: 30
25/03/2013 04:36:12|INFO|PCSASP_USER_20130325.csv Total de Logins: 19222
25/03/2013 04:36:12|INFO|PCSDSF_USER_20130325.csv Total de Logins: 25734
25/03/2013 04:36:12|INFO|PCSICRC_USER_20130325.csv Total de Logins: 17585
25/03/2013 04:36:12|INFO|PCSPROTOCOLOS_USER_20130325.csv Total de Logins: 2594
25/03/2013 04:36:12|INFO|PCSSGR_USER_20130325.csv Total de Logins: 17519
25/03/2013 04:36:12|INFO|PCSCBCF_USER_20130325.csv Total de Logins: 13062
25/03/2013 04:36:12|INFO|PCSIUNICA_USER_20130325.csv Total de Logins: 9105
25/03/2013 04:36:12|INFO|PCSPLOGISTICA_USER_20130325.csv Total de Logins: 5966
25/03/2013 04:36:12|INFO|PCSP2B_USER_20130325.csv Total de Logins: 3733
25/03/2013 04:36:12|INFO|PCSTIMFILAS_USER_20130325.csv Total de Logins: 1656
25/03/2013 04:36:12|INFO|PCSFELETRONICA_USER_20130325.csv Total de Logins: 3959
25/03/2013 04:36:12|INFO|PCSSFA_USER_20130325.csv Total de Logins: 1225
25/03/2013 04:36:13|INFO|PCSVERO_USER_20130325.csv Total de Logins: 1312
25/03/2013 04:36:13|INFO|PCSVENDITA_USER_20130325.csv Total de Logins: 243
25/03/2013 04:36:13|INFO|PCSRAP_USER_20130325.csv Total de Logins: 15
25/03/2013 04:36:13|INFO|PCSSCTR-PORTAL_USER_20130325.csv Total de Logins: 18
25/03/2013 04:36:13|INFO|PCSUCM_USER_20130325.csv Total de Logins: 11
25/03/2013 04:36:13|INFO|PCSGVAS_USER_20130325.csv Total de Logins: 8
25/03/2013 04:36:13|INFO|PCSKPI_USER_20130325.csv Total de Logins: 8
25/03/2013 04:36:13|INFO|PCSIPVS_USER_20130325.csv Total de Logins: 4
25/03/2013 04:36:13|INFO|PCSBDOH_USER_20130325.csv Total de Logins: 228
25/03/2013 04:36:13|INFO|PCSSALES_USER_20130325.csv Total de Logins: 63
25/03/2013 04:36:13|INFO|PCSGCPP_USER_20130325.csv Total de Logins: 4
25/03/2013 04:36:13|INFO|PCSPDV_MGMT_USER_20130325.csv Total de Logins: 7
25/03/2013 04:36:13|INFO|PCSGJMC_USER_20130325.csv Total de Logins: 6
25/03/2013 04:36:13|INFO|PCSFELETRONICAPG_USER_20130325.csv Total de Logins: 6
25/03/2013 04:36:13|INFO|PCSDTH_USER_20130325.csv Total de Logins: 2
25/03/2013 04:36:13|INFO|Finalizado
