17/07/2013 04:30:01|INFO|Iniciando
17/07/2013 04:36:30|INFO|PCSCLARIFY_USER_20130717.csv Total de Logins: 19847
17/07/2013 04:36:30|INFO|PCSPDVGN_USER_20130717.csv Total de Logins: 3256
17/07/2013 04:36:30|INFO|PCSICRC_USER_20130717.csv Total de Logins: 15979
17/07/2013 04:36:30|INFO|PCSDSF_USER_20130717.csv Total de Logins: 24171
17/07/2013 04:36:30|INFO|PCSSFA_USER_20130717.csv Total de Logins: 3284
17/07/2013 04:36:30|INFO|PCSPDVGL_USER_20130717.csv Total de Logins: 1728
17/07/2013 04:36:30|INFO|PCSPDV_LIVE_USER_20130717.csv Total de Logins: 11773
17/07/2013 04:36:30|INFO|PCSPROTOCOLOS_USER_20130717.csv Total de Logins: 3135
17/07/2013 04:36:30|INFO|PCSSGR_USER_20130717.csv Total de Logins: 15998
17/07/2013 04:36:30|INFO|PCSCBCF_USER_20130717.csv Total de Logins: 12068
17/07/2013 04:36:30|INFO|PCSASP_USER_20130717.csv Total de Logins: 17385
17/07/2013 04:36:30|INFO|PCSIUNICA_USER_20130717.csv Total de Logins: 8060
17/07/2013 04:36:30|INFO|PCSSIEBEL_USER_20130717.csv Total de Logins: 2156
17/07/2013 04:36:30|INFO|PCSFELETRONICA_USER_20130717.csv Total de Logins: 3605
17/07/2013 04:36:30|INFO|PCSP2B_USER_20130717.csv Total de Logins: 6434
17/07/2013 04:36:30|INFO|PCSPLOGISTICA_USER_20130717.csv Total de Logins: 3090
17/07/2013 04:36:30|INFO|PCSVERO_USER_20130717.csv Total de Logins: 2994
17/07/2013 04:36:30|INFO|PCSTIMFILAS_USER_20130717.csv Total de Logins: 1711
17/07/2013 04:36:30|INFO|PCSGCOB_USER_20130717.csv Total de Logins: 14
17/07/2013 04:36:30|INFO|PCSVENDITA_USER_20130717.csv Total de Logins: 278
17/07/2013 04:36:30|INFO|PCSVCE_USER_20130717.csv Total de Logins: 81
17/07/2013 04:36:30|INFO|PCSSCTR-PORTAL_USER_20130717.csv Total de Logins: 22
17/07/2013 04:36:30|INFO|PCSRAP_USER_20130717.csv Total de Logins: 19
17/07/2013 04:36:30|INFO|PCSUCM_USER_20130717.csv Total de Logins: 9
17/07/2013 04:36:30|INFO|PCSGVAS_USER_20130717.csv Total de Logins: 9
17/07/2013 04:36:30|INFO|PCSKPI_USER_20130717.csv Total de Logins: 6
17/07/2013 04:36:30|INFO|PCSIPVS_USER_20130717.csv Total de Logins: 8
17/07/2013 04:36:30|INFO|PCSBDOH_USER_20130717.csv Total de Logins: 133
17/07/2013 04:36:30|INFO|PCSSALES_USER_20130717.csv Total de Logins: 34
17/07/2013 04:36:30|INFO|PCSDTH_USER_20130717.csv Total de Logins: 8
17/07/2013 04:36:30|INFO|PCSPDV_MGMT_USER_20130717.csv Total de Logins: 10
17/07/2013 04:36:30|INFO|PCSFELETRONICAPG_USER_20130717.csv Total de Logins: 10
17/07/2013 04:36:30|INFO|PCSGCPP_USER_20130717.csv Total de Logins: 9
17/07/2013 04:36:30|INFO|PCSGJMC_USER_20130717.csv Total de Logins: 8
17/07/2013 04:36:30|INFO|PCSBISEMANTICO_USER_20130717.csv Total de Logins: 1
17/07/2013 04:36:30|INFO|Finalizado
