13/04/2013 04:30:01|INFO|Iniciando
13/04/2013 04:36:22|INFO|PCSCLARIFY_USER_20130413.csv Total de Logins: 21828
13/04/2013 04:36:22|INFO|PCSPDVGN_USER_20130413.csv Total de Logins: 3417
13/04/2013 04:36:22|INFO|PCSPDV_LIVE_USER_20130413.csv Total de Logins: 11647
13/04/2013 04:36:22|INFO|PCSPDVGL_USER_20130413.csv Total de Logins: 1993
13/04/2013 04:36:22|INFO|PCSSIEBEL_USER_20130413.csv Total de Logins: 76
13/04/2013 04:36:22|INFO|PCSDSF_USER_20130413.csv Total de Logins: 26044
13/04/2013 04:36:22|INFO|PCSICRC_USER_20130413.csv Total de Logins: 17697
13/04/2013 04:36:22|INFO|PCSPROTOCOLOS_USER_20130413.csv Total de Logins: 2682
13/04/2013 04:36:22|INFO|PCSSGR_USER_20130413.csv Total de Logins: 17387
13/04/2013 04:36:22|INFO|PCSCBCF_USER_20130413.csv Total de Logins: 13027
13/04/2013 04:36:22|INFO|PCSASP_USER_20130413.csv Total de Logins: 19362
13/04/2013 04:36:22|INFO|PCSIUNICA_USER_20130413.csv Total de Logins: 8904
13/04/2013 04:36:22|INFO|PCSPLOGISTICA_USER_20130413.csv Total de Logins: 5289
13/04/2013 04:36:22|INFO|PCSP2B_USER_20130413.csv Total de Logins: 4722
13/04/2013 04:36:22|INFO|PCSSFA_USER_20130413.csv Total de Logins: 1484
13/04/2013 04:36:22|INFO|PCSVERO_USER_20130413.csv Total de Logins: 1531
13/04/2013 04:36:22|INFO|PCSTIMFILAS_USER_20130413.csv Total de Logins: 1636
13/04/2013 04:36:22|INFO|PCSFELETRONICA_USER_20130413.csv Total de Logins: 3346
13/04/2013 04:36:22|INFO|PCSVENDITA_USER_20130413.csv Total de Logins: 274
13/04/2013 04:36:22|INFO|PCSRAP_USER_20130413.csv Total de Logins: 19
13/04/2013 04:36:22|INFO|PCSSCTR-PORTAL_USER_20130413.csv Total de Logins: 18
13/04/2013 04:36:22|INFO|PCSUCM_USER_20130413.csv Total de Logins: 10
13/04/2013 04:36:22|INFO|PCSGVAS_USER_20130413.csv Total de Logins: 8
13/04/2013 04:36:22|INFO|PCSKPI_USER_20130413.csv Total de Logins: 8
13/04/2013 04:36:22|INFO|PCSIPVS_USER_20130413.csv Total de Logins: 4
13/04/2013 04:36:22|INFO|PCSBDOH_USER_20130413.csv Total de Logins: 223
13/04/2013 04:36:22|INFO|PCSSALES_USER_20130413.csv Total de Logins: 63
13/04/2013 04:36:22|INFO|PCSGCPP_USER_20130413.csv Total de Logins: 4
13/04/2013 04:36:22|INFO|PCSPDV_MGMT_USER_20130413.csv Total de Logins: 7
13/04/2013 04:36:22|INFO|PCSGJMC_USER_20130413.csv Total de Logins: 6
13/04/2013 04:36:22|INFO|PCSFELETRONICAPG_USER_20130413.csv Total de Logins: 6
13/04/2013 04:36:22|INFO|PCSDTH_USER_20130413.csv Total de Logins: 2
13/04/2013 04:36:22|INFO|Finalizado
