12/08/2013 04:30:01|INFO|Iniciando
12/08/2013 04:36:38|INFO|PCSCLARIFY_USER_20130812.csv Total de Logins: 19523
12/08/2013 04:36:38|INFO|PCSPDVGN_USER_20130812.csv Total de Logins: 3293
12/08/2013 04:36:38|INFO|PCSICRC_USER_20130812.csv Total de Logins: 16017
12/08/2013 04:36:38|INFO|PCSDSF_USER_20130812.csv Total de Logins: 24174
12/08/2013 04:36:38|INFO|PCSSFA_USER_20130812.csv Total de Logins: 3637
12/08/2013 04:36:38|INFO|PCSPDV_LIVE_USER_20130812.csv Total de Logins: 11538
12/08/2013 04:36:38|INFO|PCSPDVGL_USER_20130812.csv Total de Logins: 1695
12/08/2013 04:36:38|INFO|PCSPROTOCOLOS_USER_20130812.csv Total de Logins: 3280
12/08/2013 04:36:38|INFO|PCSSGR_USER_20130812.csv Total de Logins: 16186
12/08/2013 04:36:38|INFO|PCSCBCF_USER_20130812.csv Total de Logins: 12279
12/08/2013 04:36:38|INFO|PCSASP_USER_20130812.csv Total de Logins: 16983
12/08/2013 04:36:38|INFO|PCSIUNICA_USER_20130812.csv Total de Logins: 8369
12/08/2013 04:36:38|INFO|PCSSIEBEL_USER_20130812.csv Total de Logins: 4261
12/08/2013 04:36:38|INFO|PCSFELETRONICA_USER_20130812.csv Total de Logins: 6543
12/08/2013 04:36:38|INFO|PCSP2B_USER_20130812.csv Total de Logins: 6813
12/08/2013 04:36:38|INFO|PCSVERO_USER_20130812.csv Total de Logins: 3241
12/08/2013 04:36:38|INFO|PCSPLOGISTICA_USER_20130812.csv Total de Logins: 2768
12/08/2013 04:36:38|INFO|PCSTIMFILAS_USER_20130812.csv Total de Logins: 1763
12/08/2013 04:36:38|INFO|PCSGCOB_USER_20130812.csv Total de Logins: 14
12/08/2013 04:36:38|INFO|PCSVENDITA_USER_20130812.csv Total de Logins: 297
12/08/2013 04:36:38|INFO|PCSVCE_USER_20130812.csv Total de Logins: 85
12/08/2013 04:36:38|INFO|PCSSCTR-PORTAL_USER_20130812.csv Total de Logins: 24
12/08/2013 04:36:38|INFO|PCSRAP_USER_20130812.csv Total de Logins: 17
12/08/2013 04:36:38|INFO|PCSGEOWEB_USER_20130812.csv Total de Logins: 1
12/08/2013 04:36:38|INFO|PCSUCM_USER_20130812.csv Total de Logins: 9
12/08/2013 04:36:38|INFO|PCSGVAS_USER_20130812.csv Total de Logins: 8
12/08/2013 04:36:38|INFO|PCSKPI_USER_20130812.csv Total de Logins: 6
12/08/2013 04:36:38|INFO|PCSIPVS_USER_20130812.csv Total de Logins: 8
12/08/2013 04:36:38|INFO|PCSBDOH_USER_20130812.csv Total de Logins: 158
12/08/2013 04:36:39|INFO|PCSSALES_USER_20130812.csv Total de Logins: 32
12/08/2013 04:36:39|INFO|PCSDTH_USER_20130812.csv Total de Logins: 8
12/08/2013 04:36:39|INFO|PCSPDV_MGMT_USER_20130812.csv Total de Logins: 21
12/08/2013 04:36:39|INFO|PCSFELETRONICAPG_USER_20130812.csv Total de Logins: 11
12/08/2013 04:36:39|INFO|PCSGCPP_USER_20130812.csv Total de Logins: 9
12/08/2013 04:36:39|INFO|PCSGJMC_USER_20130812.csv Total de Logins: 8
12/08/2013 04:36:39|INFO|PCSBISEMANTICO_USER_20130812.csv Total de Logins: 1
12/08/2013 04:36:39|INFO|Finalizado
