14/12/2012 04:30:01|INFO|Iniciando
14/12/2012 04:35:35|INFO|PCSCLARIFY_USER_20121214.csv Total de Logins: 20989
14/12/2012 04:35:35|INFO|PCSPDVGN_USER_20121214.csv Total de Logins: 3399
14/12/2012 04:35:35|INFO|PCSPDV_LIVE_USER_20121214.csv Total de Logins: 12506
14/12/2012 04:35:35|INFO|PCSBDOH_USER_20121214.csv Total de Logins: 329
14/12/2012 04:35:35|INFO|PCSPDVGL_USER_20121214.csv Total de Logins: 2029
14/12/2012 04:35:35|INFO|PCSSIEBEL_USER_20121214.csv Total de Logins: 86
14/12/2012 04:35:35|INFO|PCSDSF_USER_20121214.csv Total de Logins: 25315
14/12/2012 04:35:35|INFO|PCSPROTOCOLOS_USER_20121214.csv Total de Logins: 3469
14/12/2012 04:35:35|INFO|PCSSGR_USER_20121214.csv Total de Logins: 16841
14/12/2012 04:35:35|INFO|PCSCBCF_USER_20121214.csv Total de Logins: 12587
14/12/2012 04:35:35|INFO|PCSIUNICA_USER_20121214.csv Total de Logins: 8416
14/12/2012 04:35:35|INFO|PCSFELETRONICA_USER_20121214.csv Total de Logins: 2729
14/12/2012 04:35:35|INFO|PCSICRC_USER_20121214.csv Total de Logins: 16856
14/12/2012 04:35:35|INFO|PCSPLOGISTICA_USER_20121214.csv Total de Logins: 4057
14/12/2012 04:35:35|INFO|PCSASP_USER_20121214.csv Total de Logins: 18367
14/12/2012 04:35:35|INFO|PCSSFA_USER_20121214.csv Total de Logins: 107
14/12/2012 04:35:35|INFO|PCSTIMFILAS_USER_20121214.csv Total de Logins: 1678
14/12/2012 04:35:35|INFO|PCSGVAS_USER_20121214.csv Total de Logins: 13
14/12/2012 04:35:35|INFO|PCSVERO_USER_20121214.csv Total de Logins: 202
14/12/2012 04:35:35|INFO|PCSSALES_USER_20121214.csv Total de Logins: 375
14/12/2012 04:35:35|INFO|PCSVENDITA_USER_20121214.csv Total de Logins: 263
14/12/2012 04:35:35|INFO|PCSSCTR-PORTAL_USER_20121214.csv Total de Logins: 19
14/12/2012 04:35:35|INFO|PCSRAP_USER_20121214.csv Total de Logins: 20
14/12/2012 04:35:35|INFO|PCSP2B_USER_20121214.csv Total de Logins: 26
14/12/2012 04:35:35|INFO|PCSUCM_USER_20121214.csv Total de Logins: 14
14/12/2012 04:35:35|INFO|PCSKPI_USER_20121214.csv Total de Logins: 8
14/12/2012 04:35:35|INFO|PCSIPVS_USER_20121214.csv Total de Logins: 5
14/12/2012 04:35:35|INFO|PCSGCPP_USER_20121214.csv Total de Logins: 6
14/12/2012 04:35:35|INFO|PCSPDV_MGMT_USER_20121214.csv Total de Logins: 9
14/12/2012 04:35:35|INFO|PCSGJMC_USER_20121214.csv Total de Logins: 8
14/12/2012 04:35:35|INFO|PCSFELETRONICAPG_USER_20121214.csv Total de Logins: 7
14/12/2012 04:35:35|INFO|PCSDTH_USER_20121214.csv Total de Logins: 2
14/12/2012 04:35:35|INFO|Finalizado
