23/10/2012 04:30:01|INFO|Iniciando
23/10/2012 04:35:23|INFO|PCSCLARIFY_USER_20121023.csv Total de Logins: 19893
23/10/2012 04:35:23|INFO|PCSPDVGN_USER_20121023.csv Total de Logins: 3453
23/10/2012 04:35:23|INFO|PCSPDV_LIVE_USER_20121023.csv Total de Logins: 10044
23/10/2012 04:35:23|INFO|PCSPDVGL_USER_20121023.csv Total de Logins: 2140
23/10/2012 04:35:23|INFO|PCSSIEBEL_USER_20121023.csv Total de Logins: 499
23/10/2012 04:35:23|INFO|PCSDSF_USER_20121023.csv Total de Logins: 24077
23/10/2012 04:35:23|INFO|PCSSGR_USER_20121023.csv Total de Logins: 14663
23/10/2012 04:35:23|INFO|PCSCBCF_USER_20121023.csv Total de Logins: 10974
23/10/2012 04:35:23|INFO|PCSPROTOCOLOS_USER_20121023.csv Total de Logins: 2376
23/10/2012 04:35:23|INFO|PCSASP_USER_20121023.csv Total de Logins: 17512
23/10/2012 04:35:23|INFO|PCSIUNICA_USER_20121023.csv Total de Logins: 7618
23/10/2012 04:35:23|INFO|PCSICRC_USER_20121023.csv Total de Logins: 15932
23/10/2012 04:35:23|INFO|PCSPLOGISTICA_USER_20121023.csv Total de Logins: 4128
23/10/2012 04:35:23|INFO|PCSTIMFILAS_USER_20121023.csv Total de Logins: 1378
23/10/2012 04:35:23|INFO|PCSFELETRONICA_USER_20121023.csv Total de Logins: 2367
23/10/2012 04:35:23|INFO|PCSGVAS_USER_20121023.csv Total de Logins: 15
23/10/2012 04:35:23|INFO|PCSDTH_USER_20121023.csv Total de Logins: 5
23/10/2012 04:35:23|INFO|PCSVERO_USER_20121023.csv Total de Logins: 20
23/10/2012 04:35:23|INFO|PCSVENDITA_USER_20121023.csv Total de Logins: 230
23/10/2012 04:35:23|INFO|PCSRAP_USER_20121023.csv Total de Logins: 36
23/10/2012 04:35:23|INFO|PCSSCTR-PORTAL_USER_20121023.csv Total de Logins: 19
23/10/2012 04:35:23|INFO|PCSSFA_USER_20121023.csv Total de Logins: 17
23/10/2012 04:35:23|INFO|PCSFELETRONICAPG_USER_20121023.csv Total de Logins: 11
23/10/2012 04:35:23|INFO|PCSGCPP_USER_20121023.csv Total de Logins: 9
23/10/2012 04:35:23|INFO|PCSUCM_USER_20121023.csv Total de Logins: 39
23/10/2012 04:35:23|INFO|PCSGJMC_USER_20121023.csv Total de Logins: 12
23/10/2012 04:35:23|INFO|PCSKPI_USER_20121023.csv Total de Logins: 7
23/10/2012 04:35:23|INFO|PCSIPVS_USER_20121023.csv Total de Logins: 8
23/10/2012 04:35:23|INFO|PCSPDV_MGMT_USER_20121023.csv Total de Logins: 7
23/10/2012 04:35:23|INFO|PCSP2B_USER_20121023.csv Total de Logins: 1
23/10/2012 04:35:23|INFO|PCSBISEMANTICO_USER_20121023.csv Total de Logins: 2
23/10/2012 04:35:23|INFO|Finalizado
