30/10/2012 04:30:02|INFO|Iniciando
30/10/2012 04:35:19|INFO|PCSCLARIFY_USER_20121030.csv Total de Logins: 19541
30/10/2012 04:35:19|INFO|PCSPDVGN_USER_20121030.csv Total de Logins: 3450
30/10/2012 04:35:19|INFO|PCSPDV_LIVE_USER_20121030.csv Total de Logins: 10144
30/10/2012 04:35:19|INFO|PCSPDVGL_USER_20121030.csv Total de Logins: 2109
30/10/2012 04:35:19|INFO|PCSSIEBEL_USER_20121030.csv Total de Logins: 385
30/10/2012 04:35:19|INFO|PCSDSF_USER_20121030.csv Total de Logins: 23749
30/10/2012 04:35:19|INFO|PCSSGR_USER_20121030.csv Total de Logins: 14643
30/10/2012 04:35:19|INFO|PCSCBCF_USER_20121030.csv Total de Logins: 11071
30/10/2012 04:35:19|INFO|PCSPROTOCOLOS_USER_20121030.csv Total de Logins: 2619
30/10/2012 04:35:19|INFO|PCSASP_USER_20121030.csv Total de Logins: 17200
30/10/2012 04:35:19|INFO|PCSIUNICA_USER_20121030.csv Total de Logins: 7468
30/10/2012 04:35:19|INFO|PCSICRC_USER_20121030.csv Total de Logins: 15708
30/10/2012 04:35:19|INFO|PCSPLOGISTICA_USER_20121030.csv Total de Logins: 3914
30/10/2012 04:35:19|INFO|PCSTIMFILAS_USER_20121030.csv Total de Logins: 1429
30/10/2012 04:35:19|INFO|PCSFELETRONICA_USER_20121030.csv Total de Logins: 2133
30/10/2012 04:35:19|INFO|PCSGVAS_USER_20121030.csv Total de Logins: 15
30/10/2012 04:35:19|INFO|PCSVERO_USER_20121030.csv Total de Logins: 20
30/10/2012 04:35:19|INFO|PCSVENDITA_USER_20121030.csv Total de Logins: 218
30/10/2012 04:35:19|INFO|PCSRAP_USER_20121030.csv Total de Logins: 27
30/10/2012 04:35:19|INFO|PCSSCTR-PORTAL_USER_20121030.csv Total de Logins: 19
30/10/2012 04:35:19|INFO|PCSSFA_USER_20121030.csv Total de Logins: 17
30/10/2012 04:35:19|INFO|PCSFELETRONICAPG_USER_20121030.csv Total de Logins: 10
30/10/2012 04:35:19|INFO|PCSGCPP_USER_20121030.csv Total de Logins: 9
30/10/2012 04:35:19|INFO|PCSUCM_USER_20121030.csv Total de Logins: 19
30/10/2012 04:35:19|INFO|PCSGJMC_USER_20121030.csv Total de Logins: 12
30/10/2012 04:35:19|INFO|PCSKPI_USER_20121030.csv Total de Logins: 8
30/10/2012 04:35:19|INFO|PCSIPVS_USER_20121030.csv Total de Logins: 8
30/10/2012 04:35:19|INFO|PCSPDV_MGMT_USER_20121030.csv Total de Logins: 7
30/10/2012 04:35:19|INFO|PCSP2B_USER_20121030.csv Total de Logins: 2
30/10/2012 04:35:19|INFO|PCSBISEMANTICO_USER_20121030.csv Total de Logins: 2
30/10/2012 04:35:19|INFO|PCSDTH_USER_20121030.csv Total de Logins: 2
30/10/2012 04:35:19|INFO|Finalizado
