02/12/2012 04:30:01|INFO|Iniciando
02/12/2012 04:35:26|INFO|PCSCLARIFY_USER_20121202.csv Total de Logins: 20648
02/12/2012 04:35:26|INFO|PCSPDVGN_USER_20121202.csv Total de Logins: 3382
02/12/2012 04:35:26|INFO|PCSPDV_LIVE_USER_20121202.csv Total de Logins: 11959
02/12/2012 04:35:26|INFO|PCSBDOH_USER_20121202.csv Total de Logins: 315
02/12/2012 04:35:26|INFO|PCSPDVGL_USER_20121202.csv Total de Logins: 2037
02/12/2012 04:35:26|INFO|PCSSIEBEL_USER_20121202.csv Total de Logins: 95
02/12/2012 04:35:26|INFO|PCSDSF_USER_20121202.csv Total de Logins: 24816
02/12/2012 04:35:26|INFO|PCSPROTOCOLOS_USER_20121202.csv Total de Logins: 3537
02/12/2012 04:35:26|INFO|PCSSGR_USER_20121202.csv Total de Logins: 16379
02/12/2012 04:35:26|INFO|PCSCBCF_USER_20121202.csv Total de Logins: 12518
02/12/2012 04:35:26|INFO|PCSIUNICA_USER_20121202.csv Total de Logins: 8194
02/12/2012 04:35:26|INFO|PCSFELETRONICA_USER_20121202.csv Total de Logins: 2392
02/12/2012 04:35:26|INFO|PCSICRC_USER_20121202.csv Total de Logins: 16567
02/12/2012 04:35:26|INFO|PCSPLOGISTICA_USER_20121202.csv Total de Logins: 3831
02/12/2012 04:35:26|INFO|PCSASP_USER_20121202.csv Total de Logins: 17942
02/12/2012 04:35:26|INFO|PCSSFA_USER_20121202.csv Total de Logins: 103
02/12/2012 04:35:26|INFO|PCSTIMFILAS_USER_20121202.csv Total de Logins: 1638
02/12/2012 04:35:26|INFO|PCSGVAS_USER_20121202.csv Total de Logins: 12
02/12/2012 04:35:26|INFO|PCSVERO_USER_20121202.csv Total de Logins: 97
02/12/2012 04:35:26|INFO|PCSVENDITA_USER_20121202.csv Total de Logins: 228
02/12/2012 04:35:26|INFO|PCSRAP_USER_20121202.csv Total de Logins: 20
02/12/2012 04:35:26|INFO|PCSSCTR-PORTAL_USER_20121202.csv Total de Logins: 16
02/12/2012 04:35:26|INFO|PCSP2B_USER_20121202.csv Total de Logins: 26
02/12/2012 04:35:26|INFO|PCSFELETRONICAPG_USER_20121202.csv Total de Logins: 8
02/12/2012 04:35:26|INFO|PCSGCPP_USER_20121202.csv Total de Logins: 7
02/12/2012 04:35:26|INFO|PCSUCM_USER_20121202.csv Total de Logins: 10
02/12/2012 04:35:26|INFO|PCSGJMC_USER_20121202.csv Total de Logins: 9
02/12/2012 04:35:26|INFO|PCSKPI_USER_20121202.csv Total de Logins: 8
02/12/2012 04:35:26|INFO|PCSIPVS_USER_20121202.csv Total de Logins: 5
02/12/2012 04:35:26|INFO|PCSPDV_MGMT_USER_20121202.csv Total de Logins: 6
02/12/2012 04:35:26|INFO|PCSDTH_USER_20121202.csv Total de Logins: 1
02/12/2012 04:35:26|INFO|Finalizado
