07/10/2012 04:30:01|INFO|Iniciando
07/10/2012 04:35:02|INFO|PCSCLARIFY_USER_20121007.csv Total de Logins: 20022
07/10/2012 04:35:02|INFO|PCSPDVGN_USER_20121007.csv Total de Logins: 3443
07/10/2012 04:35:02|INFO|PCSPDV_LIVE_USER_20121007.csv Total de Logins: 9896
07/10/2012 04:35:02|INFO|PCSPDVGL_USER_20121007.csv Total de Logins: 2146
07/10/2012 04:35:02|INFO|PCSSIEBEL_USER_20121007.csv Total de Logins: 530
07/10/2012 04:35:02|INFO|PCSDSF_USER_20121007.csv Total de Logins: 24199
07/10/2012 04:35:02|INFO|PCSSGR_USER_20121007.csv Total de Logins: 14815
07/10/2012 04:35:02|INFO|PCSCBCF_USER_20121007.csv Total de Logins: 10777
07/10/2012 04:35:02|INFO|PCSPROTOCOLOS_USER_20121007.csv Total de Logins: 2186
07/10/2012 04:35:02|INFO|PCSASP_USER_20121007.csv Total de Logins: 17592
07/10/2012 04:35:02|INFO|PCSIUNICA_USER_20121007.csv Total de Logins: 7692
07/10/2012 04:35:02|INFO|PCSICRC_USER_20121007.csv Total de Logins: 16019
07/10/2012 04:35:02|INFO|PCSPLOGISTICA_USER_20121007.csv Total de Logins: 3781
07/10/2012 04:35:02|INFO|PCSTIMFILAS_USER_20121007.csv Total de Logins: 1315
07/10/2012 04:35:02|INFO|PCSFELETRONICA_USER_20121007.csv Total de Logins: 2279
07/10/2012 04:35:02|INFO|PCSGVAS_USER_20121007.csv Total de Logins: 16
07/10/2012 04:35:02|INFO|PCSDTH_USER_20121007.csv Total de Logins: 6
07/10/2012 04:35:02|INFO|PCSVENDITA_USER_20121007.csv Total de Logins: 232
07/10/2012 04:35:02|INFO|PCSRAP_USER_20121007.csv Total de Logins: 36
07/10/2012 04:35:02|INFO|PCSSCTR-PORTAL_USER_20121007.csv Total de Logins: 20
07/10/2012 04:35:02|INFO|PCSVERO_USER_20121007.csv Total de Logins: 18
07/10/2012 04:35:02|INFO|PCSSFA_USER_20121007.csv Total de Logins: 17
07/10/2012 04:35:02|INFO|PCSFELETRONICAPG_USER_20121007.csv Total de Logins: 12
07/10/2012 04:35:02|INFO|PCSGCPP_USER_20121007.csv Total de Logins: 10
07/10/2012 04:35:02|INFO|PCSUCM_USER_20121007.csv Total de Logins: 40
07/10/2012 04:35:02|INFO|PCSGJMC_USER_20121007.csv Total de Logins: 13
07/10/2012 04:35:02|INFO|PCSKPI_USER_20121007.csv Total de Logins: 9
07/10/2012 04:35:02|INFO|PCSIPVS_USER_20121007.csv Total de Logins: 9
07/10/2012 04:35:02|INFO|PCSPDV_MGMT_USER_20121007.csv Total de Logins: 6
07/10/2012 04:35:03|INFO|PCSP2B_USER_20121007.csv Total de Logins: 1
07/10/2012 04:35:03|INFO|PCSBISEMANTICO_USER_20121007.csv Total de Logins: 2
07/10/2012 04:35:03|INFO|Finalizado
