21/07/2013 04:30:02|INFO|Iniciando
21/07/2013 04:36:26|INFO|PCSCLARIFY_USER_20130721.csv Total de Logins: 19837
21/07/2013 04:36:26|INFO|PCSPDVGN_USER_20130721.csv Total de Logins: 3267
21/07/2013 04:36:26|INFO|PCSICRC_USER_20130721.csv Total de Logins: 15882
21/07/2013 04:36:26|INFO|PCSDSF_USER_20130721.csv Total de Logins: 24220
21/07/2013 04:36:26|INFO|PCSSFA_USER_20130721.csv Total de Logins: 3357
21/07/2013 04:36:26|INFO|PCSPDVGL_USER_20130721.csv Total de Logins: 1722
21/07/2013 04:36:26|INFO|PCSPDV_LIVE_USER_20130721.csv Total de Logins: 11781
21/07/2013 04:36:26|INFO|PCSPROTOCOLOS_USER_20130721.csv Total de Logins: 3183
21/07/2013 04:36:26|INFO|PCSSGR_USER_20130721.csv Total de Logins: 16055
21/07/2013 04:36:26|INFO|PCSCBCF_USER_20130721.csv Total de Logins: 12255
21/07/2013 04:36:26|INFO|PCSASP_USER_20130721.csv Total de Logins: 17314
21/07/2013 04:36:26|INFO|PCSIUNICA_USER_20130721.csv Total de Logins: 7916
21/07/2013 04:36:26|INFO|PCSSIEBEL_USER_20130721.csv Total de Logins: 2312
21/07/2013 04:36:26|INFO|PCSFELETRONICA_USER_20130721.csv Total de Logins: 5222
21/07/2013 04:36:26|INFO|PCSP2B_USER_20130721.csv Total de Logins: 6462
21/07/2013 04:36:26|INFO|PCSVERO_USER_20130721.csv Total de Logins: 3005
21/07/2013 04:36:26|INFO|PCSPLOGISTICA_USER_20130721.csv Total de Logins: 3026
21/07/2013 04:36:26|INFO|PCSTIMFILAS_USER_20130721.csv Total de Logins: 1720
21/07/2013 04:36:26|INFO|PCSGCOB_USER_20130721.csv Total de Logins: 14
21/07/2013 04:36:26|INFO|PCSVENDITA_USER_20130721.csv Total de Logins: 282
21/07/2013 04:36:26|INFO|PCSVCE_USER_20130721.csv Total de Logins: 53
21/07/2013 04:36:26|INFO|PCSSCTR-PORTAL_USER_20130721.csv Total de Logins: 22
21/07/2013 04:36:26|INFO|PCSRAP_USER_20130721.csv Total de Logins: 19
21/07/2013 04:36:26|INFO|PCSUCM_USER_20130721.csv Total de Logins: 9
21/07/2013 04:36:26|INFO|PCSGVAS_USER_20130721.csv Total de Logins: 9
21/07/2013 04:36:26|INFO|PCSKPI_USER_20130721.csv Total de Logins: 6
21/07/2013 04:36:26|INFO|PCSIPVS_USER_20130721.csv Total de Logins: 8
21/07/2013 04:36:26|INFO|PCSBDOH_USER_20130721.csv Total de Logins: 136
21/07/2013 04:36:26|INFO|PCSSALES_USER_20130721.csv Total de Logins: 33
21/07/2013 04:36:26|INFO|PCSDTH_USER_20130721.csv Total de Logins: 8
21/07/2013 04:36:26|INFO|PCSPDV_MGMT_USER_20130721.csv Total de Logins: 10
21/07/2013 04:36:26|INFO|PCSFELETRONICAPG_USER_20130721.csv Total de Logins: 11
21/07/2013 04:36:26|INFO|PCSGCPP_USER_20130721.csv Total de Logins: 9
21/07/2013 04:36:26|INFO|PCSGJMC_USER_20130721.csv Total de Logins: 8
21/07/2013 04:36:26|INFO|PCSBISEMANTICO_USER_20130721.csv Total de Logins: 1
21/07/2013 04:36:26|INFO|Finalizado
