28/05/2013 04:30:02|INFO|Iniciando
28/05/2013 04:36:24|INFO|PCSCLARIFY_USER_20130528.csv Total de Logins: 20512
28/05/2013 04:36:24|INFO|PCSPDVGN_USER_20130528.csv Total de Logins: 3132
28/05/2013 04:36:24|INFO|PCSPDV_LIVE_USER_20130528.csv Total de Logins: 11009
28/05/2013 04:36:24|INFO|PCSPDVGL_USER_20130528.csv Total de Logins: 1782
28/05/2013 04:36:24|INFO|PCSSIEBEL_USER_20130528.csv Total de Logins: 98
28/05/2013 04:36:24|INFO|PCSDSF_USER_20130528.csv Total de Logins: 24589
28/05/2013 04:36:24|INFO|PCSPROTOCOLOS_USER_20130528.csv Total de Logins: 2639
28/05/2013 04:36:24|INFO|PCSSGR_USER_20130528.csv Total de Logins: 16568
28/05/2013 04:36:24|INFO|PCSCBCF_USER_20130528.csv Total de Logins: 12355
28/05/2013 04:36:24|INFO|PCSICRC_USER_20130528.csv Total de Logins: 16606
28/05/2013 04:36:24|INFO|PCSASP_USER_20130528.csv Total de Logins: 18213
28/05/2013 04:36:24|INFO|PCSIUNICA_USER_20130528.csv Total de Logins: 8115
28/05/2013 04:36:24|INFO|PCSP2B_USER_20130528.csv Total de Logins: 4878
28/05/2013 04:36:24|INFO|PCSPLOGISTICA_USER_20130528.csv Total de Logins: 5003
28/05/2013 04:36:24|INFO|PCSSFA_USER_20130528.csv Total de Logins: 2413
28/05/2013 04:36:24|INFO|PCSVERO_USER_20130528.csv Total de Logins: 2193
28/05/2013 04:36:24|INFO|PCSTIMFILAS_USER_20130528.csv Total de Logins: 1678
28/05/2013 04:36:24|INFO|PCSFELETRONICA_USER_20130528.csv Total de Logins: 2930
28/05/2013 04:36:24|INFO|PCSVENDITA_USER_20130528.csv Total de Logins: 244
28/05/2013 04:36:24|INFO|PCSSCTR-PORTAL_USER_20130528.csv Total de Logins: 19
28/05/2013 04:36:24|INFO|PCSRAP_USER_20130528.csv Total de Logins: 19
28/05/2013 04:36:24|INFO|PCSUCM_USER_20130528.csv Total de Logins: 9
28/05/2013 04:36:24|INFO|PCSGVAS_USER_20130528.csv Total de Logins: 7
28/05/2013 04:36:24|INFO|PCSKPI_USER_20130528.csv Total de Logins: 7
28/05/2013 04:36:24|INFO|PCSIPVS_USER_20130528.csv Total de Logins: 4
28/05/2013 04:36:24|INFO|PCSBDOH_USER_20130528.csv Total de Logins: 139
28/05/2013 04:36:24|INFO|PCSSALES_USER_20130528.csv Total de Logins: 46
28/05/2013 04:36:24|INFO|PCSGCPP_USER_20130528.csv Total de Logins: 8
28/05/2013 04:36:24|INFO|PCSPDV_MGMT_USER_20130528.csv Total de Logins: 6
28/05/2013 04:36:24|INFO|PCSGJMC_USER_20130528.csv Total de Logins: 6
28/05/2013 04:36:24|INFO|PCSFELETRONICAPG_USER_20130528.csv Total de Logins: 4
28/05/2013 04:36:24|INFO|PCSDTH_USER_20130528.csv Total de Logins: 2
28/05/2013 04:36:24|INFO|Finalizado
