18/11/2012 04:30:01|INFO|Iniciando
18/11/2012 04:35:12|INFO|PCSCLARIFY_USER_20121118.csv Total de Logins: 19755
18/11/2012 04:35:12|INFO|PCSPDVGN_USER_20121118.csv Total de Logins: 3342
18/11/2012 04:35:12|INFO|PCSPDV_LIVE_USER_20121118.csv Total de Logins: 10315
18/11/2012 04:35:12|INFO|PCSBDOH_USER_20121118.csv Total de Logins: 297
18/11/2012 04:35:12|INFO|PCSPDVGL_USER_20121118.csv Total de Logins: 2003
18/11/2012 04:35:12|INFO|PCSSIEBEL_USER_20121118.csv Total de Logins: 116
18/11/2012 04:35:12|INFO|PCSDSF_USER_20121118.csv Total de Logins: 23997
18/11/2012 04:35:12|INFO|PCSPROTOCOLOS_USER_20121118.csv Total de Logins: 2879
18/11/2012 04:35:12|INFO|PCSSGR_USER_20121118.csv Total de Logins: 15243
18/11/2012 04:35:12|INFO|PCSCBCF_USER_20121118.csv Total de Logins: 11688
18/11/2012 04:35:12|INFO|PCSIUNICA_USER_20121118.csv Total de Logins: 7791
18/11/2012 04:35:12|INFO|PCSFELETRONICA_USER_20121118.csv Total de Logins: 2725
18/11/2012 04:35:12|INFO|PCSICRC_USER_20121118.csv Total de Logins: 15692
18/11/2012 04:35:12|INFO|PCSPLOGISTICA_USER_20121118.csv Total de Logins: 4243
18/11/2012 04:35:12|INFO|PCSASP_USER_20121118.csv Total de Logins: 17195
18/11/2012 04:35:12|INFO|PCSTIMFILAS_USER_20121118.csv Total de Logins: 1522
18/11/2012 04:35:12|INFO|PCSGVAS_USER_20121118.csv Total de Logins: 13
18/11/2012 04:35:12|INFO|PCSVERO_USER_20121118.csv Total de Logins: 33
18/11/2012 04:35:12|INFO|PCSVENDITA_USER_20121118.csv Total de Logins: 199
18/11/2012 04:35:12|INFO|PCSRAP_USER_20121118.csv Total de Logins: 20
18/11/2012 04:35:12|INFO|PCSSCTR-PORTAL_USER_20121118.csv Total de Logins: 17
18/11/2012 04:35:12|INFO|PCSSFA_USER_20121118.csv Total de Logins: 37
18/11/2012 04:35:12|INFO|PCSFELETRONICAPG_USER_20121118.csv Total de Logins: 10
18/11/2012 04:35:12|INFO|PCSGCPP_USER_20121118.csv Total de Logins: 9
18/11/2012 04:35:12|INFO|PCSUCM_USER_20121118.csv Total de Logins: 14
18/11/2012 04:35:12|INFO|PCSGJMC_USER_20121118.csv Total de Logins: 10
18/11/2012 04:35:12|INFO|PCSKPI_USER_20121118.csv Total de Logins: 8
18/11/2012 04:35:12|INFO|PCSIPVS_USER_20121118.csv Total de Logins: 8
18/11/2012 04:35:12|INFO|PCSPDV_MGMT_USER_20121118.csv Total de Logins: 7
18/11/2012 04:35:12|INFO|PCSP2B_USER_20121118.csv Total de Logins: 3
18/11/2012 04:35:12|INFO|PCSDTH_USER_20121118.csv Total de Logins: 2
18/11/2012 04:35:12|INFO|Finalizado
