17/04/2013 04:30:01|INFO|Iniciando
17/04/2013 04:36:04|INFO|PCSCLARIFY_USER_20130417.csv Total de Logins: 21854
17/04/2013 04:36:05|INFO|PCSPDVGN_USER_20130417.csv Total de Logins: 3414
17/04/2013 04:36:05|INFO|PCSPDV_LIVE_USER_20130417.csv Total de Logins: 11579
17/04/2013 04:36:05|INFO|PCSPDVGL_USER_20130417.csv Total de Logins: 1988
17/04/2013 04:36:05|INFO|PCSSIEBEL_USER_20130417.csv Total de Logins: 71
17/04/2013 04:36:05|INFO|PCSDSF_USER_20130417.csv Total de Logins: 26061
17/04/2013 04:36:05|INFO|PCSPROTOCOLOS_USER_20130417.csv Total de Logins: 2622
17/04/2013 04:36:05|INFO|PCSSGR_USER_20130417.csv Total de Logins: 17413
17/04/2013 04:36:05|INFO|PCSCBCF_USER_20130417.csv Total de Logins: 12951
17/04/2013 04:36:05|INFO|PCSICRC_USER_20130417.csv Total de Logins: 17745
17/04/2013 04:36:05|INFO|PCSASP_USER_20130417.csv Total de Logins: 19434
17/04/2013 04:36:05|INFO|PCSIUNICA_USER_20130417.csv Total de Logins: 8942
17/04/2013 04:36:05|INFO|PCSPLOGISTICA_USER_20130417.csv Total de Logins: 5042
17/04/2013 04:36:05|INFO|PCSP2B_USER_20130417.csv Total de Logins: 4646
17/04/2013 04:36:05|INFO|PCSSFA_USER_20130417.csv Total de Logins: 1429
17/04/2013 04:36:05|INFO|PCSVERO_USER_20130417.csv Total de Logins: 1456
17/04/2013 04:36:05|INFO|PCSTIMFILAS_USER_20130417.csv Total de Logins: 1635
17/04/2013 04:36:05|INFO|PCSFELETRONICA_USER_20130417.csv Total de Logins: 3495
17/04/2013 04:36:05|INFO|PCSVENDITA_USER_20130417.csv Total de Logins: 273
17/04/2013 04:36:05|INFO|PCSRAP_USER_20130417.csv Total de Logins: 19
17/04/2013 04:36:05|INFO|PCSSCTR-PORTAL_USER_20130417.csv Total de Logins: 19
17/04/2013 04:36:05|INFO|PCSUCM_USER_20130417.csv Total de Logins: 10
17/04/2013 04:36:05|INFO|PCSGVAS_USER_20130417.csv Total de Logins: 8
17/04/2013 04:36:05|INFO|PCSKPI_USER_20130417.csv Total de Logins: 8
17/04/2013 04:36:05|INFO|PCSIPVS_USER_20130417.csv Total de Logins: 4
17/04/2013 04:36:05|INFO|PCSBDOH_USER_20130417.csv Total de Logins: 219
17/04/2013 04:36:05|INFO|PCSSALES_USER_20130417.csv Total de Logins: 65
17/04/2013 04:36:05|INFO|PCSGCPP_USER_20130417.csv Total de Logins: 4
17/04/2013 04:36:05|INFO|PCSPDV_MGMT_USER_20130417.csv Total de Logins: 7
17/04/2013 04:36:05|INFO|PCSGJMC_USER_20130417.csv Total de Logins: 6
17/04/2013 04:36:05|INFO|PCSFELETRONICAPG_USER_20130417.csv Total de Logins: 6
17/04/2013 04:36:05|INFO|PCSDTH_USER_20130417.csv Total de Logins: 2
17/04/2013 04:36:05|INFO|Finalizado
