23/12/2012 04:30:01|INFO|Iniciando
23/12/2012 04:35:32|INFO|PCSCLARIFY_USER_20121223.csv Total de Logins: 20925
23/12/2012 04:35:32|INFO|PCSPDVGN_USER_20121223.csv Total de Logins: 3409
23/12/2012 04:35:32|INFO|PCSPDV_LIVE_USER_20121223.csv Total de Logins: 12488
23/12/2012 04:35:32|INFO|PCSBDOH_USER_20121223.csv Total de Logins: 335
23/12/2012 04:35:32|INFO|PCSPDVGL_USER_20121223.csv Total de Logins: 2027
23/12/2012 04:35:32|INFO|PCSSIEBEL_USER_20121223.csv Total de Logins: 84
23/12/2012 04:35:32|INFO|PCSDSF_USER_20121223.csv Total de Logins: 25401
23/12/2012 04:35:32|INFO|PCSSGR_USER_20121223.csv Total de Logins: 16697
23/12/2012 04:35:32|INFO|PCSCBCF_USER_20121223.csv Total de Logins: 12637
23/12/2012 04:35:32|INFO|PCSPROTOCOLOS_USER_20121223.csv Total de Logins: 3558
23/12/2012 04:35:32|INFO|PCSIUNICA_USER_20121223.csv Total de Logins: 8227
23/12/2012 04:35:32|INFO|PCSFELETRONICA_USER_20121223.csv Total de Logins: 2638
23/12/2012 04:35:32|INFO|PCSICRC_USER_20121223.csv Total de Logins: 16726
23/12/2012 04:35:32|INFO|PCSPLOGISTICA_USER_20121223.csv Total de Logins: 3841
23/12/2012 04:35:32|INFO|PCSASP_USER_20121223.csv Total de Logins: 18092
23/12/2012 04:35:32|INFO|PCSSFA_USER_20121223.csv Total de Logins: 110
23/12/2012 04:35:32|INFO|PCSTIMFILAS_USER_20121223.csv Total de Logins: 1682
23/12/2012 04:35:32|INFO|PCSGVAS_USER_20121223.csv Total de Logins: 12
23/12/2012 04:35:32|INFO|PCSVERO_USER_20121223.csv Total de Logins: 202
23/12/2012 04:35:32|INFO|PCSSALES_USER_20121223.csv Total de Logins: 341
23/12/2012 04:35:32|INFO|PCSVENDITA_USER_20121223.csv Total de Logins: 275
23/12/2012 04:35:32|INFO|PCSSCTR-PORTAL_USER_20121223.csv Total de Logins: 19
23/12/2012 04:35:32|INFO|PCSRAP_USER_20121223.csv Total de Logins: 19
23/12/2012 04:35:32|INFO|PCSP2B_USER_20121223.csv Total de Logins: 26
23/12/2012 04:35:32|INFO|PCSUCM_USER_20121223.csv Total de Logins: 14
23/12/2012 04:35:32|INFO|PCSKPI_USER_20121223.csv Total de Logins: 8
23/12/2012 04:35:32|INFO|PCSIPVS_USER_20121223.csv Total de Logins: 5
23/12/2012 04:35:32|INFO|PCSGCPP_USER_20121223.csv Total de Logins: 6
23/12/2012 04:35:32|INFO|PCSPDV_MGMT_USER_20121223.csv Total de Logins: 6
23/12/2012 04:35:32|INFO|PCSGJMC_USER_20121223.csv Total de Logins: 8
23/12/2012 04:35:32|INFO|PCSFELETRONICAPG_USER_20121223.csv Total de Logins: 7
23/12/2012 04:35:32|INFO|PCSDTH_USER_20121223.csv Total de Logins: 2
23/12/2012 04:35:32|INFO|Finalizado
