15/10/2012 04:30:01|INFO|Iniciando
15/10/2012 04:34:59|INFO|PCSCLARIFY_USER_20121015.csv Total de Logins: 19842
15/10/2012 04:34:59|INFO|PCSPDVGN_USER_20121015.csv Total de Logins: 3453
15/10/2012 04:34:59|INFO|PCSPDV_LIVE_USER_20121015.csv Total de Logins: 9823
15/10/2012 04:34:59|INFO|PCSPDVGL_USER_20121015.csv Total de Logins: 2161
15/10/2012 04:34:59|INFO|PCSSIEBEL_USER_20121015.csv Total de Logins: 512
15/10/2012 04:34:59|INFO|PCSDSF_USER_20121015.csv Total de Logins: 23897
15/10/2012 04:34:59|INFO|PCSSGR_USER_20121015.csv Total de Logins: 14498
15/10/2012 04:34:59|INFO|PCSCBCF_USER_20121015.csv Total de Logins: 10755
15/10/2012 04:34:59|INFO|PCSPROTOCOLOS_USER_20121015.csv Total de Logins: 2051
15/10/2012 04:34:59|INFO|PCSASP_USER_20121015.csv Total de Logins: 17420
15/10/2012 04:34:59|INFO|PCSIUNICA_USER_20121015.csv Total de Logins: 7567
15/10/2012 04:34:59|INFO|PCSICRC_USER_20121015.csv Total de Logins: 15837
15/10/2012 04:34:59|INFO|PCSPLOGISTICA_USER_20121015.csv Total de Logins: 4071
15/10/2012 04:34:59|INFO|PCSTIMFILAS_USER_20121015.csv Total de Logins: 1304
15/10/2012 04:34:59|INFO|PCSFELETRONICA_USER_20121015.csv Total de Logins: 2275
15/10/2012 04:34:59|INFO|PCSGVAS_USER_20121015.csv Total de Logins: 16
15/10/2012 04:34:59|INFO|PCSDTH_USER_20121015.csv Total de Logins: 6
15/10/2012 04:34:59|INFO|PCSVENDITA_USER_20121015.csv Total de Logins: 234
15/10/2012 04:34:59|INFO|PCSRAP_USER_20121015.csv Total de Logins: 36
15/10/2012 04:34:59|INFO|PCSSCTR-PORTAL_USER_20121015.csv Total de Logins: 20
15/10/2012 04:34:59|INFO|PCSVERO_USER_20121015.csv Total de Logins: 19
15/10/2012 04:34:59|INFO|PCSSFA_USER_20121015.csv Total de Logins: 17
15/10/2012 04:34:59|INFO|PCSFELETRONICAPG_USER_20121015.csv Total de Logins: 11
15/10/2012 04:34:59|INFO|PCSGCPP_USER_20121015.csv Total de Logins: 9
15/10/2012 04:34:59|INFO|PCSUCM_USER_20121015.csv Total de Logins: 40
15/10/2012 04:34:59|INFO|PCSGJMC_USER_20121015.csv Total de Logins: 12
15/10/2012 04:34:59|INFO|PCSKPI_USER_20121015.csv Total de Logins: 7
15/10/2012 04:34:59|INFO|PCSIPVS_USER_20121015.csv Total de Logins: 8
15/10/2012 04:34:59|INFO|PCSPDV_MGMT_USER_20121015.csv Total de Logins: 7
15/10/2012 04:34:59|INFO|PCSP2B_USER_20121015.csv Total de Logins: 1
15/10/2012 04:34:59|INFO|PCSBISEMANTICO_USER_20121015.csv Total de Logins: 2
15/10/2012 04:34:59|INFO|Finalizado
