05/11/2012 04:30:01|INFO|Iniciando
05/11/2012 04:35:06|INFO|PCSCLARIFY_USER_20121105.csv Total de Logins: 19498
05/11/2012 04:35:06|INFO|PCSPDVGN_USER_20121105.csv Total de Logins: 3454
05/11/2012 04:35:06|INFO|PCSPDV_LIVE_USER_20121105.csv Total de Logins: 10158
05/11/2012 04:35:06|INFO|PCSPDVGL_USER_20121105.csv Total de Logins: 2109
05/11/2012 04:35:06|INFO|PCSSIEBEL_USER_20121105.csv Total de Logins: 133
05/11/2012 04:35:06|INFO|PCSDSF_USER_20121105.csv Total de Logins: 23675
05/11/2012 04:35:06|INFO|PCSPROTOCOLOS_USER_20121105.csv Total de Logins: 2724
05/11/2012 04:35:06|INFO|PCSSGR_USER_20121105.csv Total de Logins: 14726
05/11/2012 04:35:06|INFO|PCSCBCF_USER_20121105.csv Total de Logins: 11252
05/11/2012 04:35:06|INFO|PCSASP_USER_20121105.csv Total de Logins: 17112
05/11/2012 04:35:06|INFO|PCSIUNICA_USER_20121105.csv Total de Logins: 7440
05/11/2012 04:35:06|INFO|PCSICRC_USER_20121105.csv Total de Logins: 15626
05/11/2012 04:35:06|INFO|PCSPLOGISTICA_USER_20121105.csv Total de Logins: 3847
05/11/2012 04:35:06|INFO|PCSTIMFILAS_USER_20121105.csv Total de Logins: 1449
05/11/2012 04:35:06|INFO|PCSFELETRONICA_USER_20121105.csv Total de Logins: 2170
05/11/2012 04:35:06|INFO|PCSGVAS_USER_20121105.csv Total de Logins: 15
05/11/2012 04:35:06|INFO|PCSVERO_USER_20121105.csv Total de Logins: 20
05/11/2012 04:35:06|INFO|PCSVENDITA_USER_20121105.csv Total de Logins: 215
05/11/2012 04:35:06|INFO|PCSRAP_USER_20121105.csv Total de Logins: 26
05/11/2012 04:35:06|INFO|PCSSCTR-PORTAL_USER_20121105.csv Total de Logins: 18
05/11/2012 04:35:06|INFO|PCSSFA_USER_20121105.csv Total de Logins: 17
05/11/2012 04:35:06|INFO|PCSFELETRONICAPG_USER_20121105.csv Total de Logins: 10
05/11/2012 04:35:06|INFO|PCSGCPP_USER_20121105.csv Total de Logins: 9
05/11/2012 04:35:06|INFO|PCSUCM_USER_20121105.csv Total de Logins: 19
05/11/2012 04:35:06|INFO|PCSGJMC_USER_20121105.csv Total de Logins: 12
05/11/2012 04:35:06|INFO|PCSKPI_USER_20121105.csv Total de Logins: 8
05/11/2012 04:35:06|INFO|PCSIPVS_USER_20121105.csv Total de Logins: 8
05/11/2012 04:35:06|INFO|PCSPDV_MGMT_USER_20121105.csv Total de Logins: 7
05/11/2012 04:35:06|INFO|PCSP2B_USER_20121105.csv Total de Logins: 2
05/11/2012 04:35:06|INFO|PCSDTH_USER_20121105.csv Total de Logins: 2
05/11/2012 04:35:06|INFO|Finalizado
