17/05/2013 04:30:01|INFO|Iniciando
17/05/2013 04:36:24|INFO|PCSCLARIFY_USER_20130517.csv Total de Logins: 20627
17/05/2013 04:36:24|INFO|PCSPDVGN_USER_20130517.csv Total de Logins: 3095
17/05/2013 04:36:24|INFO|PCSPDV_LIVE_USER_20130517.csv Total de Logins: 10690
17/05/2013 04:36:24|INFO|PCSPDVGL_USER_20130517.csv Total de Logins: 1802
17/05/2013 04:36:24|INFO|PCSSIEBEL_USER_20130517.csv Total de Logins: 84
17/05/2013 04:36:24|INFO|PCSDSF_USER_20130517.csv Total de Logins: 24517
17/05/2013 04:36:24|INFO|PCSPROTOCOLOS_USER_20130517.csv Total de Logins: 2511
17/05/2013 04:36:24|INFO|PCSSGR_USER_20130517.csv Total de Logins: 16314
17/05/2013 04:36:24|INFO|PCSCBCF_USER_20130517.csv Total de Logins: 12010
17/05/2013 04:36:24|INFO|PCSICRC_USER_20130517.csv Total de Logins: 16636
17/05/2013 04:36:24|INFO|PCSASP_USER_20130517.csv Total de Logins: 18303
17/05/2013 04:36:24|INFO|PCSIUNICA_USER_20130517.csv Total de Logins: 8228
17/05/2013 04:36:24|INFO|PCSP2B_USER_20130517.csv Total de Logins: 4509
17/05/2013 04:36:24|INFO|PCSPLOGISTICA_USER_20130517.csv Total de Logins: 4817
17/05/2013 04:36:24|INFO|PCSSFA_USER_20130517.csv Total de Logins: 1968
17/05/2013 04:36:24|INFO|PCSVERO_USER_20130517.csv Total de Logins: 1788
17/05/2013 04:36:24|INFO|PCSTIMFILAS_USER_20130517.csv Total de Logins: 1678
17/05/2013 04:36:24|INFO|PCSFELETRONICA_USER_20130517.csv Total de Logins: 2926
17/05/2013 04:36:24|INFO|PCSVENDITA_USER_20130517.csv Total de Logins: 258
17/05/2013 04:36:24|INFO|PCSRAP_USER_20130517.csv Total de Logins: 20
17/05/2013 04:36:24|INFO|PCSSCTR-PORTAL_USER_20130517.csv Total de Logins: 19
17/05/2013 04:36:24|INFO|PCSUCM_USER_20130517.csv Total de Logins: 10
17/05/2013 04:36:24|INFO|PCSGVAS_USER_20130517.csv Total de Logins: 8
17/05/2013 04:36:24|INFO|PCSKPI_USER_20130517.csv Total de Logins: 7
17/05/2013 04:36:24|INFO|PCSIPVS_USER_20130517.csv Total de Logins: 4
17/05/2013 04:36:24|INFO|PCSBDOH_USER_20130517.csv Total de Logins: 146
17/05/2013 04:36:24|INFO|PCSSALES_USER_20130517.csv Total de Logins: 51
17/05/2013 04:36:24|INFO|PCSGCPP_USER_20130517.csv Total de Logins: 5
17/05/2013 04:36:24|INFO|PCSPDV_MGMT_USER_20130517.csv Total de Logins: 6
17/05/2013 04:36:24|INFO|PCSGJMC_USER_20130517.csv Total de Logins: 6
17/05/2013 04:36:24|INFO|PCSFELETRONICAPG_USER_20130517.csv Total de Logins: 5
17/05/2013 04:36:24|INFO|PCSDTH_USER_20130517.csv Total de Logins: 2
17/05/2013 04:36:24|INFO|Finalizado
