23/04/2013 04:30:01|INFO|Iniciando
23/04/2013 04:36:24|INFO|PCSCLARIFY_USER_20130423.csv Total de Logins: 21754
23/04/2013 04:36:24|INFO|PCSPDVGN_USER_20130423.csv Total de Logins: 3415
23/04/2013 04:36:24|INFO|PCSPDV_LIVE_USER_20130423.csv Total de Logins: 11648
23/04/2013 04:36:24|INFO|PCSPDVGL_USER_20130423.csv Total de Logins: 1984
23/04/2013 04:36:24|INFO|PCSSIEBEL_USER_20130423.csv Total de Logins: 73
23/04/2013 04:36:24|INFO|PCSDSF_USER_20130423.csv Total de Logins: 26099
23/04/2013 04:36:24|INFO|PCSPROTOCOLOS_USER_20130423.csv Total de Logins: 2669
23/04/2013 04:36:24|INFO|PCSSGR_USER_20130423.csv Total de Logins: 17402
23/04/2013 04:36:24|INFO|PCSCBCF_USER_20130423.csv Total de Logins: 12983
23/04/2013 04:36:24|INFO|PCSICRC_USER_20130423.csv Total de Logins: 17740
23/04/2013 04:36:24|INFO|PCSASP_USER_20130423.csv Total de Logins: 19327
23/04/2013 04:36:24|INFO|PCSIUNICA_USER_20130423.csv Total de Logins: 8820
23/04/2013 04:36:24|INFO|PCSPLOGISTICA_USER_20130423.csv Total de Logins: 4481
23/04/2013 04:36:24|INFO|PCSP2B_USER_20130423.csv Total de Logins: 4667
23/04/2013 04:36:24|INFO|PCSSFA_USER_20130423.csv Total de Logins: 1444
23/04/2013 04:36:24|INFO|PCSVERO_USER_20130423.csv Total de Logins: 1443
23/04/2013 04:36:24|INFO|PCSTIMFILAS_USER_20130423.csv Total de Logins: 1662
23/04/2013 04:36:24|INFO|PCSFELETRONICA_USER_20130423.csv Total de Logins: 3639
23/04/2013 04:36:24|INFO|PCSVENDITA_USER_20130423.csv Total de Logins: 289
23/04/2013 04:36:24|INFO|PCSRAP_USER_20130423.csv Total de Logins: 22
23/04/2013 04:36:24|INFO|PCSSCTR-PORTAL_USER_20130423.csv Total de Logins: 19
23/04/2013 04:36:24|INFO|PCSUCM_USER_20130423.csv Total de Logins: 10
23/04/2013 04:36:24|INFO|PCSGVAS_USER_20130423.csv Total de Logins: 8
23/04/2013 04:36:24|INFO|PCSKPI_USER_20130423.csv Total de Logins: 7
23/04/2013 04:36:24|INFO|PCSIPVS_USER_20130423.csv Total de Logins: 4
23/04/2013 04:36:24|INFO|PCSBDOH_USER_20130423.csv Total de Logins: 197
23/04/2013 04:36:24|INFO|PCSSALES_USER_20130423.csv Total de Logins: 57
23/04/2013 04:36:24|INFO|PCSGCPP_USER_20130423.csv Total de Logins: 5
23/04/2013 04:36:24|INFO|PCSPDV_MGMT_USER_20130423.csv Total de Logins: 7
23/04/2013 04:36:24|INFO|PCSGJMC_USER_20130423.csv Total de Logins: 6
23/04/2013 04:36:24|INFO|PCSFELETRONICAPG_USER_20130423.csv Total de Logins: 5
23/04/2013 04:36:24|INFO|PCSDTH_USER_20130423.csv Total de Logins: 2
23/04/2013 04:36:24|INFO|Finalizado
