06/03/2013 04:30:02|INFO|Iniciando
06/03/2013 04:36:31|INFO|PCSCLARIFY_USER_20130306.csv Total de Logins: 21495
06/03/2013 04:36:31|INFO|PCSPDVGN_USER_20130306.csv Total de Logins: 3467
06/03/2013 04:36:31|INFO|PCSPDV_LIVE_USER_20130306.csv Total de Logins: 13222
06/03/2013 04:36:31|INFO|PCSPDVGL_USER_20130306.csv Total de Logins: 2034
06/03/2013 04:36:31|INFO|PCSSIEBEL_USER_20130306.csv Total de Logins: 32
06/03/2013 04:36:31|INFO|PCSASP_USER_20130306.csv Total de Logins: 19104
06/03/2013 04:36:31|INFO|PCSDSF_USER_20130306.csv Total de Logins: 25673
06/03/2013 04:36:31|INFO|PCSICRC_USER_20130306.csv Total de Logins: 17807
06/03/2013 04:36:31|INFO|PCSPROTOCOLOS_USER_20130306.csv Total de Logins: 2661
06/03/2013 04:36:31|INFO|PCSSGR_USER_20130306.csv Total de Logins: 17076
06/03/2013 04:36:31|INFO|PCSCBCF_USER_20130306.csv Total de Logins: 12676
06/03/2013 04:36:31|INFO|PCSIUNICA_USER_20130306.csv Total de Logins: 9155
06/03/2013 04:36:31|INFO|PCSPLOGISTICA_USER_20130306.csv Total de Logins: 5512
06/03/2013 04:36:31|INFO|PCSP2B_USER_20130306.csv Total de Logins: 2471
06/03/2013 04:36:31|INFO|PCSFELETRONICA_USER_20130306.csv Total de Logins: 3810
06/03/2013 04:36:31|INFO|PCSSFA_USER_20130306.csv Total de Logins: 1773
06/03/2013 04:36:31|INFO|PCSVERO_USER_20130306.csv Total de Logins: 1796
06/03/2013 04:36:31|INFO|PCSTIMFILAS_USER_20130306.csv Total de Logins: 1625
06/03/2013 04:36:31|INFO|PCSVENDITA_USER_20130306.csv Total de Logins: 253
06/03/2013 04:36:31|INFO|PCSRAP_USER_20130306.csv Total de Logins: 13
06/03/2013 04:36:31|INFO|PCSSCTR-PORTAL_USER_20130306.csv Total de Logins: 16
06/03/2013 04:36:31|INFO|PCSUCM_USER_20130306.csv Total de Logins: 8
06/03/2013 04:36:31|INFO|PCSGVAS_USER_20130306.csv Total de Logins: 9
06/03/2013 04:36:31|INFO|PCSKPI_USER_20130306.csv Total de Logins: 8
06/03/2013 04:36:31|INFO|PCSIPVS_USER_20130306.csv Total de Logins: 5
06/03/2013 04:36:31|INFO|PCSBDOH_USER_20130306.csv Total de Logins: 196
06/03/2013 04:36:31|INFO|PCSSALES_USER_20130306.csv Total de Logins: 70
06/03/2013 04:36:31|INFO|PCSGCPP_USER_20130306.csv Total de Logins: 5
06/03/2013 04:36:31|INFO|PCSPDV_MGMT_USER_20130306.csv Total de Logins: 8
06/03/2013 04:36:31|INFO|PCSGJMC_USER_20130306.csv Total de Logins: 7
06/03/2013 04:36:31|INFO|PCSFELETRONICAPG_USER_20130306.csv Total de Logins: 6
06/03/2013 04:36:31|INFO|PCSDTH_USER_20130306.csv Total de Logins: 2
06/03/2013 04:36:31|INFO|Finalizado
