17/08/2013 04:30:02|INFO|Iniciando
17/08/2013 04:36:39|INFO|PCSCLARIFY_USER_20130817.csv Total de Logins: 19310
17/08/2013 04:36:39|INFO|PCSPDVGN_USER_20130817.csv Total de Logins: 3295
17/08/2013 04:36:39|INFO|PCSICRC_USER_20130817.csv Total de Logins: 15945
17/08/2013 04:36:39|INFO|PCSDSF_USER_20130817.csv Total de Logins: 23960
17/08/2013 04:36:39|INFO|PCSSFA_USER_20130817.csv Total de Logins: 3748
17/08/2013 04:36:39|INFO|PCSPDV_LIVE_USER_20130817.csv Total de Logins: 11623
17/08/2013 04:36:39|INFO|PCSPDVGL_USER_20130817.csv Total de Logins: 1696
17/08/2013 04:36:39|INFO|PCSPROTOCOLOS_USER_20130817.csv Total de Logins: 3295
17/08/2013 04:36:39|INFO|PCSSGR_USER_20130817.csv Total de Logins: 16027
17/08/2013 04:36:39|INFO|PCSCBCF_USER_20130817.csv Total de Logins: 12287
17/08/2013 04:36:39|INFO|PCSASP_USER_20130817.csv Total de Logins: 16890
17/08/2013 04:36:39|INFO|PCSIUNICA_USER_20130817.csv Total de Logins: 8330
17/08/2013 04:36:39|INFO|PCSSIEBEL_USER_20130817.csv Total de Logins: 4245
17/08/2013 04:36:39|INFO|PCSFELETRONICA_USER_20130817.csv Total de Logins: 6587
17/08/2013 04:36:39|INFO|PCSP2B_USER_20130817.csv Total de Logins: 6909
17/08/2013 04:36:39|INFO|PCSVERO_USER_20130817.csv Total de Logins: 3388
17/08/2013 04:36:39|INFO|PCSPLOGISTICA_USER_20130817.csv Total de Logins: 2758
17/08/2013 04:36:39|INFO|PCSTIMFILAS_USER_20130817.csv Total de Logins: 1759
17/08/2013 04:36:39|INFO|PCSGCOB_USER_20130817.csv Total de Logins: 14
17/08/2013 04:36:39|INFO|PCSVENDITA_USER_20130817.csv Total de Logins: 296
17/08/2013 04:36:39|INFO|PCSSCTR-PORTAL_USER_20130817.csv Total de Logins: 24
17/08/2013 04:36:39|INFO|PCSRAP_USER_20130817.csv Total de Logins: 16
17/08/2013 04:36:39|INFO|PCSGEOWEB_USER_20130817.csv Total de Logins: 1
17/08/2013 04:36:39|INFO|PCSUCM_USER_20130817.csv Total de Logins: 9
17/08/2013 04:36:39|INFO|PCSGVAS_USER_20130817.csv Total de Logins: 8
17/08/2013 04:36:39|INFO|PCSKPI_USER_20130817.csv Total de Logins: 6
17/08/2013 04:36:39|INFO|PCSIPVS_USER_20130817.csv Total de Logins: 8
17/08/2013 04:36:39|INFO|PCSBDOH_USER_20130817.csv Total de Logins: 160
17/08/2013 04:36:39|INFO|PCSSALES_USER_20130817.csv Total de Logins: 32
17/08/2013 04:36:39|INFO|PCSDTH_USER_20130817.csv Total de Logins: 8
17/08/2013 04:36:39|INFO|PCSVCE_USER_20130817.csv Total de Logins: 68
17/08/2013 04:36:39|INFO|PCSPDV_MGMT_USER_20130817.csv Total de Logins: 21
17/08/2013 04:36:39|INFO|PCSFELETRONICAPG_USER_20130817.csv Total de Logins: 11
17/08/2013 04:36:39|INFO|PCSGCPP_USER_20130817.csv Total de Logins: 9
17/08/2013 04:36:39|INFO|PCSGJMC_USER_20130817.csv Total de Logins: 8
17/08/2013 04:36:39|INFO|PCSBISEMANTICO_USER_20130817.csv Total de Logins: 1
17/08/2013 04:36:39|INFO|Finalizado
