25/01/2013 04:30:01|INFO|Iniciando
25/01/2013 04:35:55|INFO|PCSCLARIFY_USER_20130125.csv Total de Logins: 21307
25/01/2013 04:35:55|INFO|PCSPDVGN_USER_20130125.csv Total de Logins: 3424
25/01/2013 04:35:55|INFO|PCSPDV_LIVE_USER_20130125.csv Total de Logins: 11329
25/01/2013 04:35:55|INFO|PCSSFA_USER_20130125.csv Total de Logins: 1133
25/01/2013 04:35:55|INFO|PCSPDVGL_USER_20130125.csv Total de Logins: 2041
25/01/2013 04:35:55|INFO|PCSSIEBEL_USER_20130125.csv Total de Logins: 34
25/01/2013 04:35:55|INFO|PCSDSF_USER_20130125.csv Total de Logins: 25541
25/01/2013 04:35:55|INFO|PCSSGR_USER_20130125.csv Total de Logins: 16433
25/01/2013 04:35:55|INFO|PCSCBCF_USER_20130125.csv Total de Logins: 12217
25/01/2013 04:35:55|INFO|PCSPROTOCOLOS_USER_20130125.csv Total de Logins: 2859
25/01/2013 04:35:55|INFO|PCSICRC_USER_20130125.csv Total de Logins: 17184
25/01/2013 04:35:55|INFO|PCSASP_USER_20130125.csv Total de Logins: 18907
25/01/2013 04:35:55|INFO|PCSIUNICA_USER_20130125.csv Total de Logins: 8534
25/01/2013 04:35:55|INFO|PCSPLOGISTICA_USER_20130125.csv Total de Logins: 4151
25/01/2013 04:35:55|INFO|PCSTIMFILAS_USER_20130125.csv Total de Logins: 1630
25/01/2013 04:35:55|INFO|PCSFELETRONICA_USER_20130125.csv Total de Logins: 3457
25/01/2013 04:35:55|INFO|PCSVERO_USER_20130125.csv Total de Logins: 1064
25/01/2013 04:35:55|INFO|PCSP2B_USER_20130125.csv Total de Logins: 998
25/01/2013 04:35:55|INFO|PCSVENDITA_USER_20130125.csv Total de Logins: 259
25/01/2013 04:35:55|INFO|PCSSCTR-PORTAL_USER_20130125.csv Total de Logins: 16
25/01/2013 04:35:55|INFO|PCSRAP_USER_20130125.csv Total de Logins: 14
25/01/2013 04:35:55|INFO|PCSBDOH_USER_20130125.csv Total de Logins: 188
25/01/2013 04:35:55|INFO|PCSUCM_USER_20130125.csv Total de Logins: 13
25/01/2013 04:35:55|INFO|PCSGVAS_USER_20130125.csv Total de Logins: 10
25/01/2013 04:35:55|INFO|PCSKPI_USER_20130125.csv Total de Logins: 8
25/01/2013 04:35:55|INFO|PCSIPVS_USER_20130125.csv Total de Logins: 5
25/01/2013 04:35:55|INFO|PCSSALES_USER_20130125.csv Total de Logins: 86
25/01/2013 04:35:55|INFO|PCSGCPP_USER_20130125.csv Total de Logins: 5
25/01/2013 04:35:55|INFO|PCSPDV_MGMT_USER_20130125.csv Total de Logins: 6
25/01/2013 04:35:55|INFO|PCSGJMC_USER_20130125.csv Total de Logins: 7
25/01/2013 04:35:55|INFO|PCSFELETRONICAPG_USER_20130125.csv Total de Logins: 6
25/01/2013 04:35:55|INFO|PCSDTH_USER_20130125.csv Total de Logins: 2
25/01/2013 04:35:55|INFO|Finalizado
