23/05/2013 04:30:02|INFO|Iniciando
23/05/2013 04:36:22|INFO|PCSCLARIFY_USER_20130523.csv Total de Logins: 20305
23/05/2013 04:36:22|INFO|PCSPDVGN_USER_20130523.csv Total de Logins: 3070
23/05/2013 04:36:22|INFO|PCSPDV_LIVE_USER_20130523.csv Total de Logins: 10857
23/05/2013 04:36:22|INFO|PCSPDVGL_USER_20130523.csv Total de Logins: 1786
23/05/2013 04:36:22|INFO|PCSSIEBEL_USER_20130523.csv Total de Logins: 99
23/05/2013 04:36:22|INFO|PCSDSF_USER_20130523.csv Total de Logins: 24250
23/05/2013 04:36:22|INFO|PCSPROTOCOLOS_USER_20130523.csv Total de Logins: 2549
23/05/2013 04:36:22|INFO|PCSSGR_USER_20130523.csv Total de Logins: 16177
23/05/2013 04:36:22|INFO|PCSCBCF_USER_20130523.csv Total de Logins: 12104
23/05/2013 04:36:22|INFO|PCSICRC_USER_20130523.csv Total de Logins: 16278
23/05/2013 04:36:22|INFO|PCSASP_USER_20130523.csv Total de Logins: 18064
23/05/2013 04:36:22|INFO|PCSIUNICA_USER_20130523.csv Total de Logins: 7990
23/05/2013 04:36:22|INFO|PCSP2B_USER_20130523.csv Total de Logins: 4767
23/05/2013 04:36:22|INFO|PCSPLOGISTICA_USER_20130523.csv Total de Logins: 4534
23/05/2013 04:36:22|INFO|PCSSFA_USER_20130523.csv Total de Logins: 2200
23/05/2013 04:36:22|INFO|PCSVERO_USER_20130523.csv Total de Logins: 2000
23/05/2013 04:36:22|INFO|PCSTIMFILAS_USER_20130523.csv Total de Logins: 1684
23/05/2013 04:36:22|INFO|PCSFELETRONICA_USER_20130523.csv Total de Logins: 2731
23/05/2013 04:36:22|INFO|PCSVENDITA_USER_20130523.csv Total de Logins: 247
23/05/2013 04:36:22|INFO|PCSSCTR-PORTAL_USER_20130523.csv Total de Logins: 19
23/05/2013 04:36:22|INFO|PCSRAP_USER_20130523.csv Total de Logins: 19
23/05/2013 04:36:22|INFO|PCSUCM_USER_20130523.csv Total de Logins: 9
23/05/2013 04:36:22|INFO|PCSGVAS_USER_20130523.csv Total de Logins: 7
23/05/2013 04:36:22|INFO|PCSKPI_USER_20130523.csv Total de Logins: 7
23/05/2013 04:36:22|INFO|PCSIPVS_USER_20130523.csv Total de Logins: 4
23/05/2013 04:36:22|INFO|PCSBDOH_USER_20130523.csv Total de Logins: 142
23/05/2013 04:36:22|INFO|PCSSALES_USER_20130523.csv Total de Logins: 49
23/05/2013 04:36:22|INFO|PCSGCPP_USER_20130523.csv Total de Logins: 8
23/05/2013 04:36:22|INFO|PCSPDV_MGMT_USER_20130523.csv Total de Logins: 6
23/05/2013 04:36:22|INFO|PCSGJMC_USER_20130523.csv Total de Logins: 6
23/05/2013 04:36:22|INFO|PCSFELETRONICAPG_USER_20130523.csv Total de Logins: 4
23/05/2013 04:36:22|INFO|PCSDTH_USER_20130523.csv Total de Logins: 2
23/05/2013 04:36:22|INFO|Finalizado
