25/02/2013 04:30:01|INFO|Iniciando
25/02/2013 04:35:54|INFO|PCSCLARIFY_USER_20130225.csv Total de Logins: 21090
25/02/2013 04:35:54|INFO|PCSPDVGN_USER_20130225.csv Total de Logins: 3451
25/02/2013 04:35:54|INFO|PCSPDV_LIVE_USER_20130225.csv Total de Logins: 13246
25/02/2013 04:35:54|INFO|PCSSFA_USER_20130225.csv Total de Logins: 1792
25/02/2013 04:35:54|INFO|PCSPDVGL_USER_20130225.csv Total de Logins: 2044
25/02/2013 04:35:54|INFO|PCSSIEBEL_USER_20130225.csv Total de Logins: 35
25/02/2013 04:35:54|INFO|PCSASP_USER_20130225.csv Total de Logins: 18931
25/02/2013 04:35:54|INFO|PCSDSF_USER_20130225.csv Total de Logins: 25303
25/02/2013 04:35:54|INFO|PCSPROTOCOLOS_USER_20130225.csv Total de Logins: 2617
25/02/2013 04:35:54|INFO|PCSSGR_USER_20130225.csv Total de Logins: 16642
25/02/2013 04:35:54|INFO|PCSCBCF_USER_20130225.csv Total de Logins: 12584
25/02/2013 04:35:54|INFO|PCSICRC_USER_20130225.csv Total de Logins: 17597
25/02/2013 04:35:54|INFO|PCSIUNICA_USER_20130225.csv Total de Logins: 8942
25/02/2013 04:35:54|INFO|PCSPLOGISTICA_USER_20130225.csv Total de Logins: 4535
25/02/2013 04:35:54|INFO|PCSP2B_USER_20130225.csv Total de Logins: 1775
25/02/2013 04:35:54|INFO|PCSTIMFILAS_USER_20130225.csv Total de Logins: 1601
25/02/2013 04:35:54|INFO|PCSFELETRONICA_USER_20130225.csv Total de Logins: 3611
25/02/2013 04:35:54|INFO|PCSVERO_USER_20130225.csv Total de Logins: 1744
25/02/2013 04:35:54|INFO|PCSVENDITA_USER_20130225.csv Total de Logins: 252
25/02/2013 04:35:54|INFO|PCSRAP_USER_20130225.csv Total de Logins: 13
25/02/2013 04:35:54|INFO|PCSSCTR-PORTAL_USER_20130225.csv Total de Logins: 16
25/02/2013 04:35:54|INFO|PCSUCM_USER_20130225.csv Total de Logins: 8
25/02/2013 04:35:54|INFO|PCSGVAS_USER_20130225.csv Total de Logins: 9
25/02/2013 04:35:54|INFO|PCSKPI_USER_20130225.csv Total de Logins: 7
25/02/2013 04:35:54|INFO|PCSIPVS_USER_20130225.csv Total de Logins: 5
25/02/2013 04:35:54|INFO|PCSBDOH_USER_20130225.csv Total de Logins: 175
25/02/2013 04:35:54|INFO|PCSSALES_USER_20130225.csv Total de Logins: 75
25/02/2013 04:35:54|INFO|PCSGCPP_USER_20130225.csv Total de Logins: 6
25/02/2013 04:35:54|INFO|PCSPDV_MGMT_USER_20130225.csv Total de Logins: 8
25/02/2013 04:35:54|INFO|PCSGJMC_USER_20130225.csv Total de Logins: 7
25/02/2013 04:35:54|INFO|PCSFELETRONICAPG_USER_20130225.csv Total de Logins: 5
25/02/2013 04:35:54|INFO|PCSDTH_USER_20130225.csv Total de Logins: 2
25/02/2013 04:35:54|INFO|Finalizado
