21/04/2013 04:30:01|INFO|Iniciando
21/04/2013 04:36:16|INFO|PCSCLARIFY_USER_20130421.csv Total de Logins: 21548
21/04/2013 04:36:16|INFO|PCSPDVGN_USER_20130421.csv Total de Logins: 3420
21/04/2013 04:36:16|INFO|PCSPDV_LIVE_USER_20130421.csv Total de Logins: 11668
21/04/2013 04:36:16|INFO|PCSPDVGL_USER_20130421.csv Total de Logins: 1986
21/04/2013 04:36:16|INFO|PCSSIEBEL_USER_20130421.csv Total de Logins: 74
21/04/2013 04:36:16|INFO|PCSDSF_USER_20130421.csv Total de Logins: 25869
21/04/2013 04:36:16|INFO|PCSPROTOCOLOS_USER_20130421.csv Total de Logins: 2684
21/04/2013 04:36:16|INFO|PCSSGR_USER_20130421.csv Total de Logins: 17323
21/04/2013 04:36:16|INFO|PCSCBCF_USER_20130421.csv Total de Logins: 13006
21/04/2013 04:36:16|INFO|PCSICRC_USER_20130421.csv Total de Logins: 17537
21/04/2013 04:36:16|INFO|PCSASP_USER_20130421.csv Total de Logins: 19136
21/04/2013 04:36:16|INFO|PCSIUNICA_USER_20130421.csv Total de Logins: 8730
21/04/2013 04:36:16|INFO|PCSPLOGISTICA_USER_20130421.csv Total de Logins: 4541
21/04/2013 04:36:16|INFO|PCSP2B_USER_20130421.csv Total de Logins: 4653
21/04/2013 04:36:16|INFO|PCSSFA_USER_20130421.csv Total de Logins: 1432
21/04/2013 04:36:16|INFO|PCSVERO_USER_20130421.csv Total de Logins: 1444
21/04/2013 04:36:16|INFO|PCSTIMFILAS_USER_20130421.csv Total de Logins: 1662
21/04/2013 04:36:16|INFO|PCSFELETRONICA_USER_20130421.csv Total de Logins: 3549
21/04/2013 04:36:16|INFO|PCSVENDITA_USER_20130421.csv Total de Logins: 280
21/04/2013 04:36:16|INFO|PCSRAP_USER_20130421.csv Total de Logins: 22
21/04/2013 04:36:16|INFO|PCSSCTR-PORTAL_USER_20130421.csv Total de Logins: 19
21/04/2013 04:36:16|INFO|PCSUCM_USER_20130421.csv Total de Logins: 10
21/04/2013 04:36:16|INFO|PCSGVAS_USER_20130421.csv Total de Logins: 8
21/04/2013 04:36:16|INFO|PCSKPI_USER_20130421.csv Total de Logins: 7
21/04/2013 04:36:16|INFO|PCSIPVS_USER_20130421.csv Total de Logins: 4
21/04/2013 04:36:16|INFO|PCSBDOH_USER_20130421.csv Total de Logins: 195
21/04/2013 04:36:16|INFO|PCSSALES_USER_20130421.csv Total de Logins: 63
21/04/2013 04:36:16|INFO|PCSGCPP_USER_20130421.csv Total de Logins: 5
21/04/2013 04:36:16|INFO|PCSPDV_MGMT_USER_20130421.csv Total de Logins: 7
21/04/2013 04:36:16|INFO|PCSGJMC_USER_20130421.csv Total de Logins: 6
21/04/2013 04:36:16|INFO|PCSFELETRONICAPG_USER_20130421.csv Total de Logins: 5
21/04/2013 04:36:16|INFO|PCSDTH_USER_20130421.csv Total de Logins: 2
21/04/2013 04:36:16|INFO|Finalizado
