30/12/2012 04:30:01|INFO|Iniciando
30/12/2012 04:35:31|INFO|PCSCLARIFY_USER_20121230.csv Total de Logins: 20786
30/12/2012 04:35:31|INFO|PCSPDVGN_USER_20121230.csv Total de Logins: 3397
30/12/2012 04:35:31|INFO|PCSPDV_LIVE_USER_20121230.csv Total de Logins: 12355
30/12/2012 04:35:31|INFO|PCSBDOH_USER_20121230.csv Total de Logins: 335
30/12/2012 04:35:31|INFO|PCSPDVGL_USER_20121230.csv Total de Logins: 2026
30/12/2012 04:35:31|INFO|PCSSIEBEL_USER_20121230.csv Total de Logins: 57
30/12/2012 04:35:31|INFO|PCSDSF_USER_20121230.csv Total de Logins: 25262
30/12/2012 04:35:31|INFO|PCSSGR_USER_20121230.csv Total de Logins: 16503
30/12/2012 04:35:31|INFO|PCSCBCF_USER_20121230.csv Total de Logins: 12427
30/12/2012 04:35:31|INFO|PCSPROTOCOLOS_USER_20121230.csv Total de Logins: 3419
30/12/2012 04:35:31|INFO|PCSIUNICA_USER_20121230.csv Total de Logins: 8147
30/12/2012 04:35:31|INFO|PCSFELETRONICA_USER_20121230.csv Total de Logins: 2377
30/12/2012 04:35:31|INFO|PCSICRC_USER_20121230.csv Total de Logins: 16595
30/12/2012 04:35:31|INFO|PCSPLOGISTICA_USER_20121230.csv Total de Logins: 3492
30/12/2012 04:35:31|INFO|PCSASP_USER_20121230.csv Total de Logins: 18049
30/12/2012 04:35:31|INFO|PCSSFA_USER_20121230.csv Total de Logins: 163
30/12/2012 04:35:31|INFO|PCSTIMFILAS_USER_20121230.csv Total de Logins: 1700
30/12/2012 04:35:31|INFO|PCSGVAS_USER_20121230.csv Total de Logins: 11
30/12/2012 04:35:31|INFO|PCSVERO_USER_20121230.csv Total de Logins: 196
30/12/2012 04:35:31|INFO|PCSSALES_USER_20121230.csv Total de Logins: 341
30/12/2012 04:35:31|INFO|PCSVENDITA_USER_20121230.csv Total de Logins: 272
30/12/2012 04:35:31|INFO|PCSSCTR-PORTAL_USER_20121230.csv Total de Logins: 19
30/12/2012 04:35:31|INFO|PCSRAP_USER_20121230.csv Total de Logins: 18
30/12/2012 04:35:31|INFO|PCSP2B_USER_20121230.csv Total de Logins: 26
30/12/2012 04:35:31|INFO|PCSUCM_USER_20121230.csv Total de Logins: 14
30/12/2012 04:35:31|INFO|PCSKPI_USER_20121230.csv Total de Logins: 8
30/12/2012 04:35:31|INFO|PCSIPVS_USER_20121230.csv Total de Logins: 5
30/12/2012 04:35:31|INFO|PCSGCPP_USER_20121230.csv Total de Logins: 6
30/12/2012 04:35:31|INFO|PCSPDV_MGMT_USER_20121230.csv Total de Logins: 5
30/12/2012 04:35:31|INFO|PCSGJMC_USER_20121230.csv Total de Logins: 8
30/12/2012 04:35:31|INFO|PCSFELETRONICAPG_USER_20121230.csv Total de Logins: 7
30/12/2012 04:35:31|INFO|PCSDTH_USER_20121230.csv Total de Logins: 2
30/12/2012 04:35:31|INFO|Finalizado
