16/01/2013 04:30:01|INFO|Iniciando
16/01/2013 04:35:41|INFO|PCSCLARIFY_USER_20130116.csv Total de Logins: 20842
16/01/2013 04:35:41|INFO|PCSPDVGN_USER_20130116.csv Total de Logins: 3413
16/01/2013 04:35:41|INFO|PCSPDV_LIVE_USER_20130116.csv Total de Logins: 11152
16/01/2013 04:35:41|INFO|PCSSFA_USER_20130116.csv Total de Logins: 563
16/01/2013 04:35:41|INFO|PCSPDVGL_USER_20130116.csv Total de Logins: 2041
16/01/2013 04:35:41|INFO|PCSSIEBEL_USER_20130116.csv Total de Logins: 46
16/01/2013 04:35:41|INFO|PCSDSF_USER_20130116.csv Total de Logins: 25107
16/01/2013 04:35:41|INFO|PCSSGR_USER_20130116.csv Total de Logins: 16124
16/01/2013 04:35:41|INFO|PCSCBCF_USER_20130116.csv Total de Logins: 11616
16/01/2013 04:35:41|INFO|PCSPROTOCOLOS_USER_20130116.csv Total de Logins: 2923
16/01/2013 04:35:41|INFO|PCSICRC_USER_20130116.csv Total de Logins: 16496
16/01/2013 04:35:41|INFO|PCSASP_USER_20130116.csv Total de Logins: 18311
16/01/2013 04:35:41|INFO|PCSIUNICA_USER_20130116.csv Total de Logins: 8173
16/01/2013 04:35:41|INFO|PCSPLOGISTICA_USER_20130116.csv Total de Logins: 3749
16/01/2013 04:35:41|INFO|PCSTIMFILAS_USER_20130116.csv Total de Logins: 1677
16/01/2013 04:35:41|INFO|PCSFELETRONICA_USER_20130116.csv Total de Logins: 3175
16/01/2013 04:35:41|INFO|PCSVERO_USER_20130116.csv Total de Logins: 511
16/01/2013 04:35:41|INFO|PCSP2B_USER_20130116.csv Total de Logins: 439
16/01/2013 04:35:41|INFO|PCSGVAS_USER_20130116.csv Total de Logins: 11
16/01/2013 04:35:41|INFO|PCSSALES_USER_20130116.csv Total de Logins: 337
16/01/2013 04:35:41|INFO|PCSVENDITA_USER_20130116.csv Total de Logins: 259
16/01/2013 04:35:41|INFO|PCSSCTR-PORTAL_USER_20130116.csv Total de Logins: 19
16/01/2013 04:35:41|INFO|PCSRAP_USER_20130116.csv Total de Logins: 14
16/01/2013 04:35:41|INFO|PCSBDOH_USER_20130116.csv Total de Logins: 207
16/01/2013 04:35:41|INFO|PCSUCM_USER_20130116.csv Total de Logins: 14
16/01/2013 04:35:41|INFO|PCSKPI_USER_20130116.csv Total de Logins: 8
16/01/2013 04:35:41|INFO|PCSIPVS_USER_20130116.csv Total de Logins: 4
16/01/2013 04:35:41|INFO|PCSGCPP_USER_20130116.csv Total de Logins: 5
16/01/2013 04:35:41|INFO|PCSPDV_MGMT_USER_20130116.csv Total de Logins: 5
16/01/2013 04:35:41|INFO|PCSGJMC_USER_20130116.csv Total de Logins: 8
16/01/2013 04:35:41|INFO|PCSFELETRONICAPG_USER_20130116.csv Total de Logins: 8
16/01/2013 04:35:41|INFO|PCSDTH_USER_20130116.csv Total de Logins: 2
16/01/2013 04:35:41|INFO|Finalizado
