15/04/2013 04:30:01|INFO|Iniciando
15/04/2013 04:36:19|INFO|PCSCLARIFY_USER_20130415.csv Total de Logins: 21661
15/04/2013 04:36:19|INFO|PCSPDVGN_USER_20130415.csv Total de Logins: 3417
15/04/2013 04:36:19|INFO|PCSPDV_LIVE_USER_20130415.csv Total de Logins: 11570
15/04/2013 04:36:19|INFO|PCSPDVGL_USER_20130415.csv Total de Logins: 1993
15/04/2013 04:36:19|INFO|PCSSIEBEL_USER_20130415.csv Total de Logins: 74
15/04/2013 04:36:19|INFO|PCSDSF_USER_20130415.csv Total de Logins: 25864
15/04/2013 04:36:19|INFO|PCSICRC_USER_20130415.csv Total de Logins: 17505
15/04/2013 04:36:19|INFO|PCSPROTOCOLOS_USER_20130415.csv Total de Logins: 2608
15/04/2013 04:36:19|INFO|PCSSGR_USER_20130415.csv Total de Logins: 17163
15/04/2013 04:36:19|INFO|PCSCBCF_USER_20130415.csv Total de Logins: 12952
15/04/2013 04:36:19|INFO|PCSASP_USER_20130415.csv Total de Logins: 19196
15/04/2013 04:36:19|INFO|PCSIUNICA_USER_20130415.csv Total de Logins: 8763
15/04/2013 04:36:19|INFO|PCSPLOGISTICA_USER_20130415.csv Total de Logins: 5073
15/04/2013 04:36:19|INFO|PCSP2B_USER_20130415.csv Total de Logins: 4666
15/04/2013 04:36:19|INFO|PCSSFA_USER_20130415.csv Total de Logins: 1444
15/04/2013 04:36:19|INFO|PCSVERO_USER_20130415.csv Total de Logins: 1483
15/04/2013 04:36:19|INFO|PCSTIMFILAS_USER_20130415.csv Total de Logins: 1632
15/04/2013 04:36:19|INFO|PCSFELETRONICA_USER_20130415.csv Total de Logins: 3131
15/04/2013 04:36:19|INFO|PCSVENDITA_USER_20130415.csv Total de Logins: 274
15/04/2013 04:36:19|INFO|PCSRAP_USER_20130415.csv Total de Logins: 19
15/04/2013 04:36:19|INFO|PCSSCTR-PORTAL_USER_20130415.csv Total de Logins: 18
15/04/2013 04:36:19|INFO|PCSUCM_USER_20130415.csv Total de Logins: 10
15/04/2013 04:36:19|INFO|PCSGVAS_USER_20130415.csv Total de Logins: 8
15/04/2013 04:36:19|INFO|PCSKPI_USER_20130415.csv Total de Logins: 8
15/04/2013 04:36:19|INFO|PCSIPVS_USER_20130415.csv Total de Logins: 4
15/04/2013 04:36:19|INFO|PCSBDOH_USER_20130415.csv Total de Logins: 220
15/04/2013 04:36:19|INFO|PCSSALES_USER_20130415.csv Total de Logins: 62
15/04/2013 04:36:19|INFO|PCSGCPP_USER_20130415.csv Total de Logins: 4
15/04/2013 04:36:19|INFO|PCSPDV_MGMT_USER_20130415.csv Total de Logins: 7
15/04/2013 04:36:19|INFO|PCSGJMC_USER_20130415.csv Total de Logins: 6
15/04/2013 04:36:19|INFO|PCSFELETRONICAPG_USER_20130415.csv Total de Logins: 6
15/04/2013 04:36:19|INFO|PCSDTH_USER_20130415.csv Total de Logins: 2
15/04/2013 04:36:19|INFO|Finalizado
