02/08/2013 04:30:01|INFO|Iniciando
02/08/2013 04:36:52|INFO|PCSCLARIFY_USER_20130802.csv Total de Logins: 19966
02/08/2013 04:36:52|INFO|PCSPDVGN_USER_20130802.csv Total de Logins: 3303
02/08/2013 04:36:52|INFO|PCSICRC_USER_20130802.csv Total de Logins: 15961
02/08/2013 04:36:52|INFO|PCSDSF_USER_20130802.csv Total de Logins: 24330
02/08/2013 04:36:52|INFO|PCSSFA_USER_20130802.csv Total de Logins: 3607
02/08/2013 04:36:52|INFO|PCSPDV_LIVE_USER_20130802.csv Total de Logins: 11658
02/08/2013 04:36:52|INFO|PCSPDVGL_USER_20130802.csv Total de Logins: 1715
02/08/2013 04:36:52|INFO|PCSPROTOCOLOS_USER_20130802.csv Total de Logins: 3161
02/08/2013 04:36:52|INFO|PCSSGR_USER_20130802.csv Total de Logins: 16390
02/08/2013 04:36:52|INFO|PCSCBCF_USER_20130802.csv Total de Logins: 12298
02/08/2013 04:36:52|INFO|PCSASP_USER_20130802.csv Total de Logins: 17271
02/08/2013 04:36:52|INFO|PCSIUNICA_USER_20130802.csv Total de Logins: 8211
02/08/2013 04:36:52|INFO|PCSSIEBEL_USER_20130802.csv Total de Logins: 3879
02/08/2013 04:36:52|INFO|PCSFELETRONICA_USER_20130802.csv Total de Logins: 6651
02/08/2013 04:36:52|INFO|PCSP2B_USER_20130802.csv Total de Logins: 6716
02/08/2013 04:36:52|INFO|PCSVERO_USER_20130802.csv Total de Logins: 3203
02/08/2013 04:36:52|INFO|PCSPLOGISTICA_USER_20130802.csv Total de Logins: 3142
02/08/2013 04:36:52|INFO|PCSTIMFILAS_USER_20130802.csv Total de Logins: 1741
02/08/2013 04:36:52|INFO|PCSGCOB_USER_20130802.csv Total de Logins: 14
02/08/2013 04:36:52|INFO|PCSVENDITA_USER_20130802.csv Total de Logins: 292
02/08/2013 04:36:52|INFO|PCSVCE_USER_20130802.csv Total de Logins: 81
02/08/2013 04:36:52|INFO|PCSSCTR-PORTAL_USER_20130802.csv Total de Logins: 24
02/08/2013 04:36:52|INFO|PCSRAP_USER_20130802.csv Total de Logins: 18
02/08/2013 04:36:52|INFO|PCSGEOWEB_USER_20130802.csv Total de Logins: 1
02/08/2013 04:36:52|INFO|PCSUCM_USER_20130802.csv Total de Logins: 9
02/08/2013 04:36:52|INFO|PCSGVAS_USER_20130802.csv Total de Logins: 8
02/08/2013 04:36:52|INFO|PCSKPI_USER_20130802.csv Total de Logins: 6
02/08/2013 04:36:52|INFO|PCSIPVS_USER_20130802.csv Total de Logins: 8
02/08/2013 04:36:52|INFO|PCSBDOH_USER_20130802.csv Total de Logins: 162
02/08/2013 04:36:52|INFO|PCSSALES_USER_20130802.csv Total de Logins: 34
02/08/2013 04:36:52|INFO|PCSDTH_USER_20130802.csv Total de Logins: 8
02/08/2013 04:36:52|INFO|PCSPDV_MGMT_USER_20130802.csv Total de Logins: 11
02/08/2013 04:36:52|INFO|PCSFELETRONICAPG_USER_20130802.csv Total de Logins: 11
02/08/2013 04:36:52|INFO|PCSGCPP_USER_20130802.csv Total de Logins: 9
02/08/2013 04:36:52|INFO|PCSGJMC_USER_20130802.csv Total de Logins: 8
02/08/2013 04:36:52|INFO|PCSBISEMANTICO_USER_20130802.csv Total de Logins: 1
02/08/2013 04:36:52|INFO|Finalizado
