20/02/2013 04:30:01|INFO|Iniciando
20/02/2013 04:36:00|INFO|PCSCLARIFY_USER_20130220.csv Total de Logins: 20718
20/02/2013 04:36:00|INFO|PCSPDVGN_USER_20130220.csv Total de Logins: 3476
20/02/2013 04:36:00|INFO|PCSPDV_LIVE_USER_20130220.csv Total de Logins: 13367
20/02/2013 04:36:00|INFO|PCSSFA_USER_20130220.csv Total de Logins: 1712
20/02/2013 04:36:00|INFO|PCSPDVGL_USER_20130220.csv Total de Logins: 2057
20/02/2013 04:36:00|INFO|PCSSIEBEL_USER_20130220.csv Total de Logins: 30
20/02/2013 04:36:00|INFO|PCSASP_USER_20130220.csv Total de Logins: 18718
20/02/2013 04:36:00|INFO|PCSDSF_USER_20130220.csv Total de Logins: 25193
20/02/2013 04:36:00|INFO|PCSPROTOCOLOS_USER_20130220.csv Total de Logins: 2717
20/02/2013 04:36:00|INFO|PCSSGR_USER_20130220.csv Total de Logins: 16534
20/02/2013 04:36:00|INFO|PCSCBCF_USER_20130220.csv Total de Logins: 12415
20/02/2013 04:36:00|INFO|PCSICRC_USER_20130220.csv Total de Logins: 17302
20/02/2013 04:36:00|INFO|PCSIUNICA_USER_20130220.csv Total de Logins: 8740
20/02/2013 04:36:00|INFO|PCSPLOGISTICA_USER_20130220.csv Total de Logins: 4601
20/02/2013 04:36:00|INFO|PCSP2B_USER_20130220.csv Total de Logins: 1836
20/02/2013 04:36:00|INFO|PCSTIMFILAS_USER_20130220.csv Total de Logins: 1611
20/02/2013 04:36:00|INFO|PCSFELETRONICA_USER_20130220.csv Total de Logins: 3935
20/02/2013 04:36:00|INFO|PCSVERO_USER_20130220.csv Total de Logins: 1725
20/02/2013 04:36:00|INFO|PCSVENDITA_USER_20130220.csv Total de Logins: 256
20/02/2013 04:36:00|INFO|PCSRAP_USER_20130220.csv Total de Logins: 14
20/02/2013 04:36:00|INFO|PCSSCTR-PORTAL_USER_20130220.csv Total de Logins: 16
20/02/2013 04:36:00|INFO|PCSUCM_USER_20130220.csv Total de Logins: 9
20/02/2013 04:36:00|INFO|PCSGVAS_USER_20130220.csv Total de Logins: 9
20/02/2013 04:36:00|INFO|PCSKPI_USER_20130220.csv Total de Logins: 7
20/02/2013 04:36:00|INFO|PCSIPVS_USER_20130220.csv Total de Logins: 5
20/02/2013 04:36:00|INFO|PCSBDOH_USER_20130220.csv Total de Logins: 176
20/02/2013 04:36:00|INFO|PCSSALES_USER_20130220.csv Total de Logins: 79
20/02/2013 04:36:00|INFO|PCSGCPP_USER_20130220.csv Total de Logins: 6
20/02/2013 04:36:00|INFO|PCSPDV_MGMT_USER_20130220.csv Total de Logins: 8
20/02/2013 04:36:00|INFO|PCSGJMC_USER_20130220.csv Total de Logins: 7
20/02/2013 04:36:00|INFO|PCSFELETRONICAPG_USER_20130220.csv Total de Logins: 5
20/02/2013 04:36:00|INFO|PCSDTH_USER_20130220.csv Total de Logins: 2
20/02/2013 04:36:00|INFO|Finalizado
