10/06/2013 04:30:01|INFO|Iniciando
10/06/2013 04:36:19|INFO|PCSCLARIFY_USER_20130610.csv Total de Logins: 20555
10/06/2013 04:36:19|INFO|PCSPDVGN_USER_20130610.csv Total de Logins: 3209
10/06/2013 04:36:19|INFO|PCSPDV_LIVE_USER_20130610.csv Total de Logins: 11276
10/06/2013 04:36:19|INFO|PCSPDVGL_USER_20130610.csv Total de Logins: 1778
10/06/2013 04:36:19|INFO|PCSSIEBEL_USER_20130610.csv Total de Logins: 147
10/06/2013 04:36:19|INFO|PCSDSF_USER_20130610.csv Total de Logins: 25002
10/06/2013 04:36:19|INFO|PCSPROTOCOLOS_USER_20130610.csv Total de Logins: 3084
10/06/2013 04:36:19|INFO|PCSSGR_USER_20130610.csv Total de Logins: 16771
10/06/2013 04:36:19|INFO|PCSCBCF_USER_20130610.csv Total de Logins: 12373
10/06/2013 04:36:19|INFO|PCSICRC_USER_20130610.csv Total de Logins: 16920
10/06/2013 04:36:19|INFO|PCSASP_USER_20130610.csv Total de Logins: 18303
10/06/2013 04:36:19|INFO|PCSIUNICA_USER_20130610.csv Total de Logins: 8110
10/06/2013 04:36:19|INFO|PCSP2B_USER_20130610.csv Total de Logins: 5718
10/06/2013 04:36:19|INFO|PCSPLOGISTICA_USER_20130610.csv Total de Logins: 4603
10/06/2013 04:36:19|INFO|PCSFELETRONICA_USER_20130610.csv Total de Logins: 2758
10/06/2013 04:36:19|INFO|PCSSFA_USER_20130610.csv Total de Logins: 2986
10/06/2013 04:36:19|INFO|PCSVERO_USER_20130610.csv Total de Logins: 2807
10/06/2013 04:36:19|INFO|PCSTIMFILAS_USER_20130610.csv Total de Logins: 1655
10/06/2013 04:36:19|INFO|PCSVENDITA_USER_20130610.csv Total de Logins: 274
10/06/2013 04:36:19|INFO|PCSSCTR-PORTAL_USER_20130610.csv Total de Logins: 21
10/06/2013 04:36:19|INFO|PCSRAP_USER_20130610.csv Total de Logins: 24
10/06/2013 04:36:19|INFO|PCSGCPP_USER_20130610.csv Total de Logins: 17
10/06/2013 04:36:19|INFO|PCSUCM_USER_20130610.csv Total de Logins: 12
10/06/2013 04:36:19|INFO|PCSGVAS_USER_20130610.csv Total de Logins: 10
10/06/2013 04:36:19|INFO|PCSKPI_USER_20130610.csv Total de Logins: 7
10/06/2013 04:36:19|INFO|PCSIPVS_USER_20130610.csv Total de Logins: 9
10/06/2013 04:36:19|INFO|PCSBDOH_USER_20130610.csv Total de Logins: 132
10/06/2013 04:36:19|INFO|PCSSALES_USER_20130610.csv Total de Logins: 43
10/06/2013 04:36:19|INFO|PCSPDV_MGMT_USER_20130610.csv Total de Logins: 10
10/06/2013 04:36:19|INFO|PCSGJMC_USER_20130610.csv Total de Logins: 9
10/06/2013 04:36:19|INFO|PCSFELETRONICAPG_USER_20130610.csv Total de Logins: 11
10/06/2013 04:36:19|INFO|PCSBISEMANTICO_USER_20130610.csv Total de Logins: 6
10/06/2013 04:36:19|INFO|PCSDTH_USER_20130610.csv Total de Logins: 2
10/06/2013 04:36:19|INFO|Finalizado
