12/03/2013 04:30:01|INFO|Iniciando
12/03/2013 04:36:06|INFO|PCSCLARIFY_USER_20130312.csv Total de Logins: 21492
12/03/2013 04:36:06|INFO|PCSPDVGN_USER_20130312.csv Total de Logins: 3454
12/03/2013 04:36:06|INFO|PCSPDV_LIVE_USER_20130312.csv Total de Logins: 12852
12/03/2013 04:36:06|INFO|PCSPDVGL_USER_20130312.csv Total de Logins: 2026
12/03/2013 04:36:06|INFO|PCSSIEBEL_USER_20130312.csv Total de Logins: 34
12/03/2013 04:36:06|INFO|PCSASP_USER_20130312.csv Total de Logins: 19105
12/03/2013 04:36:06|INFO|PCSDSF_USER_20130312.csv Total de Logins: 25587
12/03/2013 04:36:06|INFO|PCSICRC_USER_20130312.csv Total de Logins: 17624
12/03/2013 04:36:06|INFO|PCSPROTOCOLOS_USER_20130312.csv Total de Logins: 2550
12/03/2013 04:36:07|INFO|PCSSGR_USER_20130312.csv Total de Logins: 17037
12/03/2013 04:36:07|INFO|PCSCBCF_USER_20130312.csv Total de Logins: 12602
12/03/2013 04:36:07|INFO|PCSIUNICA_USER_20130312.csv Total de Logins: 9138
12/03/2013 04:36:07|INFO|PCSPLOGISTICA_USER_20130312.csv Total de Logins: 5820
12/03/2013 04:36:07|INFO|PCSP2B_USER_20130312.csv Total de Logins: 2009
12/03/2013 04:36:07|INFO|PCSFELETRONICA_USER_20130312.csv Total de Logins: 3874
12/03/2013 04:36:07|INFO|PCSSFA_USER_20130312.csv Total de Logins: 1338
12/03/2013 04:36:07|INFO|PCSVERO_USER_20130312.csv Total de Logins: 1360
12/03/2013 04:36:07|INFO|PCSTIMFILAS_USER_20130312.csv Total de Logins: 1611
12/03/2013 04:36:07|INFO|PCSVENDITA_USER_20130312.csv Total de Logins: 257
12/03/2013 04:36:07|INFO|PCSRAP_USER_20130312.csv Total de Logins: 15
12/03/2013 04:36:07|INFO|PCSSCTR-PORTAL_USER_20130312.csv Total de Logins: 16
12/03/2013 04:36:07|INFO|PCSUCM_USER_20130312.csv Total de Logins: 8
12/03/2013 04:36:07|INFO|PCSGVAS_USER_20130312.csv Total de Logins: 9
12/03/2013 04:36:07|INFO|PCSKPI_USER_20130312.csv Total de Logins: 8
12/03/2013 04:36:07|INFO|PCSIPVS_USER_20130312.csv Total de Logins: 4
12/03/2013 04:36:07|INFO|PCSBDOH_USER_20130312.csv Total de Logins: 193
12/03/2013 04:36:07|INFO|PCSSALES_USER_20130312.csv Total de Logins: 75
12/03/2013 04:36:07|INFO|PCSGCPP_USER_20130312.csv Total de Logins: 5
12/03/2013 04:36:07|INFO|PCSPDV_MGMT_USER_20130312.csv Total de Logins: 8
12/03/2013 04:36:07|INFO|PCSGJMC_USER_20130312.csv Total de Logins: 7
12/03/2013 04:36:07|INFO|PCSFELETRONICAPG_USER_20130312.csv Total de Logins: 6
12/03/2013 04:36:07|INFO|PCSDTH_USER_20130312.csv Total de Logins: 2
12/03/2013 04:36:07|INFO|Finalizado
