12/07/2013 04:30:01|INFO|Iniciando
12/07/2013 04:36:17|INFO|PCSCLARIFY_USER_20130712.csv Total de Logins: 20012
12/07/2013 04:36:17|INFO|PCSPDVGN_USER_20130712.csv Total de Logins: 3244
12/07/2013 04:36:17|INFO|PCSICRC_USER_20130712.csv Total de Logins: 16177
12/07/2013 04:36:17|INFO|PCSDSF_USER_20130712.csv Total de Logins: 24386
12/07/2013 04:36:17|INFO|PCSSFA_USER_20130712.csv Total de Logins: 3184
12/07/2013 04:36:17|INFO|PCSPDVGL_USER_20130712.csv Total de Logins: 1738
12/07/2013 04:36:17|INFO|PCSPDV_LIVE_USER_20130712.csv Total de Logins: 11749
12/07/2013 04:36:17|INFO|PCSPROTOCOLOS_USER_20130712.csv Total de Logins: 3269
12/07/2013 04:36:17|INFO|PCSSGR_USER_20130712.csv Total de Logins: 16190
12/07/2013 04:36:17|INFO|PCSCBCF_USER_20130712.csv Total de Logins: 12154
12/07/2013 04:36:17|INFO|PCSASP_USER_20130712.csv Total de Logins: 17561
12/07/2013 04:36:17|INFO|PCSIUNICA_USER_20130712.csv Total de Logins: 8041
12/07/2013 04:36:17|INFO|PCSP2B_USER_20130712.csv Total de Logins: 5932
12/07/2013 04:36:17|INFO|PCSSIEBEL_USER_20130712.csv Total de Logins: 1378
12/07/2013 04:36:17|INFO|PCSPLOGISTICA_USER_20130712.csv Total de Logins: 3326
12/07/2013 04:36:17|INFO|PCSVERO_USER_20130712.csv Total de Logins: 2928
12/07/2013 04:36:17|INFO|PCSFELETRONICA_USER_20130712.csv Total de Logins: 2048
12/07/2013 04:36:17|INFO|PCSTIMFILAS_USER_20130712.csv Total de Logins: 1672
12/07/2013 04:36:17|INFO|PCSGCOB_USER_20130712.csv Total de Logins: 14
12/07/2013 04:36:17|INFO|PCSVENDITA_USER_20130712.csv Total de Logins: 245
12/07/2013 04:36:17|INFO|PCSVCE_USER_20130712.csv Total de Logins: 65
12/07/2013 04:36:17|INFO|PCSSCTR-PORTAL_USER_20130712.csv Total de Logins: 22
12/07/2013 04:36:17|INFO|PCSRAP_USER_20130712.csv Total de Logins: 20
12/07/2013 04:36:17|INFO|PCSGCPP_USER_20130712.csv Total de Logins: 12
12/07/2013 04:36:17|INFO|PCSUCM_USER_20130712.csv Total de Logins: 9
12/07/2013 04:36:17|INFO|PCSGVAS_USER_20130712.csv Total de Logins: 9
12/07/2013 04:36:17|INFO|PCSKPI_USER_20130712.csv Total de Logins: 6
12/07/2013 04:36:17|INFO|PCSIPVS_USER_20130712.csv Total de Logins: 8
12/07/2013 04:36:17|INFO|PCSBDOH_USER_20130712.csv Total de Logins: 132
12/07/2013 04:36:17|INFO|PCSSALES_USER_20130712.csv Total de Logins: 33
12/07/2013 04:36:17|INFO|PCSDTH_USER_20130712.csv Total de Logins: 8
12/07/2013 04:36:17|INFO|PCSPDV_MGMT_USER_20130712.csv Total de Logins: 9
12/07/2013 04:36:17|INFO|PCSBISEMANTICO_USER_20130712.csv Total de Logins: 6
12/07/2013 04:36:17|INFO|PCSFELETRONICAPG_USER_20130712.csv Total de Logins: 10
12/07/2013 04:36:17|INFO|PCSGJMC_USER_20130712.csv Total de Logins: 8
12/07/2013 04:36:17|INFO|Finalizado
