31/05/2013 04:30:02|INFO|Iniciando
31/05/2013 04:36:32|INFO|PCSCLARIFY_USER_20130531.csv Total de Logins: 20585
31/05/2013 04:36:32|INFO|PCSPDVGN_USER_20130531.csv Total de Logins: 3155
31/05/2013 04:36:32|INFO|PCSPDV_LIVE_USER_20130531.csv Total de Logins: 11206
31/05/2013 04:36:32|INFO|PCSPDVGL_USER_20130531.csv Total de Logins: 1782
31/05/2013 04:36:32|INFO|PCSSIEBEL_USER_20130531.csv Total de Logins: 123
31/05/2013 04:36:32|INFO|PCSDSF_USER_20130531.csv Total de Logins: 24928
31/05/2013 04:36:32|INFO|PCSPROTOCOLOS_USER_20130531.csv Total de Logins: 2912
31/05/2013 04:36:32|INFO|PCSSGR_USER_20130531.csv Total de Logins: 16677
31/05/2013 04:36:32|INFO|PCSCBCF_USER_20130531.csv Total de Logins: 12505
31/05/2013 04:36:32|INFO|PCSICRC_USER_20130531.csv Total de Logins: 16768
31/05/2013 04:36:32|INFO|PCSASP_USER_20130531.csv Total de Logins: 18309
31/05/2013 04:36:32|INFO|PCSIUNICA_USER_20130531.csv Total de Logins: 8075
31/05/2013 04:36:32|INFO|PCSP2B_USER_20130531.csv Total de Logins: 5068
31/05/2013 04:36:32|INFO|PCSPLOGISTICA_USER_20130531.csv Total de Logins: 5014
31/05/2013 04:36:32|INFO|PCSSFA_USER_20130531.csv Total de Logins: 2565
31/05/2013 04:36:32|INFO|PCSVERO_USER_20130531.csv Total de Logins: 2345
31/05/2013 04:36:32|INFO|PCSTIMFILAS_USER_20130531.csv Total de Logins: 1691
31/05/2013 04:36:32|INFO|PCSFELETRONICA_USER_20130531.csv Total de Logins: 2891
31/05/2013 04:36:32|INFO|PCSVENDITA_USER_20130531.csv Total de Logins: 281
31/05/2013 04:36:32|INFO|PCSSCTR-PORTAL_USER_20130531.csv Total de Logins: 21
31/05/2013 04:36:32|INFO|PCSRAP_USER_20130531.csv Total de Logins: 25
31/05/2013 04:36:32|INFO|PCSGCPP_USER_20130531.csv Total de Logins: 17
31/05/2013 04:36:32|INFO|PCSUCM_USER_20130531.csv Total de Logins: 14
31/05/2013 04:36:32|INFO|PCSGVAS_USER_20130531.csv Total de Logins: 10
31/05/2013 04:36:32|INFO|PCSKPI_USER_20130531.csv Total de Logins: 7
31/05/2013 04:36:32|INFO|PCSIPVS_USER_20130531.csv Total de Logins: 9
31/05/2013 04:36:32|INFO|PCSBDOH_USER_20130531.csv Total de Logins: 139
31/05/2013 04:36:32|INFO|PCSSALES_USER_20130531.csv Total de Logins: 47
31/05/2013 04:36:32|INFO|PCSPDV_MGMT_USER_20130531.csv Total de Logins: 10
31/05/2013 04:36:32|INFO|PCSGJMC_USER_20130531.csv Total de Logins: 9
31/05/2013 04:36:32|INFO|PCSFELETRONICAPG_USER_20130531.csv Total de Logins: 8
31/05/2013 04:36:32|INFO|PCSBISEMANTICO_USER_20130531.csv Total de Logins: 6
31/05/2013 04:36:32|INFO|PCSDTH_USER_20130531.csv Total de Logins: 2
31/05/2013 04:36:32|INFO|Finalizado
