21/03/2013 04:30:01|INFO|Iniciando
21/03/2013 04:36:18|INFO|PCSCLARIFY_USER_20130321.csv Total de Logins: 21691
21/03/2013 04:36:18|INFO|PCSPDVGN_USER_20130321.csv Total de Logins: 3443
21/03/2013 04:36:18|INFO|PCSPDV_LIVE_USER_20130321.csv Total de Logins: 12405
21/03/2013 04:36:18|INFO|PCSPDVGL_USER_20130321.csv Total de Logins: 2054
21/03/2013 04:36:18|INFO|PCSSIEBEL_USER_20130321.csv Total de Logins: 32
21/03/2013 04:36:18|INFO|PCSASP_USER_20130321.csv Total de Logins: 19274
21/03/2013 04:36:18|INFO|PCSDSF_USER_20130321.csv Total de Logins: 25950
21/03/2013 04:36:18|INFO|PCSICRC_USER_20130321.csv Total de Logins: 17775
21/03/2013 04:36:18|INFO|PCSPROTOCOLOS_USER_20130321.csv Total de Logins: 2595
21/03/2013 04:36:18|INFO|PCSSGR_USER_20130321.csv Total de Logins: 17550
21/03/2013 04:36:18|INFO|PCSCBCF_USER_20130321.csv Total de Logins: 12994
21/03/2013 04:36:18|INFO|PCSIUNICA_USER_20130321.csv Total de Logins: 9192
21/03/2013 04:36:18|INFO|PCSPLOGISTICA_USER_20130321.csv Total de Logins: 6087
21/03/2013 04:36:18|INFO|PCSP2B_USER_20130321.csv Total de Logins: 3214
21/03/2013 04:36:18|INFO|PCSTIMFILAS_USER_20130321.csv Total de Logins: 1619
21/03/2013 04:36:18|INFO|PCSFELETRONICA_USER_20130321.csv Total de Logins: 4140
21/03/2013 04:36:18|INFO|PCSSFA_USER_20130321.csv Total de Logins: 1126
21/03/2013 04:36:18|INFO|PCSVERO_USER_20130321.csv Total de Logins: 1184
21/03/2013 04:36:18|INFO|PCSVENDITA_USER_20130321.csv Total de Logins: 245
21/03/2013 04:36:18|INFO|PCSRAP_USER_20130321.csv Total de Logins: 15
21/03/2013 04:36:18|INFO|PCSSCTR-PORTAL_USER_20130321.csv Total de Logins: 18
21/03/2013 04:36:18|INFO|PCSUCM_USER_20130321.csv Total de Logins: 8
21/03/2013 04:36:18|INFO|PCSGVAS_USER_20130321.csv Total de Logins: 9
21/03/2013 04:36:18|INFO|PCSKPI_USER_20130321.csv Total de Logins: 8
21/03/2013 04:36:18|INFO|PCSIPVS_USER_20130321.csv Total de Logins: 4
21/03/2013 04:36:18|INFO|PCSBDOH_USER_20130321.csv Total de Logins: 189
21/03/2013 04:36:18|INFO|PCSSALES_USER_20130321.csv Total de Logins: 65
21/03/2013 04:36:18|INFO|PCSGCPP_USER_20130321.csv Total de Logins: 4
21/03/2013 04:36:18|INFO|PCSPDV_MGMT_USER_20130321.csv Total de Logins: 8
21/03/2013 04:36:18|INFO|PCSGJMC_USER_20130321.csv Total de Logins: 6
21/03/2013 04:36:18|INFO|PCSFELETRONICAPG_USER_20130321.csv Total de Logins: 6
21/03/2013 04:36:18|INFO|PCSDTH_USER_20130321.csv Total de Logins: 2
21/03/2013 04:36:18|INFO|Finalizado
