28/04/2013 04:30:01|INFO|Iniciando
28/04/2013 04:36:21|INFO|PCSCLARIFY_USER_20130428.csv Total de Logins: 21750
28/04/2013 04:36:21|INFO|PCSPDVGN_USER_20130428.csv Total de Logins: 3395
28/04/2013 04:36:21|INFO|PCSPDV_LIVE_USER_20130428.csv Total de Logins: 11469
28/04/2013 04:36:21|INFO|PCSPDVGL_USER_20130428.csv Total de Logins: 1961
28/04/2013 04:36:21|INFO|PCSSIEBEL_USER_20130428.csv Total de Logins: 74
28/04/2013 04:36:21|INFO|PCSDSF_USER_20130428.csv Total de Logins: 26117
28/04/2013 04:36:21|INFO|PCSPROTOCOLOS_USER_20130428.csv Total de Logins: 2672
28/04/2013 04:36:21|INFO|PCSSGR_USER_20130428.csv Total de Logins: 17331
28/04/2013 04:36:21|INFO|PCSCBCF_USER_20130428.csv Total de Logins: 12869
28/04/2013 04:36:21|INFO|PCSICRC_USER_20130428.csv Total de Logins: 17646
28/04/2013 04:36:21|INFO|PCSASP_USER_20130428.csv Total de Logins: 19318
28/04/2013 04:36:21|INFO|PCSIUNICA_USER_20130428.csv Total de Logins: 8787
28/04/2013 04:36:21|INFO|PCSPLOGISTICA_USER_20130428.csv Total de Logins: 4480
28/04/2013 04:36:21|INFO|PCSP2B_USER_20130428.csv Total de Logins: 4708
28/04/2013 04:36:21|INFO|PCSSFA_USER_20130428.csv Total de Logins: 1547
28/04/2013 04:36:21|INFO|PCSVERO_USER_20130428.csv Total de Logins: 1537
28/04/2013 04:36:21|INFO|PCSTIMFILAS_USER_20130428.csv Total de Logins: 1670
28/04/2013 04:36:21|INFO|PCSFELETRONICA_USER_20130428.csv Total de Logins: 3412
28/04/2013 04:36:21|INFO|PCSVENDITA_USER_20130428.csv Total de Logins: 293
28/04/2013 04:36:21|INFO|PCSRAP_USER_20130428.csv Total de Logins: 22
28/04/2013 04:36:21|INFO|PCSSCTR-PORTAL_USER_20130428.csv Total de Logins: 19
28/04/2013 04:36:21|INFO|PCSUCM_USER_20130428.csv Total de Logins: 10
28/04/2013 04:36:21|INFO|PCSGVAS_USER_20130428.csv Total de Logins: 8
28/04/2013 04:36:21|INFO|PCSKPI_USER_20130428.csv Total de Logins: 7
28/04/2013 04:36:21|INFO|PCSIPVS_USER_20130428.csv Total de Logins: 4
28/04/2013 04:36:21|INFO|PCSBDOH_USER_20130428.csv Total de Logins: 198
28/04/2013 04:36:21|INFO|PCSSALES_USER_20130428.csv Total de Logins: 56
28/04/2013 04:36:21|INFO|PCSGCPP_USER_20130428.csv Total de Logins: 5
28/04/2013 04:36:21|INFO|PCSPDV_MGMT_USER_20130428.csv Total de Logins: 7
28/04/2013 04:36:21|INFO|PCSGJMC_USER_20130428.csv Total de Logins: 6
28/04/2013 04:36:21|INFO|PCSFELETRONICAPG_USER_20130428.csv Total de Logins: 5
28/04/2013 04:36:21|INFO|PCSDTH_USER_20130428.csv Total de Logins: 2
28/04/2013 04:36:21|INFO|Finalizado
