23/01/2013 04:30:01|INFO|Iniciando
23/01/2013 04:35:44|INFO|PCSCLARIFY_USER_20130123.csv Total de Logins: 21262
23/01/2013 04:35:44|INFO|PCSPDVGN_USER_20130123.csv Total de Logins: 3433
23/01/2013 04:35:44|INFO|PCSPDV_LIVE_USER_20130123.csv Total de Logins: 10964
23/01/2013 04:35:44|INFO|PCSSFA_USER_20130123.csv Total de Logins: 638
23/01/2013 04:35:44|INFO|PCSPDVGL_USER_20130123.csv Total de Logins: 2044
23/01/2013 04:35:44|INFO|PCSSIEBEL_USER_20130123.csv Total de Logins: 35
23/01/2013 04:35:44|INFO|PCSDSF_USER_20130123.csv Total de Logins: 25496
23/01/2013 04:35:44|INFO|PCSSGR_USER_20130123.csv Total de Logins: 16414
23/01/2013 04:35:44|INFO|PCSCBCF_USER_20130123.csv Total de Logins: 12150
23/01/2013 04:35:44|INFO|PCSPROTOCOLOS_USER_20130123.csv Total de Logins: 2916
23/01/2013 04:35:44|INFO|PCSICRC_USER_20130123.csv Total de Logins: 16858
23/01/2013 04:35:44|INFO|PCSASP_USER_20130123.csv Total de Logins: 18816
23/01/2013 04:35:44|INFO|PCSIUNICA_USER_20130123.csv Total de Logins: 8478
23/01/2013 04:35:44|INFO|PCSPLOGISTICA_USER_20130123.csv Total de Logins: 4142
23/01/2013 04:35:44|INFO|PCSTIMFILAS_USER_20130123.csv Total de Logins: 1629
23/01/2013 04:35:44|INFO|PCSFELETRONICA_USER_20130123.csv Total de Logins: 3456
23/01/2013 04:35:44|INFO|PCSVERO_USER_20130123.csv Total de Logins: 579
23/01/2013 04:35:44|INFO|PCSP2B_USER_20130123.csv Total de Logins: 558
23/01/2013 04:35:44|INFO|PCSVENDITA_USER_20130123.csv Total de Logins: 253
23/01/2013 04:35:44|INFO|PCSSCTR-PORTAL_USER_20130123.csv Total de Logins: 18
23/01/2013 04:35:44|INFO|PCSRAP_USER_20130123.csv Total de Logins: 14
23/01/2013 04:35:44|INFO|PCSBDOH_USER_20130123.csv Total de Logins: 190
23/01/2013 04:35:44|INFO|PCSUCM_USER_20130123.csv Total de Logins: 14
23/01/2013 04:35:44|INFO|PCSGVAS_USER_20130123.csv Total de Logins: 10
23/01/2013 04:35:44|INFO|PCSKPI_USER_20130123.csv Total de Logins: 8
23/01/2013 04:35:44|INFO|PCSIPVS_USER_20130123.csv Total de Logins: 4
23/01/2013 04:35:44|INFO|PCSSALES_USER_20130123.csv Total de Logins: 87
23/01/2013 04:35:44|INFO|PCSGCPP_USER_20130123.csv Total de Logins: 5
23/01/2013 04:35:44|INFO|PCSPDV_MGMT_USER_20130123.csv Total de Logins: 5
23/01/2013 04:35:44|INFO|PCSGJMC_USER_20130123.csv Total de Logins: 7
23/01/2013 04:35:44|INFO|PCSFELETRONICAPG_USER_20130123.csv Total de Logins: 6
23/01/2013 04:35:44|INFO|PCSDTH_USER_20130123.csv Total de Logins: 2
23/01/2013 04:35:44|INFO|Finalizado
