06/01/2013 04:30:01|INFO|Iniciando
06/01/2013 04:35:32|INFO|PCSCLARIFY_USER_20130106.csv Total de Logins: 20448
06/01/2013 04:35:32|INFO|PCSPDVGN_USER_20130106.csv Total de Logins: 3398
06/01/2013 04:35:32|INFO|PCSPDV_LIVE_USER_20130106.csv Total de Logins: 12139
06/01/2013 04:35:32|INFO|PCSPDVGL_USER_20130106.csv Total de Logins: 2034
06/01/2013 04:35:32|INFO|PCSSIEBEL_USER_20130106.csv Total de Logins: 50
06/01/2013 04:35:32|INFO|PCSDSF_USER_20130106.csv Total de Logins: 24756
06/01/2013 04:35:32|INFO|PCSSGR_USER_20130106.csv Total de Logins: 16027
06/01/2013 04:35:32|INFO|PCSCBCF_USER_20130106.csv Total de Logins: 12021
06/01/2013 04:35:32|INFO|PCSPROTOCOLOS_USER_20130106.csv Total de Logins: 3196
06/01/2013 04:35:32|INFO|PCSICRC_USER_20130106.csv Total de Logins: 16312
06/01/2013 04:35:32|INFO|PCSASP_USER_20130106.csv Total de Logins: 17831
06/01/2013 04:35:32|INFO|PCSIUNICA_USER_20130106.csv Total de Logins: 7950
06/01/2013 04:35:32|INFO|PCSSFA_USER_20130106.csv Total de Logins: 228
06/01/2013 04:35:32|INFO|PCSPLOGISTICA_USER_20130106.csv Total de Logins: 3267
06/01/2013 04:35:32|INFO|PCSTIMFILAS_USER_20130106.csv Total de Logins: 1689
06/01/2013 04:35:32|INFO|PCSGVAS_USER_20130106.csv Total de Logins: 11
06/01/2013 04:35:32|INFO|PCSVERO_USER_20130106.csv Total de Logins: 245
06/01/2013 04:35:32|INFO|PCSSALES_USER_20130106.csv Total de Logins: 339
06/01/2013 04:35:32|INFO|PCSVENDITA_USER_20130106.csv Total de Logins: 264
06/01/2013 04:35:32|INFO|PCSSCTR-PORTAL_USER_20130106.csv Total de Logins: 19
06/01/2013 04:35:32|INFO|PCSRAP_USER_20130106.csv Total de Logins: 17
06/01/2013 04:35:32|INFO|PCSP2B_USER_20130106.csv Total de Logins: 26
06/01/2013 04:35:32|INFO|PCSFELETRONICA_USER_20130106.csv Total de Logins: 2205
06/01/2013 04:35:32|INFO|PCSBDOH_USER_20130106.csv Total de Logins: 213
06/01/2013 04:35:32|INFO|PCSUCM_USER_20130106.csv Total de Logins: 14
06/01/2013 04:35:32|INFO|PCSKPI_USER_20130106.csv Total de Logins: 8
06/01/2013 04:35:32|INFO|PCSIPVS_USER_20130106.csv Total de Logins: 5
06/01/2013 04:35:32|INFO|PCSGCPP_USER_20130106.csv Total de Logins: 6
06/01/2013 04:35:32|INFO|PCSPDV_MGMT_USER_20130106.csv Total de Logins: 5
06/01/2013 04:35:32|INFO|PCSGJMC_USER_20130106.csv Total de Logins: 8
06/01/2013 04:35:32|INFO|PCSFELETRONICAPG_USER_20130106.csv Total de Logins: 9
06/01/2013 04:35:32|INFO|PCSDTH_USER_20130106.csv Total de Logins: 2
06/01/2013 04:35:32|INFO|Finalizado
