10/02/2013 04:30:01|INFO|Iniciando
10/02/2013 04:35:52|INFO|PCSCLARIFY_USER_20130210.csv Total de Logins: 21497
10/02/2013 04:35:52|INFO|PCSPDVGN_USER_20130210.csv Total de Logins: 3466
10/02/2013 04:35:52|INFO|PCSPDV_LIVE_USER_20130210.csv Total de Logins: 12798
10/02/2013 04:35:52|INFO|PCSSFA_USER_20130210.csv Total de Logins: 1792
10/02/2013 04:35:52|INFO|PCSPDVGL_USER_20130210.csv Total de Logins: 2065
10/02/2013 04:35:52|INFO|PCSSIEBEL_USER_20130210.csv Total de Logins: 30
10/02/2013 04:35:52|INFO|PCSDSF_USER_20130210.csv Total de Logins: 25882
10/02/2013 04:35:52|INFO|PCSPROTOCOLOS_USER_20130210.csv Total de Logins: 2696
10/02/2013 04:35:52|INFO|PCSSGR_USER_20130210.csv Total de Logins: 16768
10/02/2013 04:35:52|INFO|PCSCBCF_USER_20130210.csv Total de Logins: 12328
10/02/2013 04:35:52|INFO|PCSICRC_USER_20130210.csv Total de Logins: 17622
10/02/2013 04:35:52|INFO|PCSASP_USER_20130210.csv Total de Logins: 19220
10/02/2013 04:35:52|INFO|PCSIUNICA_USER_20130210.csv Total de Logins: 8918
10/02/2013 04:35:52|INFO|PCSPLOGISTICA_USER_20130210.csv Total de Logins: 4648
10/02/2013 04:35:52|INFO|PCSP2B_USER_20130210.csv Total de Logins: 1838
10/02/2013 04:35:52|INFO|PCSTIMFILAS_USER_20130210.csv Total de Logins: 1589
10/02/2013 04:35:52|INFO|PCSFELETRONICA_USER_20130210.csv Total de Logins: 3950
10/02/2013 04:35:52|INFO|PCSVERO_USER_20130210.csv Total de Logins: 1689
10/02/2013 04:35:52|INFO|PCSVENDITA_USER_20130210.csv Total de Logins: 249
10/02/2013 04:35:52|INFO|PCSRAP_USER_20130210.csv Total de Logins: 14
10/02/2013 04:35:52|INFO|PCSSCTR-PORTAL_USER_20130210.csv Total de Logins: 16
10/02/2013 04:35:52|INFO|PCSUCM_USER_20130210.csv Total de Logins: 10
10/02/2013 04:35:52|INFO|PCSGVAS_USER_20130210.csv Total de Logins: 9
10/02/2013 04:35:52|INFO|PCSKPI_USER_20130210.csv Total de Logins: 7
10/02/2013 04:35:52|INFO|PCSIPVS_USER_20130210.csv Total de Logins: 5
10/02/2013 04:35:52|INFO|PCSBDOH_USER_20130210.csv Total de Logins: 181
10/02/2013 04:35:52|INFO|PCSSALES_USER_20130210.csv Total de Logins: 85
10/02/2013 04:35:52|INFO|PCSGCPP_USER_20130210.csv Total de Logins: 6
10/02/2013 04:35:52|INFO|PCSPDV_MGMT_USER_20130210.csv Total de Logins: 8
10/02/2013 04:35:52|INFO|PCSGJMC_USER_20130210.csv Total de Logins: 7
10/02/2013 04:35:52|INFO|PCSFELETRONICAPG_USER_20130210.csv Total de Logins: 6
10/02/2013 04:35:52|INFO|PCSDTH_USER_20130210.csv Total de Logins: 2
10/02/2013 04:35:52|INFO|Finalizado
