05/07/2013 04:30:01|INFO|Iniciando
05/07/2013 04:36:29|INFO|PCSCLARIFY_USER_20130705.csv Total de Logins: 20198
05/07/2013 04:36:29|INFO|PCSPDVGN_USER_20130705.csv Total de Logins: 3203
05/07/2013 04:36:29|INFO|PCSSFA_USER_20130705.csv Total de Logins: 3436
05/07/2013 04:36:29|INFO|PCSPDVGL_USER_20130705.csv Total de Logins: 1742
05/07/2013 04:36:29|INFO|PCSDSF_USER_20130705.csv Total de Logins: 24544
05/07/2013 04:36:29|INFO|PCSPDV_LIVE_USER_20130705.csv Total de Logins: 11618
05/07/2013 04:36:29|INFO|PCSPROTOCOLOS_USER_20130705.csv Total de Logins: 3402
05/07/2013 04:36:29|INFO|PCSSGR_USER_20130705.csv Total de Logins: 16573
05/07/2013 04:36:29|INFO|PCSCBCF_USER_20130705.csv Total de Logins: 12410
05/07/2013 04:36:29|INFO|PCSICRC_USER_20130705.csv Total de Logins: 16465
05/07/2013 04:36:29|INFO|PCSASP_USER_20130705.csv Total de Logins: 17674
05/07/2013 04:36:29|INFO|PCSIUNICA_USER_20130705.csv Total de Logins: 8073
05/07/2013 04:36:29|INFO|PCSP2B_USER_20130705.csv Total de Logins: 6056
05/07/2013 04:36:29|INFO|PCSSIEBEL_USER_20130705.csv Total de Logins: 809
05/07/2013 04:36:29|INFO|PCSPLOGISTICA_USER_20130705.csv Total de Logins: 3858
05/07/2013 04:36:29|INFO|PCSFELETRONICA_USER_20130705.csv Total de Logins: 2481
05/07/2013 04:36:29|INFO|PCSVERO_USER_20130705.csv Total de Logins: 3206
05/07/2013 04:36:29|INFO|PCSTIMFILAS_USER_20130705.csv Total de Logins: 1648
05/07/2013 04:36:29|INFO|PCSVENDITA_USER_20130705.csv Total de Logins: 244
05/07/2013 04:36:29|INFO|PCSVCE_USER_20130705.csv Total de Logins: 65
05/07/2013 04:36:29|INFO|PCSSCTR-PORTAL_USER_20130705.csv Total de Logins: 20
05/07/2013 04:36:29|INFO|PCSRAP_USER_20130705.csv Total de Logins: 23
05/07/2013 04:36:29|INFO|PCSGCPP_USER_20130705.csv Total de Logins: 14
05/07/2013 04:36:29|INFO|PCSUCM_USER_20130705.csv Total de Logins: 9
05/07/2013 04:36:29|INFO|PCSGVAS_USER_20130705.csv Total de Logins: 8
05/07/2013 04:36:29|INFO|PCSKPI_USER_20130705.csv Total de Logins: 6
05/07/2013 04:36:29|INFO|PCSIPVS_USER_20130705.csv Total de Logins: 7
05/07/2013 04:36:29|INFO|PCSBDOH_USER_20130705.csv Total de Logins: 134
05/07/2013 04:36:29|INFO|PCSSALES_USER_20130705.csv Total de Logins: 37
05/07/2013 04:36:29|INFO|PCSDTH_USER_20130705.csv Total de Logins: 9
05/07/2013 04:36:29|INFO|PCSPDV_MGMT_USER_20130705.csv Total de Logins: 9
05/07/2013 04:36:29|INFO|PCSBISEMANTICO_USER_20130705.csv Total de Logins: 6
05/07/2013 04:36:29|INFO|PCSGJMC_USER_20130705.csv Total de Logins: 7
05/07/2013 04:36:29|INFO|PCSFELETRONICAPG_USER_20130705.csv Total de Logins: 9
05/07/2013 04:36:29|INFO|Finalizado
