25/10/2012 04:30:01|INFO|Iniciando
25/10/2012 04:35:13|INFO|PCSCLARIFY_USER_20121025.csv Total de Logins: 19633
25/10/2012 04:35:13|INFO|PCSPDVGN_USER_20121025.csv Total de Logins: 3459
25/10/2012 04:35:13|INFO|PCSPDV_LIVE_USER_20121025.csv Total de Logins: 10080
25/10/2012 04:35:13|INFO|PCSPDVGL_USER_20121025.csv Total de Logins: 2143
25/10/2012 04:35:13|INFO|PCSSIEBEL_USER_20121025.csv Total de Logins: 499
25/10/2012 04:35:13|INFO|PCSDSF_USER_20121025.csv Total de Logins: 23790
25/10/2012 04:35:13|INFO|PCSSGR_USER_20121025.csv Total de Logins: 14498
25/10/2012 04:35:13|INFO|PCSCBCF_USER_20121025.csv Total de Logins: 11071
25/10/2012 04:35:13|INFO|PCSPROTOCOLOS_USER_20121025.csv Total de Logins: 2387
25/10/2012 04:35:13|INFO|PCSASP_USER_20121025.csv Total de Logins: 17202
25/10/2012 04:35:13|INFO|PCSIUNICA_USER_20121025.csv Total de Logins: 7433
25/10/2012 04:35:13|INFO|PCSICRC_USER_20121025.csv Total de Logins: 15672
25/10/2012 04:35:13|INFO|PCSPLOGISTICA_USER_20121025.csv Total de Logins: 3953
25/10/2012 04:35:13|INFO|PCSTIMFILAS_USER_20121025.csv Total de Logins: 1372
25/10/2012 04:35:13|INFO|PCSFELETRONICA_USER_20121025.csv Total de Logins: 2191
25/10/2012 04:35:13|INFO|PCSGVAS_USER_20121025.csv Total de Logins: 15
25/10/2012 04:35:13|INFO|PCSDTH_USER_20121025.csv Total de Logins: 5
25/10/2012 04:35:13|INFO|PCSVERO_USER_20121025.csv Total de Logins: 20
25/10/2012 04:35:13|INFO|PCSVENDITA_USER_20121025.csv Total de Logins: 226
25/10/2012 04:35:13|INFO|PCSRAP_USER_20121025.csv Total de Logins: 33
25/10/2012 04:35:13|INFO|PCSSCTR-PORTAL_USER_20121025.csv Total de Logins: 19
25/10/2012 04:35:13|INFO|PCSSFA_USER_20121025.csv Total de Logins: 17
25/10/2012 04:35:13|INFO|PCSFELETRONICAPG_USER_20121025.csv Total de Logins: 10
25/10/2012 04:35:13|INFO|PCSGCPP_USER_20121025.csv Total de Logins: 9
25/10/2012 04:35:13|INFO|PCSUCM_USER_20121025.csv Total de Logins: 39
25/10/2012 04:35:13|INFO|PCSGJMC_USER_20121025.csv Total de Logins: 12
25/10/2012 04:35:13|INFO|PCSKPI_USER_20121025.csv Total de Logins: 7
25/10/2012 04:35:13|INFO|PCSIPVS_USER_20121025.csv Total de Logins: 8
25/10/2012 04:35:13|INFO|PCSPDV_MGMT_USER_20121025.csv Total de Logins: 7
25/10/2012 04:35:13|INFO|PCSP2B_USER_20121025.csv Total de Logins: 2
25/10/2012 04:35:13|INFO|PCSBISEMANTICO_USER_20121025.csv Total de Logins: 2
25/10/2012 04:35:13|INFO|Finalizado
