25/07/2013 04:30:01|INFO|Iniciando
25/07/2013 04:36:38|INFO|PCSCLARIFY_USER_20130725.csv Total de Logins: 19768
25/07/2013 04:36:38|INFO|PCSPDVGN_USER_20130725.csv Total de Logins: 3283
25/07/2013 04:36:38|INFO|PCSICRC_USER_20130725.csv Total de Logins: 15749
25/07/2013 04:36:38|INFO|PCSDSF_USER_20130725.csv Total de Logins: 24252
25/07/2013 04:36:38|INFO|PCSSFA_USER_20130725.csv Total de Logins: 3538
25/07/2013 04:36:38|INFO|PCSPDVGL_USER_20130725.csv Total de Logins: 1728
25/07/2013 04:36:38|INFO|PCSPDV_LIVE_USER_20130725.csv Total de Logins: 11768
25/07/2013 04:36:38|INFO|PCSPROTOCOLOS_USER_20130725.csv Total de Logins: 3248
25/07/2013 04:36:38|INFO|PCSSGR_USER_20130725.csv Total de Logins: 16129
25/07/2013 04:36:38|INFO|PCSCBCF_USER_20130725.csv Total de Logins: 12381
25/07/2013 04:36:38|INFO|PCSASP_USER_20130725.csv Total de Logins: 17135
25/07/2013 04:36:38|INFO|PCSIUNICA_USER_20130725.csv Total de Logins: 7861
25/07/2013 04:36:38|INFO|PCSSIEBEL_USER_20130725.csv Total de Logins: 2533
25/07/2013 04:36:38|INFO|PCSFELETRONICA_USER_20130725.csv Total de Logins: 6346
25/07/2013 04:36:38|INFO|PCSP2B_USER_20130725.csv Total de Logins: 6630
25/07/2013 04:36:38|INFO|PCSVERO_USER_20130725.csv Total de Logins: 3174
25/07/2013 04:36:38|INFO|PCSPLOGISTICA_USER_20130725.csv Total de Logins: 2981
25/07/2013 04:36:38|INFO|PCSTIMFILAS_USER_20130725.csv Total de Logins: 1734
25/07/2013 04:36:38|INFO|PCSGCOB_USER_20130725.csv Total de Logins: 14
25/07/2013 04:36:38|INFO|PCSVENDITA_USER_20130725.csv Total de Logins: 279
25/07/2013 04:36:38|INFO|PCSVCE_USER_20130725.csv Total de Logins: 56
25/07/2013 04:36:38|INFO|PCSSCTR-PORTAL_USER_20130725.csv Total de Logins: 23
25/07/2013 04:36:38|INFO|PCSRAP_USER_20130725.csv Total de Logins: 18
25/07/2013 04:36:38|INFO|PCSGEOWEB_USER_20130725.csv Total de Logins: 1
25/07/2013 04:36:38|INFO|PCSUCM_USER_20130725.csv Total de Logins: 9
25/07/2013 04:36:38|INFO|PCSGVAS_USER_20130725.csv Total de Logins: 8
25/07/2013 04:36:38|INFO|PCSKPI_USER_20130725.csv Total de Logins: 6
25/07/2013 04:36:38|INFO|PCSIPVS_USER_20130725.csv Total de Logins: 8
25/07/2013 04:36:38|INFO|PCSBDOH_USER_20130725.csv Total de Logins: 138
25/07/2013 04:36:38|INFO|PCSSALES_USER_20130725.csv Total de Logins: 34
25/07/2013 04:36:38|INFO|PCSDTH_USER_20130725.csv Total de Logins: 8
25/07/2013 04:36:38|INFO|PCSPDV_MGMT_USER_20130725.csv Total de Logins: 11
25/07/2013 04:36:38|INFO|PCSFELETRONICAPG_USER_20130725.csv Total de Logins: 10
25/07/2013 04:36:38|INFO|PCSGCPP_USER_20130725.csv Total de Logins: 9
25/07/2013 04:36:38|INFO|PCSGJMC_USER_20130725.csv Total de Logins: 8
25/07/2013 04:36:38|INFO|PCSBISEMANTICO_USER_20130725.csv Total de Logins: 1
25/07/2013 04:36:38|INFO|Finalizado
