24/04/2013 04:30:02|INFO|Iniciando
24/04/2013 04:36:24|INFO|PCSCLARIFY_USER_20130424.csv Total de Logins: 21785
24/04/2013 04:36:24|INFO|PCSPDVGN_USER_20130424.csv Total de Logins: 3415
24/04/2013 04:36:24|INFO|PCSPDV_LIVE_USER_20130424.csv Total de Logins: 11629
24/04/2013 04:36:24|INFO|PCSPDVGL_USER_20130424.csv Total de Logins: 1981
24/04/2013 04:36:24|INFO|PCSSIEBEL_USER_20130424.csv Total de Logins: 73
24/04/2013 04:36:24|INFO|PCSDSF_USER_20130424.csv Total de Logins: 26133
24/04/2013 04:36:24|INFO|PCSPROTOCOLOS_USER_20130424.csv Total de Logins: 2750
24/04/2013 04:36:24|INFO|PCSSGR_USER_20130424.csv Total de Logins: 17457
24/04/2013 04:36:24|INFO|PCSCBCF_USER_20130424.csv Total de Logins: 13025
24/04/2013 04:36:24|INFO|PCSICRC_USER_20130424.csv Total de Logins: 17770
24/04/2013 04:36:24|INFO|PCSASP_USER_20130424.csv Total de Logins: 19378
24/04/2013 04:36:24|INFO|PCSIUNICA_USER_20130424.csv Total de Logins: 8814
24/04/2013 04:36:24|INFO|PCSPLOGISTICA_USER_20130424.csv Total de Logins: 4512
24/04/2013 04:36:24|INFO|PCSP2B_USER_20130424.csv Total de Logins: 4685
24/04/2013 04:36:24|INFO|PCSSFA_USER_20130424.csv Total de Logins: 1447
24/04/2013 04:36:24|INFO|PCSVERO_USER_20130424.csv Total de Logins: 1446
24/04/2013 04:36:24|INFO|PCSTIMFILAS_USER_20130424.csv Total de Logins: 1680
24/04/2013 04:36:24|INFO|PCSFELETRONICA_USER_20130424.csv Total de Logins: 3638
24/04/2013 04:36:24|INFO|PCSVENDITA_USER_20130424.csv Total de Logins: 289
24/04/2013 04:36:24|INFO|PCSRAP_USER_20130424.csv Total de Logins: 22
24/04/2013 04:36:24|INFO|PCSSCTR-PORTAL_USER_20130424.csv Total de Logins: 19
24/04/2013 04:36:24|INFO|PCSUCM_USER_20130424.csv Total de Logins: 10
24/04/2013 04:36:24|INFO|PCSGVAS_USER_20130424.csv Total de Logins: 8
24/04/2013 04:36:24|INFO|PCSKPI_USER_20130424.csv Total de Logins: 7
24/04/2013 04:36:24|INFO|PCSIPVS_USER_20130424.csv Total de Logins: 4
24/04/2013 04:36:24|INFO|PCSBDOH_USER_20130424.csv Total de Logins: 196
24/04/2013 04:36:24|INFO|PCSSALES_USER_20130424.csv Total de Logins: 57
24/04/2013 04:36:24|INFO|PCSGCPP_USER_20130424.csv Total de Logins: 5
24/04/2013 04:36:24|INFO|PCSPDV_MGMT_USER_20130424.csv Total de Logins: 7
24/04/2013 04:36:24|INFO|PCSGJMC_USER_20130424.csv Total de Logins: 6
24/04/2013 04:36:24|INFO|PCSFELETRONICAPG_USER_20130424.csv Total de Logins: 5
24/04/2013 04:36:24|INFO|PCSDTH_USER_20130424.csv Total de Logins: 2
24/04/2013 04:36:24|INFO|Finalizado
