14/11/2012 04:30:01|INFO|Iniciando
14/11/2012 04:34:58|INFO|PCSCLARIFY_USER_20121114.csv Total de Logins: 19479
14/11/2012 04:34:58|INFO|PCSPDVGN_USER_20121114.csv Total de Logins: 3351
14/11/2012 04:34:58|INFO|PCSPDV_LIVE_USER_20121114.csv Total de Logins: 10241
14/11/2012 04:34:58|INFO|PCSPDVGL_USER_20121114.csv Total de Logins: 2009
14/11/2012 04:34:58|INFO|PCSSIEBEL_USER_20121114.csv Total de Logins: 122
14/11/2012 04:34:58|INFO|PCSDSF_USER_20121114.csv Total de Logins: 23580
14/11/2012 04:34:58|INFO|PCSPROTOCOLOS_USER_20121114.csv Total de Logins: 2896
14/11/2012 04:34:58|INFO|PCSSGR_USER_20121114.csv Total de Logins: 15050
14/11/2012 04:34:58|INFO|PCSCBCF_USER_20121114.csv Total de Logins: 11638
14/11/2012 04:34:58|INFO|PCSASP_USER_20121114.csv Total de Logins: 17095
14/11/2012 04:34:58|INFO|PCSIUNICA_USER_20121114.csv Total de Logins: 7596
14/11/2012 04:34:58|INFO|PCSICRC_USER_20121114.csv Total de Logins: 15438
14/11/2012 04:34:58|INFO|PCSPLOGISTICA_USER_20121114.csv Total de Logins: 4070
14/11/2012 04:34:58|INFO|PCSTIMFILAS_USER_20121114.csv Total de Logins: 1489
14/11/2012 04:34:58|INFO|PCSFELETRONICA_USER_20121114.csv Total de Logins: 2526
14/11/2012 04:34:58|INFO|PCSGVAS_USER_20121114.csv Total de Logins: 14
14/11/2012 04:34:58|INFO|PCSVERO_USER_20121114.csv Total de Logins: 41
14/11/2012 04:34:58|INFO|PCSVENDITA_USER_20121114.csv Total de Logins: 200
14/11/2012 04:34:58|INFO|PCSRAP_USER_20121114.csv Total de Logins: 22
14/11/2012 04:34:58|INFO|PCSSCTR-PORTAL_USER_20121114.csv Total de Logins: 18
14/11/2012 04:34:58|INFO|PCSSFA_USER_20121114.csv Total de Logins: 18
14/11/2012 04:34:58|INFO|PCSFELETRONICAPG_USER_20121114.csv Total de Logins: 10
14/11/2012 04:34:58|INFO|PCSGCPP_USER_20121114.csv Total de Logins: 9
14/11/2012 04:34:58|INFO|PCSUCM_USER_20121114.csv Total de Logins: 16
14/11/2012 04:34:58|INFO|PCSGJMC_USER_20121114.csv Total de Logins: 12
14/11/2012 04:34:58|INFO|PCSKPI_USER_20121114.csv Total de Logins: 8
14/11/2012 04:34:58|INFO|PCSIPVS_USER_20121114.csv Total de Logins: 8
14/11/2012 04:34:58|INFO|PCSPDV_MGMT_USER_20121114.csv Total de Logins: 7
14/11/2012 04:34:58|INFO|PCSP2B_USER_20121114.csv Total de Logins: 3
14/11/2012 04:34:58|INFO|PCSDTH_USER_20121114.csv Total de Logins: 2
14/11/2012 04:34:58|INFO|Finalizado
