28/10/2012 04:30:01|INFO|Iniciando
28/10/2012 04:35:10|INFO|PCSCLARIFY_USER_20121028.csv Total de Logins: 19608
28/10/2012 04:35:10|INFO|PCSPDVGN_USER_20121028.csv Total de Logins: 3431
28/10/2012 04:35:10|INFO|PCSPDV_LIVE_USER_20121028.csv Total de Logins: 10189
28/10/2012 04:35:10|INFO|PCSPDVGL_USER_20121028.csv Total de Logins: 2109
28/10/2012 04:35:10|INFO|PCSSIEBEL_USER_20121028.csv Total de Logins: 495
28/10/2012 04:35:10|INFO|PCSDSF_USER_20121028.csv Total de Logins: 23729
28/10/2012 04:35:10|INFO|PCSSGR_USER_20121028.csv Total de Logins: 14632
28/10/2012 04:35:10|INFO|PCSCBCF_USER_20121028.csv Total de Logins: 11078
28/10/2012 04:35:10|INFO|PCSPROTOCOLOS_USER_20121028.csv Total de Logins: 2650
28/10/2012 04:35:10|INFO|PCSASP_USER_20121028.csv Total de Logins: 17232
28/10/2012 04:35:10|INFO|PCSIUNICA_USER_20121028.csv Total de Logins: 7431
28/10/2012 04:35:10|INFO|PCSICRC_USER_20121028.csv Total de Logins: 15741
28/10/2012 04:35:10|INFO|PCSPLOGISTICA_USER_20121028.csv Total de Logins: 3876
28/10/2012 04:35:10|INFO|PCSTIMFILAS_USER_20121028.csv Total de Logins: 1411
28/10/2012 04:35:10|INFO|PCSFELETRONICA_USER_20121028.csv Total de Logins: 2105
28/10/2012 04:35:10|INFO|PCSGVAS_USER_20121028.csv Total de Logins: 15
28/10/2012 04:35:10|INFO|PCSDTH_USER_20121028.csv Total de Logins: 5
28/10/2012 04:35:10|INFO|PCSVERO_USER_20121028.csv Total de Logins: 20
28/10/2012 04:35:10|INFO|PCSVENDITA_USER_20121028.csv Total de Logins: 220
28/10/2012 04:35:10|INFO|PCSRAP_USER_20121028.csv Total de Logins: 32
28/10/2012 04:35:10|INFO|PCSSCTR-PORTAL_USER_20121028.csv Total de Logins: 19
28/10/2012 04:35:10|INFO|PCSSFA_USER_20121028.csv Total de Logins: 17
28/10/2012 04:35:10|INFO|PCSFELETRONICAPG_USER_20121028.csv Total de Logins: 10
28/10/2012 04:35:10|INFO|PCSGCPP_USER_20121028.csv Total de Logins: 9
28/10/2012 04:35:10|INFO|PCSUCM_USER_20121028.csv Total de Logins: 21
28/10/2012 04:35:10|INFO|PCSGJMC_USER_20121028.csv Total de Logins: 12
28/10/2012 04:35:10|INFO|PCSKPI_USER_20121028.csv Total de Logins: 8
28/10/2012 04:35:10|INFO|PCSIPVS_USER_20121028.csv Total de Logins: 8
28/10/2012 04:35:10|INFO|PCSPDV_MGMT_USER_20121028.csv Total de Logins: 7
28/10/2012 04:35:10|INFO|PCSP2B_USER_20121028.csv Total de Logins: 2
28/10/2012 04:35:10|INFO|PCSBISEMANTICO_USER_20121028.csv Total de Logins: 2
28/10/2012 04:35:10|INFO|Finalizado
