11/08/2013 04:30:01|INFO|Iniciando
11/08/2013 04:36:36|INFO|PCSCLARIFY_USER_20130811.csv Total de Logins: 19557
11/08/2013 04:36:36|INFO|PCSPDVGN_USER_20130811.csv Total de Logins: 3293
11/08/2013 04:36:36|INFO|PCSICRC_USER_20130811.csv Total de Logins: 16059
11/08/2013 04:36:36|INFO|PCSDSF_USER_20130811.csv Total de Logins: 24168
11/08/2013 04:36:36|INFO|PCSSFA_USER_20130811.csv Total de Logins: 3667
11/08/2013 04:36:36|INFO|PCSPDV_LIVE_USER_20130811.csv Total de Logins: 11584
11/08/2013 04:36:36|INFO|PCSPDVGL_USER_20130811.csv Total de Logins: 1695
11/08/2013 04:36:36|INFO|PCSPROTOCOLOS_USER_20130811.csv Total de Logins: 3304
11/08/2013 04:36:36|INFO|PCSSGR_USER_20130811.csv Total de Logins: 16238
11/08/2013 04:36:36|INFO|PCSCBCF_USER_20130811.csv Total de Logins: 12319
11/08/2013 04:36:36|INFO|PCSASP_USER_20130811.csv Total de Logins: 17014
11/08/2013 04:36:36|INFO|PCSIUNICA_USER_20130811.csv Total de Logins: 8383
11/08/2013 04:36:36|INFO|PCSSIEBEL_USER_20130811.csv Total de Logins: 4111
11/08/2013 04:36:36|INFO|PCSFELETRONICA_USER_20130811.csv Total de Logins: 6536
11/08/2013 04:36:36|INFO|PCSP2B_USER_20130811.csv Total de Logins: 6854
11/08/2013 04:36:36|INFO|PCSVERO_USER_20130811.csv Total de Logins: 3270
11/08/2013 04:36:36|INFO|PCSPLOGISTICA_USER_20130811.csv Total de Logins: 2769
11/08/2013 04:36:36|INFO|PCSTIMFILAS_USER_20130811.csv Total de Logins: 1754
11/08/2013 04:36:36|INFO|PCSGCOB_USER_20130811.csv Total de Logins: 14
11/08/2013 04:36:36|INFO|PCSVENDITA_USER_20130811.csv Total de Logins: 297
11/08/2013 04:36:36|INFO|PCSVCE_USER_20130811.csv Total de Logins: 85
11/08/2013 04:36:36|INFO|PCSSCTR-PORTAL_USER_20130811.csv Total de Logins: 24
11/08/2013 04:36:36|INFO|PCSRAP_USER_20130811.csv Total de Logins: 17
11/08/2013 04:36:36|INFO|PCSGEOWEB_USER_20130811.csv Total de Logins: 1
11/08/2013 04:36:36|INFO|PCSUCM_USER_20130811.csv Total de Logins: 9
11/08/2013 04:36:36|INFO|PCSGVAS_USER_20130811.csv Total de Logins: 8
11/08/2013 04:36:36|INFO|PCSKPI_USER_20130811.csv Total de Logins: 6
11/08/2013 04:36:36|INFO|PCSIPVS_USER_20130811.csv Total de Logins: 8
11/08/2013 04:36:36|INFO|PCSBDOH_USER_20130811.csv Total de Logins: 159
11/08/2013 04:36:36|INFO|PCSSALES_USER_20130811.csv Total de Logins: 32
11/08/2013 04:36:36|INFO|PCSDTH_USER_20130811.csv Total de Logins: 8
11/08/2013 04:36:36|INFO|PCSPDV_MGMT_USER_20130811.csv Total de Logins: 21
11/08/2013 04:36:36|INFO|PCSFELETRONICAPG_USER_20130811.csv Total de Logins: 11
11/08/2013 04:36:36|INFO|PCSGCPP_USER_20130811.csv Total de Logins: 9
11/08/2013 04:36:36|INFO|PCSGJMC_USER_20130811.csv Total de Logins: 8
11/08/2013 04:36:36|INFO|PCSBISEMANTICO_USER_20130811.csv Total de Logins: 1
11/08/2013 04:36:36|INFO|Finalizado
