31/03/2013 04:30:01|INFO|Iniciando
31/03/2013 04:36:17|INFO|PCSCLARIFY_USER_20130331.csv Total de Logins: 21371
31/03/2013 04:36:17|INFO|PCSPDVGN_USER_20130331.csv Total de Logins: 3434
31/03/2013 04:36:17|INFO|PCSPDV_LIVE_USER_20130331.csv Total de Logins: 12208
31/03/2013 04:36:17|INFO|PCSPDVGL_USER_20130331.csv Total de Logins: 2013
31/03/2013 04:36:17|INFO|PCSSIEBEL_USER_20130331.csv Total de Logins: 69
31/03/2013 04:36:17|INFO|PCSASP_USER_20130331.csv Total de Logins: 18901
31/03/2013 04:36:17|INFO|PCSDSF_USER_20130331.csv Total de Logins: 25614
31/03/2013 04:36:17|INFO|PCSICRC_USER_20130331.csv Total de Logins: 17253
31/03/2013 04:36:17|INFO|PCSPROTOCOLOS_USER_20130331.csv Total de Logins: 2680
31/03/2013 04:36:17|INFO|PCSSGR_USER_20130331.csv Total de Logins: 17284
31/03/2013 04:36:17|INFO|PCSCBCF_USER_20130331.csv Total de Logins: 13111
31/03/2013 04:36:17|INFO|PCSIUNICA_USER_20130331.csv Total de Logins: 8813
31/03/2013 04:36:17|INFO|PCSPLOGISTICA_USER_20130331.csv Total de Logins: 5396
31/03/2013 04:36:17|INFO|PCSP2B_USER_20130331.csv Total de Logins: 4655
31/03/2013 04:36:17|INFO|PCSTIMFILAS_USER_20130331.csv Total de Logins: 1683
31/03/2013 04:36:17|INFO|PCSFELETRONICA_USER_20130331.csv Total de Logins: 3334
31/03/2013 04:36:17|INFO|PCSSFA_USER_20130331.csv Total de Logins: 1441
31/03/2013 04:36:17|INFO|PCSVERO_USER_20130331.csv Total de Logins: 1506
31/03/2013 04:36:17|INFO|PCSVENDITA_USER_20130331.csv Total de Logins: 228
31/03/2013 04:36:17|INFO|PCSRAP_USER_20130331.csv Total de Logins: 15
31/03/2013 04:36:17|INFO|PCSSCTR-PORTAL_USER_20130331.csv Total de Logins: 18
31/03/2013 04:36:17|INFO|PCSUCM_USER_20130331.csv Total de Logins: 10
31/03/2013 04:36:17|INFO|PCSGVAS_USER_20130331.csv Total de Logins: 8
31/03/2013 04:36:17|INFO|PCSKPI_USER_20130331.csv Total de Logins: 8
31/03/2013 04:36:17|INFO|PCSIPVS_USER_20130331.csv Total de Logins: 4
31/03/2013 04:36:17|INFO|PCSBDOH_USER_20130331.csv Total de Logins: 230
31/03/2013 04:36:17|INFO|PCSSALES_USER_20130331.csv Total de Logins: 68
31/03/2013 04:36:17|INFO|PCSGCPP_USER_20130331.csv Total de Logins: 4
31/03/2013 04:36:17|INFO|PCSPDV_MGMT_USER_20130331.csv Total de Logins: 7
31/03/2013 04:36:17|INFO|PCSGJMC_USER_20130331.csv Total de Logins: 6
31/03/2013 04:36:17|INFO|PCSFELETRONICAPG_USER_20130331.csv Total de Logins: 6
31/03/2013 04:36:17|INFO|PCSDTH_USER_20130331.csv Total de Logins: 2
31/03/2013 04:36:17|INFO|Finalizado
