31/07/2013 04:30:01|INFO|Iniciando
31/07/2013 04:36:35|INFO|PCSCLARIFY_USER_20130731.csv Total de Logins: 19960
31/07/2013 04:36:35|INFO|PCSPDVGN_USER_20130731.csv Total de Logins: 3301
31/07/2013 04:36:35|INFO|PCSICRC_USER_20130731.csv Total de Logins: 15835
31/07/2013 04:36:35|INFO|PCSDSF_USER_20130731.csv Total de Logins: 24191
31/07/2013 04:36:35|INFO|PCSSFA_USER_20130731.csv Total de Logins: 3525
31/07/2013 04:36:35|INFO|PCSPDV_LIVE_USER_20130731.csv Total de Logins: 11650
31/07/2013 04:36:35|INFO|PCSPDVGL_USER_20130731.csv Total de Logins: 1720
31/07/2013 04:36:35|INFO|PCSPROTOCOLOS_USER_20130731.csv Total de Logins: 3139
31/07/2013 04:36:35|INFO|PCSSGR_USER_20130731.csv Total de Logins: 16357
31/07/2013 04:36:35|INFO|PCSCBCF_USER_20130731.csv Total de Logins: 12298
31/07/2013 04:36:35|INFO|PCSASP_USER_20130731.csv Total de Logins: 17282
31/07/2013 04:36:35|INFO|PCSIUNICA_USER_20130731.csv Total de Logins: 8168
31/07/2013 04:36:35|INFO|PCSSIEBEL_USER_20130731.csv Total de Logins: 3074
31/07/2013 04:36:35|INFO|PCSFELETRONICA_USER_20130731.csv Total de Logins: 6728
31/07/2013 04:36:35|INFO|PCSP2B_USER_20130731.csv Total de Logins: 6603
31/07/2013 04:36:35|INFO|PCSVERO_USER_20130731.csv Total de Logins: 3118
31/07/2013 04:36:35|INFO|PCSPLOGISTICA_USER_20130731.csv Total de Logins: 3160
31/07/2013 04:36:35|INFO|PCSTIMFILAS_USER_20130731.csv Total de Logins: 1744
31/07/2013 04:36:35|INFO|PCSGCOB_USER_20130731.csv Total de Logins: 14
31/07/2013 04:36:35|INFO|PCSVENDITA_USER_20130731.csv Total de Logins: 281
31/07/2013 04:36:35|INFO|PCSVCE_USER_20130731.csv Total de Logins: 81
31/07/2013 04:36:35|INFO|PCSSCTR-PORTAL_USER_20130731.csv Total de Logins: 23
31/07/2013 04:36:35|INFO|PCSRAP_USER_20130731.csv Total de Logins: 18
31/07/2013 04:36:35|INFO|PCSGEOWEB_USER_20130731.csv Total de Logins: 1
31/07/2013 04:36:35|INFO|PCSUCM_USER_20130731.csv Total de Logins: 9
31/07/2013 04:36:35|INFO|PCSGVAS_USER_20130731.csv Total de Logins: 8
31/07/2013 04:36:35|INFO|PCSKPI_USER_20130731.csv Total de Logins: 6
31/07/2013 04:36:35|INFO|PCSIPVS_USER_20130731.csv Total de Logins: 8
31/07/2013 04:36:35|INFO|PCSBDOH_USER_20130731.csv Total de Logins: 159
31/07/2013 04:36:35|INFO|PCSSALES_USER_20130731.csv Total de Logins: 34
31/07/2013 04:36:35|INFO|PCSDTH_USER_20130731.csv Total de Logins: 8
31/07/2013 04:36:35|INFO|PCSPDV_MGMT_USER_20130731.csv Total de Logins: 11
31/07/2013 04:36:35|INFO|PCSFELETRONICAPG_USER_20130731.csv Total de Logins: 11
31/07/2013 04:36:35|INFO|PCSGCPP_USER_20130731.csv Total de Logins: 9
31/07/2013 04:36:35|INFO|PCSGJMC_USER_20130731.csv Total de Logins: 8
31/07/2013 04:36:35|INFO|PCSBISEMANTICO_USER_20130731.csv Total de Logins: 1
31/07/2013 04:36:35|INFO|Finalizado
