24/03/2013 04:30:01|INFO|Iniciando
24/03/2013 04:36:17|INFO|PCSCLARIFY_USER_20130324.csv Total de Logins: 21693
24/03/2013 04:36:17|INFO|PCSPDVGN_USER_20130324.csv Total de Logins: 3446
24/03/2013 04:36:17|INFO|PCSPDV_LIVE_USER_20130324.csv Total de Logins: 12277
24/03/2013 04:36:17|INFO|PCSPDVGL_USER_20130324.csv Total de Logins: 2045
24/03/2013 04:36:17|INFO|PCSSIEBEL_USER_20130324.csv Total de Logins: 31
24/03/2013 04:36:17|INFO|PCSASP_USER_20130324.csv Total de Logins: 19271
24/03/2013 04:36:17|INFO|PCSDSF_USER_20130324.csv Total de Logins: 25795
24/03/2013 04:36:17|INFO|PCSICRC_USER_20130324.csv Total de Logins: 17689
24/03/2013 04:36:17|INFO|PCSPROTOCOLOS_USER_20130324.csv Total de Logins: 2611
24/03/2013 04:36:17|INFO|PCSSGR_USER_20130324.csv Total de Logins: 17643
24/03/2013 04:36:17|INFO|PCSCBCF_USER_20130324.csv Total de Logins: 13140
24/03/2013 04:36:17|INFO|PCSIUNICA_USER_20130324.csv Total de Logins: 9169
24/03/2013 04:36:17|INFO|PCSPLOGISTICA_USER_20130324.csv Total de Logins: 6114
24/03/2013 04:36:17|INFO|PCSP2B_USER_20130324.csv Total de Logins: 3732
24/03/2013 04:36:17|INFO|PCSTIMFILAS_USER_20130324.csv Total de Logins: 1641
24/03/2013 04:36:17|INFO|PCSFELETRONICA_USER_20130324.csv Total de Logins: 4135
24/03/2013 04:36:17|INFO|PCSSFA_USER_20130324.csv Total de Logins: 1222
24/03/2013 04:36:17|INFO|PCSVERO_USER_20130324.csv Total de Logins: 1309
24/03/2013 04:36:17|INFO|PCSVENDITA_USER_20130324.csv Total de Logins: 243
24/03/2013 04:36:17|INFO|PCSRAP_USER_20130324.csv Total de Logins: 15
24/03/2013 04:36:17|INFO|PCSSCTR-PORTAL_USER_20130324.csv Total de Logins: 18
24/03/2013 04:36:17|INFO|PCSUCM_USER_20130324.csv Total de Logins: 11
24/03/2013 04:36:17|INFO|PCSGVAS_USER_20130324.csv Total de Logins: 8
24/03/2013 04:36:17|INFO|PCSKPI_USER_20130324.csv Total de Logins: 8
24/03/2013 04:36:17|INFO|PCSIPVS_USER_20130324.csv Total de Logins: 4
24/03/2013 04:36:17|INFO|PCSBDOH_USER_20130324.csv Total de Logins: 229
24/03/2013 04:36:17|INFO|PCSSALES_USER_20130324.csv Total de Logins: 64
24/03/2013 04:36:17|INFO|PCSGCPP_USER_20130324.csv Total de Logins: 4
24/03/2013 04:36:17|INFO|PCSPDV_MGMT_USER_20130324.csv Total de Logins: 7
24/03/2013 04:36:17|INFO|PCSGJMC_USER_20130324.csv Total de Logins: 6
24/03/2013 04:36:17|INFO|PCSFELETRONICAPG_USER_20130324.csv Total de Logins: 6
24/03/2013 04:36:17|INFO|PCSDTH_USER_20130324.csv Total de Logins: 2
24/03/2013 04:36:17|INFO|Finalizado
