08/02/2013 04:30:01|INFO|Iniciando
08/02/2013 04:35:58|INFO|PCSCLARIFY_USER_20130208.csv Total de Logins: 21364
08/02/2013 04:35:58|INFO|PCSPDVGN_USER_20130208.csv Total de Logins: 3464
08/02/2013 04:35:58|INFO|PCSPDV_LIVE_USER_20130208.csv Total de Logins: 12458
08/02/2013 04:35:58|INFO|PCSSFA_USER_20130208.csv Total de Logins: 1793
08/02/2013 04:35:58|INFO|PCSPDVGL_USER_20130208.csv Total de Logins: 2064
08/02/2013 04:35:58|INFO|PCSSIEBEL_USER_20130208.csv Total de Logins: 30
08/02/2013 04:35:58|INFO|PCSDSF_USER_20130208.csv Total de Logins: 25728
08/02/2013 04:35:58|INFO|PCSPROTOCOLOS_USER_20130208.csv Total de Logins: 2669
08/02/2013 04:35:58|INFO|PCSSGR_USER_20130208.csv Total de Logins: 16630
08/02/2013 04:35:58|INFO|PCSCBCF_USER_20130208.csv Total de Logins: 12331
08/02/2013 04:35:58|INFO|PCSICRC_USER_20130208.csv Total de Logins: 17517
08/02/2013 04:35:58|INFO|PCSASP_USER_20130208.csv Total de Logins: 19120
08/02/2013 04:35:58|INFO|PCSIUNICA_USER_20130208.csv Total de Logins: 8815
08/02/2013 04:35:58|INFO|PCSPLOGISTICA_USER_20130208.csv Total de Logins: 4578
08/02/2013 04:35:58|INFO|PCSP2B_USER_20130208.csv Total de Logins: 1820
08/02/2013 04:35:58|INFO|PCSTIMFILAS_USER_20130208.csv Total de Logins: 1600
08/02/2013 04:35:58|INFO|PCSFELETRONICA_USER_20130208.csv Total de Logins: 3867
08/02/2013 04:35:58|INFO|PCSVERO_USER_20130208.csv Total de Logins: 1690
08/02/2013 04:35:58|INFO|PCSVENDITA_USER_20130208.csv Total de Logins: 249
08/02/2013 04:35:58|INFO|PCSRAP_USER_20130208.csv Total de Logins: 14
08/02/2013 04:35:58|INFO|PCSSCTR-PORTAL_USER_20130208.csv Total de Logins: 16
08/02/2013 04:35:58|INFO|PCSUCM_USER_20130208.csv Total de Logins: 10
08/02/2013 04:35:58|INFO|PCSGVAS_USER_20130208.csv Total de Logins: 9
08/02/2013 04:35:58|INFO|PCSKPI_USER_20130208.csv Total de Logins: 7
08/02/2013 04:35:58|INFO|PCSIPVS_USER_20130208.csv Total de Logins: 5
08/02/2013 04:35:58|INFO|PCSBDOH_USER_20130208.csv Total de Logins: 183
08/02/2013 04:35:58|INFO|PCSSALES_USER_20130208.csv Total de Logins: 86
08/02/2013 04:35:58|INFO|PCSGCPP_USER_20130208.csv Total de Logins: 6
08/02/2013 04:35:58|INFO|PCSPDV_MGMT_USER_20130208.csv Total de Logins: 8
08/02/2013 04:35:58|INFO|PCSGJMC_USER_20130208.csv Total de Logins: 7
08/02/2013 04:35:58|INFO|PCSFELETRONICAPG_USER_20130208.csv Total de Logins: 6
08/02/2013 04:35:58|INFO|PCSDTH_USER_20130208.csv Total de Logins: 2
08/02/2013 04:35:58|INFO|Finalizado
