13/06/2013 04:30:01|INFO|Iniciando
13/06/2013 04:36:32|INFO|PCSCLARIFY_USER_20130613.csv Total de Logins: 20529
13/06/2013 04:36:32|INFO|PCSPDVGN_USER_20130613.csv Total de Logins: 3216
13/06/2013 04:36:32|INFO|PCSPDV_LIVE_USER_20130613.csv Total de Logins: 11416
13/06/2013 04:36:32|INFO|PCSSFA_USER_20130613.csv Total de Logins: 3157
13/06/2013 04:36:32|INFO|PCSPDVGL_USER_20130613.csv Total de Logins: 1782
13/06/2013 04:36:32|INFO|PCSDSF_USER_20130613.csv Total de Logins: 24896
13/06/2013 04:36:32|INFO|PCSPROTOCOLOS_USER_20130613.csv Total de Logins: 3179
13/06/2013 04:36:32|INFO|PCSSGR_USER_20130613.csv Total de Logins: 16939
13/06/2013 04:36:32|INFO|PCSCBCF_USER_20130613.csv Total de Logins: 12416
13/06/2013 04:36:32|INFO|PCSICRC_USER_20130613.csv Total de Logins: 16906
13/06/2013 04:36:32|INFO|PCSASP_USER_20130613.csv Total de Logins: 18234
13/06/2013 04:36:32|INFO|PCSIUNICA_USER_20130613.csv Total de Logins: 8198
13/06/2013 04:36:32|INFO|PCSP2B_USER_20130613.csv Total de Logins: 5823
13/06/2013 04:36:32|INFO|PCSSIEBEL_USER_20130613.csv Total de Logins: 146
13/06/2013 04:36:32|INFO|PCSPLOGISTICA_USER_20130613.csv Total de Logins: 4765
13/06/2013 04:36:32|INFO|PCSFELETRONICA_USER_20130613.csv Total de Logins: 3009
13/06/2013 04:36:32|INFO|PCSVERO_USER_20130613.csv Total de Logins: 2919
13/06/2013 04:36:32|INFO|PCSTIMFILAS_USER_20130613.csv Total de Logins: 1648
13/06/2013 04:36:32|INFO|PCSVENDITA_USER_20130613.csv Total de Logins: 290
13/06/2013 04:36:32|INFO|PCSSCTR-PORTAL_USER_20130613.csv Total de Logins: 21
13/06/2013 04:36:32|INFO|PCSRAP_USER_20130613.csv Total de Logins: 24
13/06/2013 04:36:32|INFO|PCSGCPP_USER_20130613.csv Total de Logins: 17
13/06/2013 04:36:32|INFO|PCSUCM_USER_20130613.csv Total de Logins: 12
13/06/2013 04:36:32|INFO|PCSGVAS_USER_20130613.csv Total de Logins: 10
13/06/2013 04:36:32|INFO|PCSKPI_USER_20130613.csv Total de Logins: 7
13/06/2013 04:36:32|INFO|PCSIPVS_USER_20130613.csv Total de Logins: 9
13/06/2013 04:36:32|INFO|PCSBDOH_USER_20130613.csv Total de Logins: 132
13/06/2013 04:36:32|INFO|PCSSALES_USER_20130613.csv Total de Logins: 43
13/06/2013 04:36:32|INFO|PCSPDV_MGMT_USER_20130613.csv Total de Logins: 10
13/06/2013 04:36:32|INFO|PCSGJMC_USER_20130613.csv Total de Logins: 9
13/06/2013 04:36:32|INFO|PCSFELETRONICAPG_USER_20130613.csv Total de Logins: 11
13/06/2013 04:36:32|INFO|PCSBISEMANTICO_USER_20130613.csv Total de Logins: 6
13/06/2013 04:36:32|INFO|PCSDTH_USER_20130613.csv Total de Logins: 2
13/06/2013 04:36:32|INFO|Finalizado
