07/05/2013 04:30:02|INFO|Iniciando
07/05/2013 04:36:18|INFO|PCSCLARIFY_USER_20130507.csv Total de Logins: 21371
07/05/2013 04:36:18|INFO|PCSPDVGN_USER_20130507.csv Total de Logins: 3380
07/05/2013 04:36:18|INFO|PCSPDV_LIVE_USER_20130507.csv Total de Logins: 11212
07/05/2013 04:36:18|INFO|PCSPDVGL_USER_20130507.csv Total de Logins: 1952
07/05/2013 04:36:18|INFO|PCSSIEBEL_USER_20130507.csv Total de Logins: 85
07/05/2013 04:36:18|INFO|PCSDSF_USER_20130507.csv Total de Logins: 25593
07/05/2013 04:36:18|INFO|PCSPROTOCOLOS_USER_20130507.csv Total de Logins: 2562
07/05/2013 04:36:18|INFO|PCSSGR_USER_20130507.csv Total de Logins: 16780
07/05/2013 04:36:18|INFO|PCSCBCF_USER_20130507.csv Total de Logins: 12351
07/05/2013 04:36:18|INFO|PCSICRC_USER_20130507.csv Total de Logins: 17182
07/05/2013 04:36:18|INFO|PCSASP_USER_20130507.csv Total de Logins: 18942
07/05/2013 04:36:18|INFO|PCSIUNICA_USER_20130507.csv Total de Logins: 8526
07/05/2013 04:36:18|INFO|PCSPLOGISTICA_USER_20130507.csv Total de Logins: 4092
07/05/2013 04:36:18|INFO|PCSP2B_USER_20130507.csv Total de Logins: 4760
07/05/2013 04:36:18|INFO|PCSSFA_USER_20130507.csv Total de Logins: 1892
07/05/2013 04:36:18|INFO|PCSVERO_USER_20130507.csv Total de Logins: 1774
07/05/2013 04:36:18|INFO|PCSTIMFILAS_USER_20130507.csv Total de Logins: 1670
07/05/2013 04:36:18|INFO|PCSFELETRONICA_USER_20130507.csv Total de Logins: 3075
07/05/2013 04:36:18|INFO|PCSVENDITA_USER_20130507.csv Total de Logins: 284
07/05/2013 04:36:18|INFO|PCSRAP_USER_20130507.csv Total de Logins: 21
07/05/2013 04:36:18|INFO|PCSSCTR-PORTAL_USER_20130507.csv Total de Logins: 18
07/05/2013 04:36:18|INFO|PCSUCM_USER_20130507.csv Total de Logins: 10
07/05/2013 04:36:18|INFO|PCSGVAS_USER_20130507.csv Total de Logins: 8
07/05/2013 04:36:18|INFO|PCSKPI_USER_20130507.csv Total de Logins: 7
07/05/2013 04:36:18|INFO|PCSIPVS_USER_20130507.csv Total de Logins: 4
07/05/2013 04:36:18|INFO|PCSBDOH_USER_20130507.csv Total de Logins: 157
07/05/2013 04:36:18|INFO|PCSSALES_USER_20130507.csv Total de Logins: 51
07/05/2013 04:36:18|INFO|PCSGCPP_USER_20130507.csv Total de Logins: 5
07/05/2013 04:36:18|INFO|PCSPDV_MGMT_USER_20130507.csv Total de Logins: 6
07/05/2013 04:36:18|INFO|PCSGJMC_USER_20130507.csv Total de Logins: 6
07/05/2013 04:36:18|INFO|PCSFELETRONICAPG_USER_20130507.csv Total de Logins: 5
07/05/2013 04:36:18|INFO|PCSDTH_USER_20130507.csv Total de Logins: 2
07/05/2013 04:36:18|INFO|Finalizado
