13/03/2013 04:30:01|INFO|Iniciando
13/03/2013 04:36:13|INFO|PCSCLARIFY_USER_20130313.csv Total de Logins: 21390
13/03/2013 04:36:13|INFO|PCSPDVGN_USER_20130313.csv Total de Logins: 3450
13/03/2013 04:36:13|INFO|PCSPDV_LIVE_USER_20130313.csv Total de Logins: 12921
13/03/2013 04:36:13|INFO|PCSPDVGL_USER_20130313.csv Total de Logins: 2023
13/03/2013 04:36:13|INFO|PCSSIEBEL_USER_20130313.csv Total de Logins: 34
13/03/2013 04:36:13|INFO|PCSASP_USER_20130313.csv Total de Logins: 18994
13/03/2013 04:36:13|INFO|PCSDSF_USER_20130313.csv Total de Logins: 25497
13/03/2013 04:36:13|INFO|PCSICRC_USER_20130313.csv Total de Logins: 17537
13/03/2013 04:36:13|INFO|PCSPROTOCOLOS_USER_20130313.csv Total de Logins: 2568
13/03/2013 04:36:13|INFO|PCSSGR_USER_20130313.csv Total de Logins: 16998
13/03/2013 04:36:13|INFO|PCSCBCF_USER_20130313.csv Total de Logins: 12601
13/03/2013 04:36:13|INFO|PCSIUNICA_USER_20130313.csv Total de Logins: 9088
13/03/2013 04:36:13|INFO|PCSPLOGISTICA_USER_20130313.csv Total de Logins: 5818
13/03/2013 04:36:13|INFO|PCSP2B_USER_20130313.csv Total de Logins: 1963
13/03/2013 04:36:13|INFO|PCSFELETRONICA_USER_20130313.csv Total de Logins: 3895
13/03/2013 04:36:13|INFO|PCSSFA_USER_20130313.csv Total de Logins: 1147
13/03/2013 04:36:13|INFO|PCSVERO_USER_20130313.csv Total de Logins: 1180
13/03/2013 04:36:13|INFO|PCSTIMFILAS_USER_20130313.csv Total de Logins: 1616
13/03/2013 04:36:13|INFO|PCSVENDITA_USER_20130313.csv Total de Logins: 254
13/03/2013 04:36:13|INFO|PCSRAP_USER_20130313.csv Total de Logins: 15
13/03/2013 04:36:13|INFO|PCSSCTR-PORTAL_USER_20130313.csv Total de Logins: 16
13/03/2013 04:36:13|INFO|PCSUCM_USER_20130313.csv Total de Logins: 8
13/03/2013 04:36:13|INFO|PCSGVAS_USER_20130313.csv Total de Logins: 9
13/03/2013 04:36:13|INFO|PCSKPI_USER_20130313.csv Total de Logins: 8
13/03/2013 04:36:13|INFO|PCSIPVS_USER_20130313.csv Total de Logins: 4
13/03/2013 04:36:13|INFO|PCSBDOH_USER_20130313.csv Total de Logins: 194
13/03/2013 04:36:13|INFO|PCSSALES_USER_20130313.csv Total de Logins: 75
13/03/2013 04:36:13|INFO|PCSGCPP_USER_20130313.csv Total de Logins: 5
13/03/2013 04:36:13|INFO|PCSPDV_MGMT_USER_20130313.csv Total de Logins: 8
13/03/2013 04:36:13|INFO|PCSGJMC_USER_20130313.csv Total de Logins: 7
13/03/2013 04:36:13|INFO|PCSFELETRONICAPG_USER_20130313.csv Total de Logins: 6
13/03/2013 04:36:13|INFO|PCSDTH_USER_20130313.csv Total de Logins: 2
13/03/2013 04:36:13|INFO|Finalizado
