01/02/2013 04:30:01|INFO|Iniciando
01/02/2013 04:35:56|INFO|PCSCLARIFY_USER_20130201.csv Total de Logins: 21425
01/02/2013 04:35:56|INFO|PCSPDVGN_USER_20130201.csv Total de Logins: 3445
01/02/2013 04:35:56|INFO|PCSPDV_LIVE_USER_20130201.csv Total de Logins: 11954
01/02/2013 04:35:56|INFO|PCSSFA_USER_20130201.csv Total de Logins: 1801
01/02/2013 04:35:56|INFO|PCSPDVGL_USER_20130201.csv Total de Logins: 2057
01/02/2013 04:35:56|INFO|PCSSIEBEL_USER_20130201.csv Total de Logins: 29
01/02/2013 04:35:56|INFO|PCSDSF_USER_20130201.csv Total de Logins: 25621
01/02/2013 04:35:56|INFO|PCSPROTOCOLOS_USER_20130201.csv Total de Logins: 2722
01/02/2013 04:35:56|INFO|PCSSGR_USER_20130201.csv Total de Logins: 16453
01/02/2013 04:35:56|INFO|PCSCBCF_USER_20130201.csv Total de Logins: 12273
01/02/2013 04:35:56|INFO|PCSICRC_USER_20130201.csv Total de Logins: 17474
01/02/2013 04:35:56|INFO|PCSASP_USER_20130201.csv Total de Logins: 19157
01/02/2013 04:35:56|INFO|PCSIUNICA_USER_20130201.csv Total de Logins: 8737
01/02/2013 04:35:56|INFO|PCSPLOGISTICA_USER_20130201.csv Total de Logins: 4207
01/02/2013 04:35:56|INFO|PCSP2B_USER_20130201.csv Total de Logins: 1760
01/02/2013 04:35:56|INFO|PCSTIMFILAS_USER_20130201.csv Total de Logins: 1631
01/02/2013 04:35:56|INFO|PCSFELETRONICA_USER_20130201.csv Total de Logins: 3462
01/02/2013 04:35:56|INFO|PCSVERO_USER_20130201.csv Total de Logins: 1694
01/02/2013 04:35:56|INFO|PCSVENDITA_USER_20130201.csv Total de Logins: 254
01/02/2013 04:35:56|INFO|PCSSCTR-PORTAL_USER_20130201.csv Total de Logins: 16
01/02/2013 04:35:56|INFO|PCSRAP_USER_20130201.csv Total de Logins: 14
01/02/2013 04:35:56|INFO|PCSBDOH_USER_20130201.csv Total de Logins: 186
01/02/2013 04:35:56|INFO|PCSUCM_USER_20130201.csv Total de Logins: 11
01/02/2013 04:35:56|INFO|PCSGVAS_USER_20130201.csv Total de Logins: 10
01/02/2013 04:35:56|INFO|PCSKPI_USER_20130201.csv Total de Logins: 8
01/02/2013 04:35:56|INFO|PCSIPVS_USER_20130201.csv Total de Logins: 5
01/02/2013 04:35:56|INFO|PCSSALES_USER_20130201.csv Total de Logins: 93
01/02/2013 04:35:56|INFO|PCSGCPP_USER_20130201.csv Total de Logins: 5
01/02/2013 04:35:56|INFO|PCSPDV_MGMT_USER_20130201.csv Total de Logins: 7
01/02/2013 04:35:56|INFO|PCSGJMC_USER_20130201.csv Total de Logins: 7
01/02/2013 04:35:56|INFO|PCSFELETRONICAPG_USER_20130201.csv Total de Logins: 6
01/02/2013 04:35:56|INFO|PCSDTH_USER_20130201.csv Total de Logins: 2
01/02/2013 04:35:56|INFO|Finalizado
