17/12/2012 04:30:01|INFO|Iniciando
17/12/2012 04:35:26|INFO|PCSCLARIFY_USER_20121217.csv Total de Logins: 20971
17/12/2012 04:35:26|INFO|PCSPDVGN_USER_20121217.csv Total de Logins: 3400
17/12/2012 04:35:26|INFO|PCSPDV_LIVE_USER_20121217.csv Total de Logins: 12370
17/12/2012 04:35:26|INFO|PCSBDOH_USER_20121217.csv Total de Logins: 328
17/12/2012 04:35:26|INFO|PCSPDVGL_USER_20121217.csv Total de Logins: 2027
17/12/2012 04:35:26|INFO|PCSSIEBEL_USER_20121217.csv Total de Logins: 84
17/12/2012 04:35:26|INFO|PCSDSF_USER_20121217.csv Total de Logins: 25301
17/12/2012 04:35:26|INFO|PCSPROTOCOLOS_USER_20121217.csv Total de Logins: 3479
17/12/2012 04:35:26|INFO|PCSSGR_USER_20121217.csv Total de Logins: 16634
17/12/2012 04:35:26|INFO|PCSCBCF_USER_20121217.csv Total de Logins: 12423
17/12/2012 04:35:26|INFO|PCSIUNICA_USER_20121217.csv Total de Logins: 8383
17/12/2012 04:35:26|INFO|PCSFELETRONICA_USER_20121217.csv Total de Logins: 2602
17/12/2012 04:35:26|INFO|PCSICRC_USER_20121217.csv Total de Logins: 16778
17/12/2012 04:35:26|INFO|PCSPLOGISTICA_USER_20121217.csv Total de Logins: 3945
17/12/2012 04:35:26|INFO|PCSASP_USER_20121217.csv Total de Logins: 18136
17/12/2012 04:35:26|INFO|PCSSFA_USER_20121217.csv Total de Logins: 108
17/12/2012 04:35:26|INFO|PCSTIMFILAS_USER_20121217.csv Total de Logins: 1667
17/12/2012 04:35:26|INFO|PCSGVAS_USER_20121217.csv Total de Logins: 12
17/12/2012 04:35:26|INFO|PCSVERO_USER_20121217.csv Total de Logins: 203
17/12/2012 04:35:26|INFO|PCSSALES_USER_20121217.csv Total de Logins: 369
17/12/2012 04:35:26|INFO|PCSVENDITA_USER_20121217.csv Total de Logins: 272
17/12/2012 04:35:26|INFO|PCSSCTR-PORTAL_USER_20121217.csv Total de Logins: 19
17/12/2012 04:35:26|INFO|PCSRAP_USER_20121217.csv Total de Logins: 19
17/12/2012 04:35:26|INFO|PCSP2B_USER_20121217.csv Total de Logins: 26
17/12/2012 04:35:26|INFO|PCSUCM_USER_20121217.csv Total de Logins: 14
17/12/2012 04:35:26|INFO|PCSKPI_USER_20121217.csv Total de Logins: 8
17/12/2012 04:35:26|INFO|PCSIPVS_USER_20121217.csv Total de Logins: 5
17/12/2012 04:35:26|INFO|PCSGCPP_USER_20121217.csv Total de Logins: 6
17/12/2012 04:35:26|INFO|PCSPDV_MGMT_USER_20121217.csv Total de Logins: 6
17/12/2012 04:35:26|INFO|PCSGJMC_USER_20121217.csv Total de Logins: 8
17/12/2012 04:35:26|INFO|PCSFELETRONICAPG_USER_20121217.csv Total de Logins: 7
17/12/2012 04:35:26|INFO|PCSDTH_USER_20121217.csv Total de Logins: 2
17/12/2012 04:35:26|INFO|Finalizado
