05/12/2012 04:30:01|INFO|Iniciando
05/12/2012 04:35:30|INFO|PCSCLARIFY_USER_20121205.csv Total de Logins: 20656
05/12/2012 04:35:30|INFO|PCSPDVGN_USER_20121205.csv Total de Logins: 3381
05/12/2012 04:35:30|INFO|PCSPDV_LIVE_USER_20121205.csv Total de Logins: 12089
05/12/2012 04:35:30|INFO|PCSBDOH_USER_20121205.csv Total de Logins: 329
05/12/2012 04:35:30|INFO|PCSPDVGL_USER_20121205.csv Total de Logins: 2034
05/12/2012 04:35:30|INFO|PCSSIEBEL_USER_20121205.csv Total de Logins: 107
05/12/2012 04:35:30|INFO|PCSDSF_USER_20121205.csv Total de Logins: 24917
05/12/2012 04:35:30|INFO|PCSPROTOCOLOS_USER_20121205.csv Total de Logins: 3599
05/12/2012 04:35:30|INFO|PCSSGR_USER_20121205.csv Total de Logins: 16317
05/12/2012 04:35:30|INFO|PCSCBCF_USER_20121205.csv Total de Logins: 12516
05/12/2012 04:35:30|INFO|PCSIUNICA_USER_20121205.csv Total de Logins: 8188
05/12/2012 04:35:30|INFO|PCSFELETRONICA_USER_20121205.csv Total de Logins: 2238
05/12/2012 04:35:30|INFO|PCSICRC_USER_20121205.csv Total de Logins: 16553
05/12/2012 04:35:30|INFO|PCSPLOGISTICA_USER_20121205.csv Total de Logins: 3693
05/12/2012 04:35:30|INFO|PCSASP_USER_20121205.csv Total de Logins: 18079
05/12/2012 04:35:30|INFO|PCSSFA_USER_20121205.csv Total de Logins: 102
05/12/2012 04:35:30|INFO|PCSTIMFILAS_USER_20121205.csv Total de Logins: 1643
05/12/2012 04:35:30|INFO|PCSGVAS_USER_20121205.csv Total de Logins: 12
05/12/2012 04:35:30|INFO|PCSVERO_USER_20121205.csv Total de Logins: 97
05/12/2012 04:35:30|INFO|PCSVENDITA_USER_20121205.csv Total de Logins: 222
05/12/2012 04:35:30|INFO|PCSRAP_USER_20121205.csv Total de Logins: 20
05/12/2012 04:35:30|INFO|PCSSCTR-PORTAL_USER_20121205.csv Total de Logins: 16
05/12/2012 04:35:30|INFO|PCSP2B_USER_20121205.csv Total de Logins: 26
05/12/2012 04:35:30|INFO|PCSFELETRONICAPG_USER_20121205.csv Total de Logins: 9
05/12/2012 04:35:30|INFO|PCSGCPP_USER_20121205.csv Total de Logins: 7
05/12/2012 04:35:30|INFO|PCSUCM_USER_20121205.csv Total de Logins: 9
05/12/2012 04:35:30|INFO|PCSGJMC_USER_20121205.csv Total de Logins: 9
05/12/2012 04:35:30|INFO|PCSKPI_USER_20121205.csv Total de Logins: 8
05/12/2012 04:35:30|INFO|PCSIPVS_USER_20121205.csv Total de Logins: 5
05/12/2012 04:35:30|INFO|PCSPDV_MGMT_USER_20121205.csv Total de Logins: 6
05/12/2012 04:35:30|INFO|PCSDTH_USER_20121205.csv Total de Logins: 1
05/12/2012 04:35:30|INFO|Finalizado
