03/03/2013 04:30:01|INFO|Iniciando
03/03/2013 04:36:08|INFO|PCSCLARIFY_USER_20130303.csv Total de Logins: 21526
03/03/2013 04:36:08|INFO|PCSPDVGN_USER_20130303.csv Total de Logins: 3459
03/03/2013 04:36:08|INFO|PCSPDV_LIVE_USER_20130303.csv Total de Logins: 13290
03/03/2013 04:36:08|INFO|PCSPDVGL_USER_20130303.csv Total de Logins: 2039
03/03/2013 04:36:08|INFO|PCSSIEBEL_USER_20130303.csv Total de Logins: 34
03/03/2013 04:36:08|INFO|PCSASP_USER_20130303.csv Total de Logins: 19181
03/03/2013 04:36:08|INFO|PCSDSF_USER_20130303.csv Total de Logins: 25754
03/03/2013 04:36:08|INFO|PCSICRC_USER_20130303.csv Total de Logins: 17955
03/03/2013 04:36:08|INFO|PCSPROTOCOLOS_USER_20130303.csv Total de Logins: 2660
03/03/2013 04:36:08|INFO|PCSSGR_USER_20130303.csv Total de Logins: 17206
03/03/2013 04:36:08|INFO|PCSCBCF_USER_20130303.csv Total de Logins: 12753
03/03/2013 04:36:08|INFO|PCSIUNICA_USER_20130303.csv Total de Logins: 9271
03/03/2013 04:36:08|INFO|PCSPLOGISTICA_USER_20130303.csv Total de Logins: 5885
03/03/2013 04:36:08|INFO|PCSP2B_USER_20130303.csv Total de Logins: 2385
03/03/2013 04:36:08|INFO|PCSFELETRONICA_USER_20130303.csv Total de Logins: 4227
03/03/2013 04:36:08|INFO|PCSSFA_USER_20130303.csv Total de Logins: 1777
03/03/2013 04:36:08|INFO|PCSVERO_USER_20130303.csv Total de Logins: 1712
03/03/2013 04:36:08|INFO|PCSTIMFILAS_USER_20130303.csv Total de Logins: 1642
03/03/2013 04:36:08|INFO|PCSVENDITA_USER_20130303.csv Total de Logins: 254
03/03/2013 04:36:08|INFO|PCSRAP_USER_20130303.csv Total de Logins: 13
03/03/2013 04:36:08|INFO|PCSSCTR-PORTAL_USER_20130303.csv Total de Logins: 16
03/03/2013 04:36:08|INFO|PCSUCM_USER_20130303.csv Total de Logins: 8
03/03/2013 04:36:08|INFO|PCSGVAS_USER_20130303.csv Total de Logins: 9
03/03/2013 04:36:08|INFO|PCSKPI_USER_20130303.csv Total de Logins: 8
03/03/2013 04:36:08|INFO|PCSIPVS_USER_20130303.csv Total de Logins: 5
03/03/2013 04:36:08|INFO|PCSBDOH_USER_20130303.csv Total de Logins: 171
03/03/2013 04:36:08|INFO|PCSSALES_USER_20130303.csv Total de Logins: 73
03/03/2013 04:36:08|INFO|PCSGCPP_USER_20130303.csv Total de Logins: 5
03/03/2013 04:36:08|INFO|PCSPDV_MGMT_USER_20130303.csv Total de Logins: 8
03/03/2013 04:36:08|INFO|PCSGJMC_USER_20130303.csv Total de Logins: 7
03/03/2013 04:36:08|INFO|PCSFELETRONICAPG_USER_20130303.csv Total de Logins: 6
03/03/2013 04:36:08|INFO|PCSDTH_USER_20130303.csv Total de Logins: 2
03/03/2013 04:36:08|INFO|Finalizado
