28/03/2013 04:30:01|INFO|Iniciando
28/03/2013 04:36:21|INFO|PCSCLARIFY_USER_20130328.csv Total de Logins: 21595
28/03/2013 04:36:21|INFO|PCSPDVGN_USER_20130328.csv Total de Logins: 3433
28/03/2013 04:36:21|INFO|PCSPDV_LIVE_USER_20130328.csv Total de Logins: 12162
28/03/2013 04:36:21|INFO|PCSPDVGL_USER_20130328.csv Total de Logins: 2017
28/03/2013 04:36:21|INFO|PCSSIEBEL_USER_20130328.csv Total de Logins: 60
28/03/2013 04:36:21|INFO|PCSASP_USER_20130328.csv Total de Logins: 19191
28/03/2013 04:36:21|INFO|PCSDSF_USER_20130328.csv Total de Logins: 25804
28/03/2013 04:36:21|INFO|PCSICRC_USER_20130328.csv Total de Logins: 17534
28/03/2013 04:36:21|INFO|PCSPROTOCOLOS_USER_20130328.csv Total de Logins: 2628
28/03/2013 04:36:21|INFO|PCSSGR_USER_20130328.csv Total de Logins: 17526
28/03/2013 04:36:22|INFO|PCSCBCF_USER_20130328.csv Total de Logins: 13078
28/03/2013 04:36:22|INFO|PCSIUNICA_USER_20130328.csv Total de Logins: 9065
28/03/2013 04:36:22|INFO|PCSPLOGISTICA_USER_20130328.csv Total de Logins: 5907
28/03/2013 04:36:22|INFO|PCSP2B_USER_20130328.csv Total de Logins: 4307
28/03/2013 04:36:22|INFO|PCSTIMFILAS_USER_20130328.csv Total de Logins: 1672
28/03/2013 04:36:22|INFO|PCSFELETRONICA_USER_20130328.csv Total de Logins: 3878
28/03/2013 04:36:22|INFO|PCSSFA_USER_20130328.csv Total de Logins: 1436
28/03/2013 04:36:22|INFO|PCSVERO_USER_20130328.csv Total de Logins: 1503
28/03/2013 04:36:22|INFO|PCSVENDITA_USER_20130328.csv Total de Logins: 233
28/03/2013 04:36:22|INFO|PCSRAP_USER_20130328.csv Total de Logins: 15
28/03/2013 04:36:22|INFO|PCSSCTR-PORTAL_USER_20130328.csv Total de Logins: 18
28/03/2013 04:36:22|INFO|PCSUCM_USER_20130328.csv Total de Logins: 10
28/03/2013 04:36:22|INFO|PCSGVAS_USER_20130328.csv Total de Logins: 8
28/03/2013 04:36:22|INFO|PCSKPI_USER_20130328.csv Total de Logins: 8
28/03/2013 04:36:22|INFO|PCSIPVS_USER_20130328.csv Total de Logins: 4
28/03/2013 04:36:22|INFO|PCSBDOH_USER_20130328.csv Total de Logins: 227
28/03/2013 04:36:22|INFO|PCSSALES_USER_20130328.csv Total de Logins: 68
28/03/2013 04:36:22|INFO|PCSGCPP_USER_20130328.csv Total de Logins: 4
28/03/2013 04:36:22|INFO|PCSPDV_MGMT_USER_20130328.csv Total de Logins: 7
28/03/2013 04:36:22|INFO|PCSGJMC_USER_20130328.csv Total de Logins: 6
28/03/2013 04:36:22|INFO|PCSFELETRONICAPG_USER_20130328.csv Total de Logins: 6
28/03/2013 04:36:22|INFO|PCSDTH_USER_20130328.csv Total de Logins: 2
28/03/2013 04:36:22|INFO|Finalizado
