07/02/2013 04:30:01|INFO|Iniciando
07/02/2013 04:35:52|INFO|PCSCLARIFY_USER_20130207.csv Total de Logins: 21239
07/02/2013 04:35:52|INFO|PCSPDVGN_USER_20130207.csv Total de Logins: 3458
07/02/2013 04:35:52|INFO|PCSPDV_LIVE_USER_20130207.csv Total de Logins: 12429
07/02/2013 04:35:52|INFO|PCSSFA_USER_20130207.csv Total de Logins: 1793
07/02/2013 04:35:52|INFO|PCSPDVGL_USER_20130207.csv Total de Logins: 2057
07/02/2013 04:35:52|INFO|PCSSIEBEL_USER_20130207.csv Total de Logins: 29
07/02/2013 04:35:52|INFO|PCSDSF_USER_20130207.csv Total de Logins: 25527
07/02/2013 04:35:52|INFO|PCSPROTOCOLOS_USER_20130207.csv Total de Logins: 2708
07/02/2013 04:35:52|INFO|PCSSGR_USER_20130207.csv Total de Logins: 16452
07/02/2013 04:35:52|INFO|PCSCBCF_USER_20130207.csv Total de Logins: 12200
07/02/2013 04:35:52|INFO|PCSICRC_USER_20130207.csv Total de Logins: 17320
07/02/2013 04:35:52|INFO|PCSASP_USER_20130207.csv Total de Logins: 18966
07/02/2013 04:35:52|INFO|PCSIUNICA_USER_20130207.csv Total de Logins: 8626
07/02/2013 04:35:52|INFO|PCSPLOGISTICA_USER_20130207.csv Total de Logins: 4416
07/02/2013 04:35:52|INFO|PCSP2B_USER_20130207.csv Total de Logins: 1822
07/02/2013 04:35:52|INFO|PCSTIMFILAS_USER_20130207.csv Total de Logins: 1599
07/02/2013 04:35:52|INFO|PCSFELETRONICA_USER_20130207.csv Total de Logins: 3680
07/02/2013 04:35:52|INFO|PCSVERO_USER_20130207.csv Total de Logins: 1688
07/02/2013 04:35:52|INFO|PCSVENDITA_USER_20130207.csv Total de Logins: 249
07/02/2013 04:35:52|INFO|PCSRAP_USER_20130207.csv Total de Logins: 14
07/02/2013 04:35:52|INFO|PCSSCTR-PORTAL_USER_20130207.csv Total de Logins: 16
07/02/2013 04:35:52|INFO|PCSUCM_USER_20130207.csv Total de Logins: 11
07/02/2013 04:35:52|INFO|PCSGVAS_USER_20130207.csv Total de Logins: 9
07/02/2013 04:35:52|INFO|PCSKPI_USER_20130207.csv Total de Logins: 7
07/02/2013 04:35:52|INFO|PCSIPVS_USER_20130207.csv Total de Logins: 5
07/02/2013 04:35:52|INFO|PCSBDOH_USER_20130207.csv Total de Logins: 185
07/02/2013 04:35:52|INFO|PCSSALES_USER_20130207.csv Total de Logins: 88
07/02/2013 04:35:52|INFO|PCSGCPP_USER_20130207.csv Total de Logins: 6
07/02/2013 04:35:52|INFO|PCSPDV_MGMT_USER_20130207.csv Total de Logins: 8
07/02/2013 04:35:52|INFO|PCSGJMC_USER_20130207.csv Total de Logins: 7
07/02/2013 04:35:52|INFO|PCSFELETRONICAPG_USER_20130207.csv Total de Logins: 6
07/02/2013 04:35:52|INFO|PCSDTH_USER_20130207.csv Total de Logins: 2
07/02/2013 04:35:52|INFO|Finalizado
