10/01/2013 04:30:01|INFO|Iniciando
10/01/2013 04:35:43|INFO|PCSCLARIFY_USER_20130110.csv Total de Logins: 20995
10/01/2013 04:35:43|INFO|PCSPDVGN_USER_20130110.csv Total de Logins: 3408
10/01/2013 04:35:43|INFO|PCSPDV_LIVE_USER_20130110.csv Total de Logins: 11456
10/01/2013 04:35:43|INFO|PCSSFA_USER_20130110.csv Total de Logins: 310
10/01/2013 04:35:43|INFO|PCSPDVGL_USER_20130110.csv Total de Logins: 2035
10/01/2013 04:35:43|INFO|PCSSIEBEL_USER_20130110.csv Total de Logins: 51
10/01/2013 04:35:43|INFO|PCSDSF_USER_20130110.csv Total de Logins: 25300
10/01/2013 04:35:43|INFO|PCSSGR_USER_20130110.csv Total de Logins: 16602
10/01/2013 04:35:43|INFO|PCSCBCF_USER_20130110.csv Total de Logins: 11982
10/01/2013 04:35:43|INFO|PCSPROTOCOLOS_USER_20130110.csv Total de Logins: 3125
10/01/2013 04:35:43|INFO|PCSICRC_USER_20130110.csv Total de Logins: 16774
10/01/2013 04:35:43|INFO|PCSASP_USER_20130110.csv Total de Logins: 18414
10/01/2013 04:35:43|INFO|PCSIUNICA_USER_20130110.csv Total de Logins: 8406
10/01/2013 04:35:43|INFO|PCSPLOGISTICA_USER_20130110.csv Total de Logins: 3820
10/01/2013 04:35:43|INFO|PCSTIMFILAS_USER_20130110.csv Total de Logins: 1682
10/01/2013 04:35:43|INFO|PCSFELETRONICA_USER_20130110.csv Total de Logins: 3012
10/01/2013 04:35:43|INFO|PCSVERO_USER_20130110.csv Total de Logins: 310
10/01/2013 04:35:43|INFO|PCSP2B_USER_20130110.csv Total de Logins: 174
10/01/2013 04:35:43|INFO|PCSGVAS_USER_20130110.csv Total de Logins: 11
10/01/2013 04:35:43|INFO|PCSSALES_USER_20130110.csv Total de Logins: 337
10/01/2013 04:35:43|INFO|PCSVENDITA_USER_20130110.csv Total de Logins: 263
10/01/2013 04:35:43|INFO|PCSSCTR-PORTAL_USER_20130110.csv Total de Logins: 19
10/01/2013 04:35:43|INFO|PCSRAP_USER_20130110.csv Total de Logins: 17
10/01/2013 04:35:43|INFO|PCSBDOH_USER_20130110.csv Total de Logins: 213
10/01/2013 04:35:43|INFO|PCSUCM_USER_20130110.csv Total de Logins: 14
10/01/2013 04:35:43|INFO|PCSKPI_USER_20130110.csv Total de Logins: 8
10/01/2013 04:35:43|INFO|PCSIPVS_USER_20130110.csv Total de Logins: 5
10/01/2013 04:35:43|INFO|PCSGCPP_USER_20130110.csv Total de Logins: 6
10/01/2013 04:35:43|INFO|PCSPDV_MGMT_USER_20130110.csv Total de Logins: 5
10/01/2013 04:35:43|INFO|PCSGJMC_USER_20130110.csv Total de Logins: 8
10/01/2013 04:35:43|INFO|PCSFELETRONICAPG_USER_20130110.csv Total de Logins: 9
10/01/2013 04:35:43|INFO|PCSDTH_USER_20130110.csv Total de Logins: 2
10/01/2013 04:35:43|INFO|Finalizado
