04/08/2013 04:30:02|INFO|Iniciando
04/08/2013 04:36:37|INFO|PCSCLARIFY_USER_20130804.csv Total de Logins: 19840
04/08/2013 04:36:37|INFO|PCSPDVGN_USER_20130804.csv Total de Logins: 3297
04/08/2013 04:36:37|INFO|PCSICRC_USER_20130804.csv Total de Logins: 15842
04/08/2013 04:36:37|INFO|PCSDSF_USER_20130804.csv Total de Logins: 24268
04/08/2013 04:36:37|INFO|PCSSFA_USER_20130804.csv Total de Logins: 3618
04/08/2013 04:36:37|INFO|PCSPDV_LIVE_USER_20130804.csv Total de Logins: 11592
04/08/2013 04:36:37|INFO|PCSPDVGL_USER_20130804.csv Total de Logins: 1712
04/08/2013 04:36:37|INFO|PCSPROTOCOLOS_USER_20130804.csv Total de Logins: 3211
04/08/2013 04:36:37|INFO|PCSSGR_USER_20130804.csv Total de Logins: 16322
04/08/2013 04:36:37|INFO|PCSCBCF_USER_20130804.csv Total de Logins: 12243
04/08/2013 04:36:37|INFO|PCSASP_USER_20130804.csv Total de Logins: 17153
04/08/2013 04:36:37|INFO|PCSIUNICA_USER_20130804.csv Total de Logins: 8187
04/08/2013 04:36:37|INFO|PCSSIEBEL_USER_20130804.csv Total de Logins: 4045
04/08/2013 04:36:37|INFO|PCSFELETRONICA_USER_20130804.csv Total de Logins: 6521
04/08/2013 04:36:37|INFO|PCSP2B_USER_20130804.csv Total de Logins: 6728
04/08/2013 04:36:37|INFO|PCSPLOGISTICA_USER_20130804.csv Total de Logins: 2986
04/08/2013 04:36:37|INFO|PCSVERO_USER_20130804.csv Total de Logins: 3191
04/08/2013 04:36:37|INFO|PCSTIMFILAS_USER_20130804.csv Total de Logins: 1745
04/08/2013 04:36:37|INFO|PCSGCOB_USER_20130804.csv Total de Logins: 14
04/08/2013 04:36:37|INFO|PCSVENDITA_USER_20130804.csv Total de Logins: 289
04/08/2013 04:36:37|INFO|PCSVCE_USER_20130804.csv Total de Logins: 81
04/08/2013 04:36:37|INFO|PCSSCTR-PORTAL_USER_20130804.csv Total de Logins: 24
04/08/2013 04:36:37|INFO|PCSRAP_USER_20130804.csv Total de Logins: 17
04/08/2013 04:36:37|INFO|PCSGEOWEB_USER_20130804.csv Total de Logins: 1
04/08/2013 04:36:37|INFO|PCSUCM_USER_20130804.csv Total de Logins: 9
04/08/2013 04:36:37|INFO|PCSGVAS_USER_20130804.csv Total de Logins: 8
04/08/2013 04:36:37|INFO|PCSKPI_USER_20130804.csv Total de Logins: 6
04/08/2013 04:36:37|INFO|PCSIPVS_USER_20130804.csv Total de Logins: 8
04/08/2013 04:36:37|INFO|PCSBDOH_USER_20130804.csv Total de Logins: 159
04/08/2013 04:36:37|INFO|PCSSALES_USER_20130804.csv Total de Logins: 34
04/08/2013 04:36:37|INFO|PCSDTH_USER_20130804.csv Total de Logins: 8
04/08/2013 04:36:37|INFO|PCSPDV_MGMT_USER_20130804.csv Total de Logins: 11
04/08/2013 04:36:37|INFO|PCSFELETRONICAPG_USER_20130804.csv Total de Logins: 11
04/08/2013 04:36:37|INFO|PCSGCPP_USER_20130804.csv Total de Logins: 9
04/08/2013 04:36:37|INFO|PCSGJMC_USER_20130804.csv Total de Logins: 8
04/08/2013 04:36:37|INFO|PCSBISEMANTICO_USER_20130804.csv Total de Logins: 1
04/08/2013 04:36:37|INFO|Finalizado
