27/12/2012 04:30:01|INFO|Iniciando
27/12/2012 04:35:39|INFO|PCSCLARIFY_USER_20121227.csv Total de Logins: 20760
27/12/2012 04:35:39|INFO|PCSPDVGN_USER_20121227.csv Total de Logins: 3403
27/12/2012 04:35:39|INFO|PCSPDV_LIVE_USER_20121227.csv Total de Logins: 12468
27/12/2012 04:35:39|INFO|PCSBDOH_USER_20121227.csv Total de Logins: 335
27/12/2012 04:35:39|INFO|PCSPDVGL_USER_20121227.csv Total de Logins: 2025
27/12/2012 04:35:39|INFO|PCSSIEBEL_USER_20121227.csv Total de Logins: 67
27/12/2012 04:35:39|INFO|PCSDSF_USER_20121227.csv Total de Logins: 25280
27/12/2012 04:35:39|INFO|PCSSGR_USER_20121227.csv Total de Logins: 16603
27/12/2012 04:35:39|INFO|PCSCBCF_USER_20121227.csv Total de Logins: 12446
27/12/2012 04:35:39|INFO|PCSPROTOCOLOS_USER_20121227.csv Total de Logins: 3554
27/12/2012 04:35:39|INFO|PCSIUNICA_USER_20121227.csv Total de Logins: 8109
27/12/2012 04:35:39|INFO|PCSFELETRONICA_USER_20121227.csv Total de Logins: 2500
27/12/2012 04:35:39|INFO|PCSICRC_USER_20121227.csv Total de Logins: 16614
27/12/2012 04:35:39|INFO|PCSPLOGISTICA_USER_20121227.csv Total de Logins: 3608
27/12/2012 04:35:39|INFO|PCSASP_USER_20121227.csv Total de Logins: 17969
27/12/2012 04:35:39|INFO|PCSSFA_USER_20121227.csv Total de Logins: 110
27/12/2012 04:35:39|INFO|PCSTIMFILAS_USER_20121227.csv Total de Logins: 1677
27/12/2012 04:35:39|INFO|PCSGVAS_USER_20121227.csv Total de Logins: 11
27/12/2012 04:35:39|INFO|PCSVERO_USER_20121227.csv Total de Logins: 202
27/12/2012 04:35:39|INFO|PCSSALES_USER_20121227.csv Total de Logins: 341
27/12/2012 04:35:39|INFO|PCSVENDITA_USER_20121227.csv Total de Logins: 272
27/12/2012 04:35:39|INFO|PCSSCTR-PORTAL_USER_20121227.csv Total de Logins: 19
27/12/2012 04:35:39|INFO|PCSRAP_USER_20121227.csv Total de Logins: 18
27/12/2012 04:35:39|INFO|PCSP2B_USER_20121227.csv Total de Logins: 26
27/12/2012 04:35:39|INFO|PCSUCM_USER_20121227.csv Total de Logins: 14
27/12/2012 04:35:39|INFO|PCSKPI_USER_20121227.csv Total de Logins: 8
27/12/2012 04:35:39|INFO|PCSIPVS_USER_20121227.csv Total de Logins: 5
27/12/2012 04:35:39|INFO|PCSGCPP_USER_20121227.csv Total de Logins: 6
27/12/2012 04:35:39|INFO|PCSPDV_MGMT_USER_20121227.csv Total de Logins: 6
27/12/2012 04:35:39|INFO|PCSGJMC_USER_20121227.csv Total de Logins: 8
27/12/2012 04:35:39|INFO|PCSFELETRONICAPG_USER_20121227.csv Total de Logins: 7
27/12/2012 04:35:39|INFO|PCSDTH_USER_20121227.csv Total de Logins: 2
27/12/2012 04:35:39|INFO|Finalizado
