12/10/2012 04:30:01|INFO|Iniciando
12/10/2012 04:35:25|INFO|PCSCLARIFY_USER_20121012.csv Total de Logins: 19999
12/10/2012 04:35:25|INFO|PCSPDVGN_USER_20121012.csv Total de Logins: 3451
12/10/2012 04:35:25|INFO|PCSPDV_LIVE_USER_20121012.csv Total de Logins: 9941
12/10/2012 04:35:25|INFO|PCSPDVGL_USER_20121012.csv Total de Logins: 2161
12/10/2012 04:35:25|INFO|PCSSIEBEL_USER_20121012.csv Total de Logins: 522
12/10/2012 04:35:25|INFO|PCSDSF_USER_20121012.csv Total de Logins: 24001
12/10/2012 04:35:25|INFO|PCSSGR_USER_20121012.csv Total de Logins: 15085
12/10/2012 04:35:25|INFO|PCSCBCF_USER_20121012.csv Total de Logins: 10906
12/10/2012 04:35:25|INFO|PCSPROTOCOLOS_USER_20121012.csv Total de Logins: 2195
12/10/2012 04:35:25|INFO|PCSASP_USER_20121012.csv Total de Logins: 17518
12/10/2012 04:35:25|INFO|PCSIUNICA_USER_20121012.csv Total de Logins: 7680
12/10/2012 04:35:25|INFO|PCSICRC_USER_20121012.csv Total de Logins: 16127
12/10/2012 04:35:25|INFO|PCSPLOGISTICA_USER_20121012.csv Total de Logins: 4318
12/10/2012 04:35:26|INFO|PCSTIMFILAS_USER_20121012.csv Total de Logins: 1320
12/10/2012 04:35:26|INFO|PCSFELETRONICA_USER_20121012.csv Total de Logins: 2492
12/10/2012 04:35:26|INFO|PCSGVAS_USER_20121012.csv Total de Logins: 16
12/10/2012 04:35:26|INFO|PCSDTH_USER_20121012.csv Total de Logins: 6
12/10/2012 04:35:26|INFO|PCSVENDITA_USER_20121012.csv Total de Logins: 235
12/10/2012 04:35:26|INFO|PCSRAP_USER_20121012.csv Total de Logins: 36
12/10/2012 04:35:26|INFO|PCSSCTR-PORTAL_USER_20121012.csv Total de Logins: 20
12/10/2012 04:35:26|INFO|PCSVERO_USER_20121012.csv Total de Logins: 19
12/10/2012 04:35:26|INFO|PCSSFA_USER_20121012.csv Total de Logins: 17
12/10/2012 04:35:26|INFO|PCSFELETRONICAPG_USER_20121012.csv Total de Logins: 12
12/10/2012 04:35:26|INFO|PCSGCPP_USER_20121012.csv Total de Logins: 10
12/10/2012 04:35:26|INFO|PCSUCM_USER_20121012.csv Total de Logins: 40
12/10/2012 04:35:26|INFO|PCSGJMC_USER_20121012.csv Total de Logins: 13
12/10/2012 04:35:26|INFO|PCSKPI_USER_20121012.csv Total de Logins: 8
12/10/2012 04:35:26|INFO|PCSIPVS_USER_20121012.csv Total de Logins: 9
12/10/2012 04:35:26|INFO|PCSPDV_MGMT_USER_20121012.csv Total de Logins: 7
12/10/2012 04:35:26|INFO|PCSP2B_USER_20121012.csv Total de Logins: 1
12/10/2012 04:35:26|INFO|PCSBISEMANTICO_USER_20121012.csv Total de Logins: 2
12/10/2012 04:35:26|INFO|Finalizado
