19/04/2013 04:30:01|INFO|Iniciando
19/04/2013 04:36:31|INFO|PCSCLARIFY_USER_20130419.csv Total de Logins: 21536
19/04/2013 04:36:31|INFO|PCSPDVGN_USER_20130419.csv Total de Logins: 3416
19/04/2013 04:36:31|INFO|PCSPDV_LIVE_USER_20130419.csv Total de Logins: 11630
19/04/2013 04:36:31|INFO|PCSPDVGL_USER_20130419.csv Total de Logins: 1987
19/04/2013 04:36:31|INFO|PCSSIEBEL_USER_20130419.csv Total de Logins: 71
19/04/2013 04:36:31|INFO|PCSDSF_USER_20130419.csv Total de Logins: 25848
19/04/2013 04:36:31|INFO|PCSPROTOCOLOS_USER_20130419.csv Total de Logins: 2658
19/04/2013 04:36:31|INFO|PCSSGR_USER_20130419.csv Total de Logins: 17278
19/04/2013 04:36:31|INFO|PCSCBCF_USER_20130419.csv Total de Logins: 12944
19/04/2013 04:36:31|INFO|PCSICRC_USER_20130419.csv Total de Logins: 17491
19/04/2013 04:36:32|INFO|PCSASP_USER_20130419.csv Total de Logins: 19159
19/04/2013 04:36:32|INFO|PCSIUNICA_USER_20130419.csv Total de Logins: 8748
19/04/2013 04:36:32|INFO|PCSPLOGISTICA_USER_20130419.csv Total de Logins: 4599
19/04/2013 04:36:32|INFO|PCSP2B_USER_20130419.csv Total de Logins: 4658
19/04/2013 04:36:32|INFO|PCSSFA_USER_20130419.csv Total de Logins: 1436
19/04/2013 04:36:32|INFO|PCSVERO_USER_20130419.csv Total de Logins: 1444
19/04/2013 04:36:32|INFO|PCSTIMFILAS_USER_20130419.csv Total de Logins: 1644
19/04/2013 04:36:32|INFO|PCSFELETRONICA_USER_20130419.csv Total de Logins: 3415
19/04/2013 04:36:32|INFO|PCSVENDITA_USER_20130419.csv Total de Logins: 265
19/04/2013 04:36:32|INFO|PCSRAP_USER_20130419.csv Total de Logins: 22
19/04/2013 04:36:32|INFO|PCSSCTR-PORTAL_USER_20130419.csv Total de Logins: 19
19/04/2013 04:36:32|INFO|PCSUCM_USER_20130419.csv Total de Logins: 10
19/04/2013 04:36:32|INFO|PCSGVAS_USER_20130419.csv Total de Logins: 8
19/04/2013 04:36:32|INFO|PCSKPI_USER_20130419.csv Total de Logins: 8
19/04/2013 04:36:32|INFO|PCSIPVS_USER_20130419.csv Total de Logins: 4
19/04/2013 04:36:32|INFO|PCSBDOH_USER_20130419.csv Total de Logins: 195
19/04/2013 04:36:32|INFO|PCSSALES_USER_20130419.csv Total de Logins: 64
19/04/2013 04:36:32|INFO|PCSGCPP_USER_20130419.csv Total de Logins: 4
19/04/2013 04:36:32|INFO|PCSPDV_MGMT_USER_20130419.csv Total de Logins: 7
19/04/2013 04:36:32|INFO|PCSGJMC_USER_20130419.csv Total de Logins: 6
19/04/2013 04:36:32|INFO|PCSFELETRONICAPG_USER_20130419.csv Total de Logins: 6
19/04/2013 04:36:32|INFO|PCSDTH_USER_20130419.csv Total de Logins: 2
19/04/2013 04:36:32|INFO|Finalizado
