22/11/2012 04:30:01|INFO|Iniciando
22/11/2012 04:35:22|INFO|PCSCLARIFY_USER_20121121.csv Total de Logins: 19623
22/11/2012 04:35:22|INFO|PCSPDVGN_USER_20121121.csv Total de Logins: 3341
22/11/2012 04:35:22|INFO|PCSPDV_LIVE_USER_20121121.csv Total de Logins: 10479
22/11/2012 04:35:22|INFO|PCSBDOH_USER_20121121.csv Total de Logins: 308
22/11/2012 04:35:22|INFO|PCSPDVGL_USER_20121121.csv Total de Logins: 2020
22/11/2012 04:35:22|INFO|PCSSIEBEL_USER_20121121.csv Total de Logins: 112
22/11/2012 04:35:22|INFO|PCSDSF_USER_20121121.csv Total de Logins: 23973
22/11/2012 04:35:22|INFO|PCSPROTOCOLOS_USER_20121121.csv Total de Logins: 3093
22/11/2012 04:35:22|INFO|PCSSGR_USER_20121121.csv Total de Logins: 15246
22/11/2012 04:35:22|INFO|PCSCBCF_USER_20121121.csv Total de Logins: 11770
22/11/2012 04:35:22|INFO|PCSIUNICA_USER_20121121.csv Total de Logins: 7679
22/11/2012 04:35:22|INFO|PCSFELETRONICA_USER_20121121.csv Total de Logins: 2544
22/11/2012 04:35:22|INFO|PCSICRC_USER_20121121.csv Total de Logins: 15526
22/11/2012 04:35:22|INFO|PCSPLOGISTICA_USER_20121121.csv Total de Logins: 3890
22/11/2012 04:35:22|INFO|PCSASP_USER_20121121.csv Total de Logins: 17207
22/11/2012 04:35:22|INFO|PCSTIMFILAS_USER_20121121.csv Total de Logins: 1522
22/11/2012 04:35:22|INFO|PCSGVAS_USER_20121121.csv Total de Logins: 13
22/11/2012 04:35:22|INFO|PCSVERO_USER_20121121.csv Total de Logins: 32
22/11/2012 04:35:22|INFO|PCSVENDITA_USER_20121121.csv Total de Logins: 198
22/11/2012 04:35:22|INFO|PCSRAP_USER_20121121.csv Total de Logins: 19
22/11/2012 04:35:22|INFO|PCSSCTR-PORTAL_USER_20121121.csv Total de Logins: 16
22/11/2012 04:35:22|INFO|PCSSFA_USER_20121121.csv Total de Logins: 35
22/11/2012 04:35:22|INFO|PCSFELETRONICAPG_USER_20121121.csv Total de Logins: 10
22/11/2012 04:35:22|INFO|PCSGCPP_USER_20121121.csv Total de Logins: 9
22/11/2012 04:35:22|INFO|PCSUCM_USER_20121121.csv Total de Logins: 13
22/11/2012 04:35:22|INFO|PCSGJMC_USER_20121121.csv Total de Logins: 10
22/11/2012 04:35:22|INFO|PCSKPI_USER_20121121.csv Total de Logins: 8
22/11/2012 04:35:22|INFO|PCSIPVS_USER_20121121.csv Total de Logins: 8
22/11/2012 04:35:22|INFO|PCSPDV_MGMT_USER_20121121.csv Total de Logins: 7
22/11/2012 04:35:22|INFO|PCSP2B_USER_20121121.csv Total de Logins: 3
22/11/2012 04:35:22|INFO|PCSDTH_USER_20121121.csv Total de Logins: 2
22/11/2012 04:35:22|INFO|PCS_TOKEN_20121121.csv Total de Logins: 20408
22/11/2012 04:35:22|INFO|PCSCLARIFY_USER_20121122.csv Total de Logins: 19764
22/11/2012 04:35:22|INFO|PCSPDVGN_USER_20121122.csv Total de Logins: 3349
22/11/2012 04:35:22|INFO|PCSPDV_LIVE_USER_20121122.csv Total de Logins: 10796
22/11/2012 04:35:22|INFO|PCSBDOH_USER_20121122.csv Total de Logins: 308
22/11/2012 04:35:22|INFO|PCSPDVGL_USER_20121122.csv Total de Logins: 2019
22/11/2012 04:35:22|INFO|PCSSIEBEL_USER_20121122.csv Total de Logins: 112
22/11/2012 04:35:22|INFO|PCSDSF_USER_20121122.csv Total de Logins: 24065
22/11/2012 04:35:22|INFO|PCSPROTOCOLOS_USER_20121122.csv Total de Logins: 3190
22/11/2012 04:35:22|INFO|PCSSGR_USER_20121122.csv Total de Logins: 15304
22/11/2012 04:35:22|INFO|PCSCBCF_USER_20121122.csv Total de Logins: 11827
22/11/2012 04:35:22|INFO|PCSIUNICA_USER_20121122.csv Total de Logins: 7709
22/11/2012 04:35:22|INFO|PCSFELETRONICA_USER_20121122.csv Total de Logins: 2520
22/11/2012 04:35:23|INFO|PCSICRC_USER_20121122.csv Total de Logins: 15609
22/11/2012 04:35:23|INFO|PCSPLOGISTICA_USER_20121122.csv Total de Logins: 3861
22/11/2012 04:35:23|INFO|PCSASP_USER_20121122.csv Total de Logins: 17298
22/11/2012 04:35:23|INFO|PCSTIMFILAS_USER_20121122.csv Total de Logins: 1543
22/11/2012 04:35:23|INFO|PCSGVAS_USER_20121122.csv Total de Logins: 13
22/11/2012 04:35:23|INFO|PCSVERO_USER_20121122.csv Total de Logins: 32
22/11/2012 04:35:23|INFO|PCSVENDITA_USER_20121122.csv Total de Logins: 198
22/11/2012 04:35:23|INFO|PCSRAP_USER_20121122.csv Total de Logins: 19
22/11/2012 04:35:23|INFO|PCSSCTR-PORTAL_USER_20121122.csv Total de Logins: 16
22/11/2012 04:35:23|INFO|PCSSFA_USER_20121122.csv Total de Logins: 35
22/11/2012 04:35:23|INFO|PCSFELETRONICAPG_USER_20121122.csv Total de Logins: 10
22/11/2012 04:35:23|INFO|PCSGCPP_USER_20121122.csv Total de Logins: 9
22/11/2012 04:35:23|INFO|PCSUCM_USER_20121122.csv Total de Logins: 12
22/11/2012 04:35:23|INFO|PCSGJMC_USER_20121122.csv Total de Logins: 10
22/11/2012 04:35:23|INFO|PCSKPI_USER_20121122.csv Total de Logins: 8
22/11/2012 04:35:23|INFO|PCSIPVS_USER_20121122.csv Total de Logins: 8
22/11/2012 04:35:23|INFO|PCSPDV_MGMT_USER_20121122.csv Total de Logins: 7
22/11/2012 04:35:23|INFO|PCSP2B_USER_20121122.csv Total de Logins: 3
22/11/2012 04:35:23|INFO|PCSDTH_USER_20121122.csv Total de Logins: 2
22/11/2012 04:35:23|INFO|Finalizado
