04/06/2013 04:30:01|INFO|Iniciando
04/06/2013 04:36:21|INFO|PCSCLARIFY_USER_20130604.csv Total de Logins: 20546
04/06/2013 04:36:21|INFO|PCSPDVGN_USER_20130604.csv Total de Logins: 3164
04/06/2013 04:36:21|INFO|PCSPDV_LIVE_USER_20130604.csv Total de Logins: 11151
04/06/2013 04:36:21|INFO|PCSPDVGL_USER_20130604.csv Total de Logins: 1778
04/06/2013 04:36:21|INFO|PCSSIEBEL_USER_20130604.csv Total de Logins: 124
04/06/2013 04:36:21|INFO|PCSDSF_USER_20130604.csv Total de Logins: 24754
04/06/2013 04:36:21|INFO|PCSPROTOCOLOS_USER_20130604.csv Total de Logins: 2900
04/06/2013 04:36:21|INFO|PCSSGR_USER_20130604.csv Total de Logins: 16574
04/06/2013 04:36:21|INFO|PCSCBCF_USER_20130604.csv Total de Logins: 12207
04/06/2013 04:36:21|INFO|PCSICRC_USER_20130604.csv Total de Logins: 16761
04/06/2013 04:36:21|INFO|PCSASP_USER_20130604.csv Total de Logins: 18256
04/06/2013 04:36:21|INFO|PCSIUNICA_USER_20130604.csv Total de Logins: 8054
04/06/2013 04:36:21|INFO|PCSP2B_USER_20130604.csv Total de Logins: 5151
04/06/2013 04:36:21|INFO|PCSPLOGISTICA_USER_20130604.csv Total de Logins: 4728
04/06/2013 04:36:21|INFO|PCSSFA_USER_20130604.csv Total de Logins: 2643
04/06/2013 04:36:21|INFO|PCSVERO_USER_20130604.csv Total de Logins: 2431
04/06/2013 04:36:21|INFO|PCSTIMFILAS_USER_20130604.csv Total de Logins: 1670
04/06/2013 04:36:21|INFO|PCSFELETRONICA_USER_20130604.csv Total de Logins: 2607
04/06/2013 04:36:21|INFO|PCSVENDITA_USER_20130604.csv Total de Logins: 279
04/06/2013 04:36:21|INFO|PCSSCTR-PORTAL_USER_20130604.csv Total de Logins: 21
04/06/2013 04:36:21|INFO|PCSRAP_USER_20130604.csv Total de Logins: 24
04/06/2013 04:36:21|INFO|PCSGCPP_USER_20130604.csv Total de Logins: 17
04/06/2013 04:36:21|INFO|PCSUCM_USER_20130604.csv Total de Logins: 12
04/06/2013 04:36:21|INFO|PCSGVAS_USER_20130604.csv Total de Logins: 10
04/06/2013 04:36:21|INFO|PCSKPI_USER_20130604.csv Total de Logins: 7
04/06/2013 04:36:21|INFO|PCSIPVS_USER_20130604.csv Total de Logins: 9
04/06/2013 04:36:21|INFO|PCSBDOH_USER_20130604.csv Total de Logins: 131
04/06/2013 04:36:21|INFO|PCSSALES_USER_20130604.csv Total de Logins: 43
04/06/2013 04:36:21|INFO|PCSPDV_MGMT_USER_20130604.csv Total de Logins: 10
04/06/2013 04:36:21|INFO|PCSGJMC_USER_20130604.csv Total de Logins: 9
04/06/2013 04:36:21|INFO|PCSFELETRONICAPG_USER_20130604.csv Total de Logins: 8
04/06/2013 04:36:21|INFO|PCSBISEMANTICO_USER_20130604.csv Total de Logins: 6
04/06/2013 04:36:21|INFO|PCSDTH_USER_20130604.csv Total de Logins: 2
04/06/2013 04:36:21|INFO|Finalizado
