24/05/2013 04:30:01|INFO|Iniciando
24/05/2013 04:36:22|INFO|PCSCLARIFY_USER_20130524.csv Total de Logins: 20370
24/05/2013 04:36:22|INFO|PCSPDVGN_USER_20130524.csv Total de Logins: 3101
24/05/2013 04:36:23|INFO|PCSPDV_LIVE_USER_20130524.csv Total de Logins: 10949
24/05/2013 04:36:23|INFO|PCSPDVGL_USER_20130524.csv Total de Logins: 1780
24/05/2013 04:36:23|INFO|PCSSIEBEL_USER_20130524.csv Total de Logins: 98
24/05/2013 04:36:23|INFO|PCSDSF_USER_20130524.csv Total de Logins: 24348
24/05/2013 04:36:23|INFO|PCSPROTOCOLOS_USER_20130524.csv Total de Logins: 2678
24/05/2013 04:36:23|INFO|PCSSGR_USER_20130524.csv Total de Logins: 16368
24/05/2013 04:36:23|INFO|PCSCBCF_USER_20130524.csv Total de Logins: 12237
24/05/2013 04:36:23|INFO|PCSICRC_USER_20130524.csv Total de Logins: 16348
24/05/2013 04:36:23|INFO|PCSASP_USER_20130524.csv Total de Logins: 18093
24/05/2013 04:36:23|INFO|PCSIUNICA_USER_20130524.csv Total de Logins: 8039
24/05/2013 04:36:23|INFO|PCSP2B_USER_20130524.csv Total de Logins: 4843
24/05/2013 04:36:23|INFO|PCSPLOGISTICA_USER_20130524.csv Total de Logins: 4627
24/05/2013 04:36:23|INFO|PCSSFA_USER_20130524.csv Total de Logins: 2289
24/05/2013 04:36:23|INFO|PCSVERO_USER_20130524.csv Total de Logins: 2101
24/05/2013 04:36:23|INFO|PCSTIMFILAS_USER_20130524.csv Total de Logins: 1679
24/05/2013 04:36:23|INFO|PCSFELETRONICA_USER_20130524.csv Total de Logins: 2889
24/05/2013 04:36:23|INFO|PCSVENDITA_USER_20130524.csv Total de Logins: 246
24/05/2013 04:36:23|INFO|PCSSCTR-PORTAL_USER_20130524.csv Total de Logins: 19
24/05/2013 04:36:23|INFO|PCSRAP_USER_20130524.csv Total de Logins: 19
24/05/2013 04:36:23|INFO|PCSUCM_USER_20130524.csv Total de Logins: 9
24/05/2013 04:36:23|INFO|PCSGVAS_USER_20130524.csv Total de Logins: 7
24/05/2013 04:36:23|INFO|PCSKPI_USER_20130524.csv Total de Logins: 7
24/05/2013 04:36:23|INFO|PCSIPVS_USER_20130524.csv Total de Logins: 4
24/05/2013 04:36:23|INFO|PCSBDOH_USER_20130524.csv Total de Logins: 141
24/05/2013 04:36:23|INFO|PCSSALES_USER_20130524.csv Total de Logins: 49
24/05/2013 04:36:23|INFO|PCSGCPP_USER_20130524.csv Total de Logins: 8
24/05/2013 04:36:23|INFO|PCSPDV_MGMT_USER_20130524.csv Total de Logins: 6
24/05/2013 04:36:23|INFO|PCSGJMC_USER_20130524.csv Total de Logins: 6
24/05/2013 04:36:23|INFO|PCSFELETRONICAPG_USER_20130524.csv Total de Logins: 4
24/05/2013 04:36:23|INFO|PCSDTH_USER_20130524.csv Total de Logins: 2
24/05/2013 04:36:23|INFO|Finalizado
