29/10/2012 04:30:01|INFO|Iniciando
29/10/2012 04:35:06|INFO|PCSCLARIFY_USER_20121029.csv Total de Logins: 19650
29/10/2012 04:35:06|INFO|PCSPDVGN_USER_20121029.csv Total de Logins: 3431
29/10/2012 04:35:06|INFO|PCSPDV_LIVE_USER_20121029.csv Total de Logins: 10148
29/10/2012 04:35:06|INFO|PCSPDVGL_USER_20121029.csv Total de Logins: 2109
29/10/2012 04:35:06|INFO|PCSSIEBEL_USER_20121029.csv Total de Logins: 472
29/10/2012 04:35:06|INFO|PCSDSF_USER_20121029.csv Total de Logins: 23809
29/10/2012 04:35:06|INFO|PCSSGR_USER_20121029.csv Total de Logins: 14616
29/10/2012 04:35:06|INFO|PCSCBCF_USER_20121029.csv Total de Logins: 11057
29/10/2012 04:35:06|INFO|PCSPROTOCOLOS_USER_20121029.csv Total de Logins: 2623
29/10/2012 04:35:06|INFO|PCSASP_USER_20121029.csv Total de Logins: 17266
29/10/2012 04:35:06|INFO|PCSIUNICA_USER_20121029.csv Total de Logins: 7436
29/10/2012 04:35:06|INFO|PCSICRC_USER_20121029.csv Total de Logins: 15751
29/10/2012 04:35:06|INFO|PCSPLOGISTICA_USER_20121029.csv Total de Logins: 3884
29/10/2012 04:35:06|INFO|PCSTIMFILAS_USER_20121029.csv Total de Logins: 1422
29/10/2012 04:35:06|INFO|PCSFELETRONICA_USER_20121029.csv Total de Logins: 2127
29/10/2012 04:35:06|INFO|PCSGVAS_USER_20121029.csv Total de Logins: 15
29/10/2012 04:35:06|INFO|PCSDTH_USER_20121029.csv Total de Logins: 5
29/10/2012 04:35:06|INFO|PCSVERO_USER_20121029.csv Total de Logins: 20
29/10/2012 04:35:06|INFO|PCSVENDITA_USER_20121029.csv Total de Logins: 219
29/10/2012 04:35:06|INFO|PCSRAP_USER_20121029.csv Total de Logins: 27
29/10/2012 04:35:06|INFO|PCSSCTR-PORTAL_USER_20121029.csv Total de Logins: 19
29/10/2012 04:35:06|INFO|PCSSFA_USER_20121029.csv Total de Logins: 17
29/10/2012 04:35:06|INFO|PCSFELETRONICAPG_USER_20121029.csv Total de Logins: 10
29/10/2012 04:35:06|INFO|PCSGCPP_USER_20121029.csv Total de Logins: 9
29/10/2012 04:35:06|INFO|PCSUCM_USER_20121029.csv Total de Logins: 20
29/10/2012 04:35:06|INFO|PCSGJMC_USER_20121029.csv Total de Logins: 12
29/10/2012 04:35:06|INFO|PCSKPI_USER_20121029.csv Total de Logins: 8
29/10/2012 04:35:06|INFO|PCSIPVS_USER_20121029.csv Total de Logins: 8
29/10/2012 04:35:06|INFO|PCSPDV_MGMT_USER_20121029.csv Total de Logins: 7
29/10/2012 04:35:06|INFO|PCSP2B_USER_20121029.csv Total de Logins: 2
29/10/2012 04:35:06|INFO|PCSBISEMANTICO_USER_20121029.csv Total de Logins: 2
29/10/2012 04:35:06|INFO|Finalizado
