20/03/2013 04:30:01|INFO|Iniciando
20/03/2013 04:36:16|INFO|PCSCLARIFY_USER_20130320.csv Total de Logins: 21626
20/03/2013 04:36:16|INFO|PCSPDVGN_USER_20130320.csv Total de Logins: 3443
20/03/2013 04:36:16|INFO|PCSPDV_LIVE_USER_20130320.csv Total de Logins: 12393
20/03/2013 04:36:16|INFO|PCSPDVGL_USER_20130320.csv Total de Logins: 2052
20/03/2013 04:36:16|INFO|PCSSIEBEL_USER_20130320.csv Total de Logins: 32
20/03/2013 04:36:16|INFO|PCSASP_USER_20130320.csv Total de Logins: 19239
20/03/2013 04:36:16|INFO|PCSDSF_USER_20130320.csv Total de Logins: 25755
20/03/2013 04:36:16|INFO|PCSICRC_USER_20130320.csv Total de Logins: 17693
20/03/2013 04:36:16|INFO|PCSPROTOCOLOS_USER_20130320.csv Total de Logins: 2573
20/03/2013 04:36:16|INFO|PCSSGR_USER_20130320.csv Total de Logins: 17362
20/03/2013 04:36:16|INFO|PCSCBCF_USER_20130320.csv Total de Logins: 12911
20/03/2013 04:36:16|INFO|PCSIUNICA_USER_20130320.csv Total de Logins: 9194
20/03/2013 04:36:16|INFO|PCSPLOGISTICA_USER_20130320.csv Total de Logins: 6005
20/03/2013 04:36:16|INFO|PCSP2B_USER_20130320.csv Total de Logins: 2326
20/03/2013 04:36:16|INFO|PCSTIMFILAS_USER_20130320.csv Total de Logins: 1619
20/03/2013 04:36:16|INFO|PCSFELETRONICA_USER_20130320.csv Total de Logins: 4056
20/03/2013 04:36:16|INFO|PCSSFA_USER_20130320.csv Total de Logins: 1062
20/03/2013 04:36:16|INFO|PCSVERO_USER_20130320.csv Total de Logins: 1128
20/03/2013 04:36:16|INFO|PCSVENDITA_USER_20130320.csv Total de Logins: 245
20/03/2013 04:36:16|INFO|PCSRAP_USER_20130320.csv Total de Logins: 15
20/03/2013 04:36:16|INFO|PCSSCTR-PORTAL_USER_20130320.csv Total de Logins: 18
20/03/2013 04:36:16|INFO|PCSUCM_USER_20130320.csv Total de Logins: 8
20/03/2013 04:36:16|INFO|PCSGVAS_USER_20130320.csv Total de Logins: 9
20/03/2013 04:36:16|INFO|PCSKPI_USER_20130320.csv Total de Logins: 8
20/03/2013 04:36:16|INFO|PCSIPVS_USER_20130320.csv Total de Logins: 4
20/03/2013 04:36:16|INFO|PCSBDOH_USER_20130320.csv Total de Logins: 189
20/03/2013 04:36:16|INFO|PCSSALES_USER_20130320.csv Total de Logins: 67
20/03/2013 04:36:16|INFO|PCSGCPP_USER_20130320.csv Total de Logins: 4
20/03/2013 04:36:16|INFO|PCSPDV_MGMT_USER_20130320.csv Total de Logins: 8
20/03/2013 04:36:16|INFO|PCSGJMC_USER_20130320.csv Total de Logins: 6
20/03/2013 04:36:16|INFO|PCSFELETRONICAPG_USER_20130320.csv Total de Logins: 6
20/03/2013 04:36:16|INFO|PCSDTH_USER_20130320.csv Total de Logins: 2
20/03/2013 04:36:16|INFO|Finalizado
