19/01/2013 04:30:01|INFO|Iniciando
19/01/2013 04:35:49|INFO|PCSCLARIFY_USER_20130119.csv Total de Logins: 21338
19/01/2013 04:35:49|INFO|PCSPDVGN_USER_20130119.csv Total de Logins: 3428
19/01/2013 04:35:49|INFO|PCSPDV_LIVE_USER_20130119.csv Total de Logins: 11144
19/01/2013 04:35:49|INFO|PCSSFA_USER_20130119.csv Total de Logins: 635
19/01/2013 04:35:49|INFO|PCSPDVGL_USER_20130119.csv Total de Logins: 2043
19/01/2013 04:35:49|INFO|PCSSIEBEL_USER_20130119.csv Total de Logins: 39
19/01/2013 04:35:49|INFO|PCSDSF_USER_20130119.csv Total de Logins: 25646
19/01/2013 04:35:49|INFO|PCSSGR_USER_20130119.csv Total de Logins: 16659
19/01/2013 04:35:49|INFO|PCSCBCF_USER_20130119.csv Total de Logins: 12015
19/01/2013 04:35:49|INFO|PCSPROTOCOLOS_USER_20130119.csv Total de Logins: 2941
19/01/2013 04:35:50|INFO|PCSICRC_USER_20130119.csv Total de Logins: 16953
19/01/2013 04:35:50|INFO|PCSASP_USER_20130119.csv Total de Logins: 18842
19/01/2013 04:35:50|INFO|PCSIUNICA_USER_20130119.csv Total de Logins: 8543
19/01/2013 04:35:50|INFO|PCSPLOGISTICA_USER_20130119.csv Total de Logins: 4331
19/01/2013 04:35:50|INFO|PCSTIMFILAS_USER_20130119.csv Total de Logins: 1661
19/01/2013 04:35:50|INFO|PCSFELETRONICA_USER_20130119.csv Total de Logins: 3674
19/01/2013 04:35:50|INFO|PCSVERO_USER_20130119.csv Total de Logins: 573
19/01/2013 04:35:50|INFO|PCSP2B_USER_20130119.csv Total de Logins: 524
19/01/2013 04:35:50|INFO|PCSGVAS_USER_20130119.csv Total de Logins: 11
19/01/2013 04:35:50|INFO|PCSSALES_USER_20130119.csv Total de Logins: 335
19/01/2013 04:35:50|INFO|PCSVENDITA_USER_20130119.csv Total de Logins: 256
19/01/2013 04:35:50|INFO|PCSSCTR-PORTAL_USER_20130119.csv Total de Logins: 19
19/01/2013 04:35:50|INFO|PCSRAP_USER_20130119.csv Total de Logins: 14
19/01/2013 04:35:50|INFO|PCSBDOH_USER_20130119.csv Total de Logins: 200
19/01/2013 04:35:50|INFO|PCSUCM_USER_20130119.csv Total de Logins: 14
19/01/2013 04:35:50|INFO|PCSKPI_USER_20130119.csv Total de Logins: 8
19/01/2013 04:35:50|INFO|PCSIPVS_USER_20130119.csv Total de Logins: 4
19/01/2013 04:35:50|INFO|PCSGCPP_USER_20130119.csv Total de Logins: 5
19/01/2013 04:35:50|INFO|PCSPDV_MGMT_USER_20130119.csv Total de Logins: 5
19/01/2013 04:35:50|INFO|PCSGJMC_USER_20130119.csv Total de Logins: 7
19/01/2013 04:35:50|INFO|PCSFELETRONICAPG_USER_20130119.csv Total de Logins: 6
19/01/2013 04:35:50|INFO|PCSDTH_USER_20130119.csv Total de Logins: 2
19/01/2013 04:35:50|INFO|Finalizado
