18/08/2013 04:30:02|INFO|Iniciando
18/08/2013 04:36:33|INFO|PCSCLARIFY_USER_20130818.csv Total de Logins: 19277
18/08/2013 04:36:33|INFO|PCSPDVGN_USER_20130818.csv Total de Logins: 3294
18/08/2013 04:36:33|INFO|PCSICRC_USER_20130818.csv Total de Logins: 15881
18/08/2013 04:36:33|INFO|PCSDSF_USER_20130818.csv Total de Logins: 23914
18/08/2013 04:36:33|INFO|PCSSFA_USER_20130818.csv Total de Logins: 3791
18/08/2013 04:36:33|INFO|PCSPDV_LIVE_USER_20130818.csv Total de Logins: 11573
18/08/2013 04:36:33|INFO|PCSPDVGL_USER_20130818.csv Total de Logins: 1693
18/08/2013 04:36:33|INFO|PCSPROTOCOLOS_USER_20130818.csv Total de Logins: 3264
18/08/2013 04:36:33|INFO|PCSSGR_USER_20130818.csv Total de Logins: 15941
18/08/2013 04:36:33|INFO|PCSCBCF_USER_20130818.csv Total de Logins: 12265
18/08/2013 04:36:33|INFO|PCSASP_USER_20130818.csv Total de Logins: 16854
18/08/2013 04:36:33|INFO|PCSIUNICA_USER_20130818.csv Total de Logins: 8267
18/08/2013 04:36:33|INFO|PCSSIEBEL_USER_20130818.csv Total de Logins: 4256
18/08/2013 04:36:33|INFO|PCSFELETRONICA_USER_20130818.csv Total de Logins: 6577
18/08/2013 04:36:33|INFO|PCSP2B_USER_20130818.csv Total de Logins: 6941
18/08/2013 04:36:33|INFO|PCSVERO_USER_20130818.csv Total de Logins: 3424
18/08/2013 04:36:33|INFO|PCSPLOGISTICA_USER_20130818.csv Total de Logins: 2701
18/08/2013 04:36:33|INFO|PCSTIMFILAS_USER_20130818.csv Total de Logins: 1754
18/08/2013 04:36:33|INFO|PCSGCOB_USER_20130818.csv Total de Logins: 14
18/08/2013 04:36:33|INFO|PCSVENDITA_USER_20130818.csv Total de Logins: 296
18/08/2013 04:36:33|INFO|PCSSCTR-PORTAL_USER_20130818.csv Total de Logins: 24
18/08/2013 04:36:33|INFO|PCSRAP_USER_20130818.csv Total de Logins: 16
18/08/2013 04:36:33|INFO|PCSGEOWEB_USER_20130818.csv Total de Logins: 1
18/08/2013 04:36:33|INFO|PCSUCM_USER_20130818.csv Total de Logins: 9
18/08/2013 04:36:33|INFO|PCSGVAS_USER_20130818.csv Total de Logins: 8
18/08/2013 04:36:33|INFO|PCSKPI_USER_20130818.csv Total de Logins: 6
18/08/2013 04:36:33|INFO|PCSIPVS_USER_20130818.csv Total de Logins: 8
18/08/2013 04:36:33|INFO|PCSBDOH_USER_20130818.csv Total de Logins: 159
18/08/2013 04:36:33|INFO|PCSSALES_USER_20130818.csv Total de Logins: 32
18/08/2013 04:36:33|INFO|PCSDTH_USER_20130818.csv Total de Logins: 8
18/08/2013 04:36:33|INFO|PCSVCE_USER_20130818.csv Total de Logins: 68
18/08/2013 04:36:33|INFO|PCSPDV_MGMT_USER_20130818.csv Total de Logins: 20
18/08/2013 04:36:33|INFO|PCSFELETRONICAPG_USER_20130818.csv Total de Logins: 11
18/08/2013 04:36:33|INFO|PCSGCPP_USER_20130818.csv Total de Logins: 9
18/08/2013 04:36:33|INFO|PCSGJMC_USER_20130818.csv Total de Logins: 8
18/08/2013 04:36:33|INFO|PCSBISEMANTICO_USER_20130818.csv Total de Logins: 1
18/08/2013 04:36:33|INFO|Finalizado
