08/07/2013 04:30:02|INFO|Iniciando
08/07/2013 04:36:20|INFO|PCSCLARIFY_USER_20130708.csv Total de Logins: 20080
08/07/2013 04:36:20|INFO|PCSPDVGN_USER_20130708.csv Total de Logins: 3236
08/07/2013 04:36:20|INFO|PCSSFA_USER_20130708.csv Total de Logins: 3208
08/07/2013 04:36:20|INFO|PCSPDVGL_USER_20130708.csv Total de Logins: 1741
08/07/2013 04:36:20|INFO|PCSDSF_USER_20130708.csv Total de Logins: 24420
08/07/2013 04:36:20|INFO|PCSPDV_LIVE_USER_20130708.csv Total de Logins: 11530
08/07/2013 04:36:20|INFO|PCSPROTOCOLOS_USER_20130708.csv Total de Logins: 3258
08/07/2013 04:36:20|INFO|PCSSGR_USER_20130708.csv Total de Logins: 16296
08/07/2013 04:36:20|INFO|PCSCBCF_USER_20130708.csv Total de Logins: 12212
08/07/2013 04:36:20|INFO|PCSICRC_USER_20130708.csv Total de Logins: 16284
08/07/2013 04:36:20|INFO|PCSASP_USER_20130708.csv Total de Logins: 17602
08/07/2013 04:36:20|INFO|PCSIUNICA_USER_20130708.csv Total de Logins: 7994
08/07/2013 04:36:20|INFO|PCSP2B_USER_20130708.csv Total de Logins: 5786
08/07/2013 04:36:20|INFO|PCSSIEBEL_USER_20130708.csv Total de Logins: 807
08/07/2013 04:36:20|INFO|PCSPLOGISTICA_USER_20130708.csv Total de Logins: 3551
08/07/2013 04:36:20|INFO|PCSFELETRONICA_USER_20130708.csv Total de Logins: 2150
08/07/2013 04:36:20|INFO|PCSVERO_USER_20130708.csv Total de Logins: 3019
08/07/2013 04:36:20|INFO|PCSTIMFILAS_USER_20130708.csv Total de Logins: 1650
08/07/2013 04:36:20|INFO|PCSVENDITA_USER_20130708.csv Total de Logins: 243
08/07/2013 04:36:20|INFO|PCSVCE_USER_20130708.csv Total de Logins: 65
08/07/2013 04:36:20|INFO|PCSSCTR-PORTAL_USER_20130708.csv Total de Logins: 20
08/07/2013 04:36:20|INFO|PCSRAP_USER_20130708.csv Total de Logins: 23
08/07/2013 04:36:20|INFO|PCSGCPP_USER_20130708.csv Total de Logins: 11
08/07/2013 04:36:20|INFO|PCSUCM_USER_20130708.csv Total de Logins: 9
08/07/2013 04:36:20|INFO|PCSGVAS_USER_20130708.csv Total de Logins: 8
08/07/2013 04:36:20|INFO|PCSKPI_USER_20130708.csv Total de Logins: 6
08/07/2013 04:36:20|INFO|PCSIPVS_USER_20130708.csv Total de Logins: 7
08/07/2013 04:36:20|INFO|PCSBDOH_USER_20130708.csv Total de Logins: 134
08/07/2013 04:36:20|INFO|PCSSALES_USER_20130708.csv Total de Logins: 35
08/07/2013 04:36:20|INFO|PCSDTH_USER_20130708.csv Total de Logins: 9
08/07/2013 04:36:20|INFO|PCSPDV_MGMT_USER_20130708.csv Total de Logins: 9
08/07/2013 04:36:20|INFO|PCSBISEMANTICO_USER_20130708.csv Total de Logins: 6
08/07/2013 04:36:20|INFO|PCSGJMC_USER_20130708.csv Total de Logins: 7
08/07/2013 04:36:20|INFO|PCSFELETRONICAPG_USER_20130708.csv Total de Logins: 9
08/07/2013 04:36:20|INFO|PCSGCOB_USER_20130708.csv Total de Logins: 1
08/07/2013 04:36:20|INFO|Finalizado
