05/05/2013 04:30:01|INFO|Iniciando
05/05/2013 04:36:18|INFO|PCSCLARIFY_USER_20130505.csv Total de Logins: 21470
05/05/2013 04:36:18|INFO|PCSPDVGN_USER_20130505.csv Total de Logins: 3389
05/05/2013 04:36:18|INFO|PCSPDV_LIVE_USER_20130505.csv Total de Logins: 11292
05/05/2013 04:36:18|INFO|PCSPDVGL_USER_20130505.csv Total de Logins: 1954
05/05/2013 04:36:18|INFO|PCSSIEBEL_USER_20130505.csv Total de Logins: 84
05/05/2013 04:36:18|INFO|PCSDSF_USER_20130505.csv Total de Logins: 25752
05/05/2013 04:36:18|INFO|PCSPROTOCOLOS_USER_20130505.csv Total de Logins: 2694
05/05/2013 04:36:18|INFO|PCSSGR_USER_20130505.csv Total de Logins: 16993
05/05/2013 04:36:18|INFO|PCSCBCF_USER_20130505.csv Total de Logins: 12571
05/05/2013 04:36:18|INFO|PCSICRC_USER_20130505.csv Total de Logins: 17248
05/05/2013 04:36:18|INFO|PCSASP_USER_20130505.csv Total de Logins: 19049
05/05/2013 04:36:18|INFO|PCSIUNICA_USER_20130505.csv Total de Logins: 8635
05/05/2013 04:36:18|INFO|PCSPLOGISTICA_USER_20130505.csv Total de Logins: 4199
05/05/2013 04:36:18|INFO|PCSP2B_USER_20130505.csv Total de Logins: 4965
05/05/2013 04:36:18|INFO|PCSSFA_USER_20130505.csv Total de Logins: 1933
05/05/2013 04:36:18|INFO|PCSVERO_USER_20130505.csv Total de Logins: 1824
05/05/2013 04:36:18|INFO|PCSTIMFILAS_USER_20130505.csv Total de Logins: 1675
05/05/2013 04:36:18|INFO|PCSFELETRONICA_USER_20130505.csv Total de Logins: 3115
05/05/2013 04:36:18|INFO|PCSVENDITA_USER_20130505.csv Total de Logins: 281
05/05/2013 04:36:18|INFO|PCSRAP_USER_20130505.csv Total de Logins: 21
05/05/2013 04:36:18|INFO|PCSSCTR-PORTAL_USER_20130505.csv Total de Logins: 18
05/05/2013 04:36:18|INFO|PCSUCM_USER_20130505.csv Total de Logins: 10
05/05/2013 04:36:18|INFO|PCSGVAS_USER_20130505.csv Total de Logins: 8
05/05/2013 04:36:18|INFO|PCSKPI_USER_20130505.csv Total de Logins: 7
05/05/2013 04:36:18|INFO|PCSIPVS_USER_20130505.csv Total de Logins: 4
05/05/2013 04:36:18|INFO|PCSBDOH_USER_20130505.csv Total de Logins: 189
05/05/2013 04:36:18|INFO|PCSSALES_USER_20130505.csv Total de Logins: 51
05/05/2013 04:36:18|INFO|PCSGCPP_USER_20130505.csv Total de Logins: 5
05/05/2013 04:36:18|INFO|PCSPDV_MGMT_USER_20130505.csv Total de Logins: 6
05/05/2013 04:36:18|INFO|PCSGJMC_USER_20130505.csv Total de Logins: 6
05/05/2013 04:36:18|INFO|PCSFELETRONICAPG_USER_20130505.csv Total de Logins: 5
05/05/2013 04:36:18|INFO|PCSDTH_USER_20130505.csv Total de Logins: 2
05/05/2013 04:36:18|INFO|Finalizado
