06/10/2012 04:30:01|INFO|Iniciando
06/10/2012 04:35:10|INFO|PCSCLARIFY_USER_20121006.csv Total de Logins: 20065
06/10/2012 04:35:10|INFO|PCSPDVGN_USER_20121006.csv Total de Logins: 3443
06/10/2012 04:35:10|INFO|PCSPDV_LIVE_USER_20121006.csv Total de Logins: 9937
06/10/2012 04:35:10|INFO|PCSPDVGL_USER_20121006.csv Total de Logins: 2146
06/10/2012 04:35:10|INFO|PCSSIEBEL_USER_20121006.csv Total de Logins: 531
06/10/2012 04:35:10|INFO|PCSDSF_USER_20121006.csv Total de Logins: 24218
06/10/2012 04:35:10|INFO|PCSSGR_USER_20121006.csv Total de Logins: 14811
06/10/2012 04:35:10|INFO|PCSCBCF_USER_20121006.csv Total de Logins: 10827
06/10/2012 04:35:10|INFO|PCSPROTOCOLOS_USER_20121006.csv Total de Logins: 2212
06/10/2012 04:35:10|INFO|PCSASP_USER_20121006.csv Total de Logins: 17658
06/10/2012 04:35:10|INFO|PCSIUNICA_USER_20121006.csv Total de Logins: 7621
06/10/2012 04:35:10|INFO|PCSICRC_USER_20121006.csv Total de Logins: 15950
06/10/2012 04:35:10|INFO|PCSPLOGISTICA_USER_20121006.csv Total de Logins: 3750
06/10/2012 04:35:10|INFO|PCSTIMFILAS_USER_20121006.csv Total de Logins: 1318
06/10/2012 04:35:10|INFO|PCSFELETRONICA_USER_20121006.csv Total de Logins: 2224
06/10/2012 04:35:10|INFO|PCSGVAS_USER_20121006.csv Total de Logins: 16
06/10/2012 04:35:10|INFO|PCSDTH_USER_20121006.csv Total de Logins: 6
06/10/2012 04:35:10|INFO|PCSVENDITA_USER_20121006.csv Total de Logins: 240
06/10/2012 04:35:10|INFO|PCSRAP_USER_20121006.csv Total de Logins: 36
06/10/2012 04:35:10|INFO|PCSSCTR-PORTAL_USER_20121006.csv Total de Logins: 20
06/10/2012 04:35:10|INFO|PCSVERO_USER_20121006.csv Total de Logins: 18
06/10/2012 04:35:10|INFO|PCSSFA_USER_20121006.csv Total de Logins: 17
06/10/2012 04:35:10|INFO|PCSFELETRONICAPG_USER_20121006.csv Total de Logins: 12
06/10/2012 04:35:10|INFO|PCSGCPP_USER_20121006.csv Total de Logins: 11
06/10/2012 04:35:10|INFO|PCSUCM_USER_20121006.csv Total de Logins: 40
06/10/2012 04:35:10|INFO|PCSGJMC_USER_20121006.csv Total de Logins: 13
06/10/2012 04:35:10|INFO|PCSKPI_USER_20121006.csv Total de Logins: 9
06/10/2012 04:35:10|INFO|PCSIPVS_USER_20121006.csv Total de Logins: 9
06/10/2012 04:35:10|INFO|PCSPDV_MGMT_USER_20121006.csv Total de Logins: 6
06/10/2012 04:35:10|INFO|PCSP2B_USER_20121006.csv Total de Logins: 1
06/10/2012 04:35:10|INFO|PCSBISEMANTICO_USER_20121006.csv Total de Logins: 2
06/10/2012 04:35:10|INFO|Finalizado
