29/05/2013 04:30:01|INFO|Iniciando
29/05/2013 04:36:21|INFO|PCSCLARIFY_USER_20130529.csv Total de Logins: 20633
29/05/2013 04:36:21|INFO|PCSPDVGN_USER_20130529.csv Total de Logins: 3157
29/05/2013 04:36:21|INFO|PCSPDV_LIVE_USER_20130529.csv Total de Logins: 11158
29/05/2013 04:36:21|INFO|PCSPDVGL_USER_20130529.csv Total de Logins: 1784
29/05/2013 04:36:21|INFO|PCSSIEBEL_USER_20130529.csv Total de Logins: 101
29/05/2013 04:36:21|INFO|PCSDSF_USER_20130529.csv Total de Logins: 24855
29/05/2013 04:36:21|INFO|PCSPROTOCOLOS_USER_20130529.csv Total de Logins: 2853
29/05/2013 04:36:21|INFO|PCSSGR_USER_20130529.csv Total de Logins: 16769
29/05/2013 04:36:21|INFO|PCSCBCF_USER_20130529.csv Total de Logins: 12441
29/05/2013 04:36:21|INFO|PCSICRC_USER_20130529.csv Total de Logins: 16783
29/05/2013 04:36:21|INFO|PCSASP_USER_20130529.csv Total de Logins: 18339
29/05/2013 04:36:21|INFO|PCSIUNICA_USER_20130529.csv Total de Logins: 8178
29/05/2013 04:36:21|INFO|PCSP2B_USER_20130529.csv Total de Logins: 4913
29/05/2013 04:36:21|INFO|PCSPLOGISTICA_USER_20130529.csv Total de Logins: 5145
29/05/2013 04:36:21|INFO|PCSSFA_USER_20130529.csv Total de Logins: 2426
29/05/2013 04:36:21|INFO|PCSVERO_USER_20130529.csv Total de Logins: 2207
29/05/2013 04:36:21|INFO|PCSTIMFILAS_USER_20130529.csv Total de Logins: 1682
29/05/2013 04:36:21|INFO|PCSFELETRONICA_USER_20130529.csv Total de Logins: 2973
29/05/2013 04:36:21|INFO|PCSVENDITA_USER_20130529.csv Total de Logins: 244
29/05/2013 04:36:21|INFO|PCSSCTR-PORTAL_USER_20130529.csv Total de Logins: 21
29/05/2013 04:36:21|INFO|PCSRAP_USER_20130529.csv Total de Logins: 25
29/05/2013 04:36:21|INFO|PCSGCPP_USER_20130529.csv Total de Logins: 17
29/05/2013 04:36:21|INFO|PCSUCM_USER_20130529.csv Total de Logins: 14
29/05/2013 04:36:21|INFO|PCSGVAS_USER_20130529.csv Total de Logins: 10
29/05/2013 04:36:21|INFO|PCSKPI_USER_20130529.csv Total de Logins: 7
29/05/2013 04:36:21|INFO|PCSIPVS_USER_20130529.csv Total de Logins: 9
29/05/2013 04:36:21|INFO|PCSBDOH_USER_20130529.csv Total de Logins: 139
29/05/2013 04:36:21|INFO|PCSSALES_USER_20130529.csv Total de Logins: 46
29/05/2013 04:36:21|INFO|PCSPDV_MGMT_USER_20130529.csv Total de Logins: 10
29/05/2013 04:36:21|INFO|PCSGJMC_USER_20130529.csv Total de Logins: 9
29/05/2013 04:36:21|INFO|PCSFELETRONICAPG_USER_20130529.csv Total de Logins: 8
29/05/2013 04:36:21|INFO|PCSDTH_USER_20130529.csv Total de Logins: 2
29/05/2013 04:36:21|INFO|Finalizado
