20/01/2013 04:30:02|INFO|Iniciando
20/01/2013 04:35:38|INFO|PCSCLARIFY_USER_20130120.csv Total de Logins: 21294
20/01/2013 04:35:38|INFO|PCSPDVGN_USER_20130120.csv Total de Logins: 3428
20/01/2013 04:35:38|INFO|PCSPDV_LIVE_USER_20130120.csv Total de Logins: 11016
20/01/2013 04:35:38|INFO|PCSSFA_USER_20130120.csv Total de Logins: 637
20/01/2013 04:35:38|INFO|PCSPDVGL_USER_20130120.csv Total de Logins: 2043
20/01/2013 04:35:38|INFO|PCSSIEBEL_USER_20130120.csv Total de Logins: 39
20/01/2013 04:35:38|INFO|PCSDSF_USER_20130120.csv Total de Logins: 25570
20/01/2013 04:35:38|INFO|PCSSGR_USER_20130120.csv Total de Logins: 16511
20/01/2013 04:35:38|INFO|PCSCBCF_USER_20130120.csv Total de Logins: 11970
20/01/2013 04:35:38|INFO|PCSPROTOCOLOS_USER_20130120.csv Total de Logins: 2921
20/01/2013 04:35:38|INFO|PCSICRC_USER_20130120.csv Total de Logins: 16885
20/01/2013 04:35:38|INFO|PCSASP_USER_20130120.csv Total de Logins: 18780
20/01/2013 04:35:38|INFO|PCSIUNICA_USER_20130120.csv Total de Logins: 8477
20/01/2013 04:35:38|INFO|PCSPLOGISTICA_USER_20130120.csv Total de Logins: 4227
20/01/2013 04:35:38|INFO|PCSTIMFILAS_USER_20130120.csv Total de Logins: 1647
20/01/2013 04:35:38|INFO|PCSFELETRONICA_USER_20130120.csv Total de Logins: 3558
20/01/2013 04:35:38|INFO|PCSVERO_USER_20130120.csv Total de Logins: 574
20/01/2013 04:35:38|INFO|PCSP2B_USER_20130120.csv Total de Logins: 526
20/01/2013 04:35:38|INFO|PCSGVAS_USER_20130120.csv Total de Logins: 11
20/01/2013 04:35:38|INFO|PCSSALES_USER_20130120.csv Total de Logins: 335
20/01/2013 04:35:38|INFO|PCSVENDITA_USER_20130120.csv Total de Logins: 255
20/01/2013 04:35:38|INFO|PCSSCTR-PORTAL_USER_20130120.csv Total de Logins: 19
20/01/2013 04:35:38|INFO|PCSRAP_USER_20130120.csv Total de Logins: 14
20/01/2013 04:35:38|INFO|PCSBDOH_USER_20130120.csv Total de Logins: 196
20/01/2013 04:35:38|INFO|PCSUCM_USER_20130120.csv Total de Logins: 14
20/01/2013 04:35:38|INFO|PCSKPI_USER_20130120.csv Total de Logins: 8
20/01/2013 04:35:38|INFO|PCSIPVS_USER_20130120.csv Total de Logins: 4
20/01/2013 04:35:38|INFO|PCSGCPP_USER_20130120.csv Total de Logins: 5
20/01/2013 04:35:38|INFO|PCSPDV_MGMT_USER_20130120.csv Total de Logins: 5
20/01/2013 04:35:38|INFO|PCSGJMC_USER_20130120.csv Total de Logins: 7
20/01/2013 04:35:38|INFO|PCSFELETRONICAPG_USER_20130120.csv Total de Logins: 6
20/01/2013 04:35:38|INFO|PCSDTH_USER_20130120.csv Total de Logins: 2
20/01/2013 04:35:38|INFO|Finalizado
