04/01/2013 04:30:01|INFO|Iniciando
04/01/2013 04:35:37|INFO|PCSCLARIFY_USER_20130104.csv Total de Logins: 20249
04/01/2013 04:35:37|INFO|PCSPDVGN_USER_20130104.csv Total de Logins: 3406
04/01/2013 04:35:37|INFO|PCSPDV_LIVE_USER_20130104.csv Total de Logins: 12292
04/01/2013 04:35:37|INFO|PCSPDVGL_USER_20130104.csv Total de Logins: 2037
04/01/2013 04:35:37|INFO|PCSSIEBEL_USER_20130104.csv Total de Logins: 56
04/01/2013 04:35:37|INFO|PCSDSF_USER_20130104.csv Total de Logins: 24618
04/01/2013 04:35:37|INFO|PCSSGR_USER_20130104.csv Total de Logins: 16007
04/01/2013 04:35:37|INFO|PCSCBCF_USER_20130104.csv Total de Logins: 12218
04/01/2013 04:35:37|INFO|PCSPROTOCOLOS_USER_20130104.csv Total de Logins: 3285
04/01/2013 04:35:37|INFO|PCSICRC_USER_20130104.csv Total de Logins: 16088
04/01/2013 04:35:37|INFO|PCSASP_USER_20130104.csv Total de Logins: 17550
04/01/2013 04:35:37|INFO|PCSIUNICA_USER_20130104.csv Total de Logins: 7784
04/01/2013 04:35:37|INFO|PCSSFA_USER_20130104.csv Total de Logins: 162
04/01/2013 04:35:37|INFO|PCSPLOGISTICA_USER_20130104.csv Total de Logins: 3186
04/01/2013 04:35:37|INFO|PCSTIMFILAS_USER_20130104.csv Total de Logins: 1698
04/01/2013 04:35:37|INFO|PCSGVAS_USER_20130104.csv Total de Logins: 11
04/01/2013 04:35:37|INFO|PCSVERO_USER_20130104.csv Total de Logins: 194
04/01/2013 04:35:37|INFO|PCSSALES_USER_20130104.csv Total de Logins: 340
04/01/2013 04:35:37|INFO|PCSVENDITA_USER_20130104.csv Total de Logins: 265
04/01/2013 04:35:37|INFO|PCSSCTR-PORTAL_USER_20130104.csv Total de Logins: 19
04/01/2013 04:35:37|INFO|PCSRAP_USER_20130104.csv Total de Logins: 17
04/01/2013 04:35:37|INFO|PCSP2B_USER_20130104.csv Total de Logins: 26
04/01/2013 04:35:37|INFO|PCSFELETRONICA_USER_20130104.csv Total de Logins: 2121
04/01/2013 04:35:37|INFO|PCSBDOH_USER_20130104.csv Total de Logins: 218
04/01/2013 04:35:37|INFO|PCSUCM_USER_20130104.csv Total de Logins: 14
04/01/2013 04:35:37|INFO|PCSKPI_USER_20130104.csv Total de Logins: 8
04/01/2013 04:35:37|INFO|PCSIPVS_USER_20130104.csv Total de Logins: 5
04/01/2013 04:35:37|INFO|PCSGCPP_USER_20130104.csv Total de Logins: 6
04/01/2013 04:35:37|INFO|PCSPDV_MGMT_USER_20130104.csv Total de Logins: 5
04/01/2013 04:35:37|INFO|PCSGJMC_USER_20130104.csv Total de Logins: 8
04/01/2013 04:35:37|INFO|PCSFELETRONICAPG_USER_20130104.csv Total de Logins: 7
04/01/2013 04:35:37|INFO|PCSDTH_USER_20130104.csv Total de Logins: 2
04/01/2013 04:35:37|INFO|Finalizado
