22/07/2013 04:30:01|INFO|Iniciando
22/07/2013 04:36:23|INFO|PCSCLARIFY_USER_20130722.csv Total de Logins: 19831
22/07/2013 04:36:23|INFO|PCSPDVGN_USER_20130722.csv Total de Logins: 3267
22/07/2013 04:36:23|INFO|PCSICRC_USER_20130722.csv Total de Logins: 15874
22/07/2013 04:36:23|INFO|PCSDSF_USER_20130722.csv Total de Logins: 24298
22/07/2013 04:36:23|INFO|PCSSFA_USER_20130722.csv Total de Logins: 3321
22/07/2013 04:36:23|INFO|PCSPDVGL_USER_20130722.csv Total de Logins: 1721
22/07/2013 04:36:23|INFO|PCSPDV_LIVE_USER_20130722.csv Total de Logins: 11715
22/07/2013 04:36:23|INFO|PCSPROTOCOLOS_USER_20130722.csv Total de Logins: 3177
22/07/2013 04:36:23|INFO|PCSSGR_USER_20130722.csv Total de Logins: 16105
22/07/2013 04:36:23|INFO|PCSCBCF_USER_20130722.csv Total de Logins: 12172
22/07/2013 04:36:23|INFO|PCSASP_USER_20130722.csv Total de Logins: 17316
22/07/2013 04:36:23|INFO|PCSIUNICA_USER_20130722.csv Total de Logins: 7973
22/07/2013 04:36:23|INFO|PCSSIEBEL_USER_20130722.csv Total de Logins: 2312
22/07/2013 04:36:23|INFO|PCSFELETRONICA_USER_20130722.csv Total de Logins: 5689
22/07/2013 04:36:23|INFO|PCSP2B_USER_20130722.csv Total de Logins: 6422
22/07/2013 04:36:23|INFO|PCSVERO_USER_20130722.csv Total de Logins: 2968
22/07/2013 04:36:23|INFO|PCSPLOGISTICA_USER_20130722.csv Total de Logins: 2979
22/07/2013 04:36:23|INFO|PCSTIMFILAS_USER_20130722.csv Total de Logins: 1720
22/07/2013 04:36:23|INFO|PCSGCOB_USER_20130722.csv Total de Logins: 14
22/07/2013 04:36:23|INFO|PCSVENDITA_USER_20130722.csv Total de Logins: 281
22/07/2013 04:36:23|INFO|PCSVCE_USER_20130722.csv Total de Logins: 53
22/07/2013 04:36:23|INFO|PCSSCTR-PORTAL_USER_20130722.csv Total de Logins: 22
22/07/2013 04:36:23|INFO|PCSRAP_USER_20130722.csv Total de Logins: 18
22/07/2013 04:36:23|INFO|PCSUCM_USER_20130722.csv Total de Logins: 9
22/07/2013 04:36:23|INFO|PCSGVAS_USER_20130722.csv Total de Logins: 9
22/07/2013 04:36:23|INFO|PCSKPI_USER_20130722.csv Total de Logins: 6
22/07/2013 04:36:23|INFO|PCSIPVS_USER_20130722.csv Total de Logins: 8
22/07/2013 04:36:23|INFO|PCSBDOH_USER_20130722.csv Total de Logins: 134
22/07/2013 04:36:23|INFO|PCSSALES_USER_20130722.csv Total de Logins: 33
22/07/2013 04:36:23|INFO|PCSDTH_USER_20130722.csv Total de Logins: 8
22/07/2013 04:36:23|INFO|PCSPDV_MGMT_USER_20130722.csv Total de Logins: 10
22/07/2013 04:36:23|INFO|PCSFELETRONICAPG_USER_20130722.csv Total de Logins: 11
22/07/2013 04:36:23|INFO|PCSGCPP_USER_20130722.csv Total de Logins: 9
22/07/2013 04:36:23|INFO|PCSGJMC_USER_20130722.csv Total de Logins: 8
22/07/2013 04:36:23|INFO|PCSBISEMANTICO_USER_20130722.csv Total de Logins: 1
22/07/2013 04:36:23|INFO|Finalizado
