02/10/2012 04:30:01|INFO|Iniciando
02/10/2012 04:35:12|INFO|PCSCLARIFY_USER_20121002.csv Total de Logins: 20099
02/10/2012 04:35:12|INFO|PCSPDVGN_USER_20121002.csv Total de Logins: 3444
02/10/2012 04:35:12|INFO|PCSPDV_LIVE_USER_20121002.csv Total de Logins: 9897
02/10/2012 04:35:12|INFO|PCSPDVGL_USER_20121002.csv Total de Logins: 2130
02/10/2012 04:35:12|INFO|PCSSIEBEL_USER_20121002.csv Total de Logins: 536
02/10/2012 04:35:12|INFO|PCSDSF_USER_20121002.csv Total de Logins: 24214
02/10/2012 04:35:12|INFO|PCSSGR_USER_20121002.csv Total de Logins: 14706
02/10/2012 04:35:12|INFO|PCSCBCF_USER_20121002.csv Total de Logins: 10775
02/10/2012 04:35:12|INFO|PCSPROTOCOLOS_USER_20121002.csv Total de Logins: 2153
02/10/2012 04:35:12|INFO|PCSASP_USER_20121002.csv Total de Logins: 17687
02/10/2012 04:35:12|INFO|PCSIUNICA_USER_20121002.csv Total de Logins: 7647
02/10/2012 04:35:12|INFO|PCSICRC_USER_20121002.csv Total de Logins: 16066
02/10/2012 04:35:12|INFO|PCSPLOGISTICA_USER_20121002.csv Total de Logins: 3860
02/10/2012 04:35:12|INFO|PCSTIMFILAS_USER_20121002.csv Total de Logins: 1333
02/10/2012 04:35:12|INFO|PCSGVAS_USER_20121002.csv Total de Logins: 16
02/10/2012 04:35:12|INFO|PCSDTH_USER_20121002.csv Total de Logins: 6
02/10/2012 04:35:12|INFO|PCSFELETRONICA_USER_20121002.csv Total de Logins: 2280
02/10/2012 04:35:12|INFO|PCSVENDITA_USER_20121002.csv Total de Logins: 254
02/10/2012 04:35:12|INFO|PCSRAP_USER_20121002.csv Total de Logins: 36
02/10/2012 04:35:12|INFO|PCSSCTR-PORTAL_USER_20121002.csv Total de Logins: 19
02/10/2012 04:35:12|INFO|PCSVERO_USER_20121002.csv Total de Logins: 10
02/10/2012 04:35:12|INFO|PCSFELETRONICAPG_USER_20121002.csv Total de Logins: 12
02/10/2012 04:35:12|INFO|PCSGCPP_USER_20121002.csv Total de Logins: 11
02/10/2012 04:35:12|INFO|PCSUCM_USER_20121002.csv Total de Logins: 40
02/10/2012 04:35:12|INFO|PCSGJMC_USER_20121002.csv Total de Logins: 9
02/10/2012 04:35:12|INFO|PCSKPI_USER_20121002.csv Total de Logins: 9
02/10/2012 04:35:12|INFO|PCSIPVS_USER_20121002.csv Total de Logins: 9
02/10/2012 04:35:12|INFO|PCSPDV_MGMT_USER_20121002.csv Total de Logins: 6
02/10/2012 04:35:12|INFO|PCSP2B_USER_20121002.csv Total de Logins: 1
02/10/2012 04:35:12|INFO|PCSBISEMANTICO_USER_20121002.csv Total de Logins: 2
02/10/2012 04:35:12|INFO|Finalizado
