09/04/2013 04:30:02|INFO|Iniciando
09/04/2013 04:36:38|INFO|PCSCLARIFY_USER_20130409.csv Total de Logins: 21778
09/04/2013 04:36:38|INFO|PCSPDVGN_USER_20130409.csv Total de Logins: 3427
09/04/2013 04:36:38|INFO|PCSPDV_LIVE_USER_20130409.csv Total de Logins: 11581
09/04/2013 04:36:38|INFO|PCSPDVGL_USER_20130409.csv Total de Logins: 2009
09/04/2013 04:36:38|INFO|PCSSIEBEL_USER_20130409.csv Total de Logins: 74
09/04/2013 04:36:38|INFO|PCSDSF_USER_20130409.csv Total de Logins: 25930
09/04/2013 04:36:38|INFO|PCSICRC_USER_20130409.csv Total de Logins: 17700
09/04/2013 04:36:38|INFO|PCSPROTOCOLOS_USER_20130409.csv Total de Logins: 2613
09/04/2013 04:36:38|INFO|PCSSGR_USER_20130409.csv Total de Logins: 17447
09/04/2013 04:36:38|INFO|PCSCBCF_USER_20130409.csv Total de Logins: 13004
09/04/2013 04:36:38|INFO|PCSASP_USER_20130409.csv Total de Logins: 19343
09/04/2013 04:36:38|INFO|PCSIUNICA_USER_20130409.csv Total de Logins: 8998
09/04/2013 04:36:38|INFO|PCSPLOGISTICA_USER_20130409.csv Total de Logins: 5583
09/04/2013 04:36:38|INFO|PCSP2B_USER_20130409.csv Total de Logins: 4561
09/04/2013 04:36:38|INFO|PCSTIMFILAS_USER_20130409.csv Total de Logins: 1638
09/04/2013 04:36:38|INFO|PCSFELETRONICA_USER_20130409.csv Total de Logins: 3650
09/04/2013 04:36:38|INFO|PCSVERO_USER_20130409.csv Total de Logins: 1429
09/04/2013 04:36:38|INFO|PCSSFA_USER_20130409.csv Total de Logins: 1377
09/04/2013 04:36:38|INFO|PCSVENDITA_USER_20130409.csv Total de Logins: 241
09/04/2013 04:36:38|INFO|PCSRAP_USER_20130409.csv Total de Logins: 20
09/04/2013 04:36:38|INFO|PCSSCTR-PORTAL_USER_20130409.csv Total de Logins: 18
09/04/2013 04:36:38|INFO|PCSUCM_USER_20130409.csv Total de Logins: 10
09/04/2013 04:36:38|INFO|PCSGVAS_USER_20130409.csv Total de Logins: 8
09/04/2013 04:36:38|INFO|PCSKPI_USER_20130409.csv Total de Logins: 8
09/04/2013 04:36:38|INFO|PCSIPVS_USER_20130409.csv Total de Logins: 4
09/04/2013 04:36:38|INFO|PCSBDOH_USER_20130409.csv Total de Logins: 226
09/04/2013 04:36:38|INFO|PCSSALES_USER_20130409.csv Total de Logins: 64
09/04/2013 04:36:38|INFO|PCSGCPP_USER_20130409.csv Total de Logins: 4
09/04/2013 04:36:38|INFO|PCSPDV_MGMT_USER_20130409.csv Total de Logins: 7
09/04/2013 04:36:38|INFO|PCSGJMC_USER_20130409.csv Total de Logins: 6
09/04/2013 04:36:38|INFO|PCSFELETRONICAPG_USER_20130409.csv Total de Logins: 6
09/04/2013 04:36:38|INFO|PCSDTH_USER_20130409.csv Total de Logins: 2
09/04/2013 04:36:38|INFO|Finalizado
