09/02/2013 04:30:01|INFO|Iniciando
09/02/2013 04:35:59|INFO|PCSCLARIFY_USER_20130209.csv Total de Logins: 21464
09/02/2013 04:35:59|INFO|PCSPDVGN_USER_20130209.csv Total de Logins: 3467
09/02/2013 04:35:59|INFO|PCSPDV_LIVE_USER_20130209.csv Total de Logins: 12785
09/02/2013 04:35:59|INFO|PCSSFA_USER_20130209.csv Total de Logins: 1792
09/02/2013 04:35:59|INFO|PCSPDVGL_USER_20130209.csv Total de Logins: 2065
09/02/2013 04:35:59|INFO|PCSSIEBEL_USER_20130209.csv Total de Logins: 30
09/02/2013 04:35:59|INFO|PCSDSF_USER_20130209.csv Total de Logins: 25807
09/02/2013 04:35:59|INFO|PCSPROTOCOLOS_USER_20130209.csv Total de Logins: 2743
09/02/2013 04:35:59|INFO|PCSSGR_USER_20130209.csv Total de Logins: 16787
09/02/2013 04:35:59|INFO|PCSCBCF_USER_20130209.csv Total de Logins: 12366
09/02/2013 04:35:59|INFO|PCSICRC_USER_20130209.csv Total de Logins: 17572
09/02/2013 04:35:59|INFO|PCSASP_USER_20130209.csv Total de Logins: 19180
09/02/2013 04:35:59|INFO|PCSIUNICA_USER_20130209.csv Total de Logins: 8827
09/02/2013 04:35:59|INFO|PCSPLOGISTICA_USER_20130209.csv Total de Logins: 4618
09/02/2013 04:35:59|INFO|PCSP2B_USER_20130209.csv Total de Logins: 1838
09/02/2013 04:35:59|INFO|PCSTIMFILAS_USER_20130209.csv Total de Logins: 1605
09/02/2013 04:35:59|INFO|PCSFELETRONICA_USER_20130209.csv Total de Logins: 3881
09/02/2013 04:35:59|INFO|PCSVERO_USER_20130209.csv Total de Logins: 1691
09/02/2013 04:35:59|INFO|PCSVENDITA_USER_20130209.csv Total de Logins: 249
09/02/2013 04:35:59|INFO|PCSRAP_USER_20130209.csv Total de Logins: 14
09/02/2013 04:35:59|INFO|PCSSCTR-PORTAL_USER_20130209.csv Total de Logins: 16
09/02/2013 04:35:59|INFO|PCSUCM_USER_20130209.csv Total de Logins: 10
09/02/2013 04:35:59|INFO|PCSGVAS_USER_20130209.csv Total de Logins: 9
09/02/2013 04:35:59|INFO|PCSKPI_USER_20130209.csv Total de Logins: 7
09/02/2013 04:35:59|INFO|PCSIPVS_USER_20130209.csv Total de Logins: 5
09/02/2013 04:35:59|INFO|PCSBDOH_USER_20130209.csv Total de Logins: 182
09/02/2013 04:35:59|INFO|PCSSALES_USER_20130209.csv Total de Logins: 86
09/02/2013 04:35:59|INFO|PCSGCPP_USER_20130209.csv Total de Logins: 6
09/02/2013 04:35:59|INFO|PCSPDV_MGMT_USER_20130209.csv Total de Logins: 8
09/02/2013 04:35:59|INFO|PCSGJMC_USER_20130209.csv Total de Logins: 7
09/02/2013 04:35:59|INFO|PCSFELETRONICAPG_USER_20130209.csv Total de Logins: 6
09/02/2013 04:35:59|INFO|PCSDTH_USER_20130209.csv Total de Logins: 2
09/02/2013 04:35:59|INFO|Finalizado
