25/06/2013 04:30:01|INFO|Iniciando
25/06/2013 04:36:29|INFO|PCSCLARIFY_USER_20130625.csv Total de Logins: 20101
25/06/2013 04:36:29|INFO|PCSPDVGN_USER_20130625.csv Total de Logins: 3234
25/06/2013 04:36:29|INFO|PCSPDV_LIVE_USER_20130625.csv Total de Logins: 11402
25/06/2013 04:36:29|INFO|PCSSFA_USER_20130625.csv Total de Logins: 3168
25/06/2013 04:36:29|INFO|PCSPDVGL_USER_20130625.csv Total de Logins: 1757
25/06/2013 04:36:29|INFO|PCSDSF_USER_20130625.csv Total de Logins: 24409
25/06/2013 04:36:29|INFO|PCSPROTOCOLOS_USER_20130625.csv Total de Logins: 3277
25/06/2013 04:36:29|INFO|PCSSGR_USER_20130625.csv Total de Logins: 16431
25/06/2013 04:36:29|INFO|PCSCBCF_USER_20130625.csv Total de Logins: 12499
25/06/2013 04:36:30|INFO|PCSICRC_USER_20130625.csv Total de Logins: 16393
25/06/2013 04:36:30|INFO|PCSASP_USER_20130625.csv Total de Logins: 17695
25/06/2013 04:36:30|INFO|PCSIUNICA_USER_20130625.csv Total de Logins: 7842
25/06/2013 04:36:30|INFO|PCSP2B_USER_20130625.csv Total de Logins: 5698
25/06/2013 04:36:30|INFO|PCSSIEBEL_USER_20130625.csv Total de Logins: 407
25/06/2013 04:36:30|INFO|PCSPLOGISTICA_USER_20130625.csv Total de Logins: 3876
25/06/2013 04:36:30|INFO|PCSFELETRONICA_USER_20130625.csv Total de Logins: 2711
25/06/2013 04:36:30|INFO|PCSVERO_USER_20130625.csv Total de Logins: 2937
25/06/2013 04:36:30|INFO|PCSTIMFILAS_USER_20130625.csv Total de Logins: 1628
25/06/2013 04:36:30|INFO|PCSVENDITA_USER_20130625.csv Total de Logins: 257
25/06/2013 04:36:30|INFO|PCSSCTR-PORTAL_USER_20130625.csv Total de Logins: 22
25/06/2013 04:36:30|INFO|PCSRAP_USER_20130625.csv Total de Logins: 24
25/06/2013 04:36:30|INFO|PCSGCPP_USER_20130625.csv Total de Logins: 16
25/06/2013 04:36:30|INFO|PCSUCM_USER_20130625.csv Total de Logins: 10
25/06/2013 04:36:30|INFO|PCSGVAS_USER_20130625.csv Total de Logins: 9
25/06/2013 04:36:30|INFO|PCSKPI_USER_20130625.csv Total de Logins: 6
25/06/2013 04:36:30|INFO|PCSIPVS_USER_20130625.csv Total de Logins: 8
25/06/2013 04:36:30|INFO|PCSBDOH_USER_20130625.csv Total de Logins: 129
25/06/2013 04:36:30|INFO|PCSSALES_USER_20130625.csv Total de Logins: 41
25/06/2013 04:36:30|INFO|PCSDTH_USER_20130625.csv Total de Logins: 8
25/06/2013 04:36:30|INFO|PCSPDV_MGMT_USER_20130625.csv Total de Logins: 9
25/06/2013 04:36:30|INFO|PCSGJMC_USER_20130625.csv Total de Logins: 8
25/06/2013 04:36:30|INFO|PCSFELETRONICAPG_USER_20130625.csv Total de Logins: 11
25/06/2013 04:36:30|INFO|PCSBISEMANTICO_USER_20130625.csv Total de Logins: 5
25/06/2013 04:36:30|INFO|Finalizado
