01/07/2013 04:30:02|INFO|Iniciando
01/07/2013 04:36:23|INFO|PCSCLARIFY_USER_20130701.csv Total de Logins: 20238
01/07/2013 04:36:23|INFO|PCSPDVGN_USER_20130701.csv Total de Logins: 3219
01/07/2013 04:36:23|INFO|PCSPDV_LIVE_USER_20130701.csv Total de Logins: 11472
01/07/2013 04:36:23|INFO|PCSSFA_USER_20130701.csv Total de Logins: 3342
01/07/2013 04:36:23|INFO|PCSPDVGL_USER_20130701.csv Total de Logins: 1749
01/07/2013 04:36:23|INFO|PCSDSF_USER_20130701.csv Total de Logins: 24485
01/07/2013 04:36:23|INFO|PCSPROTOCOLOS_USER_20130701.csv Total de Logins: 3329
01/07/2013 04:36:23|INFO|PCSSGR_USER_20130701.csv Total de Logins: 16500
01/07/2013 04:36:23|INFO|PCSCBCF_USER_20130701.csv Total de Logins: 12403
01/07/2013 04:36:23|INFO|PCSICRC_USER_20130701.csv Total de Logins: 16475
01/07/2013 04:36:23|INFO|PCSASP_USER_20130701.csv Total de Logins: 17789
01/07/2013 04:36:23|INFO|PCSIUNICA_USER_20130701.csv Total de Logins: 7975
01/07/2013 04:36:23|INFO|PCSP2B_USER_20130701.csv Total de Logins: 5929
01/07/2013 04:36:23|INFO|PCSSIEBEL_USER_20130701.csv Total de Logins: 523
01/07/2013 04:36:23|INFO|PCSPLOGISTICA_USER_20130701.csv Total de Logins: 3764
01/07/2013 04:36:23|INFO|PCSFELETRONICA_USER_20130701.csv Total de Logins: 2555
01/07/2013 04:36:23|INFO|PCSVERO_USER_20130701.csv Total de Logins: 3102
01/07/2013 04:36:23|INFO|PCSTIMFILAS_USER_20130701.csv Total de Logins: 1641
01/07/2013 04:36:23|INFO|PCSVENDITA_USER_20130701.csv Total de Logins: 246
01/07/2013 04:36:23|INFO|PCSVCE_USER_20130701.csv Total de Logins: 60
01/07/2013 04:36:23|INFO|PCSSCTR-PORTAL_USER_20130701.csv Total de Logins: 20
01/07/2013 04:36:23|INFO|PCSRAP_USER_20130701.csv Total de Logins: 22
01/07/2013 04:36:23|INFO|PCSGCPP_USER_20130701.csv Total de Logins: 16
01/07/2013 04:36:23|INFO|PCSUCM_USER_20130701.csv Total de Logins: 10
01/07/2013 04:36:23|INFO|PCSGVAS_USER_20130701.csv Total de Logins: 9
01/07/2013 04:36:23|INFO|PCSKPI_USER_20130701.csv Total de Logins: 6
01/07/2013 04:36:23|INFO|PCSIPVS_USER_20130701.csv Total de Logins: 8
01/07/2013 04:36:23|INFO|PCSBDOH_USER_20130701.csv Total de Logins: 133
01/07/2013 04:36:23|INFO|PCSSALES_USER_20130701.csv Total de Logins: 38
01/07/2013 04:36:23|INFO|PCSDTH_USER_20130701.csv Total de Logins: 8
01/07/2013 04:36:23|INFO|PCSPDV_MGMT_USER_20130701.csv Total de Logins: 9
01/07/2013 04:36:23|INFO|PCSGJMC_USER_20130701.csv Total de Logins: 8
01/07/2013 04:36:23|INFO|PCSFELETRONICAPG_USER_20130701.csv Total de Logins: 10
01/07/2013 04:36:23|INFO|PCSBISEMANTICO_USER_20130701.csv Total de Logins: 5
01/07/2013 04:36:23|INFO|Finalizado
