05/04/2013 04:30:01|INFO|Iniciando
05/04/2013 04:36:29|INFO|PCSCLARIFY_USER_20130405.csv Total de Logins: 21790
05/04/2013 04:36:29|INFO|PCSPDVGN_USER_20130405.csv Total de Logins: 3442
05/04/2013 04:36:29|INFO|PCSPDV_LIVE_USER_20130405.csv Total de Logins: 11865
05/04/2013 04:36:29|INFO|PCSPDVGL_USER_20130405.csv Total de Logins: 2009
05/04/2013 04:36:29|INFO|PCSSIEBEL_USER_20130405.csv Total de Logins: 70
05/04/2013 04:36:29|INFO|PCSDSF_USER_20130405.csv Total de Logins: 25972
05/04/2013 04:36:29|INFO|PCSICRC_USER_20130405.csv Total de Logins: 17649
05/04/2013 04:36:29|INFO|PCSPROTOCOLOS_USER_20130405.csv Total de Logins: 2694
05/04/2013 04:36:29|INFO|PCSSGR_USER_20130405.csv Total de Logins: 17646
05/04/2013 04:36:29|INFO|PCSCBCF_USER_20130405.csv Total de Logins: 13125
05/04/2013 04:36:29|INFO|PCSASP_USER_20130405.csv Total de Logins: 19263
05/04/2013 04:36:29|INFO|PCSIUNICA_USER_20130405.csv Total de Logins: 9072
05/04/2013 04:36:29|INFO|PCSPLOGISTICA_USER_20130405.csv Total de Logins: 5702
05/04/2013 04:36:29|INFO|PCSP2B_USER_20130405.csv Total de Logins: 4646
05/04/2013 04:36:29|INFO|PCSTIMFILAS_USER_20130405.csv Total de Logins: 1671
05/04/2013 04:36:29|INFO|PCSFELETRONICA_USER_20130405.csv Total de Logins: 3735
05/04/2013 04:36:29|INFO|PCSVERO_USER_20130405.csv Total de Logins: 1539
05/04/2013 04:36:29|INFO|PCSSFA_USER_20130405.csv Total de Logins: 1470
05/04/2013 04:36:29|INFO|PCSVENDITA_USER_20130405.csv Total de Logins: 243
05/04/2013 04:36:29|INFO|PCSRAP_USER_20130405.csv Total de Logins: 20
05/04/2013 04:36:29|INFO|PCSSCTR-PORTAL_USER_20130405.csv Total de Logins: 18
05/04/2013 04:36:29|INFO|PCSUCM_USER_20130405.csv Total de Logins: 10
05/04/2013 04:36:29|INFO|PCSGVAS_USER_20130405.csv Total de Logins: 8
05/04/2013 04:36:29|INFO|PCSKPI_USER_20130405.csv Total de Logins: 8
05/04/2013 04:36:29|INFO|PCSIPVS_USER_20130405.csv Total de Logins: 4
05/04/2013 04:36:29|INFO|PCSBDOH_USER_20130405.csv Total de Logins: 230
05/04/2013 04:36:29|INFO|PCSSALES_USER_20130405.csv Total de Logins: 64
05/04/2013 04:36:29|INFO|PCSGCPP_USER_20130405.csv Total de Logins: 4
05/04/2013 04:36:29|INFO|PCSPDV_MGMT_USER_20130405.csv Total de Logins: 7
05/04/2013 04:36:29|INFO|PCSGJMC_USER_20130405.csv Total de Logins: 6
05/04/2013 04:36:29|INFO|PCSFELETRONICAPG_USER_20130405.csv Total de Logins: 6
05/04/2013 04:36:29|INFO|PCSDTH_USER_20130405.csv Total de Logins: 2
05/04/2013 04:36:29|INFO|Finalizado
