16/04/2013 04:30:01|INFO|Iniciando
16/04/2013 04:36:21|INFO|PCSCLARIFY_USER_20130416.csv Total de Logins: 21665
16/04/2013 04:36:21|INFO|PCSPDVGN_USER_20130416.csv Total de Logins: 3423
16/04/2013 04:36:21|INFO|PCSPDV_LIVE_USER_20130416.csv Total de Logins: 11583
16/04/2013 04:36:21|INFO|PCSPDVGL_USER_20130416.csv Total de Logins: 1991
16/04/2013 04:36:21|INFO|PCSSIEBEL_USER_20130416.csv Total de Logins: 71
16/04/2013 04:36:21|INFO|PCSDSF_USER_20130416.csv Total de Logins: 25882
16/04/2013 04:36:21|INFO|PCSPROTOCOLOS_USER_20130416.csv Total de Logins: 2634
16/04/2013 04:36:21|INFO|PCSSGR_USER_20130416.csv Total de Logins: 17182
16/04/2013 04:36:21|INFO|PCSCBCF_USER_20130416.csv Total de Logins: 12874
16/04/2013 04:36:21|INFO|PCSICRC_USER_20130416.csv Total de Logins: 17524
16/04/2013 04:36:21|INFO|PCSASP_USER_20130416.csv Total de Logins: 19209
16/04/2013 04:36:21|INFO|PCSIUNICA_USER_20130416.csv Total de Logins: 8756
16/04/2013 04:36:21|INFO|PCSPLOGISTICA_USER_20130416.csv Total de Logins: 4987
16/04/2013 04:36:21|INFO|PCSP2B_USER_20130416.csv Total de Logins: 4646
16/04/2013 04:36:21|INFO|PCSSFA_USER_20130416.csv Total de Logins: 1421
16/04/2013 04:36:21|INFO|PCSVERO_USER_20130416.csv Total de Logins: 1451
16/04/2013 04:36:21|INFO|PCSTIMFILAS_USER_20130416.csv Total de Logins: 1631
16/04/2013 04:36:21|INFO|PCSFELETRONICA_USER_20130416.csv Total de Logins: 3189
16/04/2013 04:36:21|INFO|PCSVENDITA_USER_20130416.csv Total de Logins: 273
16/04/2013 04:36:21|INFO|PCSRAP_USER_20130416.csv Total de Logins: 19
16/04/2013 04:36:21|INFO|PCSSCTR-PORTAL_USER_20130416.csv Total de Logins: 19
16/04/2013 04:36:21|INFO|PCSUCM_USER_20130416.csv Total de Logins: 10
16/04/2013 04:36:21|INFO|PCSGVAS_USER_20130416.csv Total de Logins: 8
16/04/2013 04:36:21|INFO|PCSKPI_USER_20130416.csv Total de Logins: 8
16/04/2013 04:36:21|INFO|PCSIPVS_USER_20130416.csv Total de Logins: 4
16/04/2013 04:36:21|INFO|PCSBDOH_USER_20130416.csv Total de Logins: 219
16/04/2013 04:36:21|INFO|PCSSALES_USER_20130416.csv Total de Logins: 65
16/04/2013 04:36:21|INFO|PCSGCPP_USER_20130416.csv Total de Logins: 4
16/04/2013 04:36:21|INFO|PCSPDV_MGMT_USER_20130416.csv Total de Logins: 7
16/04/2013 04:36:21|INFO|PCSGJMC_USER_20130416.csv Total de Logins: 6
16/04/2013 04:36:21|INFO|PCSFELETRONICAPG_USER_20130416.csv Total de Logins: 6
16/04/2013 04:36:21|INFO|PCSDTH_USER_20130416.csv Total de Logins: 2
16/04/2013 04:36:21|INFO|Finalizado
