29/06/2013 04:30:01|INFO|Iniciando
29/06/2013 04:36:26|INFO|PCSCLARIFY_USER_20130629.csv Total de Logins: 20232
29/06/2013 04:36:26|INFO|PCSPDVGN_USER_20130629.csv Total de Logins: 3220
29/06/2013 04:36:26|INFO|PCSPDV_LIVE_USER_20130629.csv Total de Logins: 11551
29/06/2013 04:36:26|INFO|PCSSFA_USER_20130629.csv Total de Logins: 3380
29/06/2013 04:36:26|INFO|PCSPDVGL_USER_20130629.csv Total de Logins: 1749
29/06/2013 04:36:26|INFO|PCSDSF_USER_20130629.csv Total de Logins: 24525
29/06/2013 04:36:26|INFO|PCSPROTOCOLOS_USER_20130629.csv Total de Logins: 3372
29/06/2013 04:36:26|INFO|PCSSGR_USER_20130629.csv Total de Logins: 16579
29/06/2013 04:36:26|INFO|PCSCBCF_USER_20130629.csv Total de Logins: 12484
29/06/2013 04:36:26|INFO|PCSICRC_USER_20130629.csv Total de Logins: 16525
29/06/2013 04:36:26|INFO|PCSASP_USER_20130629.csv Total de Logins: 17815
29/06/2013 04:36:26|INFO|PCSIUNICA_USER_20130629.csv Total de Logins: 7978
29/06/2013 04:36:26|INFO|PCSP2B_USER_20130629.csv Total de Logins: 5971
29/06/2013 04:36:26|INFO|PCSSIEBEL_USER_20130629.csv Total de Logins: 526
29/06/2013 04:36:26|INFO|PCSPLOGISTICA_USER_20130629.csv Total de Logins: 3828
29/06/2013 04:36:26|INFO|PCSFELETRONICA_USER_20130629.csv Total de Logins: 2625
29/06/2013 04:36:26|INFO|PCSVERO_USER_20130629.csv Total de Logins: 3140
29/06/2013 04:36:26|INFO|PCSTIMFILAS_USER_20130629.csv Total de Logins: 1645
29/06/2013 04:36:26|INFO|PCSVENDITA_USER_20130629.csv Total de Logins: 246
29/06/2013 04:36:26|INFO|PCSSCTR-PORTAL_USER_20130629.csv Total de Logins: 20
29/06/2013 04:36:26|INFO|PCSRAP_USER_20130629.csv Total de Logins: 22
29/06/2013 04:36:26|INFO|PCSGCPP_USER_20130629.csv Total de Logins: 16
29/06/2013 04:36:26|INFO|PCSUCM_USER_20130629.csv Total de Logins: 10
29/06/2013 04:36:26|INFO|PCSGVAS_USER_20130629.csv Total de Logins: 9
29/06/2013 04:36:26|INFO|PCSKPI_USER_20130629.csv Total de Logins: 6
29/06/2013 04:36:26|INFO|PCSIPVS_USER_20130629.csv Total de Logins: 8
29/06/2013 04:36:26|INFO|PCSBDOH_USER_20130629.csv Total de Logins: 133
29/06/2013 04:36:26|INFO|PCSSALES_USER_20130629.csv Total de Logins: 39
29/06/2013 04:36:26|INFO|PCSDTH_USER_20130629.csv Total de Logins: 8
29/06/2013 04:36:26|INFO|PCSPDV_MGMT_USER_20130629.csv Total de Logins: 9
29/06/2013 04:36:26|INFO|PCSGJMC_USER_20130629.csv Total de Logins: 8
29/06/2013 04:36:26|INFO|PCSFELETRONICAPG_USER_20130629.csv Total de Logins: 10
29/06/2013 04:36:26|INFO|PCSBISEMANTICO_USER_20130629.csv Total de Logins: 5
29/06/2013 04:36:26|INFO|Finalizado
