07/01/2013 04:30:01|INFO|Iniciando
07/01/2013 04:35:26|INFO|PCSCLARIFY_USER_20130107.csv Total de Logins: 20432
07/01/2013 04:35:26|INFO|PCSPDVGN_USER_20130107.csv Total de Logins: 3398
07/01/2013 04:35:26|INFO|PCSPDV_LIVE_USER_20130107.csv Total de Logins: 11901
07/01/2013 04:35:26|INFO|PCSPDVGL_USER_20130107.csv Total de Logins: 2034
07/01/2013 04:35:26|INFO|PCSSIEBEL_USER_20130107.csv Total de Logins: 50
07/01/2013 04:35:26|INFO|PCSDSF_USER_20130107.csv Total de Logins: 24771
07/01/2013 04:35:26|INFO|PCSSGR_USER_20130107.csv Total de Logins: 15974
07/01/2013 04:35:26|INFO|PCSCBCF_USER_20130107.csv Total de Logins: 11913
07/01/2013 04:35:26|INFO|PCSPROTOCOLOS_USER_20130107.csv Total de Logins: 3145
07/01/2013 04:35:26|INFO|PCSICRC_USER_20130107.csv Total de Logins: 16329
07/01/2013 04:35:26|INFO|PCSASP_USER_20130107.csv Total de Logins: 17825
07/01/2013 04:35:26|INFO|PCSIUNICA_USER_20130107.csv Total de Logins: 7977
07/01/2013 04:35:26|INFO|PCSSFA_USER_20130107.csv Total de Logins: 232
07/01/2013 04:35:26|INFO|PCSPLOGISTICA_USER_20130107.csv Total de Logins: 3240
07/01/2013 04:35:26|INFO|PCSTIMFILAS_USER_20130107.csv Total de Logins: 1677
07/01/2013 04:35:26|INFO|PCSGVAS_USER_20130107.csv Total de Logins: 11
07/01/2013 04:35:26|INFO|PCSVERO_USER_20130107.csv Total de Logins: 241
07/01/2013 04:35:26|INFO|PCSSALES_USER_20130107.csv Total de Logins: 339
07/01/2013 04:35:26|INFO|PCSVENDITA_USER_20130107.csv Total de Logins: 264
07/01/2013 04:35:26|INFO|PCSSCTR-PORTAL_USER_20130107.csv Total de Logins: 19
07/01/2013 04:35:26|INFO|PCSRAP_USER_20130107.csv Total de Logins: 17
07/01/2013 04:35:26|INFO|PCSFELETRONICA_USER_20130107.csv Total de Logins: 2268
07/01/2013 04:35:26|INFO|PCSBDOH_USER_20130107.csv Total de Logins: 208
07/01/2013 04:35:26|INFO|PCSUCM_USER_20130107.csv Total de Logins: 14
07/01/2013 04:35:26|INFO|PCSKPI_USER_20130107.csv Total de Logins: 8
07/01/2013 04:35:26|INFO|PCSIPVS_USER_20130107.csv Total de Logins: 5
07/01/2013 04:35:26|INFO|PCSGCPP_USER_20130107.csv Total de Logins: 6
07/01/2013 04:35:26|INFO|PCSPDV_MGMT_USER_20130107.csv Total de Logins: 5
07/01/2013 04:35:26|INFO|PCSGJMC_USER_20130107.csv Total de Logins: 8
07/01/2013 04:35:26|INFO|PCSP2B_USER_20130107.csv Total de Logins: 15
07/01/2013 04:35:26|INFO|PCSFELETRONICAPG_USER_20130107.csv Total de Logins: 9
07/01/2013 04:35:26|INFO|PCSDTH_USER_20130107.csv Total de Logins: 2
07/01/2013 04:35:26|INFO|Finalizado
