28/01/2013 04:30:01|INFO|Iniciando
28/01/2013 04:35:39|INFO|PCSCLARIFY_USER_20130128.csv Total de Logins: 21182
28/01/2013 04:35:39|INFO|PCSPDVGN_USER_20130128.csv Total de Logins: 3428
28/01/2013 04:35:39|INFO|PCSPDV_LIVE_USER_20130128.csv Total de Logins: 11175
28/01/2013 04:35:39|INFO|PCSSFA_USER_20130128.csv Total de Logins: 1771
28/01/2013 04:35:39|INFO|PCSPDVGL_USER_20130128.csv Total de Logins: 2041
28/01/2013 04:35:39|INFO|PCSSIEBEL_USER_20130128.csv Total de Logins: 27
28/01/2013 04:35:39|INFO|PCSDSF_USER_20130128.csv Total de Logins: 25318
28/01/2013 04:35:39|INFO|PCSSGR_USER_20130128.csv Total de Logins: 16061
28/01/2013 04:35:39|INFO|PCSCBCF_USER_20130128.csv Total de Logins: 12024
28/01/2013 04:35:39|INFO|PCSPROTOCOLOS_USER_20130128.csv Total de Logins: 2774
28/01/2013 04:35:39|INFO|PCSICRC_USER_20130128.csv Total de Logins: 17021
28/01/2013 04:35:39|INFO|PCSASP_USER_20130128.csv Total de Logins: 18809
28/01/2013 04:35:39|INFO|PCSIUNICA_USER_20130128.csv Total de Logins: 8328
28/01/2013 04:35:39|INFO|PCSPLOGISTICA_USER_20130128.csv Total de Logins: 3867
28/01/2013 04:35:39|INFO|PCSTIMFILAS_USER_20130128.csv Total de Logins: 1616
28/01/2013 04:35:39|INFO|PCSFELETRONICA_USER_20130128.csv Total de Logins: 3155
28/01/2013 04:35:39|INFO|PCSVERO_USER_20130128.csv Total de Logins: 1660
28/01/2013 04:35:39|INFO|PCSP2B_USER_20130128.csv Total de Logins: 1697
28/01/2013 04:35:39|INFO|PCSVENDITA_USER_20130128.csv Total de Logins: 258
28/01/2013 04:35:39|INFO|PCSSCTR-PORTAL_USER_20130128.csv Total de Logins: 16
28/01/2013 04:35:39|INFO|PCSRAP_USER_20130128.csv Total de Logins: 14
28/01/2013 04:35:39|INFO|PCSBDOH_USER_20130128.csv Total de Logins: 186
28/01/2013 04:35:39|INFO|PCSUCM_USER_20130128.csv Total de Logins: 11
28/01/2013 04:35:39|INFO|PCSGVAS_USER_20130128.csv Total de Logins: 10
28/01/2013 04:35:39|INFO|PCSKPI_USER_20130128.csv Total de Logins: 8
28/01/2013 04:35:39|INFO|PCSIPVS_USER_20130128.csv Total de Logins: 5
28/01/2013 04:35:39|INFO|PCSSALES_USER_20130128.csv Total de Logins: 74
28/01/2013 04:35:39|INFO|PCSGCPP_USER_20130128.csv Total de Logins: 5
28/01/2013 04:35:39|INFO|PCSPDV_MGMT_USER_20130128.csv Total de Logins: 7
28/01/2013 04:35:39|INFO|PCSGJMC_USER_20130128.csv Total de Logins: 7
28/01/2013 04:35:39|INFO|PCSFELETRONICAPG_USER_20130128.csv Total de Logins: 6
28/01/2013 04:35:39|INFO|PCSDTH_USER_20130128.csv Total de Logins: 2
28/01/2013 04:35:39|INFO|Finalizado
