03/02/2013 04:30:01|INFO|Iniciando
03/02/2013 04:35:51|INFO|PCSCLARIFY_USER_20130203.csv Total de Logins: 21527
03/02/2013 04:35:51|INFO|PCSPDVGN_USER_20130203.csv Total de Logins: 3445
03/02/2013 04:35:51|INFO|PCSPDV_LIVE_USER_20130203.csv Total de Logins: 12026
03/02/2013 04:35:51|INFO|PCSSFA_USER_20130203.csv Total de Logins: 1797
03/02/2013 04:35:51|INFO|PCSPDVGL_USER_20130203.csv Total de Logins: 2058
03/02/2013 04:35:51|INFO|PCSSIEBEL_USER_20130203.csv Total de Logins: 29
03/02/2013 04:35:51|INFO|PCSDSF_USER_20130203.csv Total de Logins: 25746
03/02/2013 04:35:51|INFO|PCSPROTOCOLOS_USER_20130203.csv Total de Logins: 2652
03/02/2013 04:35:51|INFO|PCSSGR_USER_20130203.csv Total de Logins: 16476
03/02/2013 04:35:51|INFO|PCSCBCF_USER_20130203.csv Total de Logins: 12182
03/02/2013 04:35:51|INFO|PCSICRC_USER_20130203.csv Total de Logins: 17566
03/02/2013 04:35:51|INFO|PCSASP_USER_20130203.csv Total de Logins: 19267
03/02/2013 04:35:51|INFO|PCSIUNICA_USER_20130203.csv Total de Logins: 8852
03/02/2013 04:35:51|INFO|PCSPLOGISTICA_USER_20130203.csv Total de Logins: 4334
03/02/2013 04:35:51|INFO|PCSP2B_USER_20130203.csv Total de Logins: 1759
03/02/2013 04:35:51|INFO|PCSTIMFILAS_USER_20130203.csv Total de Logins: 1627
03/02/2013 04:35:51|INFO|PCSFELETRONICA_USER_20130203.csv Total de Logins: 3552
03/02/2013 04:35:51|INFO|PCSVERO_USER_20130203.csv Total de Logins: 1689
03/02/2013 04:35:51|INFO|PCSVENDITA_USER_20130203.csv Total de Logins: 253
03/02/2013 04:35:51|INFO|PCSRAP_USER_20130203.csv Total de Logins: 14
03/02/2013 04:35:51|INFO|PCSSCTR-PORTAL_USER_20130203.csv Total de Logins: 16
03/02/2013 04:35:51|INFO|PCSBDOH_USER_20130203.csv Total de Logins: 182
03/02/2013 04:35:51|INFO|PCSUCM_USER_20130203.csv Total de Logins: 11
03/02/2013 04:35:51|INFO|PCSGVAS_USER_20130203.csv Total de Logins: 9
03/02/2013 04:35:51|INFO|PCSKPI_USER_20130203.csv Total de Logins: 7
03/02/2013 04:35:51|INFO|PCSIPVS_USER_20130203.csv Total de Logins: 5
03/02/2013 04:35:51|INFO|PCSSALES_USER_20130203.csv Total de Logins: 90
03/02/2013 04:35:51|INFO|PCSGCPP_USER_20130203.csv Total de Logins: 5
03/02/2013 04:35:51|INFO|PCSPDV_MGMT_USER_20130203.csv Total de Logins: 8
03/02/2013 04:35:51|INFO|PCSGJMC_USER_20130203.csv Total de Logins: 7
03/02/2013 04:35:51|INFO|PCSFELETRONICAPG_USER_20130203.csv Total de Logins: 6
03/02/2013 04:35:51|INFO|PCSDTH_USER_20130203.csv Total de Logins: 2
03/02/2013 04:35:51|INFO|Finalizado
