09/08/2013 04:30:02|INFO|Iniciando
09/08/2013 04:36:58|INFO|PCSCLARIFY_USER_20130809.csv Total de Logins: 19673
09/08/2013 04:36:58|INFO|PCSPDVGN_USER_20130809.csv Total de Logins: 3294
09/08/2013 04:36:58|INFO|PCSICRC_USER_20130809.csv Total de Logins: 16098
09/08/2013 04:36:58|INFO|PCSDSF_USER_20130809.csv Total de Logins: 24183
09/08/2013 04:36:58|INFO|PCSSFA_USER_20130809.csv Total de Logins: 3631
09/08/2013 04:36:58|INFO|PCSPDV_LIVE_USER_20130809.csv Total de Logins: 11728
09/08/2013 04:36:58|INFO|PCSPDVGL_USER_20130809.csv Total de Logins: 1699
09/08/2013 04:36:58|INFO|PCSPROTOCOLOS_USER_20130809.csv Total de Logins: 3275
09/08/2013 04:36:58|INFO|PCSSGR_USER_20130809.csv Total de Logins: 16394
09/08/2013 04:36:58|INFO|PCSCBCF_USER_20130809.csv Total de Logins: 12224
09/08/2013 04:36:58|INFO|PCSASP_USER_20130809.csv Total de Logins: 17087
09/08/2013 04:36:58|INFO|PCSIUNICA_USER_20130809.csv Total de Logins: 8425
09/08/2013 04:36:58|INFO|PCSSIEBEL_USER_20130809.csv Total de Logins: 4077
09/08/2013 04:36:58|INFO|PCSFELETRONICA_USER_20130809.csv Total de Logins: 6546
09/08/2013 04:36:58|INFO|PCSP2B_USER_20130809.csv Total de Logins: 6839
09/08/2013 04:36:58|INFO|PCSVERO_USER_20130809.csv Total de Logins: 3238
09/08/2013 04:36:58|INFO|PCSPLOGISTICA_USER_20130809.csv Total de Logins: 2982
09/08/2013 04:36:58|INFO|PCSTIMFILAS_USER_20130809.csv Total de Logins: 1758
09/08/2013 04:36:58|INFO|PCSGCOB_USER_20130809.csv Total de Logins: 14
09/08/2013 04:36:58|INFO|PCSVENDITA_USER_20130809.csv Total de Logins: 292
09/08/2013 04:36:58|INFO|PCSVCE_USER_20130809.csv Total de Logins: 77
09/08/2013 04:36:58|INFO|PCSSCTR-PORTAL_USER_20130809.csv Total de Logins: 24
09/08/2013 04:36:58|INFO|PCSRAP_USER_20130809.csv Total de Logins: 17
09/08/2013 04:36:58|INFO|PCSGEOWEB_USER_20130809.csv Total de Logins: 1
09/08/2013 04:36:58|INFO|PCSUCM_USER_20130809.csv Total de Logins: 9
09/08/2013 04:36:58|INFO|PCSGVAS_USER_20130809.csv Total de Logins: 8
09/08/2013 04:36:58|INFO|PCSKPI_USER_20130809.csv Total de Logins: 6
09/08/2013 04:36:58|INFO|PCSIPVS_USER_20130809.csv Total de Logins: 8
09/08/2013 04:36:58|INFO|PCSBDOH_USER_20130809.csv Total de Logins: 160
09/08/2013 04:36:58|INFO|PCSSALES_USER_20130809.csv Total de Logins: 32
09/08/2013 04:36:58|INFO|PCSDTH_USER_20130809.csv Total de Logins: 8
09/08/2013 04:36:58|INFO|PCSPDV_MGMT_USER_20130809.csv Total de Logins: 22
09/08/2013 04:36:58|INFO|PCSFELETRONICAPG_USER_20130809.csv Total de Logins: 11
09/08/2013 04:36:58|INFO|PCSGCPP_USER_20130809.csv Total de Logins: 9
09/08/2013 04:36:58|INFO|PCSGJMC_USER_20130809.csv Total de Logins: 8
09/08/2013 04:36:58|INFO|PCSBISEMANTICO_USER_20130809.csv Total de Logins: 1
09/08/2013 04:36:58|INFO|Finalizado
