29/01/2013 04:30:01|INFO|Iniciando
29/01/2013 04:35:50|INFO|PCSCLARIFY_USER_20130129.csv Total de Logins: 21193
29/01/2013 04:35:50|INFO|PCSPDVGN_USER_20130129.csv Total de Logins: 3436
29/01/2013 04:35:50|INFO|PCSPDV_LIVE_USER_20130129.csv Total de Logins: 11398
29/01/2013 04:35:50|INFO|PCSSFA_USER_20130129.csv Total de Logins: 1773
29/01/2013 04:35:50|INFO|PCSPDVGL_USER_20130129.csv Total de Logins: 2041
29/01/2013 04:35:50|INFO|PCSSIEBEL_USER_20130129.csv Total de Logins: 29
29/01/2013 04:35:50|INFO|PCSDSF_USER_20130129.csv Total de Logins: 25332
29/01/2013 04:35:50|INFO|PCSSGR_USER_20130129.csv Total de Logins: 16121
29/01/2013 04:35:50|INFO|PCSCBCF_USER_20130129.csv Total de Logins: 12049
29/01/2013 04:35:50|INFO|PCSPROTOCOLOS_USER_20130129.csv Total de Logins: 2691
29/01/2013 04:35:50|INFO|PCSICRC_USER_20130129.csv Total de Logins: 17042
29/01/2013 04:35:50|INFO|PCSASP_USER_20130129.csv Total de Logins: 18859
29/01/2013 04:35:50|INFO|PCSIUNICA_USER_20130129.csv Total de Logins: 8360
29/01/2013 04:35:50|INFO|PCSPLOGISTICA_USER_20130129.csv Total de Logins: 3892
29/01/2013 04:35:50|INFO|PCSP2B_USER_20130129.csv Total de Logins: 1716
29/01/2013 04:35:50|INFO|PCSTIMFILAS_USER_20130129.csv Total de Logins: 1622
29/01/2013 04:35:50|INFO|PCSFELETRONICA_USER_20130129.csv Total de Logins: 3175
29/01/2013 04:35:50|INFO|PCSVERO_USER_20130129.csv Total de Logins: 1661
29/01/2013 04:35:50|INFO|PCSVENDITA_USER_20130129.csv Total de Logins: 256
29/01/2013 04:35:50|INFO|PCSSCTR-PORTAL_USER_20130129.csv Total de Logins: 16
29/01/2013 04:35:50|INFO|PCSRAP_USER_20130129.csv Total de Logins: 14
29/01/2013 04:35:50|INFO|PCSBDOH_USER_20130129.csv Total de Logins: 185
29/01/2013 04:35:50|INFO|PCSUCM_USER_20130129.csv Total de Logins: 11
29/01/2013 04:35:50|INFO|PCSGVAS_USER_20130129.csv Total de Logins: 10
29/01/2013 04:35:50|INFO|PCSKPI_USER_20130129.csv Total de Logins: 8
29/01/2013 04:35:50|INFO|PCSIPVS_USER_20130129.csv Total de Logins: 5
29/01/2013 04:35:50|INFO|PCSSALES_USER_20130129.csv Total de Logins: 72
29/01/2013 04:35:50|INFO|PCSGCPP_USER_20130129.csv Total de Logins: 5
29/01/2013 04:35:50|INFO|PCSPDV_MGMT_USER_20130129.csv Total de Logins: 7
29/01/2013 04:35:50|INFO|PCSGJMC_USER_20130129.csv Total de Logins: 7
29/01/2013 04:35:50|INFO|PCSFELETRONICAPG_USER_20130129.csv Total de Logins: 6
29/01/2013 04:35:50|INFO|PCSDTH_USER_20130129.csv Total de Logins: 2
29/01/2013 04:35:50|INFO|Finalizado
