21/10/2012 04:30:01|INFO|Iniciando
21/10/2012 04:35:16|INFO|PCSCLARIFY_USER_20121021.csv Total de Logins: 19985
21/10/2012 04:35:16|INFO|PCSPDVGN_USER_20121021.csv Total de Logins: 3459
21/10/2012 04:35:16|INFO|PCSPDV_LIVE_USER_20121021.csv Total de Logins: 10091
21/10/2012 04:35:16|INFO|PCSPDVGL_USER_20121021.csv Total de Logins: 2142
21/10/2012 04:35:16|INFO|PCSSIEBEL_USER_20121021.csv Total de Logins: 500
21/10/2012 04:35:16|INFO|PCSDSF_USER_20121021.csv Total de Logins: 24194
21/10/2012 04:35:16|INFO|PCSSGR_USER_20121021.csv Total de Logins: 14755
21/10/2012 04:35:16|INFO|PCSCBCF_USER_20121021.csv Total de Logins: 10888
21/10/2012 04:35:16|INFO|PCSPROTOCOLOS_USER_20121021.csv Total de Logins: 2306
21/10/2012 04:35:16|INFO|PCSASP_USER_20121021.csv Total de Logins: 17593
21/10/2012 04:35:16|INFO|PCSIUNICA_USER_20121021.csv Total de Logins: 7665
21/10/2012 04:35:16|INFO|PCSICRC_USER_20121021.csv Total de Logins: 16003
21/10/2012 04:35:16|INFO|PCSPLOGISTICA_USER_20121021.csv Total de Logins: 4200
21/10/2012 04:35:16|INFO|PCSTIMFILAS_USER_20121021.csv Total de Logins: 1373
21/10/2012 04:35:16|INFO|PCSFELETRONICA_USER_20121021.csv Total de Logins: 2438
21/10/2012 04:35:16|INFO|PCSGVAS_USER_20121021.csv Total de Logins: 15
21/10/2012 04:35:16|INFO|PCSDTH_USER_20121021.csv Total de Logins: 6
21/10/2012 04:35:16|INFO|PCSVENDITA_USER_20121021.csv Total de Logins: 231
21/10/2012 04:35:16|INFO|PCSRAP_USER_20121021.csv Total de Logins: 36
21/10/2012 04:35:16|INFO|PCSSCTR-PORTAL_USER_20121021.csv Total de Logins: 19
21/10/2012 04:35:16|INFO|PCSVERO_USER_20121021.csv Total de Logins: 19
21/10/2012 04:35:16|INFO|PCSSFA_USER_20121021.csv Total de Logins: 17
21/10/2012 04:35:16|INFO|PCSFELETRONICAPG_USER_20121021.csv Total de Logins: 11
21/10/2012 04:35:16|INFO|PCSGCPP_USER_20121021.csv Total de Logins: 9
21/10/2012 04:35:16|INFO|PCSUCM_USER_20121021.csv Total de Logins: 39
21/10/2012 04:35:16|INFO|PCSGJMC_USER_20121021.csv Total de Logins: 12
21/10/2012 04:35:16|INFO|PCSKPI_USER_20121021.csv Total de Logins: 7
21/10/2012 04:35:16|INFO|PCSIPVS_USER_20121021.csv Total de Logins: 8
21/10/2012 04:35:16|INFO|PCSPDV_MGMT_USER_20121021.csv Total de Logins: 7
21/10/2012 04:35:16|INFO|PCSP2B_USER_20121021.csv Total de Logins: 2
21/10/2012 04:35:17|INFO|PCSBISEMANTICO_USER_20121021.csv Total de Logins: 2
21/10/2012 04:35:17|INFO|Finalizado
