13/10/2012 04:30:01|INFO|Iniciando
13/10/2012 04:35:01|INFO|PCSCLARIFY_USER_20121013.csv Total de Logins: 19945
13/10/2012 04:35:01|INFO|PCSPDVGN_USER_20121013.csv Total de Logins: 3450
13/10/2012 04:35:01|INFO|PCSPDV_LIVE_USER_20121013.csv Total de Logins: 9899
13/10/2012 04:35:01|INFO|PCSPDVGL_USER_20121013.csv Total de Logins: 2161
13/10/2012 04:35:01|INFO|PCSSIEBEL_USER_20121013.csv Total de Logins: 514
13/10/2012 04:35:01|INFO|PCSDSF_USER_20121013.csv Total de Logins: 24013
13/10/2012 04:35:01|INFO|PCSSGR_USER_20121013.csv Total de Logins: 14827
13/10/2012 04:35:01|INFO|PCSCBCF_USER_20121013.csv Total de Logins: 10855
13/10/2012 04:35:01|INFO|PCSPROTOCOLOS_USER_20121013.csv Total de Logins: 2126
13/10/2012 04:35:01|INFO|PCSASP_USER_20121013.csv Total de Logins: 17477
13/10/2012 04:35:01|INFO|PCSIUNICA_USER_20121013.csv Total de Logins: 7622
13/10/2012 04:35:01|INFO|PCSICRC_USER_20121013.csv Total de Logins: 16001
13/10/2012 04:35:01|INFO|PCSPLOGISTICA_USER_20121013.csv Total de Logins: 4175
13/10/2012 04:35:01|INFO|PCSTIMFILAS_USER_20121013.csv Total de Logins: 1309
13/10/2012 04:35:01|INFO|PCSFELETRONICA_USER_20121013.csv Total de Logins: 2350
13/10/2012 04:35:01|INFO|PCSGVAS_USER_20121013.csv Total de Logins: 16
13/10/2012 04:35:01|INFO|PCSDTH_USER_20121013.csv Total de Logins: 6
13/10/2012 04:35:01|INFO|PCSVENDITA_USER_20121013.csv Total de Logins: 234
13/10/2012 04:35:01|INFO|PCSRAP_USER_20121013.csv Total de Logins: 36
13/10/2012 04:35:01|INFO|PCSSCTR-PORTAL_USER_20121013.csv Total de Logins: 20
13/10/2012 04:35:01|INFO|PCSVERO_USER_20121013.csv Total de Logins: 19
13/10/2012 04:35:01|INFO|PCSSFA_USER_20121013.csv Total de Logins: 17
13/10/2012 04:35:01|INFO|PCSFELETRONICAPG_USER_20121013.csv Total de Logins: 12
13/10/2012 04:35:01|INFO|PCSGCPP_USER_20121013.csv Total de Logins: 9
13/10/2012 04:35:01|INFO|PCSUCM_USER_20121013.csv Total de Logins: 40
13/10/2012 04:35:01|INFO|PCSGJMC_USER_20121013.csv Total de Logins: 12
13/10/2012 04:35:01|INFO|PCSKPI_USER_20121013.csv Total de Logins: 7
13/10/2012 04:35:01|INFO|PCSIPVS_USER_20121013.csv Total de Logins: 9
13/10/2012 04:35:01|INFO|PCSPDV_MGMT_USER_20121013.csv Total de Logins: 7
13/10/2012 04:35:01|INFO|PCSP2B_USER_20121013.csv Total de Logins: 1
13/10/2012 04:35:01|INFO|PCSBISEMANTICO_USER_20121013.csv Total de Logins: 2
13/10/2012 04:35:01|INFO|Finalizado
