13/01/2013 04:30:02|INFO|Iniciando
13/01/2013 04:35:41|INFO|PCSCLARIFY_USER_20130113.csv Total de Logins: 20929
13/01/2013 04:35:41|INFO|PCSPDVGN_USER_20130113.csv Total de Logins: 3411
13/01/2013 04:35:41|INFO|PCSPDV_LIVE_USER_20130113.csv Total de Logins: 11193
13/01/2013 04:35:41|INFO|PCSSFA_USER_20130113.csv Total de Logins: 515
13/01/2013 04:35:41|INFO|PCSPDVGL_USER_20130113.csv Total de Logins: 2038
13/01/2013 04:35:41|INFO|PCSSIEBEL_USER_20130113.csv Total de Logins: 50
13/01/2013 04:35:41|INFO|PCSDSF_USER_20130113.csv Total de Logins: 25282
13/01/2013 04:35:41|INFO|PCSSGR_USER_20130113.csv Total de Logins: 16348
13/01/2013 04:35:41|INFO|PCSCBCF_USER_20130113.csv Total de Logins: 11710
13/01/2013 04:35:41|INFO|PCSPROTOCOLOS_USER_20130113.csv Total de Logins: 3023
13/01/2013 04:35:41|INFO|PCSICRC_USER_20130113.csv Total de Logins: 16637
13/01/2013 04:35:41|INFO|PCSASP_USER_20130113.csv Total de Logins: 18343
13/01/2013 04:35:41|INFO|PCSIUNICA_USER_20130113.csv Total de Logins: 8344
13/01/2013 04:35:41|INFO|PCSPLOGISTICA_USER_20130113.csv Total de Logins: 3798
13/01/2013 04:35:41|INFO|PCSTIMFILAS_USER_20130113.csv Total de Logins: 1675
13/01/2013 04:35:41|INFO|PCSFELETRONICA_USER_20130113.csv Total de Logins: 3252
13/01/2013 04:35:41|INFO|PCSVERO_USER_20130113.csv Total de Logins: 473
13/01/2013 04:35:41|INFO|PCSP2B_USER_20130113.csv Total de Logins: 363
13/01/2013 04:35:41|INFO|PCSGVAS_USER_20130113.csv Total de Logins: 11
13/01/2013 04:35:41|INFO|PCSSALES_USER_20130113.csv Total de Logins: 337
13/01/2013 04:35:41|INFO|PCSVENDITA_USER_20130113.csv Total de Logins: 260
13/01/2013 04:35:41|INFO|PCSSCTR-PORTAL_USER_20130113.csv Total de Logins: 19
13/01/2013 04:35:41|INFO|PCSRAP_USER_20130113.csv Total de Logins: 15
13/01/2013 04:35:41|INFO|PCSBDOH_USER_20130113.csv Total de Logins: 210
13/01/2013 04:35:41|INFO|PCSUCM_USER_20130113.csv Total de Logins: 14
13/01/2013 04:35:41|INFO|PCSKPI_USER_20130113.csv Total de Logins: 8
13/01/2013 04:35:41|INFO|PCSIPVS_USER_20130113.csv Total de Logins: 5
13/01/2013 04:35:41|INFO|PCSGCPP_USER_20130113.csv Total de Logins: 6
13/01/2013 04:35:41|INFO|PCSPDV_MGMT_USER_20130113.csv Total de Logins: 5
13/01/2013 04:35:41|INFO|PCSGJMC_USER_20130113.csv Total de Logins: 8
13/01/2013 04:35:41|INFO|PCSFELETRONICAPG_USER_20130113.csv Total de Logins: 8
13/01/2013 04:35:41|INFO|PCSDTH_USER_20130113.csv Total de Logins: 2
13/01/2013 04:35:41|INFO|Finalizado
