27/05/2013 04:30:01|INFO|Iniciando
27/05/2013 04:36:10|INFO|PCSCLARIFY_USER_20130527.csv Total de Logins: 20485
27/05/2013 04:36:10|INFO|PCSPDVGN_USER_20130527.csv Total de Logins: 3101
27/05/2013 04:36:10|INFO|PCSPDV_LIVE_USER_20130527.csv Total de Logins: 10829
27/05/2013 04:36:10|INFO|PCSPDVGL_USER_20130527.csv Total de Logins: 1782
27/05/2013 04:36:10|INFO|PCSSIEBEL_USER_20130527.csv Total de Logins: 97
27/05/2013 04:36:10|INFO|PCSDSF_USER_20130527.csv Total de Logins: 24553
27/05/2013 04:36:10|INFO|PCSPROTOCOLOS_USER_20130527.csv Total de Logins: 2667
27/05/2013 04:36:10|INFO|PCSSGR_USER_20130527.csv Total de Logins: 16429
27/05/2013 04:36:10|INFO|PCSCBCF_USER_20130527.csv Total de Logins: 12303
27/05/2013 04:36:10|INFO|PCSICRC_USER_20130527.csv Total de Logins: 16462
27/05/2013 04:36:10|INFO|PCSASP_USER_20130527.csv Total de Logins: 18240
27/05/2013 04:36:10|INFO|PCSIUNICA_USER_20130527.csv Total de Logins: 8041
27/05/2013 04:36:10|INFO|PCSP2B_USER_20130527.csv Total de Logins: 4763
27/05/2013 04:36:10|INFO|PCSPLOGISTICA_USER_20130527.csv Total de Logins: 4590
27/05/2013 04:36:10|INFO|PCSSFA_USER_20130527.csv Total de Logins: 2247
27/05/2013 04:36:10|INFO|PCSVERO_USER_20130527.csv Total de Logins: 2026
27/05/2013 04:36:10|INFO|PCSTIMFILAS_USER_20130527.csv Total de Logins: 1683
27/05/2013 04:36:10|INFO|PCSFELETRONICA_USER_20130527.csv Total de Logins: 2968
27/05/2013 04:36:10|INFO|PCSVENDITA_USER_20130527.csv Total de Logins: 244
27/05/2013 04:36:10|INFO|PCSSCTR-PORTAL_USER_20130527.csv Total de Logins: 19
27/05/2013 04:36:10|INFO|PCSRAP_USER_20130527.csv Total de Logins: 19
27/05/2013 04:36:10|INFO|PCSUCM_USER_20130527.csv Total de Logins: 9
27/05/2013 04:36:10|INFO|PCSGVAS_USER_20130527.csv Total de Logins: 7
27/05/2013 04:36:10|INFO|PCSKPI_USER_20130527.csv Total de Logins: 7
27/05/2013 04:36:10|INFO|PCSIPVS_USER_20130527.csv Total de Logins: 4
27/05/2013 04:36:10|INFO|PCSBDOH_USER_20130527.csv Total de Logins: 139
27/05/2013 04:36:10|INFO|PCSSALES_USER_20130527.csv Total de Logins: 47
27/05/2013 04:36:10|INFO|PCSGCPP_USER_20130527.csv Total de Logins: 8
27/05/2013 04:36:10|INFO|PCSPDV_MGMT_USER_20130527.csv Total de Logins: 6
27/05/2013 04:36:10|INFO|PCSGJMC_USER_20130527.csv Total de Logins: 6
27/05/2013 04:36:10|INFO|PCSFELETRONICAPG_USER_20130527.csv Total de Logins: 4
27/05/2013 04:36:10|INFO|PCSDTH_USER_20130527.csv Total de Logins: 2
27/05/2013 04:36:10|INFO|Finalizado
