27/10/2012 04:30:01|INFO|Iniciando
27/10/2012 04:35:15|INFO|PCSCLARIFY_USER_20121027.csv Total de Logins: 19605
27/10/2012 04:35:15|INFO|PCSPDVGN_USER_20121027.csv Total de Logins: 3431
27/10/2012 04:35:15|INFO|PCSPDV_LIVE_USER_20121027.csv Total de Logins: 10193
27/10/2012 04:35:15|INFO|PCSPDVGL_USER_20121027.csv Total de Logins: 2108
27/10/2012 04:35:15|INFO|PCSSIEBEL_USER_20121027.csv Total de Logins: 495
27/10/2012 04:35:15|INFO|PCSDSF_USER_20121027.csv Total de Logins: 23715
27/10/2012 04:35:15|INFO|PCSSGR_USER_20121027.csv Total de Logins: 14653
27/10/2012 04:35:15|INFO|PCSCBCF_USER_20121027.csv Total de Logins: 11074
27/10/2012 04:35:15|INFO|PCSPROTOCOLOS_USER_20121027.csv Total de Logins: 2682
27/10/2012 04:35:15|INFO|PCSASP_USER_20121027.csv Total de Logins: 17208
27/10/2012 04:35:15|INFO|PCSIUNICA_USER_20121027.csv Total de Logins: 7478
27/10/2012 04:35:15|INFO|PCSICRC_USER_20121027.csv Total de Logins: 15791
27/10/2012 04:35:15|INFO|PCSPLOGISTICA_USER_20121027.csv Total de Logins: 3915
27/10/2012 04:35:15|INFO|PCSTIMFILAS_USER_20121027.csv Total de Logins: 1400
27/10/2012 04:35:15|INFO|PCSFELETRONICA_USER_20121027.csv Total de Logins: 2245
27/10/2012 04:35:15|INFO|PCSGVAS_USER_20121027.csv Total de Logins: 15
27/10/2012 04:35:15|INFO|PCSDTH_USER_20121027.csv Total de Logins: 5
27/10/2012 04:35:15|INFO|PCSVERO_USER_20121027.csv Total de Logins: 20
27/10/2012 04:35:15|INFO|PCSVENDITA_USER_20121027.csv Total de Logins: 221
27/10/2012 04:35:15|INFO|PCSRAP_USER_20121027.csv Total de Logins: 32
27/10/2012 04:35:15|INFO|PCSSCTR-PORTAL_USER_20121027.csv Total de Logins: 19
27/10/2012 04:35:15|INFO|PCSSFA_USER_20121027.csv Total de Logins: 17
27/10/2012 04:35:15|INFO|PCSFELETRONICAPG_USER_20121027.csv Total de Logins: 10
27/10/2012 04:35:15|INFO|PCSGCPP_USER_20121027.csv Total de Logins: 9
27/10/2012 04:35:15|INFO|PCSUCM_USER_20121027.csv Total de Logins: 31
27/10/2012 04:35:15|INFO|PCSGJMC_USER_20121027.csv Total de Logins: 12
27/10/2012 04:35:15|INFO|PCSKPI_USER_20121027.csv Total de Logins: 7
27/10/2012 04:35:15|INFO|PCSIPVS_USER_20121027.csv Total de Logins: 8
27/10/2012 04:35:15|INFO|PCSPDV_MGMT_USER_20121027.csv Total de Logins: 7
27/10/2012 04:35:15|INFO|PCSP2B_USER_20121027.csv Total de Logins: 2
27/10/2012 04:35:15|INFO|PCSBISEMANTICO_USER_20121027.csv Total de Logins: 2
27/10/2012 04:35:15|INFO|Finalizado
