02/02/2013 04:30:01|INFO|Iniciando
02/02/2013 04:35:54|INFO|PCSCLARIFY_USER_20130202.csv Total de Logins: 21561
02/02/2013 04:35:54|INFO|PCSPDVGN_USER_20130202.csv Total de Logins: 3446
02/02/2013 04:35:54|INFO|PCSPDV_LIVE_USER_20130202.csv Total de Logins: 12072
02/02/2013 04:35:54|INFO|PCSSFA_USER_20130202.csv Total de Logins: 1799
02/02/2013 04:35:54|INFO|PCSPDVGL_USER_20130202.csv Total de Logins: 2058
02/02/2013 04:35:54|INFO|PCSSIEBEL_USER_20130202.csv Total de Logins: 29
02/02/2013 04:35:54|INFO|PCSDSF_USER_20130202.csv Total de Logins: 25748
02/02/2013 04:35:54|INFO|PCSPROTOCOLOS_USER_20130202.csv Total de Logins: 2707
02/02/2013 04:35:54|INFO|PCSSGR_USER_20130202.csv Total de Logins: 16550
02/02/2013 04:35:54|INFO|PCSCBCF_USER_20130202.csv Total de Logins: 12257
02/02/2013 04:35:54|INFO|PCSICRC_USER_20130202.csv Total de Logins: 17616
02/02/2013 04:35:54|INFO|PCSASP_USER_20130202.csv Total de Logins: 19294
02/02/2013 04:35:54|INFO|PCSIUNICA_USER_20130202.csv Total de Logins: 8889
02/02/2013 04:35:54|INFO|PCSPLOGISTICA_USER_20130202.csv Total de Logins: 4362
02/02/2013 04:35:54|INFO|PCSP2B_USER_20130202.csv Total de Logins: 1759
02/02/2013 04:35:54|INFO|PCSTIMFILAS_USER_20130202.csv Total de Logins: 1631
02/02/2013 04:35:54|INFO|PCSFELETRONICA_USER_20130202.csv Total de Logins: 3588
02/02/2013 04:35:54|INFO|PCSVERO_USER_20130202.csv Total de Logins: 1690
02/02/2013 04:35:54|INFO|PCSVENDITA_USER_20130202.csv Total de Logins: 253
02/02/2013 04:35:54|INFO|PCSRAP_USER_20130202.csv Total de Logins: 14
02/02/2013 04:35:54|INFO|PCSSCTR-PORTAL_USER_20130202.csv Total de Logins: 16
02/02/2013 04:35:54|INFO|PCSBDOH_USER_20130202.csv Total de Logins: 183
02/02/2013 04:35:54|INFO|PCSUCM_USER_20130202.csv Total de Logins: 11
02/02/2013 04:35:54|INFO|PCSGVAS_USER_20130202.csv Total de Logins: 10
02/02/2013 04:35:54|INFO|PCSKPI_USER_20130202.csv Total de Logins: 7
02/02/2013 04:35:54|INFO|PCSIPVS_USER_20130202.csv Total de Logins: 5
02/02/2013 04:35:54|INFO|PCSSALES_USER_20130202.csv Total de Logins: 91
02/02/2013 04:35:54|INFO|PCSGCPP_USER_20130202.csv Total de Logins: 5
02/02/2013 04:35:54|INFO|PCSPDV_MGMT_USER_20130202.csv Total de Logins: 8
02/02/2013 04:35:54|INFO|PCSGJMC_USER_20130202.csv Total de Logins: 7
02/02/2013 04:35:54|INFO|PCSFELETRONICAPG_USER_20130202.csv Total de Logins: 6
02/02/2013 04:35:54|INFO|PCSDTH_USER_20130202.csv Total de Logins: 2
02/02/2013 04:35:54|INFO|Finalizado
