02/01/2013 04:30:01|INFO|Iniciando
02/01/2013 04:35:26|INFO|PCSCLARIFY_USER_20130102.csv Total de Logins: 20664
02/01/2013 04:35:26|INFO|PCSPDVGN_USER_20130102.csv Total de Logins: 3393
02/01/2013 04:35:26|INFO|PCSPDV_LIVE_USER_20130102.csv Total de Logins: 12305
02/01/2013 04:35:26|INFO|PCSPDVGL_USER_20130102.csv Total de Logins: 2023
02/01/2013 04:35:26|INFO|PCSSIEBEL_USER_20130102.csv Total de Logins: 56
02/01/2013 04:35:26|INFO|PCSDSF_USER_20130102.csv Total de Logins: 25074
02/01/2013 04:35:26|INFO|PCSSGR_USER_20130102.csv Total de Logins: 16272
02/01/2013 04:35:26|INFO|PCSCBCF_USER_20130102.csv Total de Logins: 12343
02/01/2013 04:35:26|INFO|PCSPROTOCOLOS_USER_20130102.csv Total de Logins: 3401
02/01/2013 04:35:26|INFO|PCSICRC_USER_20130102.csv Total de Logins: 16484
02/01/2013 04:35:26|INFO|PCSASP_USER_20130102.csv Total de Logins: 17955
02/01/2013 04:35:26|INFO|PCSIUNICA_USER_20130102.csv Total de Logins: 8012
02/01/2013 04:35:26|INFO|PCSSFA_USER_20130102.csv Total de Logins: 163
02/01/2013 04:35:26|INFO|PCSPLOGISTICA_USER_20130102.csv Total de Logins: 3232
02/01/2013 04:35:26|INFO|PCSTIMFILAS_USER_20130102.csv Total de Logins: 1698
02/01/2013 04:35:26|INFO|PCSGVAS_USER_20130102.csv Total de Logins: 11
02/01/2013 04:35:26|INFO|PCSVERO_USER_20130102.csv Total de Logins: 196
02/01/2013 04:35:26|INFO|PCSSALES_USER_20130102.csv Total de Logins: 340
02/01/2013 04:35:26|INFO|PCSVENDITA_USER_20130102.csv Total de Logins: 272
02/01/2013 04:35:26|INFO|PCSSCTR-PORTAL_USER_20130102.csv Total de Logins: 19
02/01/2013 04:35:26|INFO|PCSRAP_USER_20130102.csv Total de Logins: 18
02/01/2013 04:35:26|INFO|PCSP2B_USER_20130102.csv Total de Logins: 26
02/01/2013 04:35:26|INFO|PCSFELETRONICA_USER_20130102.csv Total de Logins: 2137
02/01/2013 04:35:26|INFO|PCSBDOH_USER_20130102.csv Total de Logins: 227
02/01/2013 04:35:26|INFO|PCSUCM_USER_20130102.csv Total de Logins: 14
02/01/2013 04:35:26|INFO|PCSKPI_USER_20130102.csv Total de Logins: 8
02/01/2013 04:35:26|INFO|PCSIPVS_USER_20130102.csv Total de Logins: 5
02/01/2013 04:35:26|INFO|PCSGCPP_USER_20130102.csv Total de Logins: 6
02/01/2013 04:35:26|INFO|PCSPDV_MGMT_USER_20130102.csv Total de Logins: 5
02/01/2013 04:35:26|INFO|PCSGJMC_USER_20130102.csv Total de Logins: 8
02/01/2013 04:35:26|INFO|PCSFELETRONICAPG_USER_20130102.csv Total de Logins: 7
02/01/2013 04:35:26|INFO|PCSDTH_USER_20130102.csv Total de Logins: 2
02/01/2013 04:35:26|INFO|Finalizado
