19/12/2012 04:30:01|INFO|Iniciando
19/12/2012 04:35:37|INFO|PCSCLARIFY_USER_20121219.csv Total de Logins: 20925
19/12/2012 04:35:37|INFO|PCSPDVGN_USER_20121219.csv Total de Logins: 3408
19/12/2012 04:35:37|INFO|PCSPDV_LIVE_USER_20121219.csv Total de Logins: 12457
19/12/2012 04:35:37|INFO|PCSBDOH_USER_20121219.csv Total de Logins: 332
19/12/2012 04:35:37|INFO|PCSPDVGL_USER_20121219.csv Total de Logins: 2027
19/12/2012 04:35:37|INFO|PCSSIEBEL_USER_20121219.csv Total de Logins: 84
19/12/2012 04:35:37|INFO|PCSDSF_USER_20121219.csv Total de Logins: 25354
19/12/2012 04:35:37|INFO|PCSSGR_USER_20121219.csv Total de Logins: 16733
19/12/2012 04:35:37|INFO|PCSCBCF_USER_20121219.csv Total de Logins: 12483
19/12/2012 04:35:37|INFO|PCSPROTOCOLOS_USER_20121219.csv Total de Logins: 3534
19/12/2012 04:35:37|INFO|PCSIUNICA_USER_20121219.csv Total de Logins: 8279
19/12/2012 04:35:37|INFO|PCSFELETRONICA_USER_20121219.csv Total de Logins: 2629
19/12/2012 04:35:37|INFO|PCSICRC_USER_20121219.csv Total de Logins: 16684
19/12/2012 04:35:37|INFO|PCSPLOGISTICA_USER_20121219.csv Total de Logins: 3906
19/12/2012 04:35:37|INFO|PCSASP_USER_20121219.csv Total de Logins: 18079
19/12/2012 04:35:37|INFO|PCSSFA_USER_20121219.csv Total de Logins: 108
19/12/2012 04:35:37|INFO|PCSTIMFILAS_USER_20121219.csv Total de Logins: 1656
19/12/2012 04:35:37|INFO|PCSGVAS_USER_20121219.csv Total de Logins: 12
19/12/2012 04:35:37|INFO|PCSVERO_USER_20121219.csv Total de Logins: 203
19/12/2012 04:35:37|INFO|PCSSALES_USER_20121219.csv Total de Logins: 363
19/12/2012 04:35:37|INFO|PCSVENDITA_USER_20121219.csv Total de Logins: 272
19/12/2012 04:35:37|INFO|PCSSCTR-PORTAL_USER_20121219.csv Total de Logins: 19
19/12/2012 04:35:37|INFO|PCSRAP_USER_20121219.csv Total de Logins: 19
19/12/2012 04:35:37|INFO|PCSP2B_USER_20121219.csv Total de Logins: 26
19/12/2012 04:35:37|INFO|PCSUCM_USER_20121219.csv Total de Logins: 14
19/12/2012 04:35:37|INFO|PCSKPI_USER_20121219.csv Total de Logins: 8
19/12/2012 04:35:37|INFO|PCSIPVS_USER_20121219.csv Total de Logins: 5
19/12/2012 04:35:37|INFO|PCSGCPP_USER_20121219.csv Total de Logins: 7
19/12/2012 04:35:37|INFO|PCSPDV_MGMT_USER_20121219.csv Total de Logins: 6
19/12/2012 04:35:37|INFO|PCSGJMC_USER_20121219.csv Total de Logins: 8
19/12/2012 04:35:37|INFO|PCSFELETRONICAPG_USER_20121219.csv Total de Logins: 7
19/12/2012 04:35:37|INFO|PCSDTH_USER_20121219.csv Total de Logins: 2
19/12/2012 04:35:37|INFO|Finalizado
