03/01/2013 04:30:01|INFO|Iniciando
03/01/2013 04:35:34|INFO|PCSCLARIFY_USER_20130103.csv Total de Logins: 20444
03/01/2013 04:35:34|INFO|PCSPDVGN_USER_20130103.csv Total de Logins: 3389
03/01/2013 04:35:34|INFO|PCSPDV_LIVE_USER_20130103.csv Total de Logins: 12318
03/01/2013 04:35:34|INFO|PCSPDVGL_USER_20130103.csv Total de Logins: 2035
03/01/2013 04:35:34|INFO|PCSSIEBEL_USER_20130103.csv Total de Logins: 56
03/01/2013 04:35:34|INFO|PCSDSF_USER_20130103.csv Total de Logins: 24860
03/01/2013 04:35:34|INFO|PCSSGR_USER_20130103.csv Total de Logins: 16169
03/01/2013 04:35:34|INFO|PCSCBCF_USER_20130103.csv Total de Logins: 12278
03/01/2013 04:35:34|INFO|PCSPROTOCOLOS_USER_20130103.csv Total de Logins: 3420
03/01/2013 04:35:34|INFO|PCSICRC_USER_20130103.csv Total de Logins: 16295
03/01/2013 04:35:34|INFO|PCSASP_USER_20130103.csv Total de Logins: 17739
03/01/2013 04:35:34|INFO|PCSIUNICA_USER_20130103.csv Total de Logins: 7889
03/01/2013 04:35:34|INFO|PCSSFA_USER_20130103.csv Total de Logins: 163
03/01/2013 04:35:34|INFO|PCSPLOGISTICA_USER_20130103.csv Total de Logins: 3236
03/01/2013 04:35:34|INFO|PCSTIMFILAS_USER_20130103.csv Total de Logins: 1698
03/01/2013 04:35:34|INFO|PCSGVAS_USER_20130103.csv Total de Logins: 11
03/01/2013 04:35:34|INFO|PCSVERO_USER_20130103.csv Total de Logins: 196
03/01/2013 04:35:34|INFO|PCSSALES_USER_20130103.csv Total de Logins: 340
03/01/2013 04:35:34|INFO|PCSVENDITA_USER_20130103.csv Total de Logins: 269
03/01/2013 04:35:34|INFO|PCSSCTR-PORTAL_USER_20130103.csv Total de Logins: 19
03/01/2013 04:35:34|INFO|PCSRAP_USER_20130103.csv Total de Logins: 18
03/01/2013 04:35:34|INFO|PCSP2B_USER_20130103.csv Total de Logins: 26
03/01/2013 04:35:34|INFO|PCSFELETRONICA_USER_20130103.csv Total de Logins: 2155
03/01/2013 04:35:34|INFO|PCSBDOH_USER_20130103.csv Total de Logins: 227
03/01/2013 04:35:34|INFO|PCSUCM_USER_20130103.csv Total de Logins: 14
03/01/2013 04:35:34|INFO|PCSKPI_USER_20130103.csv Total de Logins: 8
03/01/2013 04:35:34|INFO|PCSIPVS_USER_20130103.csv Total de Logins: 5
03/01/2013 04:35:34|INFO|PCSGCPP_USER_20130103.csv Total de Logins: 6
03/01/2013 04:35:34|INFO|PCSPDV_MGMT_USER_20130103.csv Total de Logins: 5
03/01/2013 04:35:34|INFO|PCSGJMC_USER_20130103.csv Total de Logins: 8
03/01/2013 04:35:34|INFO|PCSFELETRONICAPG_USER_20130103.csv Total de Logins: 7
03/01/2013 04:35:34|INFO|PCSDTH_USER_20130103.csv Total de Logins: 2
03/01/2013 04:35:34|INFO|Finalizado
