26/10/2012 04:30:01|INFO|Iniciando
26/10/2012 04:35:11|INFO|PCSCLARIFY_USER_20121026.csv Total de Logins: 19473
26/10/2012 04:35:11|INFO|PCSPDVGN_USER_20121026.csv Total de Logins: 3439
26/10/2012 04:35:11|INFO|PCSPDV_LIVE_USER_20121026.csv Total de Logins: 10194
26/10/2012 04:35:11|INFO|PCSPDVGL_USER_20121026.csv Total de Logins: 2110
26/10/2012 04:35:11|INFO|PCSSIEBEL_USER_20121026.csv Total de Logins: 495
26/10/2012 04:35:12|INFO|PCSDSF_USER_20121026.csv Total de Logins: 23483
26/10/2012 04:35:12|INFO|PCSSGR_USER_20121026.csv Total de Logins: 14570
26/10/2012 04:35:12|INFO|PCSCBCF_USER_20121026.csv Total de Logins: 11049
26/10/2012 04:35:12|INFO|PCSPROTOCOLOS_USER_20121026.csv Total de Logins: 2543
26/10/2012 04:35:12|INFO|PCSASP_USER_20121026.csv Total de Logins: 17070
26/10/2012 04:35:12|INFO|PCSIUNICA_USER_20121026.csv Total de Logins: 7350
26/10/2012 04:35:12|INFO|PCSICRC_USER_20121026.csv Total de Logins: 15565
26/10/2012 04:35:12|INFO|PCSPLOGISTICA_USER_20121026.csv Total de Logins: 3898
26/10/2012 04:35:12|INFO|PCSTIMFILAS_USER_20121026.csv Total de Logins: 1397
26/10/2012 04:35:12|INFO|PCSFELETRONICA_USER_20121026.csv Total de Logins: 2132
26/10/2012 04:35:12|INFO|PCSGVAS_USER_20121026.csv Total de Logins: 15
26/10/2012 04:35:12|INFO|PCSDTH_USER_20121026.csv Total de Logins: 5
26/10/2012 04:35:12|INFO|PCSVERO_USER_20121026.csv Total de Logins: 20
26/10/2012 04:35:12|INFO|PCSVENDITA_USER_20121026.csv Total de Logins: 221
26/10/2012 04:35:12|INFO|PCSRAP_USER_20121026.csv Total de Logins: 33
26/10/2012 04:35:12|INFO|PCSSCTR-PORTAL_USER_20121026.csv Total de Logins: 19
26/10/2012 04:35:12|INFO|PCSSFA_USER_20121026.csv Total de Logins: 17
26/10/2012 04:35:12|INFO|PCSFELETRONICAPG_USER_20121026.csv Total de Logins: 10
26/10/2012 04:35:12|INFO|PCSGCPP_USER_20121026.csv Total de Logins: 9
26/10/2012 04:35:12|INFO|PCSUCM_USER_20121026.csv Total de Logins: 39
26/10/2012 04:35:12|INFO|PCSGJMC_USER_20121026.csv Total de Logins: 12
26/10/2012 04:35:12|INFO|PCSKPI_USER_20121026.csv Total de Logins: 7
26/10/2012 04:35:12|INFO|PCSIPVS_USER_20121026.csv Total de Logins: 8
26/10/2012 04:35:12|INFO|PCSPDV_MGMT_USER_20121026.csv Total de Logins: 7
26/10/2012 04:35:12|INFO|PCSP2B_USER_20121026.csv Total de Logins: 2
26/10/2012 04:35:12|INFO|PCSBISEMANTICO_USER_20121026.csv Total de Logins: 2
26/10/2012 04:35:12|INFO|Finalizado
