15/08/2013 04:30:02|INFO|Iniciando
15/08/2013 04:36:36|INFO|PCSCLARIFY_USER_20130815.csv Total de Logins: 19467
15/08/2013 04:36:36|INFO|PCSPDVGN_USER_20130815.csv Total de Logins: 3289
15/08/2013 04:36:36|INFO|PCSICRC_USER_20130815.csv Total de Logins: 16098
15/08/2013 04:36:36|INFO|PCSDSF_USER_20130815.csv Total de Logins: 24156
15/08/2013 04:36:36|INFO|PCSSFA_USER_20130815.csv Total de Logins: 3585
15/08/2013 04:36:36|INFO|PCSPDV_LIVE_USER_20130815.csv Total de Logins: 11726
15/08/2013 04:36:36|INFO|PCSPDVGL_USER_20130815.csv Total de Logins: 1697
15/08/2013 04:36:36|INFO|PCSPROTOCOLOS_USER_20130815.csv Total de Logins: 3298
15/08/2013 04:36:36|INFO|PCSSGR_USER_20130815.csv Total de Logins: 16196
15/08/2013 04:36:36|INFO|PCSCBCF_USER_20130815.csv Total de Logins: 12337
15/08/2013 04:36:36|INFO|PCSASP_USER_20130815.csv Total de Logins: 17017
15/08/2013 04:36:36|INFO|PCSIUNICA_USER_20130815.csv Total de Logins: 8361
15/08/2013 04:36:36|INFO|PCSSIEBEL_USER_20130815.csv Total de Logins: 4267
15/08/2013 04:36:36|INFO|PCSFELETRONICA_USER_20130815.csv Total de Logins: 6593
15/08/2013 04:36:36|INFO|PCSP2B_USER_20130815.csv Total de Logins: 6711
15/08/2013 04:36:36|INFO|PCSVERO_USER_20130815.csv Total de Logins: 3181
15/08/2013 04:36:36|INFO|PCSPLOGISTICA_USER_20130815.csv Total de Logins: 2882
15/08/2013 04:36:36|INFO|PCSTIMFILAS_USER_20130815.csv Total de Logins: 1766
15/08/2013 04:36:36|INFO|PCSGCOB_USER_20130815.csv Total de Logins: 14
15/08/2013 04:36:36|INFO|PCSVENDITA_USER_20130815.csv Total de Logins: 299
15/08/2013 04:36:36|INFO|PCSSCTR-PORTAL_USER_20130815.csv Total de Logins: 24
15/08/2013 04:36:36|INFO|PCSRAP_USER_20130815.csv Total de Logins: 16
15/08/2013 04:36:36|INFO|PCSGEOWEB_USER_20130815.csv Total de Logins: 1
15/08/2013 04:36:36|INFO|PCSUCM_USER_20130815.csv Total de Logins: 9
15/08/2013 04:36:36|INFO|PCSGVAS_USER_20130815.csv Total de Logins: 8
15/08/2013 04:36:36|INFO|PCSKPI_USER_20130815.csv Total de Logins: 6
15/08/2013 04:36:36|INFO|PCSIPVS_USER_20130815.csv Total de Logins: 8
15/08/2013 04:36:36|INFO|PCSBDOH_USER_20130815.csv Total de Logins: 164
15/08/2013 04:36:36|INFO|PCSSALES_USER_20130815.csv Total de Logins: 32
15/08/2013 04:36:36|INFO|PCSDTH_USER_20130815.csv Total de Logins: 8
15/08/2013 04:36:36|INFO|PCSVCE_USER_20130815.csv Total de Logins: 66
15/08/2013 04:36:36|INFO|PCSPDV_MGMT_USER_20130815.csv Total de Logins: 21
15/08/2013 04:36:36|INFO|PCSFELETRONICAPG_USER_20130815.csv Total de Logins: 11
15/08/2013 04:36:36|INFO|PCSGCPP_USER_20130815.csv Total de Logins: 9
15/08/2013 04:36:36|INFO|PCSGJMC_USER_20130815.csv Total de Logins: 8
15/08/2013 04:36:36|INFO|PCSBISEMANTICO_USER_20130815.csv Total de Logins: 1
15/08/2013 04:36:36|INFO|Finalizado
