03/05/2013 04:30:01|INFO|Iniciando
03/05/2013 04:36:56|INFO|PCSCLARIFY_USER_20130503.csv Total de Logins: 21603
03/05/2013 04:36:56|INFO|PCSPDVGN_USER_20130503.csv Total de Logins: 3390
03/05/2013 04:36:56|INFO|PCSPDV_LIVE_USER_20130503.csv Total de Logins: 11341
03/05/2013 04:36:56|INFO|PCSPDVGL_USER_20130503.csv Total de Logins: 1955
03/05/2013 04:36:56|INFO|PCSSIEBEL_USER_20130503.csv Total de Logins: 85
03/05/2013 04:36:57|INFO|PCSDSF_USER_20130503.csv Total de Logins: 25913
03/05/2013 04:36:57|INFO|PCSPROTOCOLOS_USER_20130503.csv Total de Logins: 2764
03/05/2013 04:36:57|INFO|PCSSGR_USER_20130503.csv Total de Logins: 17310
03/05/2013 04:36:57|INFO|PCSCBCF_USER_20130503.csv Total de Logins: 12668
03/05/2013 04:36:57|INFO|PCSICRC_USER_20130503.csv Total de Logins: 17487
03/05/2013 04:36:57|INFO|PCSASP_USER_20130503.csv Total de Logins: 19186
03/05/2013 04:36:57|INFO|PCSIUNICA_USER_20130503.csv Total de Logins: 8791
03/05/2013 04:36:57|INFO|PCSPLOGISTICA_USER_20130503.csv Total de Logins: 4430
03/05/2013 04:36:57|INFO|PCSP2B_USER_20130503.csv Total de Logins: 4756
03/05/2013 04:36:57|INFO|PCSSFA_USER_20130503.csv Total de Logins: 1617
03/05/2013 04:36:57|INFO|PCSVERO_USER_20130503.csv Total de Logins: 1551
03/05/2013 04:36:57|INFO|PCSTIMFILAS_USER_20130503.csv Total de Logins: 1683
03/05/2013 04:36:57|INFO|PCSFELETRONICA_USER_20130503.csv Total de Logins: 3246
03/05/2013 04:36:57|INFO|PCSVENDITA_USER_20130503.csv Total de Logins: 285
03/05/2013 04:36:57|INFO|PCSRAP_USER_20130503.csv Total de Logins: 22
03/05/2013 04:36:57|INFO|PCSSCTR-PORTAL_USER_20130503.csv Total de Logins: 18
03/05/2013 04:36:57|INFO|PCSUCM_USER_20130503.csv Total de Logins: 10
03/05/2013 04:36:57|INFO|PCSGVAS_USER_20130503.csv Total de Logins: 8
03/05/2013 04:36:57|INFO|PCSKPI_USER_20130503.csv Total de Logins: 7
03/05/2013 04:36:57|INFO|PCSIPVS_USER_20130503.csv Total de Logins: 4
03/05/2013 04:36:57|INFO|PCSBDOH_USER_20130503.csv Total de Logins: 190
03/05/2013 04:36:57|INFO|PCSSALES_USER_20130503.csv Total de Logins: 53
03/05/2013 04:36:57|INFO|PCSGCPP_USER_20130503.csv Total de Logins: 5
03/05/2013 04:36:57|INFO|PCSPDV_MGMT_USER_20130503.csv Total de Logins: 7
03/05/2013 04:36:57|INFO|PCSGJMC_USER_20130503.csv Total de Logins: 6
03/05/2013 04:36:57|INFO|PCSFELETRONICAPG_USER_20130503.csv Total de Logins: 5
03/05/2013 04:36:57|INFO|PCSDTH_USER_20130503.csv Total de Logins: 2
03/05/2013 04:36:57|INFO|Finalizado
