02/03/2013 04:30:01|INFO|Iniciando
02/03/2013 04:36:09|INFO|PCSCLARIFY_USER_20130302.csv Total de Logins: 21586
02/03/2013 04:36:09|INFO|PCSPDVGN_USER_20130302.csv Total de Logins: 3461
02/03/2013 04:36:09|INFO|PCSPDV_LIVE_USER_20130302.csv Total de Logins: 13335
02/03/2013 04:36:09|INFO|PCSPDVGL_USER_20130302.csv Total de Logins: 2040
02/03/2013 04:36:09|INFO|PCSSIEBEL_USER_20130302.csv Total de Logins: 35
02/03/2013 04:36:09|INFO|PCSASP_USER_20130302.csv Total de Logins: 19279
02/03/2013 04:36:09|INFO|PCSDSF_USER_20130302.csv Total de Logins: 25783
02/03/2013 04:36:09|INFO|PCSICRC_USER_20130302.csv Total de Logins: 17985
02/03/2013 04:36:09|INFO|PCSPROTOCOLOS_USER_20130302.csv Total de Logins: 2706
02/03/2013 04:36:09|INFO|PCSSGR_USER_20130302.csv Total de Logins: 17248
02/03/2013 04:36:09|INFO|PCSCBCF_USER_20130302.csv Total de Logins: 12805
02/03/2013 04:36:09|INFO|PCSIUNICA_USER_20130302.csv Total de Logins: 9291
02/03/2013 04:36:09|INFO|PCSPLOGISTICA_USER_20130302.csv Total de Logins: 5905
02/03/2013 04:36:09|INFO|PCSP2B_USER_20130302.csv Total de Logins: 2393
02/03/2013 04:36:09|INFO|PCSFELETRONICA_USER_20130302.csv Total de Logins: 4234
02/03/2013 04:36:09|INFO|PCSSFA_USER_20130302.csv Total de Logins: 1785
02/03/2013 04:36:09|INFO|PCSVERO_USER_20130302.csv Total de Logins: 1720
02/03/2013 04:36:09|INFO|PCSTIMFILAS_USER_20130302.csv Total de Logins: 1642
02/03/2013 04:36:09|INFO|PCSVENDITA_USER_20130302.csv Total de Logins: 250
02/03/2013 04:36:09|INFO|PCSRAP_USER_20130302.csv Total de Logins: 14
02/03/2013 04:36:09|INFO|PCSSCTR-PORTAL_USER_20130302.csv Total de Logins: 16
02/03/2013 04:36:09|INFO|PCSUCM_USER_20130302.csv Total de Logins: 8
02/03/2013 04:36:09|INFO|PCSGVAS_USER_20130302.csv Total de Logins: 9
02/03/2013 04:36:09|INFO|PCSKPI_USER_20130302.csv Total de Logins: 8
02/03/2013 04:36:09|INFO|PCSIPVS_USER_20130302.csv Total de Logins: 5
02/03/2013 04:36:09|INFO|PCSBDOH_USER_20130302.csv Total de Logins: 172
02/03/2013 04:36:09|INFO|PCSSALES_USER_20130302.csv Total de Logins: 73
02/03/2013 04:36:09|INFO|PCSGCPP_USER_20130302.csv Total de Logins: 5
02/03/2013 04:36:09|INFO|PCSPDV_MGMT_USER_20130302.csv Total de Logins: 8
02/03/2013 04:36:09|INFO|PCSGJMC_USER_20130302.csv Total de Logins: 7
02/03/2013 04:36:09|INFO|PCSFELETRONICAPG_USER_20130302.csv Total de Logins: 6
02/03/2013 04:36:09|INFO|PCSDTH_USER_20130302.csv Total de Logins: 2
02/03/2013 04:36:09|INFO|Finalizado
