27/06/2013 04:30:01|INFO|Iniciando
27/06/2013 04:36:26|INFO|PCSCLARIFY_USER_20130627.csv Total de Logins: 20248
27/06/2013 04:36:26|INFO|PCSPDVGN_USER_20130627.csv Total de Logins: 3235
27/06/2013 04:36:26|INFO|PCSPDV_LIVE_USER_20130627.csv Total de Logins: 11534
27/06/2013 04:36:26|INFO|PCSSFA_USER_20130627.csv Total de Logins: 3221
27/06/2013 04:36:26|INFO|PCSPDVGL_USER_20130627.csv Total de Logins: 1754
27/06/2013 04:36:26|INFO|PCSDSF_USER_20130627.csv Total de Logins: 24640
27/06/2013 04:36:26|INFO|PCSPROTOCOLOS_USER_20130627.csv Total de Logins: 3350
27/06/2013 04:36:26|INFO|PCSSGR_USER_20130627.csv Total de Logins: 16679
27/06/2013 04:36:26|INFO|PCSCBCF_USER_20130627.csv Total de Logins: 12545
27/06/2013 04:36:26|INFO|PCSICRC_USER_20130627.csv Total de Logins: 16573
27/06/2013 04:36:26|INFO|PCSASP_USER_20130627.csv Total de Logins: 17863
27/06/2013 04:36:26|INFO|PCSIUNICA_USER_20130627.csv Total de Logins: 8025
27/06/2013 04:36:26|INFO|PCSP2B_USER_20130627.csv Total de Logins: 5817
27/06/2013 04:36:26|INFO|PCSSIEBEL_USER_20130627.csv Total de Logins: 441
27/06/2013 04:36:26|INFO|PCSPLOGISTICA_USER_20130627.csv Total de Logins: 3870
27/06/2013 04:36:26|INFO|PCSFELETRONICA_USER_20130627.csv Total de Logins: 2650
27/06/2013 04:36:26|INFO|PCSVERO_USER_20130627.csv Total de Logins: 2979
27/06/2013 04:36:26|INFO|PCSTIMFILAS_USER_20130627.csv Total de Logins: 1628
27/06/2013 04:36:26|INFO|PCSVENDITA_USER_20130627.csv Total de Logins: 253
27/06/2013 04:36:26|INFO|PCSSCTR-PORTAL_USER_20130627.csv Total de Logins: 21
27/06/2013 04:36:26|INFO|PCSRAP_USER_20130627.csv Total de Logins: 23
27/06/2013 04:36:26|INFO|PCSGCPP_USER_20130627.csv Total de Logins: 16
27/06/2013 04:36:26|INFO|PCSUCM_USER_20130627.csv Total de Logins: 10
27/06/2013 04:36:26|INFO|PCSGVAS_USER_20130627.csv Total de Logins: 9
27/06/2013 04:36:26|INFO|PCSKPI_USER_20130627.csv Total de Logins: 6
27/06/2013 04:36:26|INFO|PCSIPVS_USER_20130627.csv Total de Logins: 8
27/06/2013 04:36:26|INFO|PCSBDOH_USER_20130627.csv Total de Logins: 132
27/06/2013 04:36:26|INFO|PCSSALES_USER_20130627.csv Total de Logins: 41
27/06/2013 04:36:26|INFO|PCSDTH_USER_20130627.csv Total de Logins: 8
27/06/2013 04:36:26|INFO|PCSPDV_MGMT_USER_20130627.csv Total de Logins: 9
27/06/2013 04:36:26|INFO|PCSGJMC_USER_20130627.csv Total de Logins: 8
27/06/2013 04:36:26|INFO|PCSFELETRONICAPG_USER_20130627.csv Total de Logins: 10
27/06/2013 04:36:26|INFO|PCSBISEMANTICO_USER_20130627.csv Total de Logins: 5
27/06/2013 04:36:26|INFO|Finalizado
