20/08/2013 04:30:01|INFO|Iniciando
20/08/2013 04:36:39|INFO|PCSCLARIFY_USER_20130820.csv Total de Logins: 19209
20/08/2013 04:36:39|INFO|PCSPDVGN_USER_20130820.csv Total de Logins: 3284
20/08/2013 04:36:39|INFO|PCSICRC_USER_20130820.csv Total de Logins: 15820
20/08/2013 04:36:39|INFO|PCSDSF_USER_20130820.csv Total de Logins: 23842
20/08/2013 04:36:39|INFO|PCSSFA_USER_20130820.csv Total de Logins: 3747
20/08/2013 04:36:39|INFO|PCSPDV_LIVE_USER_20130820.csv Total de Logins: 11596
20/08/2013 04:36:39|INFO|PCSPDVGL_USER_20130820.csv Total de Logins: 1690
20/08/2013 04:36:39|INFO|PCSPROTOCOLOS_USER_20130820.csv Total de Logins: 3210
20/08/2013 04:36:39|INFO|PCSSGR_USER_20130820.csv Total de Logins: 15885
20/08/2013 04:36:39|INFO|PCSCBCF_USER_20130820.csv Total de Logins: 12241
20/08/2013 04:36:39|INFO|PCSASP_USER_20130820.csv Total de Logins: 16794
20/08/2013 04:36:40|INFO|PCSIUNICA_USER_20130820.csv Total de Logins: 8243
20/08/2013 04:36:40|INFO|PCSSIEBEL_USER_20130820.csv Total de Logins: 4337
20/08/2013 04:36:40|INFO|PCSFELETRONICA_USER_20130820.csv Total de Logins: 6563
20/08/2013 04:36:40|INFO|PCSP2B_USER_20130820.csv Total de Logins: 6892
20/08/2013 04:36:40|INFO|PCSVERO_USER_20130820.csv Total de Logins: 3353
20/08/2013 04:36:40|INFO|PCSPLOGISTICA_USER_20130820.csv Total de Logins: 2677
20/08/2013 04:36:40|INFO|PCSTIMFILAS_USER_20130820.csv Total de Logins: 1758
20/08/2013 04:36:40|INFO|PCSGCOB_USER_20130820.csv Total de Logins: 14
20/08/2013 04:36:40|INFO|PCSVENDITA_USER_20130820.csv Total de Logins: 292
20/08/2013 04:36:40|INFO|PCSSCTR-PORTAL_USER_20130820.csv Total de Logins: 24
20/08/2013 04:36:40|INFO|PCSRAP_USER_20130820.csv Total de Logins: 16
20/08/2013 04:36:40|INFO|PCSGEOWEB_USER_20130820.csv Total de Logins: 1
20/08/2013 04:36:40|INFO|PCSUCM_USER_20130820.csv Total de Logins: 9
20/08/2013 04:36:40|INFO|PCSGVAS_USER_20130820.csv Total de Logins: 8
20/08/2013 04:36:40|INFO|PCSKPI_USER_20130820.csv Total de Logins: 6
20/08/2013 04:36:40|INFO|PCSIPVS_USER_20130820.csv Total de Logins: 8
20/08/2013 04:36:40|INFO|PCSBDOH_USER_20130820.csv Total de Logins: 160
20/08/2013 04:36:40|INFO|PCSSALES_USER_20130820.csv Total de Logins: 31
20/08/2013 04:36:40|INFO|PCSDTH_USER_20130820.csv Total de Logins: 8
20/08/2013 04:36:40|INFO|PCSVCE_USER_20130820.csv Total de Logins: 68
20/08/2013 04:36:40|INFO|PCSPDV_MGMT_USER_20130820.csv Total de Logins: 20
20/08/2013 04:36:40|INFO|PCSFELETRONICAPG_USER_20130820.csv Total de Logins: 11
20/08/2013 04:36:40|INFO|PCSGCPP_USER_20130820.csv Total de Logins: 9
20/08/2013 04:36:40|INFO|PCSGJMC_USER_20130820.csv Total de Logins: 8
20/08/2013 04:36:40|INFO|PCSBISEMANTICO_USER_20130820.csv Total de Logins: 1
20/08/2013 04:36:40|INFO|Finalizado
