03/07/2013 04:30:01|INFO|Iniciando
03/07/2013 04:36:27|INFO|PCSCLARIFY_USER_20130703.csv Total de Logins: 20274
03/07/2013 04:36:27|INFO|PCSPDVGN_USER_20130703.csv Total de Logins: 3215
03/07/2013 04:36:27|INFO|PCSSFA_USER_20130703.csv Total de Logins: 3395
03/07/2013 04:36:27|INFO|PCSPDVGL_USER_20130703.csv Total de Logins: 1741
03/07/2013 04:36:27|INFO|PCSDSF_USER_20130703.csv Total de Logins: 24562
03/07/2013 04:36:27|INFO|PCSPDV_LIVE_USER_20130703.csv Total de Logins: 11487
03/07/2013 04:36:27|INFO|PCSPROTOCOLOS_USER_20130703.csv Total de Logins: 3304
03/07/2013 04:36:28|INFO|PCSSGR_USER_20130703.csv Total de Logins: 16616
03/07/2013 04:36:28|INFO|PCSCBCF_USER_20130703.csv Total de Logins: 12356
03/07/2013 04:36:28|INFO|PCSICRC_USER_20130703.csv Total de Logins: 16551
03/07/2013 04:36:28|INFO|PCSASP_USER_20130703.csv Total de Logins: 17847
03/07/2013 04:36:28|INFO|PCSIUNICA_USER_20130703.csv Total de Logins: 8098
03/07/2013 04:36:28|INFO|PCSP2B_USER_20130703.csv Total de Logins: 5994
03/07/2013 04:36:28|INFO|PCSSIEBEL_USER_20130703.csv Total de Logins: 649
03/07/2013 04:36:28|INFO|PCSPLOGISTICA_USER_20130703.csv Total de Logins: 3885
03/07/2013 04:36:28|INFO|PCSFELETRONICA_USER_20130703.csv Total de Logins: 2540
03/07/2013 04:36:28|INFO|PCSVERO_USER_20130703.csv Total de Logins: 3155
03/07/2013 04:36:28|INFO|PCSTIMFILAS_USER_20130703.csv Total de Logins: 1648
03/07/2013 04:36:28|INFO|PCSVENDITA_USER_20130703.csv Total de Logins: 244
03/07/2013 04:36:28|INFO|PCSVCE_USER_20130703.csv Total de Logins: 60
03/07/2013 04:36:28|INFO|PCSSCTR-PORTAL_USER_20130703.csv Total de Logins: 19
03/07/2013 04:36:28|INFO|PCSRAP_USER_20130703.csv Total de Logins: 23
03/07/2013 04:36:28|INFO|PCSGCPP_USER_20130703.csv Total de Logins: 14
03/07/2013 04:36:28|INFO|PCSUCM_USER_20130703.csv Total de Logins: 9
03/07/2013 04:36:28|INFO|PCSGVAS_USER_20130703.csv Total de Logins: 8
03/07/2013 04:36:28|INFO|PCSKPI_USER_20130703.csv Total de Logins: 6
03/07/2013 04:36:28|INFO|PCSIPVS_USER_20130703.csv Total de Logins: 7
03/07/2013 04:36:28|INFO|PCSBDOH_USER_20130703.csv Total de Logins: 135
03/07/2013 04:36:28|INFO|PCSSALES_USER_20130703.csv Total de Logins: 37
03/07/2013 04:36:28|INFO|PCSDTH_USER_20130703.csv Total de Logins: 9
03/07/2013 04:36:28|INFO|PCSPDV_MGMT_USER_20130703.csv Total de Logins: 9
03/07/2013 04:36:28|INFO|PCSGJMC_USER_20130703.csv Total de Logins: 8
03/07/2013 04:36:28|INFO|PCSBISEMANTICO_USER_20130703.csv Total de Logins: 6
03/07/2013 04:36:28|INFO|PCSFELETRONICAPG_USER_20130703.csv Total de Logins: 9
03/07/2013 04:36:28|INFO|Finalizado
