16/03/2013 04:30:01|INFO|Iniciando
16/03/2013 04:36:20|INFO|PCSCLARIFY_USER_20130316.csv Total de Logins: 21521
16/03/2013 04:36:20|INFO|PCSPDVGN_USER_20130316.csv Total de Logins: 3442
16/03/2013 04:36:20|INFO|PCSPDV_LIVE_USER_20130316.csv Total de Logins: 12725
16/03/2013 04:36:20|INFO|PCSPDVGL_USER_20130316.csv Total de Logins: 2042
16/03/2013 04:36:20|INFO|PCSSIEBEL_USER_20130316.csv Total de Logins: 32
16/03/2013 04:36:20|INFO|PCSASP_USER_20130316.csv Total de Logins: 19131
16/03/2013 04:36:20|INFO|PCSDSF_USER_20130316.csv Total de Logins: 25670
16/03/2013 04:36:20|INFO|PCSICRC_USER_20130316.csv Total de Logins: 17599
16/03/2013 04:36:20|INFO|PCSPROTOCOLOS_USER_20130316.csv Total de Logins: 2590
16/03/2013 04:36:20|INFO|PCSSGR_USER_20130316.csv Total de Logins: 17351
16/03/2013 04:36:20|INFO|PCSCBCF_USER_20130316.csv Total de Logins: 12938
16/03/2013 04:36:20|INFO|PCSIUNICA_USER_20130316.csv Total de Logins: 9252
16/03/2013 04:36:20|INFO|PCSPLOGISTICA_USER_20130316.csv Total de Logins: 6072
16/03/2013 04:36:20|INFO|PCSP2B_USER_20130316.csv Total de Logins: 1945
16/03/2013 04:36:20|INFO|PCSTIMFILAS_USER_20130316.csv Total de Logins: 1621
16/03/2013 04:36:20|INFO|PCSFELETRONICA_USER_20130316.csv Total de Logins: 4143
16/03/2013 04:36:20|INFO|PCSSFA_USER_20130316.csv Total de Logins: 917
16/03/2013 04:36:20|INFO|PCSVERO_USER_20130316.csv Total de Logins: 908
16/03/2013 04:36:20|INFO|PCSVENDITA_USER_20130316.csv Total de Logins: 246
16/03/2013 04:36:20|INFO|PCSRAP_USER_20130316.csv Total de Logins: 15
16/03/2013 04:36:20|INFO|PCSSCTR-PORTAL_USER_20130316.csv Total de Logins: 18
16/03/2013 04:36:20|INFO|PCSUCM_USER_20130316.csv Total de Logins: 8
16/03/2013 04:36:20|INFO|PCSGVAS_USER_20130316.csv Total de Logins: 9
16/03/2013 04:36:20|INFO|PCSKPI_USER_20130316.csv Total de Logins: 8
16/03/2013 04:36:20|INFO|PCSIPVS_USER_20130316.csv Total de Logins: 4
16/03/2013 04:36:20|INFO|PCSBDOH_USER_20130316.csv Total de Logins: 190
16/03/2013 04:36:20|INFO|PCSSALES_USER_20130316.csv Total de Logins: 66
16/03/2013 04:36:20|INFO|PCSGCPP_USER_20130316.csv Total de Logins: 5
16/03/2013 04:36:20|INFO|PCSPDV_MGMT_USER_20130316.csv Total de Logins: 8
16/03/2013 04:36:20|INFO|PCSGJMC_USER_20130316.csv Total de Logins: 7
16/03/2013 04:36:20|INFO|PCSFELETRONICAPG_USER_20130316.csv Total de Logins: 6
16/03/2013 04:36:20|INFO|PCSDTH_USER_20130316.csv Total de Logins: 2
16/03/2013 04:36:20|INFO|Finalizado
