26/12/2012 04:30:01|INFO|Iniciando
26/12/2012 04:35:26|INFO|PCSCLARIFY_USER_20121226.csv Total de Logins: 20742
26/12/2012 04:35:26|INFO|PCSPDVGN_USER_20121226.csv Total de Logins: 3405
26/12/2012 04:35:26|INFO|PCSPDV_LIVE_USER_20121226.csv Total de Logins: 12431
26/12/2012 04:35:26|INFO|PCSBDOH_USER_20121226.csv Total de Logins: 335
26/12/2012 04:35:26|INFO|PCSPDVGL_USER_20121226.csv Total de Logins: 2027
26/12/2012 04:35:26|INFO|PCSSIEBEL_USER_20121226.csv Total de Logins: 68
26/12/2012 04:35:26|INFO|PCSDSF_USER_20121226.csv Total de Logins: 25199
26/12/2012 04:35:26|INFO|PCSSGR_USER_20121226.csv Total de Logins: 16490
26/12/2012 04:35:26|INFO|PCSCBCF_USER_20121226.csv Total de Logins: 12336
26/12/2012 04:35:26|INFO|PCSPROTOCOLOS_USER_20121226.csv Total de Logins: 3494
26/12/2012 04:35:26|INFO|PCSIUNICA_USER_20121226.csv Total de Logins: 8096
26/12/2012 04:35:26|INFO|PCSFELETRONICA_USER_20121226.csv Total de Logins: 2448
26/12/2012 04:35:26|INFO|PCSICRC_USER_20121226.csv Total de Logins: 16586
26/12/2012 04:35:26|INFO|PCSPLOGISTICA_USER_20121226.csv Total de Logins: 3560
26/12/2012 04:35:26|INFO|PCSASP_USER_20121226.csv Total de Logins: 17941
26/12/2012 04:35:26|INFO|PCSSFA_USER_20121226.csv Total de Logins: 110
26/12/2012 04:35:26|INFO|PCSTIMFILAS_USER_20121226.csv Total de Logins: 1667
26/12/2012 04:35:26|INFO|PCSGVAS_USER_20121226.csv Total de Logins: 11
26/12/2012 04:35:26|INFO|PCSVERO_USER_20121226.csv Total de Logins: 202
26/12/2012 04:35:26|INFO|PCSSALES_USER_20121226.csv Total de Logins: 341
26/12/2012 04:35:26|INFO|PCSVENDITA_USER_20121226.csv Total de Logins: 272
26/12/2012 04:35:26|INFO|PCSSCTR-PORTAL_USER_20121226.csv Total de Logins: 19
26/12/2012 04:35:26|INFO|PCSRAP_USER_20121226.csv Total de Logins: 18
26/12/2012 04:35:26|INFO|PCSP2B_USER_20121226.csv Total de Logins: 26
26/12/2012 04:35:26|INFO|PCSUCM_USER_20121226.csv Total de Logins: 14
26/12/2012 04:35:26|INFO|PCSKPI_USER_20121226.csv Total de Logins: 8
26/12/2012 04:35:26|INFO|PCSIPVS_USER_20121226.csv Total de Logins: 5
26/12/2012 04:35:26|INFO|PCSGCPP_USER_20121226.csv Total de Logins: 6
26/12/2012 04:35:26|INFO|PCSPDV_MGMT_USER_20121226.csv Total de Logins: 6
26/12/2012 04:35:26|INFO|PCSGJMC_USER_20121226.csv Total de Logins: 8
26/12/2012 04:35:26|INFO|PCSFELETRONICAPG_USER_20121226.csv Total de Logins: 7
26/12/2012 04:35:26|INFO|PCSDTH_USER_20121226.csv Total de Logins: 2
26/12/2012 04:35:26|INFO|Finalizado
