09/07/2013 04:30:01|INFO|Iniciando
09/07/2013 04:36:27|INFO|PCSCLARIFY_USER_20130709.csv Total de Logins: 20077
09/07/2013 04:36:27|INFO|PCSPDVGN_USER_20130709.csv Total de Logins: 3244
09/07/2013 04:36:27|INFO|PCSSFA_USER_20130709.csv Total de Logins: 3191
09/07/2013 04:36:27|INFO|PCSPDVGL_USER_20130709.csv Total de Logins: 1741
09/07/2013 04:36:27|INFO|PCSDSF_USER_20130709.csv Total de Logins: 24404
09/07/2013 04:36:27|INFO|PCSPDV_LIVE_USER_20130709.csv Total de Logins: 11596
09/07/2013 04:36:27|INFO|PCSPROTOCOLOS_USER_20130709.csv Total de Logins: 3191
09/07/2013 04:36:27|INFO|PCSSGR_USER_20130709.csv Total de Logins: 16263
09/07/2013 04:36:27|INFO|PCSCBCF_USER_20130709.csv Total de Logins: 12133
09/07/2013 04:36:27|INFO|PCSICRC_USER_20130709.csv Total de Logins: 16266
09/07/2013 04:36:27|INFO|PCSASP_USER_20130709.csv Total de Logins: 17597
09/07/2013 04:36:27|INFO|PCSIUNICA_USER_20130709.csv Total de Logins: 7984
09/07/2013 04:36:27|INFO|PCSP2B_USER_20130709.csv Total de Logins: 5801
09/07/2013 04:36:27|INFO|PCSSIEBEL_USER_20130709.csv Total de Logins: 825
09/07/2013 04:36:27|INFO|PCSPLOGISTICA_USER_20130709.csv Total de Logins: 3526
09/07/2013 04:36:27|INFO|PCSFELETRONICA_USER_20130709.csv Total de Logins: 2121
09/07/2013 04:36:28|INFO|PCSVERO_USER_20130709.csv Total de Logins: 2993
09/07/2013 04:36:28|INFO|PCSTIMFILAS_USER_20130709.csv Total de Logins: 1666
09/07/2013 04:36:28|INFO|PCSVENDITA_USER_20130709.csv Total de Logins: 243
09/07/2013 04:36:28|INFO|PCSVCE_USER_20130709.csv Total de Logins: 65
09/07/2013 04:36:28|INFO|PCSSCTR-PORTAL_USER_20130709.csv Total de Logins: 20
09/07/2013 04:36:28|INFO|PCSRAP_USER_20130709.csv Total de Logins: 23
09/07/2013 04:36:28|INFO|PCSGCPP_USER_20130709.csv Total de Logins: 11
09/07/2013 04:36:28|INFO|PCSUCM_USER_20130709.csv Total de Logins: 9
09/07/2013 04:36:28|INFO|PCSGVAS_USER_20130709.csv Total de Logins: 8
09/07/2013 04:36:28|INFO|PCSKPI_USER_20130709.csv Total de Logins: 6
09/07/2013 04:36:28|INFO|PCSIPVS_USER_20130709.csv Total de Logins: 7
09/07/2013 04:36:28|INFO|PCSBDOH_USER_20130709.csv Total de Logins: 132
09/07/2013 04:36:28|INFO|PCSSALES_USER_20130709.csv Total de Logins: 33
09/07/2013 04:36:28|INFO|PCSDTH_USER_20130709.csv Total de Logins: 9
09/07/2013 04:36:28|INFO|PCSPDV_MGMT_USER_20130709.csv Total de Logins: 9
09/07/2013 04:36:28|INFO|PCSBISEMANTICO_USER_20130709.csv Total de Logins: 6
09/07/2013 04:36:28|INFO|PCSGJMC_USER_20130709.csv Total de Logins: 7
09/07/2013 04:36:28|INFO|PCSFELETRONICAPG_USER_20130709.csv Total de Logins: 9
09/07/2013 04:36:28|INFO|Finalizado
