21/01/2013 04:30:01|INFO|Iniciando
21/01/2013 04:35:38|INFO|PCSCLARIFY_USER_20130121.csv Total de Logins: 21201
21/01/2013 04:35:38|INFO|PCSPDVGN_USER_20130121.csv Total de Logins: 3428
21/01/2013 04:35:38|INFO|PCSPDV_LIVE_USER_20130121.csv Total de Logins: 10846
21/01/2013 04:35:38|INFO|PCSSFA_USER_20130121.csv Total de Logins: 636
21/01/2013 04:35:38|INFO|PCSPDVGL_USER_20130121.csv Total de Logins: 2043
21/01/2013 04:35:38|INFO|PCSSIEBEL_USER_20130121.csv Total de Logins: 36
21/01/2013 04:35:38|INFO|PCSDSF_USER_20130121.csv Total de Logins: 25427
21/01/2013 04:35:38|INFO|PCSSGR_USER_20130121.csv Total de Logins: 16365
21/01/2013 04:35:38|INFO|PCSCBCF_USER_20130121.csv Total de Logins: 11910
21/01/2013 04:35:38|INFO|PCSPROTOCOLOS_USER_20130121.csv Total de Logins: 2880
21/01/2013 04:35:38|INFO|PCSICRC_USER_20130121.csv Total de Logins: 16799
21/01/2013 04:35:38|INFO|PCSASP_USER_20130121.csv Total de Logins: 18673
21/01/2013 04:35:38|INFO|PCSIUNICA_USER_20130121.csv Total de Logins: 8375
21/01/2013 04:35:38|INFO|PCSPLOGISTICA_USER_20130121.csv Total de Logins: 4064
21/01/2013 04:35:38|INFO|PCSTIMFILAS_USER_20130121.csv Total de Logins: 1643
21/01/2013 04:35:38|INFO|PCSFELETRONICA_USER_20130121.csv Total de Logins: 3392
21/01/2013 04:35:38|INFO|PCSVERO_USER_20130121.csv Total de Logins: 573
21/01/2013 04:35:38|INFO|PCSP2B_USER_20130121.csv Total de Logins: 527
21/01/2013 04:35:38|INFO|PCSGVAS_USER_20130121.csv Total de Logins: 11
21/01/2013 04:35:38|INFO|PCSVENDITA_USER_20130121.csv Total de Logins: 255
21/01/2013 04:35:38|INFO|PCSSALES_USER_20130121.csv Total de Logins: 248
21/01/2013 04:35:38|INFO|PCSSCTR-PORTAL_USER_20130121.csv Total de Logins: 19
21/01/2013 04:35:38|INFO|PCSRAP_USER_20130121.csv Total de Logins: 14
21/01/2013 04:35:38|INFO|PCSBDOH_USER_20130121.csv Total de Logins: 193
21/01/2013 04:35:38|INFO|PCSUCM_USER_20130121.csv Total de Logins: 14
21/01/2013 04:35:38|INFO|PCSKPI_USER_20130121.csv Total de Logins: 8
21/01/2013 04:35:38|INFO|PCSIPVS_USER_20130121.csv Total de Logins: 4
21/01/2013 04:35:38|INFO|PCSGCPP_USER_20130121.csv Total de Logins: 5
21/01/2013 04:35:38|INFO|PCSPDV_MGMT_USER_20130121.csv Total de Logins: 5
21/01/2013 04:35:38|INFO|PCSGJMC_USER_20130121.csv Total de Logins: 7
21/01/2013 04:35:38|INFO|PCSFELETRONICAPG_USER_20130121.csv Total de Logins: 6
21/01/2013 04:35:38|INFO|PCSDTH_USER_20130121.csv Total de Logins: 2
21/01/2013 04:35:38|INFO|Finalizado
