10/08/2013 04:30:02|INFO|Iniciando
10/08/2013 04:36:36|INFO|PCSCLARIFY_USER_20130810.csv Total de Logins: 19598
10/08/2013 04:36:36|INFO|PCSPDVGN_USER_20130810.csv Total de Logins: 3293
10/08/2013 04:36:37|INFO|PCSICRC_USER_20130810.csv Total de Logins: 16105
10/08/2013 04:36:37|INFO|PCSDSF_USER_20130810.csv Total de Logins: 24187
10/08/2013 04:36:37|INFO|PCSSFA_USER_20130810.csv Total de Logins: 3664
10/08/2013 04:36:37|INFO|PCSPDV_LIVE_USER_20130810.csv Total de Logins: 11667
10/08/2013 04:36:37|INFO|PCSPDVGL_USER_20130810.csv Total de Logins: 1695
10/08/2013 04:36:37|INFO|PCSPROTOCOLOS_USER_20130810.csv Total de Logins: 3331
10/08/2013 04:36:37|INFO|PCSSGR_USER_20130810.csv Total de Logins: 16290
10/08/2013 04:36:37|INFO|PCSCBCF_USER_20130810.csv Total de Logins: 12314
10/08/2013 04:36:37|INFO|PCSASP_USER_20130810.csv Total de Logins: 17062
10/08/2013 04:36:37|INFO|PCSIUNICA_USER_20130810.csv Total de Logins: 8398
10/08/2013 04:36:37|INFO|PCSSIEBEL_USER_20130810.csv Total de Logins: 4108
10/08/2013 04:36:37|INFO|PCSFELETRONICA_USER_20130810.csv Total de Logins: 6540
10/08/2013 04:36:37|INFO|PCSP2B_USER_20130810.csv Total de Logins: 6870
10/08/2013 04:36:37|INFO|PCSVERO_USER_20130810.csv Total de Logins: 3281
10/08/2013 04:36:37|INFO|PCSPLOGISTICA_USER_20130810.csv Total de Logins: 2806
10/08/2013 04:36:37|INFO|PCSTIMFILAS_USER_20130810.csv Total de Logins: 1757
10/08/2013 04:36:37|INFO|PCSGCOB_USER_20130810.csv Total de Logins: 14
10/08/2013 04:36:37|INFO|PCSVENDITA_USER_20130810.csv Total de Logins: 297
10/08/2013 04:36:37|INFO|PCSVCE_USER_20130810.csv Total de Logins: 85
10/08/2013 04:36:37|INFO|PCSSCTR-PORTAL_USER_20130810.csv Total de Logins: 24
10/08/2013 04:36:37|INFO|PCSRAP_USER_20130810.csv Total de Logins: 17
10/08/2013 04:36:37|INFO|PCSGEOWEB_USER_20130810.csv Total de Logins: 1
10/08/2013 04:36:37|INFO|PCSUCM_USER_20130810.csv Total de Logins: 9
10/08/2013 04:36:37|INFO|PCSGVAS_USER_20130810.csv Total de Logins: 8
10/08/2013 04:36:37|INFO|PCSKPI_USER_20130810.csv Total de Logins: 6
10/08/2013 04:36:37|INFO|PCSIPVS_USER_20130810.csv Total de Logins: 8
10/08/2013 04:36:37|INFO|PCSBDOH_USER_20130810.csv Total de Logins: 160
10/08/2013 04:36:37|INFO|PCSSALES_USER_20130810.csv Total de Logins: 32
10/08/2013 04:36:37|INFO|PCSDTH_USER_20130810.csv Total de Logins: 8
10/08/2013 04:36:37|INFO|PCSPDV_MGMT_USER_20130810.csv Total de Logins: 21
10/08/2013 04:36:37|INFO|PCSFELETRONICAPG_USER_20130810.csv Total de Logins: 11
10/08/2013 04:36:37|INFO|PCSGCPP_USER_20130810.csv Total de Logins: 9
10/08/2013 04:36:37|INFO|PCSGJMC_USER_20130810.csv Total de Logins: 8
10/08/2013 04:36:37|INFO|PCSBISEMANTICO_USER_20130810.csv Total de Logins: 1
10/08/2013 04:36:37|INFO|Finalizado
