22/05/2013 04:30:01|INFO|Iniciando
22/05/2013 04:36:13|INFO|PCSCLARIFY_USER_20130522.csv Total de Logins: 20129
22/05/2013 04:36:13|INFO|PCSPDVGN_USER_20130522.csv Total de Logins: 3067
22/05/2013 04:36:13|INFO|PCSPDV_LIVE_USER_20130522.csv Total de Logins: 10749
22/05/2013 04:36:13|INFO|PCSPDVGL_USER_20130522.csv Total de Logins: 1787
22/05/2013 04:36:13|INFO|PCSSIEBEL_USER_20130522.csv Total de Logins: 100
22/05/2013 04:36:13|INFO|PCSDSF_USER_20130522.csv Total de Logins: 24072
22/05/2013 04:36:13|INFO|PCSPROTOCOLOS_USER_20130522.csv Total de Logins: 2441
22/05/2013 04:36:13|INFO|PCSSGR_USER_20130522.csv Total de Logins: 15893
22/05/2013 04:36:13|INFO|PCSCBCF_USER_20130522.csv Total de Logins: 11936
22/05/2013 04:36:13|INFO|PCSICRC_USER_20130522.csv Total de Logins: 16122
22/05/2013 04:36:13|INFO|PCSASP_USER_20130522.csv Total de Logins: 17903
22/05/2013 04:36:13|INFO|PCSIUNICA_USER_20130522.csv Total de Logins: 7923
22/05/2013 04:36:13|INFO|PCSP2B_USER_20130522.csv Total de Logins: 4518
22/05/2013 04:36:13|INFO|PCSPLOGISTICA_USER_20130522.csv Total de Logins: 4413
22/05/2013 04:36:13|INFO|PCSSFA_USER_20130522.csv Total de Logins: 2010
22/05/2013 04:36:13|INFO|PCSVERO_USER_20130522.csv Total de Logins: 1836
22/05/2013 04:36:13|INFO|PCSTIMFILAS_USER_20130522.csv Total de Logins: 1684
22/05/2013 04:36:13|INFO|PCSFELETRONICA_USER_20130522.csv Total de Logins: 2588
22/05/2013 04:36:13|INFO|PCSVENDITA_USER_20130522.csv Total de Logins: 247
22/05/2013 04:36:13|INFO|PCSRAP_USER_20130522.csv Total de Logins: 19
22/05/2013 04:36:13|INFO|PCSSCTR-PORTAL_USER_20130522.csv Total de Logins: 18
22/05/2013 04:36:13|INFO|PCSUCM_USER_20130522.csv Total de Logins: 9
22/05/2013 04:36:13|INFO|PCSGVAS_USER_20130522.csv Total de Logins: 7
22/05/2013 04:36:13|INFO|PCSKPI_USER_20130522.csv Total de Logins: 7
22/05/2013 04:36:13|INFO|PCSIPVS_USER_20130522.csv Total de Logins: 4
22/05/2013 04:36:13|INFO|PCSBDOH_USER_20130522.csv Total de Logins: 142
22/05/2013 04:36:13|INFO|PCSSALES_USER_20130522.csv Total de Logins: 49
22/05/2013 04:36:13|INFO|PCSGCPP_USER_20130522.csv Total de Logins: 5
22/05/2013 04:36:13|INFO|PCSPDV_MGMT_USER_20130522.csv Total de Logins: 6
22/05/2013 04:36:13|INFO|PCSGJMC_USER_20130522.csv Total de Logins: 6
22/05/2013 04:36:13|INFO|PCSFELETRONICAPG_USER_20130522.csv Total de Logins: 4
22/05/2013 04:36:13|INFO|PCSDTH_USER_20130522.csv Total de Logins: 2
22/05/2013 04:36:13|INFO|Finalizado
