10/03/2013 04:30:01|INFO|Iniciando
10/03/2013 04:36:07|INFO|PCSCLARIFY_USER_20130310.csv Total de Logins: 21324
10/03/2013 04:36:07|INFO|PCSPDVGN_USER_20130310.csv Total de Logins: 3453
10/03/2013 04:36:07|INFO|PCSPDV_LIVE_USER_20130310.csv Total de Logins: 12928
10/03/2013 04:36:07|INFO|PCSPDVGL_USER_20130310.csv Total de Logins: 2028
10/03/2013 04:36:07|INFO|PCSSIEBEL_USER_20130310.csv Total de Logins: 35
10/03/2013 04:36:08|INFO|PCSASP_USER_20130310.csv Total de Logins: 18901
10/03/2013 04:36:08|INFO|PCSDSF_USER_20130310.csv Total de Logins: 25459
10/03/2013 04:36:08|INFO|PCSICRC_USER_20130310.csv Total de Logins: 17455
10/03/2013 04:36:08|INFO|PCSPROTOCOLOS_USER_20130310.csv Total de Logins: 2583
10/03/2013 04:36:08|INFO|PCSSGR_USER_20130310.csv Total de Logins: 16962
10/03/2013 04:36:08|INFO|PCSCBCF_USER_20130310.csv Total de Logins: 12446
10/03/2013 04:36:08|INFO|PCSIUNICA_USER_20130310.csv Total de Logins: 9088
10/03/2013 04:36:08|INFO|PCSPLOGISTICA_USER_20130310.csv Total de Logins: 5725
10/03/2013 04:36:08|INFO|PCSP2B_USER_20130310.csv Total de Logins: 2482
10/03/2013 04:36:08|INFO|PCSFELETRONICA_USER_20130310.csv Total de Logins: 3783
10/03/2013 04:36:08|INFO|PCSSFA_USER_20130310.csv Total de Logins: 1799
10/03/2013 04:36:08|INFO|PCSVERO_USER_20130310.csv Total de Logins: 1815
10/03/2013 04:36:08|INFO|PCSTIMFILAS_USER_20130310.csv Total de Logins: 1606
10/03/2013 04:36:08|INFO|PCSVENDITA_USER_20130310.csv Total de Logins: 253
10/03/2013 04:36:08|INFO|PCSRAP_USER_20130310.csv Total de Logins: 15
10/03/2013 04:36:08|INFO|PCSSCTR-PORTAL_USER_20130310.csv Total de Logins: 16
10/03/2013 04:36:08|INFO|PCSUCM_USER_20130310.csv Total de Logins: 8
10/03/2013 04:36:08|INFO|PCSGVAS_USER_20130310.csv Total de Logins: 9
10/03/2013 04:36:08|INFO|PCSKPI_USER_20130310.csv Total de Logins: 8
10/03/2013 04:36:08|INFO|PCSIPVS_USER_20130310.csv Total de Logins: 5
10/03/2013 04:36:08|INFO|PCSBDOH_USER_20130310.csv Total de Logins: 193
10/03/2013 04:36:08|INFO|PCSSALES_USER_20130310.csv Total de Logins: 75
10/03/2013 04:36:08|INFO|PCSGCPP_USER_20130310.csv Total de Logins: 5
10/03/2013 04:36:08|INFO|PCSPDV_MGMT_USER_20130310.csv Total de Logins: 8
10/03/2013 04:36:08|INFO|PCSGJMC_USER_20130310.csv Total de Logins: 7
10/03/2013 04:36:08|INFO|PCSFELETRONICAPG_USER_20130310.csv Total de Logins: 6
10/03/2013 04:36:08|INFO|PCSDTH_USER_20130310.csv Total de Logins: 2
10/03/2013 04:36:08|INFO|Finalizado
