09/01/2013 04:30:01|INFO|Iniciando
09/01/2013 04:35:40|INFO|PCSCLARIFY_USER_20130109.csv Total de Logins: 20740
09/01/2013 04:35:40|INFO|PCSPDVGN_USER_20130109.csv Total de Logins: 3408
09/01/2013 04:35:40|INFO|PCSPDV_LIVE_USER_20130109.csv Total de Logins: 11486
09/01/2013 04:35:40|INFO|PCSSFA_USER_20130109.csv Total de Logins: 293
09/01/2013 04:35:40|INFO|PCSPDVGL_USER_20130109.csv Total de Logins: 2038
09/01/2013 04:35:40|INFO|PCSSIEBEL_USER_20130109.csv Total de Logins: 51
09/01/2013 04:35:40|INFO|PCSDSF_USER_20130109.csv Total de Logins: 24971
09/01/2013 04:35:40|INFO|PCSSGR_USER_20130109.csv Total de Logins: 16189
09/01/2013 04:35:40|INFO|PCSCBCF_USER_20130109.csv Total de Logins: 11900
09/01/2013 04:35:40|INFO|PCSPROTOCOLOS_USER_20130109.csv Total de Logins: 3118
09/01/2013 04:35:40|INFO|PCSICRC_USER_20130109.csv Total de Logins: 16549
09/01/2013 04:35:40|INFO|PCSASP_USER_20130109.csv Total de Logins: 18174
09/01/2013 04:35:40|INFO|PCSIUNICA_USER_20130109.csv Total de Logins: 8207
09/01/2013 04:35:40|INFO|PCSPLOGISTICA_USER_20130109.csv Total de Logins: 3573
09/01/2013 04:35:40|INFO|PCSTIMFILAS_USER_20130109.csv Total de Logins: 1672
09/01/2013 04:35:40|INFO|PCSFELETRONICA_USER_20130109.csv Total de Logins: 2779
09/01/2013 04:35:40|INFO|PCSVERO_USER_20130109.csv Total de Logins: 284
09/01/2013 04:35:40|INFO|PCSP2B_USER_20130109.csv Total de Logins: 96
09/01/2013 04:35:40|INFO|PCSGVAS_USER_20130109.csv Total de Logins: 11
09/01/2013 04:35:40|INFO|PCSSALES_USER_20130109.csv Total de Logins: 337
09/01/2013 04:35:40|INFO|PCSVENDITA_USER_20130109.csv Total de Logins: 265
09/01/2013 04:35:40|INFO|PCSSCTR-PORTAL_USER_20130109.csv Total de Logins: 19
09/01/2013 04:35:40|INFO|PCSRAP_USER_20130109.csv Total de Logins: 17
09/01/2013 04:35:40|INFO|PCSBDOH_USER_20130109.csv Total de Logins: 210
09/01/2013 04:35:40|INFO|PCSUCM_USER_20130109.csv Total de Logins: 14
09/01/2013 04:35:40|INFO|PCSKPI_USER_20130109.csv Total de Logins: 8
09/01/2013 04:35:40|INFO|PCSIPVS_USER_20130109.csv Total de Logins: 5
09/01/2013 04:35:40|INFO|PCSGCPP_USER_20130109.csv Total de Logins: 6
09/01/2013 04:35:40|INFO|PCSPDV_MGMT_USER_20130109.csv Total de Logins: 5
09/01/2013 04:35:40|INFO|PCSGJMC_USER_20130109.csv Total de Logins: 8
09/01/2013 04:35:40|INFO|PCSFELETRONICAPG_USER_20130109.csv Total de Logins: 9
09/01/2013 04:35:40|INFO|PCSDTH_USER_20130109.csv Total de Logins: 2
09/01/2013 04:35:40|INFO|Finalizado
