17/11/2012 04:30:01|INFO|Iniciando
17/11/2012 04:35:19|INFO|PCSCLARIFY_USER_20121117.csv Total de Logins: 19772
17/11/2012 04:35:19|INFO|PCSPDVGN_USER_20121117.csv Total de Logins: 3342
17/11/2012 04:35:19|INFO|PCSPDV_LIVE_USER_20121117.csv Total de Logins: 10346
17/11/2012 04:35:19|INFO|PCSBDOH_USER_20121117.csv Total de Logins: 297
17/11/2012 04:35:19|INFO|PCSPDVGL_USER_20121117.csv Total de Logins: 2003
17/11/2012 04:35:19|INFO|PCSSIEBEL_USER_20121117.csv Total de Logins: 118
17/11/2012 04:35:19|INFO|PCSDSF_USER_20121117.csv Total de Logins: 24047
17/11/2012 04:35:19|INFO|PCSPROTOCOLOS_USER_20121117.csv Total de Logins: 2891
17/11/2012 04:35:19|INFO|PCSSGR_USER_20121117.csv Total de Logins: 15217
17/11/2012 04:35:19|INFO|PCSCBCF_USER_20121117.csv Total de Logins: 11740
17/11/2012 04:35:19|INFO|PCSIUNICA_USER_20121117.csv Total de Logins: 7805
17/11/2012 04:35:19|INFO|PCSFELETRONICA_USER_20121117.csv Total de Logins: 2763
17/11/2012 04:35:19|INFO|PCSICRC_USER_20121117.csv Total de Logins: 15725
17/11/2012 04:35:19|INFO|PCSPLOGISTICA_USER_20121117.csv Total de Logins: 4293
17/11/2012 04:35:19|INFO|PCSASP_USER_20121117.csv Total de Logins: 17317
17/11/2012 04:35:19|INFO|PCSTIMFILAS_USER_20121117.csv Total de Logins: 1500
17/11/2012 04:35:19|INFO|PCSGVAS_USER_20121117.csv Total de Logins: 13
17/11/2012 04:35:19|INFO|PCSVERO_USER_20121117.csv Total de Logins: 36
17/11/2012 04:35:19|INFO|PCSVENDITA_USER_20121117.csv Total de Logins: 199
17/11/2012 04:35:19|INFO|PCSRAP_USER_20121117.csv Total de Logins: 20
17/11/2012 04:35:19|INFO|PCSSCTR-PORTAL_USER_20121117.csv Total de Logins: 18
17/11/2012 04:35:19|INFO|PCSSFA_USER_20121117.csv Total de Logins: 37
17/11/2012 04:35:19|INFO|PCSFELETRONICAPG_USER_20121117.csv Total de Logins: 10
17/11/2012 04:35:19|INFO|PCSGCPP_USER_20121117.csv Total de Logins: 9
17/11/2012 04:35:19|INFO|PCSUCM_USER_20121117.csv Total de Logins: 14
17/11/2012 04:35:19|INFO|PCSGJMC_USER_20121117.csv Total de Logins: 11
17/11/2012 04:35:19|INFO|PCSKPI_USER_20121117.csv Total de Logins: 8
17/11/2012 04:35:19|INFO|PCSIPVS_USER_20121117.csv Total de Logins: 8
17/11/2012 04:35:19|INFO|PCSPDV_MGMT_USER_20121117.csv Total de Logins: 7
17/11/2012 04:35:19|INFO|PCSP2B_USER_20121117.csv Total de Logins: 3
17/11/2012 04:35:19|INFO|PCSDTH_USER_20121117.csv Total de Logins: 2
17/11/2012 04:35:19|INFO|Finalizado
