17/06/2013 04:30:01|INFO|Iniciando
17/06/2013 04:36:19|INFO|PCSCLARIFY_USER_20130617.csv Total de Logins: 20393
17/06/2013 04:36:19|INFO|PCSPDVGN_USER_20130617.csv Total de Logins: 3230
17/06/2013 04:36:19|INFO|PCSPDV_LIVE_USER_20130617.csv Total de Logins: 11459
17/06/2013 04:36:19|INFO|PCSSFA_USER_20130617.csv Total de Logins: 3317
17/06/2013 04:36:19|INFO|PCSPDVGL_USER_20130617.csv Total de Logins: 1782
17/06/2013 04:36:19|INFO|PCSDSF_USER_20130617.csv Total de Logins: 24844
17/06/2013 04:36:19|INFO|PCSPROTOCOLOS_USER_20130617.csv Total de Logins: 3223
17/06/2013 04:36:19|INFO|PCSSGR_USER_20130617.csv Total de Logins: 16733
17/06/2013 04:36:19|INFO|PCSCBCF_USER_20130617.csv Total de Logins: 12549
17/06/2013 04:36:19|INFO|PCSICRC_USER_20130617.csv Total de Logins: 16796
17/06/2013 04:36:19|INFO|PCSASP_USER_20130617.csv Total de Logins: 18151
17/06/2013 04:36:19|INFO|PCSIUNICA_USER_20130617.csv Total de Logins: 8109
17/06/2013 04:36:19|INFO|PCSP2B_USER_20130617.csv Total de Logins: 5938
17/06/2013 04:36:19|INFO|PCSSIEBEL_USER_20130617.csv Total de Logins: 180
17/06/2013 04:36:19|INFO|PCSPLOGISTICA_USER_20130617.csv Total de Logins: 4344
17/06/2013 04:36:19|INFO|PCSFELETRONICA_USER_20130617.csv Total de Logins: 2748
17/06/2013 04:36:19|INFO|PCSVERO_USER_20130617.csv Total de Logins: 3048
17/06/2013 04:36:19|INFO|PCSTIMFILAS_USER_20130617.csv Total de Logins: 1645
17/06/2013 04:36:19|INFO|PCSVENDITA_USER_20130617.csv Total de Logins: 265
17/06/2013 04:36:19|INFO|PCSSCTR-PORTAL_USER_20130617.csv Total de Logins: 22
17/06/2013 04:36:19|INFO|PCSRAP_USER_20130617.csv Total de Logins: 24
17/06/2013 04:36:19|INFO|PCSGCPP_USER_20130617.csv Total de Logins: 17
17/06/2013 04:36:19|INFO|PCSUCM_USER_20130617.csv Total de Logins: 12
17/06/2013 04:36:19|INFO|PCSGVAS_USER_20130617.csv Total de Logins: 10
17/06/2013 04:36:19|INFO|PCSKPI_USER_20130617.csv Total de Logins: 7
17/06/2013 04:36:19|INFO|PCSIPVS_USER_20130617.csv Total de Logins: 9
17/06/2013 04:36:19|INFO|PCSBDOH_USER_20130617.csv Total de Logins: 130
17/06/2013 04:36:19|INFO|PCSSALES_USER_20130617.csv Total de Logins: 43
17/06/2013 04:36:19|INFO|PCSPDV_MGMT_USER_20130617.csv Total de Logins: 10
17/06/2013 04:36:19|INFO|PCSGJMC_USER_20130617.csv Total de Logins: 9
17/06/2013 04:36:19|INFO|PCSFELETRONICAPG_USER_20130617.csv Total de Logins: 11
17/06/2013 04:36:19|INFO|PCSBISEMANTICO_USER_20130617.csv Total de Logins: 6
17/06/2013 04:36:19|INFO|PCSDTH_USER_20130617.csv Total de Logins: 2
17/06/2013 04:36:19|INFO|Finalizado
