30/04/2013 04:30:01|INFO|Iniciando
30/04/2013 04:36:21|INFO|PCSCLARIFY_USER_20130430.csv Total de Logins: 21813
30/04/2013 04:36:21|INFO|PCSPDVGN_USER_20130430.csv Total de Logins: 3391
30/04/2013 04:36:21|INFO|PCSPDV_LIVE_USER_20130430.csv Total de Logins: 11387
30/04/2013 04:36:21|INFO|PCSPDVGL_USER_20130430.csv Total de Logins: 1960
30/04/2013 04:36:21|INFO|PCSSIEBEL_USER_20130430.csv Total de Logins: 81
30/04/2013 04:36:21|INFO|PCSDSF_USER_20130430.csv Total de Logins: 26152
30/04/2013 04:36:21|INFO|PCSPROTOCOLOS_USER_20130430.csv Total de Logins: 2619
30/04/2013 04:36:21|INFO|PCSSGR_USER_20130430.csv Total de Logins: 17318
30/04/2013 04:36:21|INFO|PCSCBCF_USER_20130430.csv Total de Logins: 12759
30/04/2013 04:36:21|INFO|PCSICRC_USER_20130430.csv Total de Logins: 17621
30/04/2013 04:36:22|INFO|PCSASP_USER_20130430.csv Total de Logins: 19365
30/04/2013 04:36:22|INFO|PCSIUNICA_USER_20130430.csv Total de Logins: 8766
30/04/2013 04:36:22|INFO|PCSPLOGISTICA_USER_20130430.csv Total de Logins: 4282
30/04/2013 04:36:22|INFO|PCSP2B_USER_20130430.csv Total de Logins: 4688
30/04/2013 04:36:22|INFO|PCSSFA_USER_20130430.csv Total de Logins: 1586
30/04/2013 04:36:22|INFO|PCSVERO_USER_20130430.csv Total de Logins: 1494
30/04/2013 04:36:22|INFO|PCSTIMFILAS_USER_20130430.csv Total de Logins: 1681
30/04/2013 04:36:22|INFO|PCSFELETRONICA_USER_20130430.csv Total de Logins: 3270
30/04/2013 04:36:22|INFO|PCSVENDITA_USER_20130430.csv Total de Logins: 292
30/04/2013 04:36:22|INFO|PCSRAP_USER_20130430.csv Total de Logins: 22
30/04/2013 04:36:22|INFO|PCSSCTR-PORTAL_USER_20130430.csv Total de Logins: 18
30/04/2013 04:36:22|INFO|PCSUCM_USER_20130430.csv Total de Logins: 10
30/04/2013 04:36:22|INFO|PCSGVAS_USER_20130430.csv Total de Logins: 8
30/04/2013 04:36:22|INFO|PCSKPI_USER_20130430.csv Total de Logins: 7
30/04/2013 04:36:22|INFO|PCSIPVS_USER_20130430.csv Total de Logins: 4
30/04/2013 04:36:22|INFO|PCSBDOH_USER_20130430.csv Total de Logins: 192
30/04/2013 04:36:22|INFO|PCSSALES_USER_20130430.csv Total de Logins: 55
30/04/2013 04:36:22|INFO|PCSGCPP_USER_20130430.csv Total de Logins: 5
30/04/2013 04:36:22|INFO|PCSPDV_MGMT_USER_20130430.csv Total de Logins: 7
30/04/2013 04:36:22|INFO|PCSGJMC_USER_20130430.csv Total de Logins: 6
30/04/2013 04:36:22|INFO|PCSFELETRONICAPG_USER_20130430.csv Total de Logins: 5
30/04/2013 04:36:22|INFO|PCSDTH_USER_20130430.csv Total de Logins: 2
30/04/2013 04:36:22|INFO|Finalizado
