02/05/2013 04:30:00|INFO|Iniciando
02/05/2013 04:36:44|INFO|PCSCLARIFY_USER_20130502.csv Total de Logins: 21812
02/05/2013 04:36:44|INFO|PCSPDVGN_USER_20130502.csv Total de Logins: 3394
02/05/2013 04:36:44|INFO|PCSPDV_LIVE_USER_20130502.csv Total de Logins: 11413
02/05/2013 04:36:44|INFO|PCSPDVGL_USER_20130502.csv Total de Logins: 1963
02/05/2013 04:36:44|INFO|PCSSIEBEL_USER_20130502.csv Total de Logins: 81
02/05/2013 04:36:44|INFO|PCSDSF_USER_20130502.csv Total de Logins: 26128
02/05/2013 04:36:44|INFO|PCSPROTOCOLOS_USER_20130502.csv Total de Logins: 2736
02/05/2013 04:36:44|INFO|PCSSGR_USER_20130502.csv Total de Logins: 17300
02/05/2013 04:36:44|INFO|PCSCBCF_USER_20130502.csv Total de Logins: 12796
02/05/2013 04:36:44|INFO|PCSICRC_USER_20130502.csv Total de Logins: 17629
02/05/2013 04:36:44|INFO|PCSASP_USER_20130502.csv Total de Logins: 19368
02/05/2013 04:36:44|INFO|PCSIUNICA_USER_20130502.csv Total de Logins: 8767
02/05/2013 04:36:44|INFO|PCSPLOGISTICA_USER_20130502.csv Total de Logins: 4393
02/05/2013 04:36:44|INFO|PCSP2B_USER_20130502.csv Total de Logins: 4831
02/05/2013 04:36:44|INFO|PCSSFA_USER_20130502.csv Total de Logins: 1649
02/05/2013 04:36:44|INFO|PCSVERO_USER_20130502.csv Total de Logins: 1638
02/05/2013 04:36:44|INFO|PCSTIMFILAS_USER_20130502.csv Total de Logins: 1686
02/05/2013 04:36:44|INFO|PCSFELETRONICA_USER_20130502.csv Total de Logins: 3295
02/05/2013 04:36:44|INFO|PCSVENDITA_USER_20130502.csv Total de Logins: 291
02/05/2013 04:36:44|INFO|PCSRAP_USER_20130502.csv Total de Logins: 22
02/05/2013 04:36:44|INFO|PCSSCTR-PORTAL_USER_20130502.csv Total de Logins: 18
02/05/2013 04:36:44|INFO|PCSUCM_USER_20130502.csv Total de Logins: 10
02/05/2013 04:36:44|INFO|PCSGVAS_USER_20130502.csv Total de Logins: 8
02/05/2013 04:36:44|INFO|PCSKPI_USER_20130502.csv Total de Logins: 7
02/05/2013 04:36:44|INFO|PCSIPVS_USER_20130502.csv Total de Logins: 4
02/05/2013 04:36:44|INFO|PCSBDOH_USER_20130502.csv Total de Logins: 192
02/05/2013 04:36:44|INFO|PCSSALES_USER_20130502.csv Total de Logins: 56
02/05/2013 04:36:44|INFO|PCSGCPP_USER_20130502.csv Total de Logins: 5
02/05/2013 04:36:44|INFO|PCSPDV_MGMT_USER_20130502.csv Total de Logins: 7
02/05/2013 04:36:44|INFO|PCSGJMC_USER_20130502.csv Total de Logins: 6
02/05/2013 04:36:44|INFO|PCSFELETRONICAPG_USER_20130502.csv Total de Logins: 5
02/05/2013 04:36:44|INFO|PCSDTH_USER_20130502.csv Total de Logins: 2
02/05/2013 04:36:44|INFO|Finalizado
