13/05/2013 04:30:01|INFO|Iniciando
13/05/2013 04:36:08|INFO|PCSCLARIFY_USER_20130513.csv Total de Logins: 20993
13/05/2013 04:36:08|INFO|PCSPDVGN_USER_20130513.csv Total de Logins: 3111
13/05/2013 04:36:08|INFO|PCSPDV_LIVE_USER_20130513.csv Total de Logins: 10752
13/05/2013 04:36:08|INFO|PCSPDVGL_USER_20130513.csv Total de Logins: 1839
13/05/2013 04:36:08|INFO|PCSSIEBEL_USER_20130513.csv Total de Logins: 82
13/05/2013 04:36:08|INFO|PCSDSF_USER_20130513.csv Total de Logins: 24898
13/05/2013 04:36:08|INFO|PCSPROTOCOLOS_USER_20130513.csv Total de Logins: 2410
13/05/2013 04:36:08|INFO|PCSSGR_USER_20130513.csv Total de Logins: 16389
13/05/2013 04:36:08|INFO|PCSCBCF_USER_20130513.csv Total de Logins: 12021
13/05/2013 04:36:08|INFO|PCSICRC_USER_20130513.csv Total de Logins: 16817
13/05/2013 04:36:08|INFO|PCSASP_USER_20130513.csv Total de Logins: 18620
13/05/2013 04:36:08|INFO|PCSIUNICA_USER_20130513.csv Total de Logins: 8313
13/05/2013 04:36:08|INFO|PCSP2B_USER_20130513.csv Total de Logins: 4458
13/05/2013 04:36:08|INFO|PCSPLOGISTICA_USER_20130513.csv Total de Logins: 4853
13/05/2013 04:36:08|INFO|PCSSFA_USER_20130513.csv Total de Logins: 1934
13/05/2013 04:36:08|INFO|PCSVERO_USER_20130513.csv Total de Logins: 1747
13/05/2013 04:36:08|INFO|PCSTIMFILAS_USER_20130513.csv Total de Logins: 1673
13/05/2013 04:36:08|INFO|PCSFELETRONICA_USER_20130513.csv Total de Logins: 2937
13/05/2013 04:36:08|INFO|PCSVENDITA_USER_20130513.csv Total de Logins: 276
13/05/2013 04:36:08|INFO|PCSRAP_USER_20130513.csv Total de Logins: 20
13/05/2013 04:36:08|INFO|PCSSCTR-PORTAL_USER_20130513.csv Total de Logins: 19
13/05/2013 04:36:08|INFO|PCSUCM_USER_20130513.csv Total de Logins: 10
13/05/2013 04:36:08|INFO|PCSGVAS_USER_20130513.csv Total de Logins: 8
13/05/2013 04:36:08|INFO|PCSKPI_USER_20130513.csv Total de Logins: 7
13/05/2013 04:36:08|INFO|PCSIPVS_USER_20130513.csv Total de Logins: 4
13/05/2013 04:36:08|INFO|PCSBDOH_USER_20130513.csv Total de Logins: 146
13/05/2013 04:36:08|INFO|PCSSALES_USER_20130513.csv Total de Logins: 47
13/05/2013 04:36:08|INFO|PCSGCPP_USER_20130513.csv Total de Logins: 5
13/05/2013 04:36:08|INFO|PCSPDV_MGMT_USER_20130513.csv Total de Logins: 6
13/05/2013 04:36:08|INFO|PCSGJMC_USER_20130513.csv Total de Logins: 6
13/05/2013 04:36:08|INFO|PCSFELETRONICAPG_USER_20130513.csv Total de Logins: 5
13/05/2013 04:36:08|INFO|PCSDTH_USER_20130513.csv Total de Logins: 2
13/05/2013 04:36:08|INFO|Finalizado
