08/05/2013 04:30:01|INFO|Iniciando
08/05/2013 04:36:16|INFO|PCSCLARIFY_USER_20130508.csv Total de Logins: 21189
08/05/2013 04:36:16|INFO|PCSPDVGN_USER_20130508.csv Total de Logins: 3375
08/05/2013 04:36:16|INFO|PCSPDV_LIVE_USER_20130508.csv Total de Logins: 11215
08/05/2013 04:36:16|INFO|PCSPDVGL_USER_20130508.csv Total de Logins: 1951
08/05/2013 04:36:16|INFO|PCSSIEBEL_USER_20130508.csv Total de Logins: 91
08/05/2013 04:36:16|INFO|PCSDSF_USER_20130508.csv Total de Logins: 25391
08/05/2013 04:36:16|INFO|PCSPROTOCOLOS_USER_20130508.csv Total de Logins: 2543
08/05/2013 04:36:16|INFO|PCSSGR_USER_20130508.csv Total de Logins: 16677
08/05/2013 04:36:16|INFO|PCSCBCF_USER_20130508.csv Total de Logins: 12318
08/05/2013 04:36:16|INFO|PCSICRC_USER_20130508.csv Total de Logins: 17049
08/05/2013 04:36:16|INFO|PCSASP_USER_20130508.csv Total de Logins: 18811
08/05/2013 04:36:16|INFO|PCSIUNICA_USER_20130508.csv Total de Logins: 8445
08/05/2013 04:36:16|INFO|PCSPLOGISTICA_USER_20130508.csv Total de Logins: 4052
08/05/2013 04:36:16|INFO|PCSP2B_USER_20130508.csv Total de Logins: 4727
08/05/2013 04:36:16|INFO|PCSSFA_USER_20130508.csv Total de Logins: 1884
08/05/2013 04:36:16|INFO|PCSVERO_USER_20130508.csv Total de Logins: 1755
08/05/2013 04:36:16|INFO|PCSTIMFILAS_USER_20130508.csv Total de Logins: 1665
08/05/2013 04:36:16|INFO|PCSFELETRONICA_USER_20130508.csv Total de Logins: 3054
08/05/2013 04:36:16|INFO|PCSVENDITA_USER_20130508.csv Total de Logins: 284
08/05/2013 04:36:16|INFO|PCSRAP_USER_20130508.csv Total de Logins: 20
08/05/2013 04:36:16|INFO|PCSSCTR-PORTAL_USER_20130508.csv Total de Logins: 18
08/05/2013 04:36:16|INFO|PCSUCM_USER_20130508.csv Total de Logins: 10
08/05/2013 04:36:16|INFO|PCSGVAS_USER_20130508.csv Total de Logins: 8
08/05/2013 04:36:16|INFO|PCSKPI_USER_20130508.csv Total de Logins: 7
08/05/2013 04:36:16|INFO|PCSIPVS_USER_20130508.csv Total de Logins: 4
08/05/2013 04:36:16|INFO|PCSBDOH_USER_20130508.csv Total de Logins: 155
08/05/2013 04:36:16|INFO|PCSSALES_USER_20130508.csv Total de Logins: 51
08/05/2013 04:36:16|INFO|PCSGCPP_USER_20130508.csv Total de Logins: 5
08/05/2013 04:36:16|INFO|PCSPDV_MGMT_USER_20130508.csv Total de Logins: 6
08/05/2013 04:36:16|INFO|PCSGJMC_USER_20130508.csv Total de Logins: 6
08/05/2013 04:36:16|INFO|PCSFELETRONICAPG_USER_20130508.csv Total de Logins: 5
08/05/2013 04:36:16|INFO|PCSDTH_USER_20130508.csv Total de Logins: 2
08/05/2013 04:36:16|INFO|Finalizado
