04/03/2013 04:30:01|INFO|Iniciando
04/03/2013 04:35:57|INFO|PCSCLARIFY_USER_20130304.csv Total de Logins: 21478
04/03/2013 04:35:57|INFO|PCSPDVGN_USER_20130304.csv Total de Logins: 3456
04/03/2013 04:35:57|INFO|PCSPDV_LIVE_USER_20130304.csv Total de Logins: 13244
04/03/2013 04:35:57|INFO|PCSPDVGL_USER_20130304.csv Total de Logins: 2037
04/03/2013 04:35:57|INFO|PCSSIEBEL_USER_20130304.csv Total de Logins: 34
04/03/2013 04:35:57|INFO|PCSASP_USER_20130304.csv Total de Logins: 19152
04/03/2013 04:35:57|INFO|PCSDSF_USER_20130304.csv Total de Logins: 25723
04/03/2013 04:35:57|INFO|PCSICRC_USER_20130304.csv Total de Logins: 17843
04/03/2013 04:35:57|INFO|PCSPROTOCOLOS_USER_20130304.csv Total de Logins: 2592
04/03/2013 04:35:57|INFO|PCSSGR_USER_20130304.csv Total de Logins: 17047
04/03/2013 04:35:57|INFO|PCSCBCF_USER_20130304.csv Total de Logins: 12718
04/03/2013 04:35:57|INFO|PCSIUNICA_USER_20130304.csv Total de Logins: 9166
04/03/2013 04:35:57|INFO|PCSPLOGISTICA_USER_20130304.csv Total de Logins: 5709
04/03/2013 04:35:57|INFO|PCSP2B_USER_20130304.csv Total de Logins: 2378
04/03/2013 04:35:57|INFO|PCSFELETRONICA_USER_20130304.csv Total de Logins: 4016
04/03/2013 04:35:57|INFO|PCSSFA_USER_20130304.csv Total de Logins: 1751
04/03/2013 04:35:57|INFO|PCSVERO_USER_20130304.csv Total de Logins: 1698
04/03/2013 04:35:57|INFO|PCSTIMFILAS_USER_20130304.csv Total de Logins: 1631
04/03/2013 04:35:57|INFO|PCSVENDITA_USER_20130304.csv Total de Logins: 253
04/03/2013 04:35:57|INFO|PCSRAP_USER_20130304.csv Total de Logins: 13
04/03/2013 04:35:57|INFO|PCSSCTR-PORTAL_USER_20130304.csv Total de Logins: 16
04/03/2013 04:35:57|INFO|PCSUCM_USER_20130304.csv Total de Logins: 8
04/03/2013 04:35:57|INFO|PCSGVAS_USER_20130304.csv Total de Logins: 9
04/03/2013 04:35:57|INFO|PCSKPI_USER_20130304.csv Total de Logins: 8
04/03/2013 04:35:57|INFO|PCSIPVS_USER_20130304.csv Total de Logins: 5
04/03/2013 04:35:57|INFO|PCSBDOH_USER_20130304.csv Total de Logins: 170
04/03/2013 04:35:57|INFO|PCSSALES_USER_20130304.csv Total de Logins: 71
04/03/2013 04:35:57|INFO|PCSGCPP_USER_20130304.csv Total de Logins: 5
04/03/2013 04:35:57|INFO|PCSPDV_MGMT_USER_20130304.csv Total de Logins: 8
04/03/2013 04:35:57|INFO|PCSGJMC_USER_20130304.csv Total de Logins: 7
04/03/2013 04:35:57|INFO|PCSFELETRONICAPG_USER_20130304.csv Total de Logins: 6
04/03/2013 04:35:57|INFO|PCSDTH_USER_20130304.csv Total de Logins: 2
04/03/2013 04:35:57|INFO|Finalizado
