06/06/2013 04:30:01|INFO|Iniciando
06/06/2013 04:36:23|INFO|PCSCLARIFY_USER_20130606.csv Total de Logins: 20549
06/06/2013 04:36:23|INFO|PCSPDVGN_USER_20130606.csv Total de Logins: 3195
06/06/2013 04:36:23|INFO|PCSPDV_LIVE_USER_20130606.csv Total de Logins: 11099
06/06/2013 04:36:23|INFO|PCSPDVGL_USER_20130606.csv Total de Logins: 1780
06/06/2013 04:36:23|INFO|PCSSIEBEL_USER_20130606.csv Total de Logins: 124
06/06/2013 04:36:23|INFO|PCSDSF_USER_20130606.csv Total de Logins: 24910
06/06/2013 04:36:23|INFO|PCSPROTOCOLOS_USER_20130606.csv Total de Logins: 3057
06/06/2013 04:36:23|INFO|PCSSGR_USER_20130606.csv Total de Logins: 16653
06/06/2013 04:36:23|INFO|PCSCBCF_USER_20130606.csv Total de Logins: 12311
06/06/2013 04:36:23|INFO|PCSICRC_USER_20130606.csv Total de Logins: 16789
06/06/2013 04:36:23|INFO|PCSASP_USER_20130606.csv Total de Logins: 18264
06/06/2013 04:36:23|INFO|PCSIUNICA_USER_20130606.csv Total de Logins: 8098
06/06/2013 04:36:23|INFO|PCSP2B_USER_20130606.csv Total de Logins: 5578
06/06/2013 04:36:23|INFO|PCSPLOGISTICA_USER_20130606.csv Total de Logins: 4746
06/06/2013 04:36:23|INFO|PCSSFA_USER_20130606.csv Total de Logins: 2948
06/06/2013 04:36:23|INFO|PCSVERO_USER_20130606.csv Total de Logins: 2751
06/06/2013 04:36:23|INFO|PCSTIMFILAS_USER_20130606.csv Total de Logins: 1667
06/06/2013 04:36:23|INFO|PCSFELETRONICA_USER_20130606.csv Total de Logins: 2747
06/06/2013 04:36:23|INFO|PCSVENDITA_USER_20130606.csv Total de Logins: 275
06/06/2013 04:36:23|INFO|PCSSCTR-PORTAL_USER_20130606.csv Total de Logins: 21
06/06/2013 04:36:23|INFO|PCSRAP_USER_20130606.csv Total de Logins: 24
06/06/2013 04:36:23|INFO|PCSGCPP_USER_20130606.csv Total de Logins: 17
06/06/2013 04:36:23|INFO|PCSUCM_USER_20130606.csv Total de Logins: 12
06/06/2013 04:36:23|INFO|PCSGVAS_USER_20130606.csv Total de Logins: 10
06/06/2013 04:36:23|INFO|PCSKPI_USER_20130606.csv Total de Logins: 7
06/06/2013 04:36:23|INFO|PCSIPVS_USER_20130606.csv Total de Logins: 9
06/06/2013 04:36:23|INFO|PCSBDOH_USER_20130606.csv Total de Logins: 131
06/06/2013 04:36:23|INFO|PCSSALES_USER_20130606.csv Total de Logins: 44
06/06/2013 04:36:23|INFO|PCSPDV_MGMT_USER_20130606.csv Total de Logins: 10
06/06/2013 04:36:23|INFO|PCSGJMC_USER_20130606.csv Total de Logins: 9
06/06/2013 04:36:23|INFO|PCSFELETRONICAPG_USER_20130606.csv Total de Logins: 8
06/06/2013 04:36:23|INFO|PCSBISEMANTICO_USER_20130606.csv Total de Logins: 6
06/06/2013 04:36:23|INFO|PCSDTH_USER_20130606.csv Total de Logins: 2
06/06/2013 04:36:23|INFO|Finalizado
