06/07/2013 04:30:02|INFO|Iniciando
06/07/2013 04:36:30|INFO|PCSCLARIFY_USER_20130706.csv Total de Logins: 20115
06/07/2013 04:36:30|INFO|PCSPDVGN_USER_20130706.csv Total de Logins: 3237
06/07/2013 04:36:30|INFO|PCSSFA_USER_20130706.csv Total de Logins: 3383
06/07/2013 04:36:30|INFO|PCSPDVGL_USER_20130706.csv Total de Logins: 1741
06/07/2013 04:36:30|INFO|PCSDSF_USER_20130706.csv Total de Logins: 24438
06/07/2013 04:36:30|INFO|PCSPDV_LIVE_USER_20130706.csv Total de Logins: 11604
06/07/2013 04:36:30|INFO|PCSPROTOCOLOS_USER_20130706.csv Total de Logins: 3419
06/07/2013 04:36:30|INFO|PCSSGR_USER_20130706.csv Total de Logins: 16506
06/07/2013 04:36:30|INFO|PCSCBCF_USER_20130706.csv Total de Logins: 12322
06/07/2013 04:36:30|INFO|PCSICRC_USER_20130706.csv Total de Logins: 16357
06/07/2013 04:36:30|INFO|PCSASP_USER_20130706.csv Total de Logins: 17643
06/07/2013 04:36:30|INFO|PCSIUNICA_USER_20130706.csv Total de Logins: 8026
06/07/2013 04:36:30|INFO|PCSP2B_USER_20130706.csv Total de Logins: 5985
06/07/2013 04:36:30|INFO|PCSSIEBEL_USER_20130706.csv Total de Logins: 800
06/07/2013 04:36:30|INFO|PCSPLOGISTICA_USER_20130706.csv Total de Logins: 3782
06/07/2013 04:36:30|INFO|PCSFELETRONICA_USER_20130706.csv Total de Logins: 2384
06/07/2013 04:36:30|INFO|PCSVERO_USER_20130706.csv Total de Logins: 3223
06/07/2013 04:36:30|INFO|PCSTIMFILAS_USER_20130706.csv Total de Logins: 1654
06/07/2013 04:36:30|INFO|PCSVENDITA_USER_20130706.csv Total de Logins: 243
06/07/2013 04:36:30|INFO|PCSVCE_USER_20130706.csv Total de Logins: 65
06/07/2013 04:36:30|INFO|PCSSCTR-PORTAL_USER_20130706.csv Total de Logins: 20
06/07/2013 04:36:30|INFO|PCSRAP_USER_20130706.csv Total de Logins: 23
06/07/2013 04:36:30|INFO|PCSGCPP_USER_20130706.csv Total de Logins: 14
06/07/2013 04:36:30|INFO|PCSUCM_USER_20130706.csv Total de Logins: 9
06/07/2013 04:36:30|INFO|PCSGVAS_USER_20130706.csv Total de Logins: 8
06/07/2013 04:36:30|INFO|PCSKPI_USER_20130706.csv Total de Logins: 6
06/07/2013 04:36:30|INFO|PCSIPVS_USER_20130706.csv Total de Logins: 7
06/07/2013 04:36:30|INFO|PCSBDOH_USER_20130706.csv Total de Logins: 134
06/07/2013 04:36:30|INFO|PCSSALES_USER_20130706.csv Total de Logins: 37
06/07/2013 04:36:30|INFO|PCSDTH_USER_20130706.csv Total de Logins: 9
06/07/2013 04:36:30|INFO|PCSPDV_MGMT_USER_20130706.csv Total de Logins: 9
06/07/2013 04:36:30|INFO|PCSBISEMANTICO_USER_20130706.csv Total de Logins: 6
06/07/2013 04:36:30|INFO|PCSGJMC_USER_20130706.csv Total de Logins: 7
06/07/2013 04:36:30|INFO|PCSFELETRONICAPG_USER_20130706.csv Total de Logins: 9
06/07/2013 04:36:30|INFO|Finalizado
