09/06/2013 04:30:02|INFO|Iniciando
09/06/2013 04:36:23|INFO|PCSCLARIFY_USER_20130609.csv Total de Logins: 20558
09/06/2013 04:36:23|INFO|PCSPDVGN_USER_20130609.csv Total de Logins: 3209
09/06/2013 04:36:23|INFO|PCSPDV_LIVE_USER_20130609.csv Total de Logins: 11295
09/06/2013 04:36:23|INFO|PCSPDVGL_USER_20130609.csv Total de Logins: 1778
09/06/2013 04:36:23|INFO|PCSSIEBEL_USER_20130609.csv Total de Logins: 147
09/06/2013 04:36:23|INFO|PCSDSF_USER_20130609.csv Total de Logins: 25007
09/06/2013 04:36:23|INFO|PCSPROTOCOLOS_USER_20130609.csv Total de Logins: 3100
09/06/2013 04:36:23|INFO|PCSSGR_USER_20130609.csv Total de Logins: 16765
09/06/2013 04:36:23|INFO|PCSCBCF_USER_20130609.csv Total de Logins: 12437
09/06/2013 04:36:23|INFO|PCSICRC_USER_20130609.csv Total de Logins: 16918
09/06/2013 04:36:23|INFO|PCSASP_USER_20130609.csv Total de Logins: 18281
09/06/2013 04:36:23|INFO|PCSIUNICA_USER_20130609.csv Total de Logins: 8084
09/06/2013 04:36:23|INFO|PCSP2B_USER_20130609.csv Total de Logins: 5707
09/06/2013 04:36:23|INFO|PCSPLOGISTICA_USER_20130609.csv Total de Logins: 4586
09/06/2013 04:36:23|INFO|PCSFELETRONICA_USER_20130609.csv Total de Logins: 2761
09/06/2013 04:36:23|INFO|PCSSFA_USER_20130609.csv Total de Logins: 2992
09/06/2013 04:36:23|INFO|PCSVERO_USER_20130609.csv Total de Logins: 2817
09/06/2013 04:36:23|INFO|PCSTIMFILAS_USER_20130609.csv Total de Logins: 1657
09/06/2013 04:36:23|INFO|PCSVENDITA_USER_20130609.csv Total de Logins: 274
09/06/2013 04:36:23|INFO|PCSSCTR-PORTAL_USER_20130609.csv Total de Logins: 21
09/06/2013 04:36:23|INFO|PCSRAP_USER_20130609.csv Total de Logins: 24
09/06/2013 04:36:23|INFO|PCSGCPP_USER_20130609.csv Total de Logins: 17
09/06/2013 04:36:23|INFO|PCSUCM_USER_20130609.csv Total de Logins: 12
09/06/2013 04:36:23|INFO|PCSGVAS_USER_20130609.csv Total de Logins: 10
09/06/2013 04:36:23|INFO|PCSKPI_USER_20130609.csv Total de Logins: 7
09/06/2013 04:36:23|INFO|PCSIPVS_USER_20130609.csv Total de Logins: 9
09/06/2013 04:36:23|INFO|PCSBDOH_USER_20130609.csv Total de Logins: 132
09/06/2013 04:36:23|INFO|PCSSALES_USER_20130609.csv Total de Logins: 44
09/06/2013 04:36:23|INFO|PCSPDV_MGMT_USER_20130609.csv Total de Logins: 10
09/06/2013 04:36:23|INFO|PCSGJMC_USER_20130609.csv Total de Logins: 9
09/06/2013 04:36:23|INFO|PCSFELETRONICAPG_USER_20130609.csv Total de Logins: 11
09/06/2013 04:36:23|INFO|PCSBISEMANTICO_USER_20130609.csv Total de Logins: 6
09/06/2013 04:36:23|INFO|PCSDTH_USER_20130609.csv Total de Logins: 2
09/06/2013 04:36:23|INFO|Finalizado
