20/05/2013 04:30:01|INFO|Iniciando
20/05/2013 04:36:05|INFO|PCSCLARIFY_USER_20130520.csv Total de Logins: 20468
20/05/2013 04:36:05|INFO|PCSPDVGN_USER_20130520.csv Total de Logins: 3096
20/05/2013 04:36:05|INFO|PCSPDV_LIVE_USER_20130520.csv Total de Logins: 10635
20/05/2013 04:36:05|INFO|PCSPDVGL_USER_20130520.csv Total de Logins: 1802
20/05/2013 04:36:05|INFO|PCSSIEBEL_USER_20130520.csv Total de Logins: 104
20/05/2013 04:36:05|INFO|PCSDSF_USER_20130520.csv Total de Logins: 24359
20/05/2013 04:36:05|INFO|PCSPROTOCOLOS_USER_20130520.csv Total de Logins: 2419
20/05/2013 04:36:05|INFO|PCSSGR_USER_20130520.csv Total de Logins: 16134
20/05/2013 04:36:05|INFO|PCSCBCF_USER_20130520.csv Total de Logins: 11970
20/05/2013 04:36:05|INFO|PCSICRC_USER_20130520.csv Total de Logins: 16516
20/05/2013 04:36:05|INFO|PCSASP_USER_20130520.csv Total de Logins: 18181
20/05/2013 04:36:05|INFO|PCSIUNICA_USER_20130520.csv Total de Logins: 8107
20/05/2013 04:36:05|INFO|PCSP2B_USER_20130520.csv Total de Logins: 4508
20/05/2013 04:36:05|INFO|PCSPLOGISTICA_USER_20130520.csv Total de Logins: 4496
20/05/2013 04:36:05|INFO|PCSSFA_USER_20130520.csv Total de Logins: 1967
20/05/2013 04:36:05|INFO|PCSVERO_USER_20130520.csv Total de Logins: 1791
20/05/2013 04:36:05|INFO|PCSTIMFILAS_USER_20130520.csv Total de Logins: 1676
20/05/2013 04:36:05|INFO|PCSFELETRONICA_USER_20130520.csv Total de Logins: 2593
20/05/2013 04:36:05|INFO|PCSVENDITA_USER_20130520.csv Total de Logins: 248
20/05/2013 04:36:05|INFO|PCSRAP_USER_20130520.csv Total de Logins: 20
20/05/2013 04:36:05|INFO|PCSSCTR-PORTAL_USER_20130520.csv Total de Logins: 18
20/05/2013 04:36:05|INFO|PCSUCM_USER_20130520.csv Total de Logins: 9
20/05/2013 04:36:05|INFO|PCSGVAS_USER_20130520.csv Total de Logins: 7
20/05/2013 04:36:05|INFO|PCSKPI_USER_20130520.csv Total de Logins: 7
20/05/2013 04:36:05|INFO|PCSIPVS_USER_20130520.csv Total de Logins: 4
20/05/2013 04:36:05|INFO|PCSBDOH_USER_20130520.csv Total de Logins: 141
20/05/2013 04:36:05|INFO|PCSSALES_USER_20130520.csv Total de Logins: 48
20/05/2013 04:36:05|INFO|PCSGCPP_USER_20130520.csv Total de Logins: 5
20/05/2013 04:36:05|INFO|PCSPDV_MGMT_USER_20130520.csv Total de Logins: 6
20/05/2013 04:36:05|INFO|PCSGJMC_USER_20130520.csv Total de Logins: 6
20/05/2013 04:36:05|INFO|PCSFELETRONICAPG_USER_20130520.csv Total de Logins: 4
20/05/2013 04:36:05|INFO|PCSDTH_USER_20130520.csv Total de Logins: 2
20/05/2013 04:36:05|INFO|Finalizado
