28/11/2012 04:30:01|INFO|Iniciando
28/11/2012 04:35:25|INFO|PCSCLARIFY_USER_20121128.csv Total de Logins: 20285
28/11/2012 04:35:25|INFO|PCSPDVGN_USER_20121128.csv Total de Logins: 3379
28/11/2012 04:35:25|INFO|PCSPDV_LIVE_USER_20121128.csv Total de Logins: 11945
28/11/2012 04:35:25|INFO|PCSBDOH_USER_20121128.csv Total de Logins: 303
28/11/2012 04:35:25|INFO|PCSPDVGL_USER_20121128.csv Total de Logins: 2048
28/11/2012 04:35:25|INFO|PCSSIEBEL_USER_20121128.csv Total de Logins: 102
28/11/2012 04:35:25|INFO|PCSDSF_USER_20121128.csv Total de Logins: 24512
28/11/2012 04:35:25|INFO|PCSPROTOCOLOS_USER_20121128.csv Total de Logins: 3508
28/11/2012 04:35:25|INFO|PCSSGR_USER_20121128.csv Total de Logins: 15888
28/11/2012 04:35:25|INFO|PCSCBCF_USER_20121128.csv Total de Logins: 12274
28/11/2012 04:35:25|INFO|PCSIUNICA_USER_20121128.csv Total de Logins: 8026
28/11/2012 04:35:25|INFO|PCSFELETRONICA_USER_20121128.csv Total de Logins: 2355
28/11/2012 04:35:25|INFO|PCSICRC_USER_20121128.csv Total de Logins: 16232
28/11/2012 04:35:25|INFO|PCSPLOGISTICA_USER_20121128.csv Total de Logins: 3895
28/11/2012 04:35:25|INFO|PCSASP_USER_20121128.csv Total de Logins: 17687
28/11/2012 04:35:25|INFO|PCSSFA_USER_20121128.csv Total de Logins: 46
28/11/2012 04:35:25|INFO|PCSTIMFILAS_USER_20121128.csv Total de Logins: 1625
28/11/2012 04:35:25|INFO|PCSGVAS_USER_20121128.csv Total de Logins: 12
28/11/2012 04:35:25|INFO|PCSVERO_USER_20121128.csv Total de Logins: 36
28/11/2012 04:35:25|INFO|PCSVENDITA_USER_20121128.csv Total de Logins: 231
28/11/2012 04:35:25|INFO|PCSRAP_USER_20121128.csv Total de Logins: 18
28/11/2012 04:35:25|INFO|PCSSCTR-PORTAL_USER_20121128.csv Total de Logins: 15
28/11/2012 04:35:25|INFO|PCSP2B_USER_20121128.csv Total de Logins: 25
28/11/2012 04:35:25|INFO|PCSFELETRONICAPG_USER_20121128.csv Total de Logins: 8
28/11/2012 04:35:25|INFO|PCSGCPP_USER_20121128.csv Total de Logins: 7
28/11/2012 04:35:25|INFO|PCSUCM_USER_20121128.csv Total de Logins: 10
28/11/2012 04:35:25|INFO|PCSGJMC_USER_20121128.csv Total de Logins: 8
28/11/2012 04:35:25|INFO|PCSKPI_USER_20121128.csv Total de Logins: 7
28/11/2012 04:35:25|INFO|PCSIPVS_USER_20121128.csv Total de Logins: 6
28/11/2012 04:35:25|INFO|PCSPDV_MGMT_USER_20121128.csv Total de Logins: 5
28/11/2012 04:35:25|INFO|PCSDTH_USER_20121128.csv Total de Logins: 2
28/11/2012 04:35:25|INFO|Finalizado
