27/03/2013 04:30:01|INFO|Iniciando
27/03/2013 04:36:15|INFO|PCSCLARIFY_USER_20130327.csv Total de Logins: 21580
27/03/2013 04:36:15|INFO|PCSPDVGN_USER_20130327.csv Total de Logins: 3435
27/03/2013 04:36:15|INFO|PCSPDV_LIVE_USER_20130327.csv Total de Logins: 12129
27/03/2013 04:36:15|INFO|PCSPDVGL_USER_20130327.csv Total de Logins: 2016
27/03/2013 04:36:15|INFO|PCSSIEBEL_USER_20130327.csv Total de Logins: 59
27/03/2013 04:36:15|INFO|PCSASP_USER_20130327.csv Total de Logins: 19178
27/03/2013 04:36:15|INFO|PCSDSF_USER_20130327.csv Total de Logins: 25730
27/03/2013 04:36:15|INFO|PCSICRC_USER_20130327.csv Total de Logins: 17498
27/03/2013 04:36:15|INFO|PCSPROTOCOLOS_USER_20130327.csv Total de Logins: 2555
27/03/2013 04:36:15|INFO|PCSSGR_USER_20130327.csv Total de Logins: 17444
27/03/2013 04:36:15|INFO|PCSCBCF_USER_20130327.csv Total de Logins: 13042
27/03/2013 04:36:15|INFO|PCSIUNICA_USER_20130327.csv Total de Logins: 9044
27/03/2013 04:36:15|INFO|PCSPLOGISTICA_USER_20130327.csv Total de Logins: 5914
27/03/2013 04:36:15|INFO|PCSP2B_USER_20130327.csv Total de Logins: 4217
27/03/2013 04:36:15|INFO|PCSTIMFILAS_USER_20130327.csv Total de Logins: 1674
27/03/2013 04:36:15|INFO|PCSFELETRONICA_USER_20130327.csv Total de Logins: 3884
27/03/2013 04:36:15|INFO|PCSSFA_USER_20130327.csv Total de Logins: 1385
27/03/2013 04:36:15|INFO|PCSVERO_USER_20130327.csv Total de Logins: 1451
27/03/2013 04:36:15|INFO|PCSVENDITA_USER_20130327.csv Total de Logins: 233
27/03/2013 04:36:15|INFO|PCSRAP_USER_20130327.csv Total de Logins: 15
27/03/2013 04:36:15|INFO|PCSSCTR-PORTAL_USER_20130327.csv Total de Logins: 18
27/03/2013 04:36:15|INFO|PCSUCM_USER_20130327.csv Total de Logins: 10
27/03/2013 04:36:15|INFO|PCSGVAS_USER_20130327.csv Total de Logins: 8
27/03/2013 04:36:15|INFO|PCSKPI_USER_20130327.csv Total de Logins: 8
27/03/2013 04:36:15|INFO|PCSIPVS_USER_20130327.csv Total de Logins: 4
27/03/2013 04:36:15|INFO|PCSBDOH_USER_20130327.csv Total de Logins: 226
27/03/2013 04:36:15|INFO|PCSSALES_USER_20130327.csv Total de Logins: 65
27/03/2013 04:36:15|INFO|PCSGCPP_USER_20130327.csv Total de Logins: 4
27/03/2013 04:36:15|INFO|PCSPDV_MGMT_USER_20130327.csv Total de Logins: 7
27/03/2013 04:36:15|INFO|PCSGJMC_USER_20130327.csv Total de Logins: 6
27/03/2013 04:36:15|INFO|PCSFELETRONICAPG_USER_20130327.csv Total de Logins: 6
27/03/2013 04:36:15|INFO|PCSDTH_USER_20130327.csv Total de Logins: 2
27/03/2013 04:36:15|INFO|Finalizado
