27/02/2013 04:30:00|INFO|Iniciando
27/02/2013 04:36:09|INFO|PCSCLARIFY_USER_20130227.csv Total de Logins: 21062
27/02/2013 04:36:09|INFO|PCSPDVGN_USER_20130227.csv Total de Logins: 3454
27/02/2013 04:36:09|INFO|PCSPDV_LIVE_USER_20130227.csv Total de Logins: 13337
27/02/2013 04:36:09|INFO|PCSPDVGL_USER_20130227.csv Total de Logins: 2040
27/02/2013 04:36:09|INFO|PCSSIEBEL_USER_20130227.csv Total de Logins: 35
27/02/2013 04:36:09|INFO|PCSASP_USER_20130227.csv Total de Logins: 18827
27/02/2013 04:36:09|INFO|PCSDSF_USER_20130227.csv Total de Logins: 25365
27/02/2013 04:36:09|INFO|PCSPROTOCOLOS_USER_20130227.csv Total de Logins: 2724
27/02/2013 04:36:09|INFO|PCSSGR_USER_20130227.csv Total de Logins: 16826
27/02/2013 04:36:09|INFO|PCSCBCF_USER_20130227.csv Total de Logins: 12693
27/02/2013 04:36:09|INFO|PCSICRC_USER_20130227.csv Total de Logins: 17494
27/02/2013 04:36:09|INFO|PCSIUNICA_USER_20130227.csv Total de Logins: 8922
27/02/2013 04:36:09|INFO|PCSPLOGISTICA_USER_20130227.csv Total de Logins: 4674
27/02/2013 04:36:09|INFO|PCSP2B_USER_20130227.csv Total de Logins: 1959
27/02/2013 04:36:09|INFO|PCSTIMFILAS_USER_20130227.csv Total de Logins: 1642
27/02/2013 04:36:09|INFO|PCSFELETRONICA_USER_20130227.csv Total de Logins: 3854
27/02/2013 04:36:09|INFO|PCSSFA_USER_20130227.csv Total de Logins: 1744
27/02/2013 04:36:09|INFO|PCSVERO_USER_20130227.csv Total de Logins: 1688
27/02/2013 04:36:09|INFO|PCSVENDITA_USER_20130227.csv Total de Logins: 246
27/02/2013 04:36:09|INFO|PCSRAP_USER_20130227.csv Total de Logins: 13
27/02/2013 04:36:09|INFO|PCSSCTR-PORTAL_USER_20130227.csv Total de Logins: 16
27/02/2013 04:36:09|INFO|PCSUCM_USER_20130227.csv Total de Logins: 8
27/02/2013 04:36:09|INFO|PCSGVAS_USER_20130227.csv Total de Logins: 9
27/02/2013 04:36:09|INFO|PCSKPI_USER_20130227.csv Total de Logins: 7
27/02/2013 04:36:09|INFO|PCSIPVS_USER_20130227.csv Total de Logins: 5
27/02/2013 04:36:09|INFO|PCSBDOH_USER_20130227.csv Total de Logins: 174
27/02/2013 04:36:09|INFO|PCSSALES_USER_20130227.csv Total de Logins: 74
27/02/2013 04:36:09|INFO|PCSGCPP_USER_20130227.csv Total de Logins: 6
27/02/2013 04:36:09|INFO|PCSPDV_MGMT_USER_20130227.csv Total de Logins: 8
27/02/2013 04:36:09|INFO|PCSGJMC_USER_20130227.csv Total de Logins: 7
27/02/2013 04:36:09|INFO|PCSFELETRONICAPG_USER_20130227.csv Total de Logins: 5
27/02/2013 04:36:09|INFO|PCSDTH_USER_20130227.csv Total de Logins: 2
27/02/2013 04:36:09|INFO|Finalizado
